#
# There is insufficient memory for the Java Runtime Environment to continue.
# Native memory allocation (malloc) failed to allocate 1048576 bytes. Error detail: AllocateHeap
# Possible reasons:
#   The system is out of physical RAM or swap space
#   This process is running with CompressedOops enabled, and the Java Heap may be blocking the growth of the native heap
# Possible solutions:
#   Reduce memory load on the system
#   Increase physical memory or swap space
#   Check if swap backing store is full
#   Decrease Java heap size (-Xmx/-Xms)
#   Decrease number of Java threads
#   Decrease Java thread stack sizes (-Xss)
#   Set larger code cache with -XX:ReservedCodeCacheSize=
#   JVM is running with Unscaled Compressed Oops mode in which the Java heap is
#     placed in the first 4GB address space. The Java Heap base address is the
#     maximum limit for the native heap growth. Please use -XX:HeapBaseMinAddress
#     to set the Java Heap base and to place the Java Heap above 4GB virtual address.
# This output file may be truncated or incomplete.
#
#  Out of Memory Error (allocation.cpp:44), pid=10892, tid=14404
#
# JRE version: OpenJDK Runtime Environment Temurin-21.0.9+10 (21.0.9+10) (build 21.0.9+10-LTS)
# Java VM: OpenJDK 64-Bit Server VM Temurin-21.0.9+10 (21.0.9+10-LTS, mixed mode, sharing, tiered, compressed oops, compressed class ptrs, parallel gc, windows-amd64)
# No core dump will be written. Minidumps are not enabled by default on client versions of Windows
#

---------------  S U M M A R Y ------------

Command Line: --add-modules=ALL-SYSTEM --add-opens=java.base/java.util=ALL-UNNAMED --add-opens=java.base/java.lang=ALL-UNNAMED --add-opens=java.base/sun.nio.fs=ALL-UNNAMED -Declipse.application=org.eclipse.jdt.ls.core.id1 -Dosgi.bundles.defaultStartLevel=4 -Declipse.product=org.eclipse.jdt.ls.core.product -Djava.import.generatesMetadataFilesAtProjectRoot=false -DDetectVMInstallationsJob.disabled=true -Dfile.encoding=utf8 -XX:+UseParallelGC -XX:GCTimeRatio=4 -XX:AdaptiveSizePolicyWeight=90 -Dsun.zip.disableMemoryMapping=true -Xmx2G -Xms100m -Xlog:disable -javaagent:c:\Users\Kavis\.vscode\extensions\redhat.java-1.51.0-win32-x64\lombok\lombok-1.18.39-4050.jar -XX:+HeapDumpOnOutOfMemoryError -XX:HeapDumpPath=c:\Users\Kavis\AppData\Roaming\Code\User\workspaceStorage\ad1adb9262e567f18e865202dfb941a7\redhat.java -Daether.dependencyCollector.impl=bf c:\Users\Kavis\.vscode\extensions\redhat.java-1.51.0-win32-x64\server\plugins\org.eclipse.equinox.launcher_1.7.100.v20251111-0406.jar -configuration c:\Users\Kavis\AppData\Roaming\Code\User\globalStorage\redhat.java\1.51.0\config_win -data c:\Users\Kavis\AppData\Roaming\Code\User\workspaceStorage\ad1adb9262e567f18e865202dfb941a7\redhat.java\jdt_ws --pipe=\\.\pipe\lsp-ae5828efab0bfe5e2af45ec8c34af9b9-sock

Host: 12th Gen Intel(R) Core(TM) i5-1235U, 12 cores, 7G,  Windows 11 , 64 bit Build 26100 (10.0.26100.7623)
Time: Thu Jan 22 02:04:57 2026 Sri Lanka Standard Time elapsed time: 1102.092173 seconds (0d 0h 18m 22s)

---------------  T H R E A D  ---------------

Current thread (0x000002720720a580):  JavaThread "Attach Listener" daemon [_thread_in_vm, id=14404, stack(0x000000992f700000,0x000000992f800000) (1024K)]

Stack: [0x000000992f700000,0x000000992f800000]
Native frames: (J=compiled Java code, j=interpreted, Vv=VM code, C=native code)
V  [jvm.dll+0x6d6e29]
V  [jvm.dll+0x8b4b76]
V  [jvm.dll+0x8b712e]
V  [jvm.dll+0x8b7813]
V  [jvm.dll+0x283d86]
V  [jvm.dll+0xc1277]
V  [jvm.dll+0x6d76d9]
V  [jvm.dll+0x133466]
V  [jvm.dll+0x3f7ea6]
V  [jvm.dll+0x85e9ad]
V  [jvm.dll+0x6d565d]
C  [ucrtbase.dll+0x37b0]
C  [KERNEL32.DLL+0x2e8d7]
C  [ntdll.dll+0x8c53c]


---------------  P R O C E S S  ---------------

Threads class SMR info:
_java_thread_list=0x00000272681df360, length=38, elements={
0x0000027207164630, 0x00000272072073c0, 0x000002720710da00, 0x00000272072096d0,
0x000002720720a580, 0x000002720720f8e0, 0x0000027207210330, 0x000002720720d810,
0x000002725ff58580, 0x00000272600d8e10, 0x0000027260229e20, 0x000002726577e690,
0x000002726576bd50, 0x00000272657a61a0, 0x00000272657ad1c0, 0x0000027265e57b20,
0x000002726566cf90, 0x00000272660e1450, 0x00000272660e3bb0, 0x00000272660e3520,
0x00000272660e2e90, 0x00000272660e4240, 0x0000027269505720, 0x0000027269504370,
0x0000027269502fc0, 0x0000027269503ce0, 0x0000027269504a00, 0x0000027269505db0,
0x0000027269505090, 0x0000027269506ad0, 0x0000027269503650, 0x00000272695098c0,
0x0000027269506440, 0x0000027269507e80, 0x0000027269508ba0, 0x0000027269508510,
0x000002726950a5e0, 0x0000027269509230
}

Java Threads: ( => current thread )
  0x0000027207164630 JavaThread "main"                              [_thread_blocked, id=20244, stack(0x000000992f000000,0x000000992f100000) (1024K)]
  0x00000272072073c0 JavaThread "Reference Handler"          daemon [_thread_blocked, id=16744, stack(0x000000992f400000,0x000000992f500000) (1024K)]
  0x000002720710da00 JavaThread "Finalizer"                  daemon [_thread_blocked, id=14512, stack(0x000000992f500000,0x000000992f600000) (1024K)]
  0x00000272072096d0 JavaThread "Signal Dispatcher"          daemon [_thread_blocked, id=20796, stack(0x000000992f600000,0x000000992f700000) (1024K)]
=>0x000002720720a580 JavaThread "Attach Listener"            daemon [_thread_in_vm, id=14404, stack(0x000000992f700000,0x000000992f800000) (1024K)]
  0x000002720720f8e0 JavaThread "Service Thread"             daemon [_thread_blocked, id=14916, stack(0x000000992f800000,0x000000992f900000) (1024K)]
  0x0000027207210330 JavaThread "Monitor Deflation Thread"   daemon [_thread_blocked, id=15356, stack(0x000000992f900000,0x000000992fa00000) (1024K)]
  0x000002720720d810 JavaThread "C2 CompilerThread0"         daemon [_thread_blocked, id=13052, stack(0x000000992fa00000,0x000000992fb00000) (1024K)]
  0x000002725ff58580 JavaThread "C1 CompilerThread0"         daemon [_thread_blocked, id=20816, stack(0x000000992fb00000,0x000000992fc00000) (1024K)]
  0x00000272600d8e10 JavaThread "Common-Cleaner"             daemon [_thread_blocked, id=11556, stack(0x000000992fd00000,0x000000992fe00000) (1024K)]
  0x0000027260229e20 JavaThread "Notification Thread"        daemon [_thread_blocked, id=5220, stack(0x000000992fe00000,0x000000992ff00000) (1024K)]
  0x000002726577e690 JavaThread "Active Thread: Equinox Container: 874f2ea2-c5f2-4530-a6a4-4f91cd5c4323"        [_thread_blocked, id=9076, stack(0x0000009930500000,0x0000009930600000) (1024K)]
  0x000002726576bd50 JavaThread "Refresh Thread: Equinox Container: 874f2ea2-c5f2-4530-a6a4-4f91cd5c4323" daemon [_thread_blocked, id=3000, stack(0x0000009930700000,0x0000009930800000) (1024K)]
  0x00000272657a61a0 JavaThread "Framework Event Dispatcher: Equinox Container: 874f2ea2-c5f2-4530-a6a4-4f91cd5c4323" daemon [_thread_blocked, id=18484, stack(0x0000009930800000,0x0000009930900000) (1024K)]
  0x00000272657ad1c0 JavaThread "Start Level: Equinox Container: 874f2ea2-c5f2-4530-a6a4-4f91cd5c4323" daemon [_thread_blocked, id=20004, stack(0x0000009930900000,0x0000009930a00000) (1024K)]
  0x0000027265e57b20 JavaThread "Bundle File Closer"         daemon [_thread_blocked, id=11288, stack(0x0000009930c00000,0x0000009930d00000) (1024K)]
  0x000002726566cf90 JavaThread "SCR Component Actor"        daemon [_thread_blocked, id=14332, stack(0x0000009930d00000,0x0000009930e00000) (1024K)]
  0x00000272660e1450 JavaThread "Worker-JM"                         [_thread_blocked, id=8828, stack(0x0000009930e00000,0x0000009930f00000) (1024K)]
  0x00000272660e3bb0 JavaThread "JNA Cleaner"                daemon [_thread_blocked, id=21040, stack(0x0000009930f00000,0x0000009931000000) (1024K)]
  0x00000272660e3520 JavaThread "Worker-0"                          [_thread_blocked, id=8272, stack(0x0000009931000000,0x0000009931100000) (1024K)]
  0x00000272660e2e90 JavaThread "Java indexing"              daemon [_thread_blocked, id=14504, stack(0x0000009931300000,0x0000009931400000) (1024K)]
  0x00000272660e4240 JavaThread "Worker-2"                          [_thread_blocked, id=18436, stack(0x0000009931400000,0x0000009931500000) (1024K)]
  0x0000027269505720 JavaThread "Thread-1"                   daemon [_thread_in_native, id=19992, stack(0x0000009931900000,0x0000009931a00000) (1024K)]
  0x0000027269504370 JavaThread "Thread-2"                   daemon [_thread_in_native, id=4268, stack(0x0000009931a00000,0x0000009931b00000) (1024K)]
  0x0000027269502fc0 JavaThread "Thread-3"                   daemon [_thread_in_native, id=10700, stack(0x0000009931b00000,0x0000009931c00000) (1024K)]
  0x0000027269503ce0 JavaThread "Thread-4"                   daemon [_thread_in_native, id=13712, stack(0x0000009931c00000,0x0000009931d00000) (1024K)]
  0x0000027269504a00 JavaThread "Thread-5"                   daemon [_thread_in_native, id=6120, stack(0x0000009931d00000,0x0000009931e00000) (1024K)]
  0x0000027269505db0 JavaThread "Thread-6"                   daemon [_thread_in_native, id=12612, stack(0x0000009931e00000,0x0000009931f00000) (1024K)]
  0x0000027269505090 JavaThread "Thread-7"                   daemon [_thread_in_native, id=14772, stack(0x0000009931f00000,0x0000009932000000) (1024K)]
  0x0000027269506ad0 JavaThread "Thread-8"                   daemon [_thread_in_native, id=16392, stack(0x0000009932000000,0x0000009932100000) (1024K)]
  0x0000027269503650 JavaThread "Thread-9"                   daemon [_thread_in_native, id=10376, stack(0x0000009932100000,0x0000009932200000) (1024K)]
  0x00000272695098c0 JavaThread "Thread-10"                  daemon [_thread_in_native, id=15796, stack(0x0000009932200000,0x0000009932300000) (1024K)]
  0x0000027269506440 JavaThread "Thread-11"                  daemon [_thread_in_native, id=10348, stack(0x0000009932300000,0x0000009932400000) (1024K)]
  0x0000027269507e80 JavaThread "Thread-12"                  daemon [_thread_in_native, id=12444, stack(0x0000009932400000,0x0000009932500000) (1024K)]
  0x0000027269508ba0 JavaThread "Thread-13"                  daemon [_thread_in_native, id=19740, stack(0x0000009932500000,0x0000009932600000) (1024K)]
  0x0000027269508510 JavaThread "pool-2-thread-1"                   [_thread_blocked, id=16068, stack(0x0000009932600000,0x0000009932700000) (1024K)]
  0x000002726950a5e0 JavaThread "WorkspaceEventsHandler"            [_thread_blocked, id=16332, stack(0x0000009932700000,0x0000009932800000) (1024K)]
  0x0000027269509230 JavaThread "pool-1-thread-1"                   [_thread_blocked, id=12516, stack(0x0000009932800000,0x0000009932900000) (1024K)]
Total: 38

Other Threads:
  0x00000272070f4960 VMThread "VM Thread"                           [id=20112, stack(0x000000992f300000,0x000000992f400000) (1024K)]
  0x0000027206feca00 WatcherThread "VM Periodic Task Thread"        [id=20372, stack(0x000000992f200000,0x000000992f300000) (1024K)]
  0x0000027207181830 WorkerThread "GC Thread#0"                     [id=2604, stack(0x000000992f100000,0x000000992f200000) (1024K)]
  0x00000272652672d0 WorkerThread "GC Thread#1"                     [id=19312, stack(0x000000992ff00000,0x0000009930000000) (1024K)]
  0x0000027265267670 WorkerThread "GC Thread#2"                     [id=19264, stack(0x0000009930000000,0x0000009930100000) (1024K)]
  0x000002726564c4b0 WorkerThread "GC Thread#3"                     [id=6124, stack(0x0000009930100000,0x0000009930200000) (1024K)]
  0x0000027265356b80 WorkerThread "GC Thread#4"                     [id=20220, stack(0x0000009930200000,0x0000009930300000) (1024K)]
  0x0000027265631850 WorkerThread "GC Thread#5"                     [id=20688, stack(0x0000009930300000,0x0000009930400000) (1024K)]
  0x0000027265631bf0 WorkerThread "GC Thread#6"                     [id=11336, stack(0x0000009930400000,0x0000009930500000) (1024K)]
  0x00000272659199d0 WorkerThread "GC Thread#7"                     [id=12876, stack(0x0000009930600000,0x0000009930700000) (1024K)]
  0x000002726594e4e0 WorkerThread "GC Thread#8"                     [id=2088, stack(0x0000009930a00000,0x0000009930b00000) (1024K)]
  0x000002726594f360 WorkerThread "GC Thread#9"                     [id=7528, stack(0x0000009930b00000,0x0000009930c00000) (1024K)]
Total: 12

Threads with active compile tasks:
Total: 0

VM state: not at safepoint (normal execution)

VM Mutex/Monitor currently owned by a thread: None

Heap address: 0x0000000080000000, size: 2048 MB, Compressed Oops mode: 32-bit

CDS archive(s) mapped at: [0x000002721e000000-0x000002721eba0000-0x000002721eba0000), size 12189696, SharedBaseAddress: 0x000002721e000000, ArchiveRelocationMode: 1.
Compressed class space mapped at: 0x000002721f000000-0x000002725f000000, reserved size: 1073741824
Narrow klass base: 0x000002721e000000, Narrow klass shift: 0, Narrow klass range: 0x100000000

GC Precious Log:
 CardTable entry size: 512
 CPUs: 12 total, 12 available
 Memory: 7896M
 Large Page Support: Disabled
 NUMA Support: Disabled
 Compressed Oops: Enabled (32-bit)
 Alignments: Space 512K, Generation 512K, Heap 2M
 Heap Min Capacity: 100M
 Heap Initial Capacity: 100M
 Heap Max Capacity: 2G
 Pre-touch: Disabled
 Parallel Workers: 10

Heap:
 PSYoungGen      total 20480K, used 17466K [0x00000000d5580000, 0x00000000d6c00000, 0x0000000100000000)
  eden space 19456K, 86% used [0x00000000d5580000,0x00000000d65ee988,0x00000000d6880000)
  from space 1024K, 62% used [0x00000000d6900000,0x00000000d69a0000,0x00000000d6a00000)
  to   space 1536K, 0% used [0x00000000d6a80000,0x00000000d6a80000,0x00000000d6c00000)
 ParOldGen       total 78336K, used 78202K [0x0000000080000000, 0x0000000084c80000, 0x00000000d5580000)
  object space 78336K, 99% used [0x0000000080000000,0x0000000084c5e9e0,0x0000000084c80000)
 Metaspace       used 63165K, committed 64704K, reserved 1114112K
  class space    used 6727K, committed 7360K, reserved 1048576K

Card table byte_map: [0x0000027206b00000,0x0000027206f10000] _byte_map_base: 0x0000027206700000

Marking Bits: (ParMarkBitMap*) 0x00007ff825dd2460
 Begin Bits: [0x0000027219610000, 0x000002721b610000)
 End Bits:   [0x000002721b610000, 0x000002721d610000)

Polling page: 0x0000027204fb0000

Metaspace:

Usage:
  Non-class:     55.12 MB used.
      Class:      6.57 MB used.
       Both:     61.68 MB used.

Virtual space:
  Non-class space:       64.00 MB reserved,      56.00 MB ( 88%) committed,  1 nodes.
      Class space:        1.00 GB reserved,       7.19 MB ( <1%) committed,  1 nodes.
             Both:        1.06 GB reserved,      63.19 MB (  6%) committed. 

Chunk freelists:
   Non-Class:  7.45 MB
       Class:  8.77 MB
        Both:  16.22 MB

MaxMetaspaceSize: unlimited
CompressedClassSpaceSize: 1.00 GB
Initial GC threshold: 21.00 MB
Current GC threshold: 97.31 MB
CDS: on
 - commit_granule_bytes: 65536.
 - commit_granule_words: 8192.
 - virtual_space_node_default_size: 8388608.
 - enlarge_chunks_in_place: 1.
 - use_allocation_guard: 0.


Internal statistics:

num_allocs_failed_limit: 9.
num_arena_births: 1258.
num_arena_deaths: 14.
num_vsnodes_births: 2.
num_vsnodes_deaths: 0.
num_space_committed: 1011.
num_space_uncommitted: 0.
num_chunks_returned_to_freelist: 23.
num_chunks_taken_from_freelist: 4286.
num_chunk_merges: 14.
num_chunk_splits: 2596.
num_chunks_enlarged: 1423.
num_inconsistent_stats: 0.

CodeHeap 'non-profiled nmethods': size=120000Kb used=7345Kb max_used=7345Kb free=112654Kb
 bounds [0x0000027211e30000, 0x0000027212560000, 0x0000027219360000]
CodeHeap 'profiled nmethods': size=120000Kb used=22843Kb max_used=22843Kb free=97156Kb
 bounds [0x000002720a360000, 0x000002720b9b0000, 0x0000027211890000]
CodeHeap 'non-nmethods': size=5760Kb used=1422Kb max_used=1495Kb free=4337Kb
 bounds [0x0000027211890000, 0x0000027211b00000, 0x0000027211e30000]
CodeCache: size=245760Kb, used=31610Kb, max_used=31683Kb, free=214147Kb
 total_blobs=10996, nmethods=10260, adapters=642, full_count=0
Compilation: enabled, stopped_count=0, restarted_count=0

Compilation events (20 events):
Event: 448.621 Thread 0x000002725ff58580 11021       3       java.util.Optional::of (12 bytes)
Event: 448.624 Thread 0x000002725ff58580 nmethod 11021 0x000002720b9ab590 code [0x000002720b9ab760, 0x000002720b9abad8]
Event: 448.625 Thread 0x000002725ff58580 11022       3       java.util.concurrent.locks.AbstractQueuedSynchronizer$ConditionObject::canReacquire (38 bytes)
Event: 448.625 Thread 0x000002725ff58580 nmethod 11022 0x000002720b9abc90 code [0x000002720b9abe60, 0x000002720b9ac1a8]
Event: 604.968 Thread 0x000002725ff58580 11023       3       org.eclipse.core.internal.jobs.JobManager$$Lambda/0x000002721f224260::applyAsLong (9 bytes)
Event: 604.969 Thread 0x000002725ff58580 nmethod 11023 0x000002720b9ac310 code [0x000002720b9ac4e0, 0x000002720b9ac738]
Event: 604.969 Thread 0x000002725ff58580 11024       3       org.eclipse.core.internal.jobs.JobManager::lambda$3 (9 bytes)
Event: 604.969 Thread 0x000002725ff58580 nmethod 11024 0x000002720b9ac890 code [0x000002720b9aca40, 0x000002720b9acc28]
Event: 604.970 Thread 0x000002725ff58580 11025       3       java.util.concurrent.atomic.AtomicLong::weakCompareAndSetVolatile (13 bytes)
Event: 604.971 Thread 0x000002725ff58580 nmethod 11025 0x000002720b9acd10 code [0x000002720b9acec0, 0x000002720b9ad020]
Event: 608.757 Thread 0x000002725ff58580 11026       3       java.util.concurrent.ScheduledThreadPoolExecutor$ScheduledFutureTask::getDelay (16 bytes)
Event: 608.757 Thread 0x000002725ff58580 nmethod 11026 0x000002720b9ad110 code [0x000002720b9ad2c0, 0x000002720b9ad458]
Event: 664.973 Thread 0x000002725ff58580 11028       3       java.util.concurrent.atomic.AtomicLong::updateAndGet (59 bytes)
Event: 664.975 Thread 0x000002725ff58580 nmethod 11028 0x000002720b9ad510 code [0x000002720b9ad700, 0x000002720b9adc08]
Event: 665.193 Thread 0x000002725ff58580 11029   !   3       java.util.concurrent.locks.LockSupport::parkNanos (56 bytes)
Event: 665.195 Thread 0x000002725ff58580 nmethod 11029 0x000002720b9ade90 code [0x000002720b9ae0a0, 0x000002720b9ae4e0]
Event: 1053.702 Thread 0x000002725ff58580 11031       3       java.util.concurrent.ScheduledThreadPoolExecutor$ScheduledFutureTask::isPeriodic (15 bytes)
Event: 1053.704 Thread 0x000002725ff58580 nmethod 11031 0x000002720b9ae690 code [0x000002720b9ae820, 0x000002720b9ae988]
Event: 1089.138 Thread 0x000002725ff58580 11032       3       java.util.concurrent.ThreadPoolExecutor::beforeExecute (1 bytes)
Event: 1089.142 Thread 0x000002725ff58580 nmethod 11032 0x000002720b9aea10 code [0x000002720b9aeba0, 0x000002720b9aeca8]

GC Heap History (20 events):
Event: 16.425 GC heap before
{Heap before GC invocations=75 (full 3):
 PSYoungGen      total 22016K, used 21536K [0x00000000d5580000, 0x00000000d6c00000, 0x0000000100000000)
  eden space 20992K, 100% used [0x00000000d5580000,0x00000000d6a00000,0x00000000d6a00000)
  from space 1024K, 53% used [0x00000000d6a00000,0x00000000d6a88020,0x00000000d6b00000)
  to   space 1024K, 0% used [0x00000000d6b00000,0x00000000d6b00000,0x00000000d6c00000)
 ParOldGen       total 68608K, used 68107K [0x0000000080000000, 0x0000000084300000, 0x00000000d5580000)
  object space 68608K, 99% used [0x0000000080000000,0x0000000084282fc0,0x0000000084300000)
 Metaspace       used 58995K, committed 60416K, reserved 1114112K
  class space    used 6344K, committed 6976K, reserved 1048576K
}
Event: 16.427 GC heap after
{Heap after GC invocations=75 (full 3):
 PSYoungGen      total 22016K, used 576K [0x00000000d5580000, 0x00000000d6c00000, 0x0000000100000000)
  eden space 20992K, 0% used [0x00000000d5580000,0x00000000d5580000,0x00000000d6a00000)
  from space 1024K, 56% used [0x00000000d6b00000,0x00000000d6b90000,0x00000000d6c00000)
  to   space 1024K, 0% used [0x00000000d6a00000,0x00000000d6a00000,0x00000000d6b00000)
 ParOldGen       total 68608K, used 68411K [0x0000000080000000, 0x0000000084300000, 0x00000000d5580000)
  object space 68608K, 99% used [0x0000000080000000,0x00000000842cefc0,0x0000000084300000)
 Metaspace       used 58995K, committed 60416K, reserved 1114112K
  class space    used 6344K, committed 6976K, reserved 1048576K
}
Event: 16.450 GC heap before
{Heap before GC invocations=76 (full 3):
 PSYoungGen      total 22016K, used 21568K [0x00000000d5580000, 0x00000000d6c00000, 0x0000000100000000)
  eden space 20992K, 100% used [0x00000000d5580000,0x00000000d6a00000,0x00000000d6a00000)
  from space 1024K, 56% used [0x00000000d6b00000,0x00000000d6b90000,0x00000000d6c00000)
  to   space 1024K, 0% used [0x00000000d6a00000,0x00000000d6a00000,0x00000000d6b00000)
 ParOldGen       total 68608K, used 68411K [0x0000000080000000, 0x0000000084300000, 0x00000000d5580000)
  object space 68608K, 99% used [0x0000000080000000,0x00000000842cefc0,0x0000000084300000)
 Metaspace       used 58998K, committed 60416K, reserved 1114112K
  class space    used 6344K, committed 6976K, reserved 1048576K
}
Event: 16.452 GC heap after
{Heap after GC invocations=76 (full 3):
 PSYoungGen      total 22016K, used 448K [0x00000000d5580000, 0x00000000d6b80000, 0x0000000100000000)
  eden space 20992K, 0% used [0x00000000d5580000,0x00000000d5580000,0x00000000d6a00000)
  from space 1024K, 43% used [0x00000000d6a00000,0x00000000d6a70000,0x00000000d6b00000)
  to   space 512K, 0% used [0x00000000d6b00000,0x00000000d6b00000,0x00000000d6b80000)
 ParOldGen       total 69120K, used 68787K [0x0000000080000000, 0x0000000084380000, 0x00000000d5580000)
  object space 69120K, 99% used [0x0000000080000000,0x000000008432cfc0,0x0000000084380000)
 Metaspace       used 58998K, committed 60416K, reserved 1114112K
  class space    used 6344K, committed 6976K, reserved 1048576K
}
Event: 16.481 GC heap before
{Heap before GC invocations=77 (full 3):
 PSYoungGen      total 22016K, used 21381K [0x00000000d5580000, 0x00000000d6b80000, 0x0000000100000000)
  eden space 20992K, 99% used [0x00000000d5580000,0x00000000d69f1658,0x00000000d6a00000)
  from space 1024K, 43% used [0x00000000d6a00000,0x00000000d6a70000,0x00000000d6b00000)
  to   space 512K, 0% used [0x00000000d6b00000,0x00000000d6b00000,0x00000000d6b80000)
 ParOldGen       total 69120K, used 68787K [0x0000000080000000, 0x0000000084380000, 0x00000000d5580000)
  object space 69120K, 99% used [0x0000000080000000,0x000000008432cfc0,0x0000000084380000)
 Metaspace       used 59038K, committed 60480K, reserved 1114112K
  class space    used 6347K, committed 6976K, reserved 1048576K
}
Event: 16.483 GC heap after
{Heap after GC invocations=77 (full 3):
 PSYoungGen      total 21504K, used 467K [0x00000000d5580000, 0x00000000d6b80000, 0x0000000100000000)
  eden space 20992K, 0% used [0x00000000d5580000,0x00000000d5580000,0x00000000d6a00000)
  from space 512K, 91% used [0x00000000d6b00000,0x00000000d6b74c50,0x00000000d6b80000)
  to   space 512K, 0% used [0x00000000d6a80000,0x00000000d6a80000,0x00000000d6b00000)
 ParOldGen       total 69120K, used 68987K [0x0000000080000000, 0x0000000084380000, 0x00000000d5580000)
  object space 69120K, 99% used [0x0000000080000000,0x000000008435efc0,0x0000000084380000)
 Metaspace       used 59038K, committed 60480K, reserved 1114112K
  class space    used 6347K, committed 6976K, reserved 1048576K
}
Event: 16.558 GC heap before
{Heap before GC invocations=78 (full 3):
 PSYoungGen      total 21504K, used 21459K [0x00000000d5580000, 0x00000000d6b80000, 0x0000000100000000)
  eden space 20992K, 100% used [0x00000000d5580000,0x00000000d6a00000,0x00000000d6a00000)
  from space 512K, 91% used [0x00000000d6b00000,0x00000000d6b74c50,0x00000000d6b80000)
  to   space 512K, 0% used [0x00000000d6a80000,0x00000000d6a80000,0x00000000d6b00000)
 ParOldGen       total 69120K, used 68987K [0x0000000080000000, 0x0000000084380000, 0x00000000d5580000)
  object space 69120K, 99% used [0x0000000080000000,0x000000008435efc0,0x0000000084380000)
 Metaspace       used 59544K, committed 60992K, reserved 1114112K
  class space    used 6399K, committed 7040K, reserved 1048576K
}
Event: 16.560 GC heap after
{Heap after GC invocations=78 (full 3):
 PSYoungGen      total 21504K, used 512K [0x00000000d5580000, 0x00000000d6e00000, 0x0000000100000000)
  eden space 20992K, 0% used [0x00000000d5580000,0x00000000d5580000,0x00000000d6a00000)
  from space 512K, 100% used [0x00000000d6a80000,0x00000000d6b00000,0x00000000d6b00000)
  to   space 2048K, 0% used [0x00000000d6c00000,0x00000000d6c00000,0x00000000d6e00000)
 ParOldGen       total 70656K, used 70291K [0x0000000080000000, 0x0000000084500000, 0x00000000d5580000)
  object space 70656K, 99% used [0x0000000080000000,0x00000000844a4fd0,0x0000000084500000)
 Metaspace       used 59544K, committed 60992K, reserved 1114112K
  class space    used 6399K, committed 7040K, reserved 1048576K
}
Event: 16.754 GC heap before
{Heap before GC invocations=79 (full 3):
 PSYoungGen      total 21504K, used 21504K [0x00000000d5580000, 0x00000000d6e00000, 0x0000000100000000)
  eden space 20992K, 100% used [0x00000000d5580000,0x00000000d6a00000,0x00000000d6a00000)
  from space 512K, 100% used [0x00000000d6a80000,0x00000000d6b00000,0x00000000d6b00000)
  to   space 2048K, 0% used [0x00000000d6c00000,0x00000000d6c00000,0x00000000d6e00000)
 ParOldGen       total 70656K, used 70291K [0x0000000080000000, 0x0000000084500000, 0x00000000d5580000)
  object space 70656K, 99% used [0x0000000080000000,0x00000000844a4fd0,0x0000000084500000)
 Metaspace       used 60490K, committed 62016K, reserved 1114112K
  class space    used 6497K, committed 7168K, reserved 1048576K
}
Event: 16.757 GC heap after
{Heap after GC invocations=79 (full 3):
 PSYoungGen      total 21504K, used 2023K [0x00000000d5580000, 0x00000000d7100000, 0x0000000100000000)
  eden space 19456K, 0% used [0x00000000d5580000,0x00000000d5580000,0x00000000d6880000)
  from space 2048K, 98% used [0x00000000d6c00000,0x00000000d6df9d90,0x00000000d6e00000)
  to   space 3584K, 0% used [0x00000000d6880000,0x00000000d6880000,0x00000000d6c00000)
 ParOldGen       total 71168K, used 71131K [0x0000000080000000, 0x0000000084580000, 0x00000000d5580000)
  object space 71168K, 99% used [0x0000000080000000,0x0000000084576fe0,0x0000000084580000)
 Metaspace       used 60490K, committed 62016K, reserved 1114112K
  class space    used 6497K, committed 7168K, reserved 1048576K
}
Event: 16.989 GC heap before
{Heap before GC invocations=80 (full 3):
 PSYoungGen      total 21504K, used 21479K [0x00000000d5580000, 0x00000000d7100000, 0x0000000100000000)
  eden space 19456K, 100% used [0x00000000d5580000,0x00000000d6880000,0x00000000d6880000)
  from space 2048K, 98% used [0x00000000d6c00000,0x00000000d6df9d90,0x00000000d6e00000)
  to   space 3584K, 0% used [0x00000000d6880000,0x00000000d6880000,0x00000000d6c00000)
 ParOldGen       total 71168K, used 71131K [0x0000000080000000, 0x0000000084580000, 0x00000000d5580000)
  object space 71168K, 99% used [0x0000000080000000,0x0000000084576fe0,0x0000000084580000)
 Metaspace       used 61641K, committed 63168K, reserved 1114112K
  class space    used 6634K, committed 7296K, reserved 1048576K
}
Event: 16.992 GC heap after
{Heap after GC invocations=80 (full 3):
 PSYoungGen      total 21504K, used 1914K [0x00000000d5580000, 0x00000000d6d80000, 0x0000000100000000)
  eden space 19456K, 0% used [0x00000000d5580000,0x00000000d5580000,0x00000000d6880000)
  from space 2048K, 93% used [0x00000000d6880000,0x00000000d6a5e8a0,0x00000000d6a80000)
  to   space 2560K, 0% used [0x00000000d6b00000,0x00000000d6b00000,0x00000000d6d80000)
 ParOldGen       total 73216K, used 73033K [0x0000000080000000, 0x0000000084780000, 0x00000000d5580000)
  object space 73216K, 99% used [0x0000000080000000,0x00000000847524d0,0x0000000084780000)
 Metaspace       used 61641K, committed 63168K, reserved 1114112K
  class space    used 6634K, committed 7296K, reserved 1048576K
}
Event: 17.163 GC heap before
{Heap before GC invocations=81 (full 3):
 PSYoungGen      total 21504K, used 21370K [0x00000000d5580000, 0x00000000d6d80000, 0x0000000100000000)
  eden space 19456K, 100% used [0x00000000d5580000,0x00000000d6880000,0x00000000d6880000)
  from space 2048K, 93% used [0x00000000d6880000,0x00000000d6a5e8a0,0x00000000d6a80000)
  to   space 2560K, 0% used [0x00000000d6b00000,0x00000000d6b00000,0x00000000d6d80000)
 ParOldGen       total 73216K, used 73033K [0x0000000080000000, 0x0000000084780000, 0x00000000d5580000)
  object space 73216K, 99% used [0x0000000080000000,0x00000000847524d0,0x0000000084780000)
 Metaspace       used 61902K, committed 63424K, reserved 1114112K
  class space    used 6646K, committed 7296K, reserved 1048576K
}
Event: 17.167 GC heap after
{Heap after GC invocations=81 (full 3):
 PSYoungGen      total 20480K, used 1024K [0x00000000d5580000, 0x00000000d6c00000, 0x0000000100000000)
  eden space 19456K, 0% used [0x00000000d5580000,0x00000000d5580000,0x00000000d6880000)
  from space 1024K, 100% used [0x00000000d6b00000,0x00000000d6c00000,0x00000000d6c00000)
  to   space 1536K, 0% used [0x00000000d6900000,0x00000000d6900000,0x00000000d6a80000)
 ParOldGen       total 74752K, used 74681K [0x0000000080000000, 0x0000000084900000, 0x00000000d5580000)
  object space 74752K, 99% used [0x0000000080000000,0x00000000848ee560,0x0000000084900000)
 Metaspace       used 61902K, committed 63424K, reserved 1114112K
  class space    used 6646K, committed 7296K, reserved 1048576K
}
Event: 17.287 GC heap before
{Heap before GC invocations=82 (full 3):
 PSYoungGen      total 20480K, used 20480K [0x00000000d5580000, 0x00000000d6c00000, 0x0000000100000000)
  eden space 19456K, 100% used [0x00000000d5580000,0x00000000d6880000,0x00000000d6880000)
  from space 1024K, 100% used [0x00000000d6b00000,0x00000000d6c00000,0x00000000d6c00000)
  to   space 1536K, 0% used [0x00000000d6900000,0x00000000d6900000,0x00000000d6a80000)
 ParOldGen       total 74752K, used 74681K [0x0000000080000000, 0x0000000084900000, 0x00000000d5580000)
  object space 74752K, 99% used [0x0000000080000000,0x00000000848ee560,0x0000000084900000)
 Metaspace       used 62047K, committed 63552K, reserved 1114112K
  class space    used 6646K, committed 7296K, reserved 1048576K
}
Event: 17.290 GC heap after
{Heap after GC invocations=82 (full 3):
 PSYoungGen      total 20992K, used 1525K [0x00000000d5580000, 0x00000000d6e80000, 0x0000000100000000)
  eden space 19456K, 0% used [0x00000000d5580000,0x00000000d5580000,0x00000000d6880000)
  from space 1536K, 99% used [0x00000000d6900000,0x00000000d6a7d708,0x00000000d6a80000)
  to   space 3072K, 0% used [0x00000000d6b80000,0x00000000d6b80000,0x00000000d6e80000)
 ParOldGen       total 76288K, used 75833K [0x0000000080000000, 0x0000000084a80000, 0x00000000d5580000)
  object space 76288K, 99% used [0x0000000080000000,0x0000000084a0e560,0x0000000084a80000)
 Metaspace       used 62047K, committed 63552K, reserved 1114112K
  class space    used 6646K, committed 7296K, reserved 1048576K
}
Event: 17.452 GC heap before
{Heap before GC invocations=83 (full 3):
 PSYoungGen      total 20992K, used 20981K [0x00000000d5580000, 0x00000000d6e80000, 0x0000000100000000)
  eden space 19456K, 100% used [0x00000000d5580000,0x00000000d6880000,0x00000000d6880000)
  from space 1536K, 99% used [0x00000000d6900000,0x00000000d6a7d708,0x00000000d6a80000)
  to   space 3072K, 0% used [0x00000000d6b80000,0x00000000d6b80000,0x00000000d6e80000)
 ParOldGen       total 76288K, used 75833K [0x0000000080000000, 0x0000000084a80000, 0x00000000d5580000)
  object space 76288K, 99% used [0x0000000080000000,0x0000000084a0e560,0x0000000084a80000)
 Metaspace       used 62268K, committed 63808K, reserved 1114112K
  class space    used 6661K, committed 7296K, reserved 1048576K
}
Event: 17.455 GC heap after
{Heap after GC invocations=83 (full 3):
 PSYoungGen      total 22016K, used 2238K [0x00000000d5580000, 0x00000000d6e00000, 0x0000000100000000)
  eden space 19456K, 0% used [0x00000000d5580000,0x00000000d5580000,0x00000000d6880000)
  from space 2560K, 87% used [0x00000000d6b80000,0x00000000d6daf8c8,0x00000000d6e00000)
  to   space 2560K, 0% used [0x00000000d6900000,0x00000000d6900000,0x00000000d6b80000)
 ParOldGen       total 77312K, used 77165K [0x0000000080000000, 0x0000000084b80000, 0x00000000d5580000)
  object space 77312K, 99% used [0x0000000080000000,0x0000000084b5b650,0x0000000084b80000)
 Metaspace       used 62268K, committed 63808K, reserved 1114112K
  class space    used 6661K, committed 7296K, reserved 1048576K
}
Event: 17.904 GC heap before
{Heap before GC invocations=84 (full 3):
 PSYoungGen      total 22016K, used 21553K [0x00000000d5580000, 0x00000000d6e00000, 0x0000000100000000)
  eden space 19456K, 99% used [0x00000000d5580000,0x00000000d685ce48,0x00000000d6880000)
  from space 2560K, 87% used [0x00000000d6b80000,0x00000000d6daf8c8,0x00000000d6e00000)
  to   space 2560K, 0% used [0x00000000d6900000,0x00000000d6900000,0x00000000d6b80000)
 ParOldGen       total 77312K, used 77165K [0x0000000080000000, 0x0000000084b80000, 0x00000000d5580000)
  object space 77312K, 99% used [0x0000000080000000,0x0000000084b5b650,0x0000000084b80000)
 Metaspace       used 62961K, committed 64512K, reserved 1114112K
  class space    used 6714K, committed 7360K, reserved 1048576K
}
Event: 17.907 GC heap after
{Heap after GC invocations=84 (full 3):
 PSYoungGen      total 20480K, used 640K [0x00000000d5580000, 0x00000000d6c00000, 0x0000000100000000)
  eden space 19456K, 0% used [0x00000000d5580000,0x00000000d5580000,0x00000000d6880000)
  from space 1024K, 62% used [0x00000000d6900000,0x00000000d69a0000,0x00000000d6a00000)
  to   space 1536K, 0% used [0x00000000d6a80000,0x00000000d6a80000,0x00000000d6c00000)
 ParOldGen       total 78336K, used 78202K [0x0000000080000000, 0x0000000084c80000, 0x00000000d5580000)
  object space 78336K, 99% used [0x0000000080000000,0x0000000084c5e9e0,0x0000000084c80000)
 Metaspace       used 62961K, committed 64512K, reserved 1114112K
  class space    used 6714K, committed 7360K, reserved 1048576K
}

Dll operation events (10 events):
Event: 0.036 Loaded shared library c:\Users\Kavis\.vscode\extensions\redhat.java-1.51.0-win32-x64\jre\21.0.9-win32-x86_64\bin\java.dll
Event: 2.298 Loaded shared library c:\Users\Kavis\.vscode\extensions\redhat.java-1.51.0-win32-x64\jre\21.0.9-win32-x86_64\bin\zip.dll
Event: 2.329 Loaded shared library C:\Users\Kavis\.vscode\extensions\redhat.java-1.51.0-win32-x64\jre\21.0.9-win32-x86_64\bin\instrument.dll
Event: 2.336 Loaded shared library C:\Users\Kavis\.vscode\extensions\redhat.java-1.51.0-win32-x64\jre\21.0.9-win32-x86_64\bin\net.dll
Event: 2.339 Loaded shared library C:\Users\Kavis\.vscode\extensions\redhat.java-1.51.0-win32-x64\jre\21.0.9-win32-x86_64\bin\nio.dll
Event: 2.345 Loaded shared library C:\Users\Kavis\.vscode\extensions\redhat.java-1.51.0-win32-x64\jre\21.0.9-win32-x86_64\bin\zip.dll
Event: 2.363 Loaded shared library C:\Users\Kavis\.vscode\extensions\redhat.java-1.51.0-win32-x64\jre\21.0.9-win32-x86_64\bin\jimage.dll
Event: 2.434 Loaded shared library c:\Users\Kavis\.vscode\extensions\redhat.java-1.51.0-win32-x64\jre\21.0.9-win32-x86_64\bin\verify.dll
Event: 3.576 Loaded shared library C:\Users\Kavis\AppData\Roaming\Code\User\globalStorage\redhat.java\1.51.0\config_win\org.eclipse.equinox.launcher\org.eclipse.equinox.launcher.win32.win32.x86_64_1.2.1400.v20250801-0854\eclipse_11916.dll
Event: 4.767 Loaded shared library C:\Users\Kavis\AppData\Local\Temp\jna-72270570\jna14914805231587613176.dll

Deoptimization events (20 events):
Event: 18.079 Thread 0x0000027269a680e0 DEOPT PACKING pc=0x0000027211f13abc sp=0x00000099330fdc50
Event: 18.079 Thread 0x0000027269a680e0 DEOPT UNPACKING pc=0x00000272118e3aa2 sp=0x00000099330fdbf8 mode 2
Event: 18.341 Thread 0x0000027269a680e0 Uncommon trap: trap_request=0xffffff45 fr.pc=0x00000272120896c0 relative=0x00000000000003c0
Event: 18.341 Thread 0x0000027269a680e0 Uncommon trap: reason=unstable_if action=reinterpret pc=0x00000272120896c0 method=java.lang.ThreadLocal$ThreadLocalMap.set(Ljava/lang/ThreadLocal;Ljava/lang/Object;)V @ 116 c2
Event: 18.341 Thread 0x0000027269a680e0 DEOPT PACKING pc=0x00000272120896c0 sp=0x00000099330fe760
Event: 18.341 Thread 0x0000027269a680e0 DEOPT UNPACKING pc=0x00000272118e3aa2 sp=0x00000099330fe628 mode 2
Event: 18.343 Thread 0x0000027269a680e0 DEOPT PACKING pc=0x000002720b17d830 sp=0x00000099330fdfe0
Event: 18.343 Thread 0x0000027269a680e0 DEOPT UNPACKING pc=0x00000272118e4242 sp=0x00000099330fd4c8 mode 0
Event: 18.350 Thread 0x0000027269a680e0 DEOPT PACKING pc=0x000002720af32da0 sp=0x00000099330fe840
Event: 18.350 Thread 0x0000027269a680e0 DEOPT UNPACKING pc=0x00000272118e4242 sp=0x00000099330fdd48 mode 3
Event: 18.350 Thread 0x0000027269a680e0 Uncommon trap: trap_request=0xffffff45 fr.pc=0x00000272124b1fb0 relative=0x0000000000000f30
Event: 18.350 Thread 0x0000027269a680e0 Uncommon trap: reason=unstable_if action=reinterpret pc=0x00000272124b1fb0 method=java.util.concurrent.ConcurrentHashMap.putVal(Ljava/lang/Object;Ljava/lang/Object;Z)Ljava/lang/Object; @ 245 c2
Event: 18.350 Thread 0x0000027269a680e0 DEOPT PACKING pc=0x00000272124b1fb0 sp=0x00000099330fea60
Event: 18.350 Thread 0x0000027269a680e0 DEOPT UNPACKING pc=0x00000272118e3aa2 sp=0x00000099330fe9e8 mode 2
Event: 20.681 Thread 0x00000272660e4240 Uncommon trap: trap_request=0xffffff45 fr.pc=0x0000027212385a30 relative=0x00000000000010f0
Event: 20.681 Thread 0x00000272660e4240 Uncommon trap: reason=unstable_if action=reinterpret pc=0x0000027212385a30 method=sun.nio.fs.WindowsPath.startsWith(Ljava/nio/file/Path;)Z @ 28 c2
Event: 20.681 Thread 0x00000272660e4240 DEOPT PACKING pc=0x0000027212385a30 sp=0x00000099314feff0
Event: 20.681 Thread 0x00000272660e4240 DEOPT UNPACKING pc=0x00000272118e3aa2 sp=0x00000099314fefc8 mode 2
Event: 33.358 Thread 0x000002726577e690 DEOPT PACKING pc=0x000002720a40245c sp=0x00000099305fed10
Event: 33.358 Thread 0x000002726577e690 DEOPT UNPACKING pc=0x00000272118e4242 sp=0x00000099305fe278 mode 0

Classes loaded (20 events):
Event: 16.581 Loading class java/util/stream/ReduceOps$4ReducingSink
Event: 16.581 Loading class java/util/stream/ReduceOps$4ReducingSink done
Event: 16.604 Loading class java/nio/file/Files$2
Event: 16.604 Loading class java/nio/file/Files$2 done
Event: 16.788 Loading class java/util/stream/DistinctOps
Event: 16.788 Loading class java/util/stream/DistinctOps done
Event: 16.788 Loading class java/util/stream/DistinctOps$1
Event: 16.788 Loading class java/util/stream/DistinctOps$1 done
Event: 16.796 Loading class java/util/stream/DistinctOps$1$2
Event: 16.796 Loading class java/util/stream/DistinctOps$1$2 done
Event: 17.301 Loading class sun/nio/cs/ISO_8859_1$Decoder
Event: 17.301 Loading class sun/nio/cs/ISO_8859_1$Decoder done
Event: 17.805 Loading class java/util/Collections$2
Event: 17.806 Loading class java/util/Collections$2 done
Event: 33.410 Loading class sun/nio/cs/ISO_8859_1$Encoder
Event: 33.411 Loading class sun/nio/cs/ISO_8859_1$Encoder done
Event: 33.411 Loading class sun/nio/cs/Surrogate$Parser
Event: 33.411 Loading class sun/nio/cs/Surrogate$Parser done
Event: 33.411 Loading class sun/nio/cs/Surrogate
Event: 33.411 Loading class sun/nio/cs/Surrogate done

Classes unloaded (7 events):
Event: 6.421 Thread 0x00000272070f4960 Unloading class 0x000002721f1a4800 'java/lang/invoke/LambdaForm$MH+0x000002721f1a4800'
Event: 6.421 Thread 0x00000272070f4960 Unloading class 0x000002721f1a4400 'java/lang/invoke/LambdaForm$MH+0x000002721f1a4400'
Event: 6.421 Thread 0x00000272070f4960 Unloading class 0x000002721f1a4000 'java/lang/invoke/LambdaForm$MH+0x000002721f1a4000'
Event: 6.421 Thread 0x00000272070f4960 Unloading class 0x000002721f1a3c00 'java/lang/invoke/LambdaForm$MH+0x000002721f1a3c00'
Event: 6.421 Thread 0x00000272070f4960 Unloading class 0x000002721f1a3800 'java/lang/invoke/LambdaForm$BMH+0x000002721f1a3800'
Event: 6.421 Thread 0x00000272070f4960 Unloading class 0x000002721f1a3400 'java/lang/invoke/LambdaForm$DMH+0x000002721f1a3400'
Event: 6.421 Thread 0x00000272070f4960 Unloading class 0x000002721f1a2000 'java/lang/invoke/LambdaForm$DMH+0x000002721f1a2000'

Classes redefined (0 events):
No events

Internal exceptions (20 events):
Event: 15.918 Thread 0x0000027269a68770 Implicit null exception at 0x0000027212383081 to 0x000002721238363c
Event: 16.068 Thread 0x0000027269a68770 Exception <a 'java/lang/IncompatibleClassChangeError'{0x00000000d594ccc8}: Found class java.lang.Object, but interface was expected> (0x00000000d594ccc8) 
thrown [s\src\hotspot\share\interpreter\linkResolver.cpp, line 840]
Event: 16.585 Thread 0x00000272660e3520 Exception <a 'java/lang/NoSuchMethodError'{0x00000000d58b6e48}: 'int java.lang.invoke.DirectMethodHandle$Holder.invokeSpecialIFC(java.lang.Object, java.lang.Object, java.lang.Object)'> (0x00000000d58b6e48) 
thrown [s\src\hotspot\share\interpreter\linkResolver.cpp, line 773]
Event: 16.624 Thread 0x00000272660e3520 Exception <a 'java/lang/LinkageError'{0x00000000d5ca45e8}: loader lombok.launch.ShadowClassLoader @70da6da9 attempted duplicate class definition for lombok.launch.PatchFixesHider$Delegate. (lombok.launch.PatchFixesHider$Delegate is in unnamed module of loader lombok.launch.ShadowClassLoader @70da6da9, parent loader org.eclipse.osgi.internal.loader.EquinoxClassLoader @7b2af67)> (0x00000000d5ca45e8) 
thrown [s\src\hotspot\share\classfile\systemDictionary.cpp, line 1682]
Event: 16.745 Thread 0x0000027269a68770 Exception <a 'java/lang/LinkageError'{0x00000000d6912ed0}: loader lombok.launch.ShadowClassLoader @70da6da9 attempted duplicate class definition for lombok.launch.PatchFixesHider$ExtensionMethod. (lombok.launch.PatchFixesHider$ExtensionMethod is in unnamed module of loader lombok.launch.ShadowClassLoader @70da6da9, parent loader org.eclipse.osgi.internal.loader.EquinoxClassLoader @7b2af67)> (0x00000000d6912ed0) 
thrown [s\src\hotspot\share\classfile\systemDictionary.cpp, line 1682]
Event: 16.901 Thread 0x00000272660e3520 Exception <a 'java/io/FileNotFoundException'{0x00000000d5f03d98}> (0x00000000d5f03d98) 
thrown [s\src\hotspot\share\prims\jni.cpp, line 520]
Event: 16.901 Thread 0x00000272660e3520 Exception <a 'java/io/FileNotFoundException'{0x00000000d5f04e80}> (0x00000000d5f04e80) 
thrown [s\src\hotspot\share\prims\jni.cpp, line 520]
Event: 16.902 Thread 0x00000272660e3520 Exception <a 'java/io/FileNotFoundException'{0x00000000d5f05be8}> (0x00000000d5f05be8) 
thrown [s\src\hotspot\share\prims\jni.cpp, line 520]
Event: 16.940 Thread 0x0000027269a680e0 Exception <a 'java/lang/NoSuchMethodError'{0x00000000d64f58f8}: 'void java.lang.invoke.DirectMethodHandle$Holder.invokeInterface(java.lang.Object, java.lang.Object)'> (0x00000000d64f58f8) 
thrown [s\src\hotspot\share\interpreter\linkResolver.cpp, line 773]
Event: 17.065 Thread 0x000002726acd3880 Implicit null exception at 0x000002721248ce95 to 0x000002721248d4b8
Event: 17.324 Thread 0x00000272660e3520 Implicit null exception at 0x00000272124760c9 to 0x000002721247621c
Event: 17.370 Thread 0x00000272660e3520 Exception <a 'java/lang/NoSuchMethodError'{0x00000000d617b450}: 'java.lang.Object java.lang.invoke.DirectMethodHandle$Holder.invokeStatic(java.lang.Object, java.lang.Object, int, java.lang.Object, java.lang.Object)'> (0x00000000d617b450) 
thrown [s\src\hotspot\share\interpreter\linkResolver.cpp, line 773]
Event: 17.807 Thread 0x0000027269a680e0 Exception <a 'sun/nio/fs/WindowsException'{0x00000000d65e2268}> (0x00000000d65e2268) 
thrown [s\src\hotspot\share\prims\jni.cpp, line 520]
Event: 17.808 Thread 0x0000027269a680e0 Exception <a 'sun/nio/fs/WindowsException'{0x00000000d65e2dd8}> (0x00000000d65e2dd8) 
thrown [s\src\hotspot\share\prims\jni.cpp, line 520]
Event: 20.631 Thread 0x00000272660e4240 Exception <a 'sun/nio/fs/WindowsException'{0x00000000d61670a0}> (0x00000000d61670a0) 
thrown [s\src\hotspot\share\prims\jni.cpp, line 520]
Event: 20.631 Thread 0x00000272660e4240 Exception <a 'sun/nio/fs/WindowsException'{0x00000000d6210708}> (0x00000000d6210708) 
thrown [s\src\hotspot\share\prims\jni.cpp, line 520]
Event: 20.633 Thread 0x00000272660e4240 Exception <a 'sun/nio/fs/WindowsException'{0x00000000d62241b0}> (0x00000000d62241b0) 
thrown [s\src\hotspot\share\prims\jni.cpp, line 520]
Event: 20.633 Thread 0x00000272660e4240 Exception <a 'sun/nio/fs/WindowsException'{0x00000000d62247e0}> (0x00000000d62247e0) 
thrown [s\src\hotspot\share\prims\jni.cpp, line 520]
Event: 20.680 Thread 0x00000272660e4240 Exception <a 'sun/nio/fs/WindowsException'{0x00000000d6274b88}> (0x00000000d6274b88) 
thrown [s\src\hotspot\share\prims\jni.cpp, line 520]
Event: 20.680 Thread 0x00000272660e4240 Exception <a 'sun/nio/fs/WindowsException'{0x00000000d6275410}> (0x00000000d6275410) 
thrown [s\src\hotspot\share\prims\jni.cpp, line 520]

ZGC Phase Switch (0 events):
No events

VM Operations (20 events):
Event: 305.440 Executing VM operation: Cleanup
Event: 305.441 Executing VM operation: Cleanup done
Event: 338.682 Executing VM operation: Cleanup
Event: 338.682 Executing VM operation: Cleanup done
Event: 360.488 Executing VM operation: HandshakeAllThreads (HandshakeForDeflation)
Event: 360.488 Executing VM operation: HandshakeAllThreads (HandshakeForDeflation) done
Event: 360.488 Executing VM operation: RendezvousGCThreads
Event: 360.488 Executing VM operation: RendezvousGCThreads done
Event: 364.525 Executing VM operation: Cleanup
Event: 364.525 Executing VM operation: Cleanup done
Event: 418.858 Executing VM operation: Cleanup
Event: 418.858 Executing VM operation: Cleanup done
Event: 781.174 Executing VM operation: HandshakeAllThreads (HandshakeForDeflation)
Event: 781.176 Executing VM operation: HandshakeAllThreads (HandshakeForDeflation) done
Event: 781.176 Executing VM operation: RendezvousGCThreads
Event: 781.176 Executing VM operation: RendezvousGCThreads done
Event: 1081.861 Executing VM operation: HandshakeAllThreads (HandshakeForDeflation)
Event: 1081.862 Executing VM operation: HandshakeAllThreads (HandshakeForDeflation) done
Event: 1081.862 Executing VM operation: RendezvousGCThreads
Event: 1081.863 Executing VM operation: RendezvousGCThreads done

Memory protections (0 events):
No events

Nmethod flushes (20 events):
Event: 15.274 Thread 0x00000272070f4960 flushing  nmethod 0x000002720ab46610
Event: 15.274 Thread 0x00000272070f4960 flushing  nmethod 0x000002720ab48210
Event: 15.274 Thread 0x00000272070f4960 flushing  nmethod 0x000002720ab53d90
Event: 15.274 Thread 0x00000272070f4960 flushing osr nmethod 0x000002720ab64b90
Event: 15.274 Thread 0x00000272070f4960 flushing osr nmethod 0x000002720ab66890
Event: 15.274 Thread 0x00000272070f4960 flushing osr nmethod 0x000002720abc1a90
Event: 15.274 Thread 0x00000272070f4960 flushing  nmethod 0x000002720abe9910
Event: 15.274 Thread 0x00000272070f4960 flushing  nmethod 0x000002720ac01a10
Event: 15.274 Thread 0x00000272070f4960 flushing  nmethod 0x000002720ac13310
Event: 15.274 Thread 0x00000272070f4960 flushing  nmethod 0x000002720ac1cc90
Event: 15.274 Thread 0x00000272070f4960 flushing  nmethod 0x000002720ac26190
Event: 15.274 Thread 0x00000272070f4960 flushing  nmethod 0x000002720ac4bb90
Event: 15.274 Thread 0x00000272070f4960 flushing  nmethod 0x000002720ac4c790
Event: 15.274 Thread 0x00000272070f4960 flushing  nmethod 0x000002720ac4d010
Event: 15.274 Thread 0x00000272070f4960 flushing  nmethod 0x000002720ac4e810
Event: 15.274 Thread 0x00000272070f4960 flushing  nmethod 0x000002720ac5b010
Event: 15.274 Thread 0x00000272070f4960 flushing  nmethod 0x000002720ac5f310
Event: 15.274 Thread 0x00000272070f4960 flushing  nmethod 0x000002720acac910
Event: 15.274 Thread 0x00000272070f4960 flushing osr nmethod 0x000002720acc5d90
Event: 15.274 Thread 0x00000272070f4960 flushing  nmethod 0x000002720acca890

Events (20 events):
Event: 20.530 Thread 0x0000027266503d10 Thread exited: 0x0000027266503d10
Event: 20.530 Thread 0x0000027266505850 Thread exited: 0x0000027266505850
Event: 33.379 Thread 0x000002725ff58580 Thread added: 0x0000027269ce0f90
Event: 33.384 Thread 0x000002725ff58580 Thread added: 0x0000027269ce2400
Event: 38.456 Thread 0x0000027269ce0f90 Thread exited: 0x0000027269ce0f90
Event: 38.456 Thread 0x0000027269ce2400 Thread exited: 0x0000027269ce2400
Event: 80.550 Thread 0x00000272660e2170 Thread exited: 0x00000272660e2170
Event: 80.640 Thread 0x0000027269a680e0 Thread exited: 0x0000027269a680e0
Event: 80.641 Thread 0x00000272660e1ae0 Thread exited: 0x00000272660e1ae0
Event: 80.705 Thread 0x00000272660e48d0 Thread exited: 0x00000272660e48d0
Event: 140.649 Thread 0x0000027269a68770 Thread exited: 0x0000027269a68770
Event: 200.660 Thread 0x0000027269507160 Thread exited: 0x0000027269507160
Event: 260.667 Thread 0x0000027269509f50 Thread exited: 0x0000027269509f50
Event: 320.674 Thread 0x0000027269a66d30 Thread exited: 0x0000027269a66d30
Event: 380.686 Thread 0x0000027269a63f40 Thread exited: 0x0000027269a63f40
Event: 440.699 Thread 0x0000027269a64c60 Thread exited: 0x0000027269a64c60
Event: 500.712 Thread 0x0000027269a673c0 Thread exited: 0x0000027269a673c0
Event: 560.714 Thread 0x0000027269a645d0 Thread exited: 0x0000027269a645d0
Event: 620.732 Thread 0x0000027269a652f0 Thread exited: 0x0000027269a652f0
Event: 680.742 Thread 0x0000027269a67a50 Thread exited: 0x0000027269a67a50


Dynamic libraries:
0x00007ff681310000 - 0x00007ff68131e000 	c:\Users\Kavis\.vscode\extensions\redhat.java-1.51.0-win32-x64\jre\21.0.9-win32-x86_64\bin\java.exe
0x00007ff89f100000 - 0x00007ff89f367000 	C:\WINDOWS\SYSTEM32\ntdll.dll
0x00007ff89e710000 - 0x00007ff89e7d9000 	C:\WINDOWS\System32\KERNEL32.DLL
0x00007ff89c250000 - 0x00007ff89c63f000 	C:\WINDOWS\System32\KERNELBASE.dll
0x00007ff89cba0000 - 0x00007ff89cceb000 	C:\WINDOWS\System32\ucrtbase.dll
0x00007ff887640000 - 0x00007ff887658000 	c:\Users\Kavis\.vscode\extensions\redhat.java-1.51.0-win32-x64\jre\21.0.9-win32-x86_64\bin\jli.dll
0x00007ff89cf30000 - 0x00007ff89d0f5000 	C:\WINDOWS\System32\USER32.dll
0x00007ff89ccf0000 - 0x00007ff89cd17000 	C:\WINDOWS\System32\win32u.dll
0x00007ff8826e0000 - 0x00007ff8826fe000 	c:\Users\Kavis\.vscode\extensions\redhat.java-1.51.0-win32-x64\jre\21.0.9-win32-x86_64\bin\VCRUNTIME140.dll
0x00007ff89efe0000 - 0x00007ff89f00b000 	C:\WINDOWS\System32\GDI32.dll
0x00007ff89c6e0000 - 0x00007ff89c80c000 	C:\WINDOWS\System32\gdi32full.dll
0x00007ff89c810000 - 0x00007ff89c8b3000 	C:\WINDOWS\System32\msvcp_win.dll
0x00007ff87d5f0000 - 0x00007ff87d883000 	C:\WINDOWS\WinSxS\amd64_microsoft.windows.common-controls_6595b64144ccf1df_6.0.26100.7309_none_3e05feeae336a044\COMCTL32.dll
0x00007ff89eea0000 - 0x00007ff89ef49000 	C:\WINDOWS\System32\msvcrt.dll
0x00007ff89d590000 - 0x00007ff89d5c1000 	C:\WINDOWS\System32\IMM32.DLL
0x00007ff88b350000 - 0x00007ff88b35c000 	c:\Users\Kavis\.vscode\extensions\redhat.java-1.51.0-win32-x64\jre\21.0.9-win32-x86_64\bin\vcruntime140_1.dll
0x00007ff867010000 - 0x00007ff86709d000 	c:\Users\Kavis\.vscode\extensions\redhat.java-1.51.0-win32-x64\jre\21.0.9-win32-x86_64\bin\msvcp140.dll
0x00007ff825110000 - 0x00007ff825eb0000 	c:\Users\Kavis\.vscode\extensions\redhat.java-1.51.0-win32-x64\jre\21.0.9-win32-x86_64\bin\server\jvm.dll
0x00007ff89e5c0000 - 0x00007ff89e674000 	C:\WINDOWS\System32\ADVAPI32.dll
0x00007ff89f010000 - 0x00007ff89f0b6000 	C:\WINDOWS\System32\sechost.dll
0x00007ff89e860000 - 0x00007ff89e978000 	C:\WINDOWS\System32\RPCRT4.dll
0x00007ff89e7e0000 - 0x00007ff89e854000 	C:\WINDOWS\System32\WS2_32.dll
0x00007ff89c0b0000 - 0x00007ff89c10e000 	C:\WINDOWS\SYSTEM32\POWRPROF.dll
0x00007ff8896f0000 - 0x00007ff8896fb000 	C:\WINDOWS\SYSTEM32\VERSION.dll
0x00007ff891800000 - 0x00007ff891835000 	C:\WINDOWS\SYSTEM32\WINMM.dll
0x00007ff89c090000 - 0x00007ff89c0a4000 	C:\WINDOWS\SYSTEM32\UMPDC.dll
0x00007ff89b000000 - 0x00007ff89b01b000 	C:\WINDOWS\SYSTEM32\kernel.appcore.dll
0x00007ff887ef0000 - 0x00007ff887efa000 	c:\Users\Kavis\.vscode\extensions\redhat.java-1.51.0-win32-x64\jre\21.0.9-win32-x86_64\bin\jimage.dll
0x00007ff899910000 - 0x00007ff899b52000 	C:\WINDOWS\SYSTEM32\DBGHELP.DLL
0x00007ff89e980000 - 0x00007ff89ed06000 	C:\WINDOWS\System32\combase.dll
0x00007ff89e230000 - 0x00007ff89e306000 	C:\WINDOWS\System32\OLEAUT32.dll
0x00007ff878bb0000 - 0x00007ff878bec000 	C:\WINDOWS\SYSTEM32\dbgcore.DLL
0x00007ff89c8c0000 - 0x00007ff89c965000 	C:\WINDOWS\System32\bcryptPrimitives.dll
0x00007ff887bd0000 - 0x00007ff887bdf000 	c:\Users\Kavis\.vscode\extensions\redhat.java-1.51.0-win32-x64\jre\21.0.9-win32-x86_64\bin\instrument.dll
0x00007ff8821b0000 - 0x00007ff8821d0000 	c:\Users\Kavis\.vscode\extensions\redhat.java-1.51.0-win32-x64\jre\21.0.9-win32-x86_64\bin\java.dll
0x00007ff89d8a0000 - 0x00007ff89dff3000 	C:\WINDOWS\System32\SHELL32.dll
0x00007ff89c970000 - 0x00007ff89cada000 	C:\WINDOWS\System32\wintypes.dll
0x00007ff899e30000 - 0x00007ff89a68e000 	C:\WINDOWS\SYSTEM32\windows.storage.dll
0x00007ff89e4b0000 - 0x00007ff89e5a5000 	C:\WINDOWS\System32\SHCORE.dll
0x00007ff89e690000 - 0x00007ff89e6f6000 	C:\WINDOWS\System32\shlwapi.dll
0x00007ff89c170000 - 0x00007ff89c199000 	C:\WINDOWS\SYSTEM32\profapi.dll
0x00007ff877400000 - 0x00007ff877418000 	c:\Users\Kavis\.vscode\extensions\redhat.java-1.51.0-win32-x64\jre\21.0.9-win32-x86_64\bin\zip.dll
0x00007ff887630000 - 0x00007ff887640000 	C:\Users\Kavis\.vscode\extensions\redhat.java-1.51.0-win32-x64\jre\21.0.9-win32-x86_64\bin\net.dll
0x00007ff8918b0000 - 0x00007ff8919d8000 	C:\WINDOWS\SYSTEM32\WINHTTP.dll
0x00007ff89b570000 - 0x00007ff89b5db000 	C:\WINDOWS\system32\mswsock.dll
0x00007ff86e8a0000 - 0x00007ff86e8b6000 	C:\Users\Kavis\.vscode\extensions\redhat.java-1.51.0-win32-x64\jre\21.0.9-win32-x86_64\bin\nio.dll
0x00007ff887540000 - 0x00007ff887550000 	c:\Users\Kavis\.vscode\extensions\redhat.java-1.51.0-win32-x64\jre\21.0.9-win32-x86_64\bin\verify.dll
0x00007ff866f70000 - 0x00007ff866fb4000 	C:\Users\Kavis\AppData\Roaming\Code\User\globalStorage\redhat.java\1.51.0\config_win\org.eclipse.equinox.launcher\org.eclipse.equinox.launcher.win32.win32.x86_64_1.2.1400.v20250801-0854\eclipse_11916.dll
0x00007ff89e310000 - 0x00007ff89e4a7000 	C:\WINDOWS\System32\ole32.dll
0x00007ff89b830000 - 0x00007ff89b84b000 	C:\WINDOWS\SYSTEM32\CRYPTSP.dll
0x00007ff89af60000 - 0x00007ff89af9a000 	C:\WINDOWS\system32\rsaenh.dll
0x00007ff89b620000 - 0x00007ff89b64b000 	C:\WINDOWS\SYSTEM32\USERENV.dll
0x00007ff89c140000 - 0x00007ff89c16a000 	C:\WINDOWS\SYSTEM32\bcrypt.dll
0x00007ff89b850000 - 0x00007ff89b85c000 	C:\WINDOWS\SYSTEM32\CRYPTBASE.dll
0x00007ff89ab40000 - 0x00007ff89ab74000 	C:\WINDOWS\SYSTEM32\IPHLPAPI.DLL
0x00007ff89ee90000 - 0x00007ff89ee9a000 	C:\WINDOWS\System32\NSI.dll
0x00007ff866bf0000 - 0x00007ff866c39000 	C:\Users\Kavis\AppData\Local\Temp\jna-72270570\jna14914805231587613176.dll
0x00007ff89e5b0000 - 0x00007ff89e5b8000 	C:\WINDOWS\System32\PSAPI.DLL
0x00007ff893750000 - 0x00007ff89376e000 	C:\WINDOWS\SYSTEM32\dhcpcsvc6.DLL
0x00007ff8932e0000 - 0x00007ff893303000 	C:\WINDOWS\SYSTEM32\dhcpcsvc.DLL

JVMTI agents:
c:\Users\Kavis\.vscode\extensions\redhat.java-1.51.0-win32-x64\lombok\lombok-1.18.39-4050.jar path:c:\Users\Kavis\.vscode\extensions\redhat.java-1.51.0-win32-x64\jre\21.0.9-win32-x86_64\bin\instrument.dll, loaded, initialized, instrumentlib options:none

dbghelp: loaded successfully - version: 4.0.5 - missing functions: none
symbol engine: initialized successfully - sym options: 0x614 - pdb path: .;c:\Users\Kavis\.vscode\extensions\redhat.java-1.51.0-win32-x64\jre\21.0.9-win32-x86_64\bin;C:\WINDOWS\SYSTEM32;C:\WINDOWS\WinSxS\amd64_microsoft.windows.common-controls_6595b64144ccf1df_6.0.26100.7309_none_3e05feeae336a044;c:\Users\Kavis\.vscode\extensions\redhat.java-1.51.0-win32-x64\jre\21.0.9-win32-x86_64\bin\server;C:\Users\Kavis\AppData\Roaming\Code\User\globalStorage\redhat.java\1.51.0\config_win\org.eclipse.equinox.launcher\org.eclipse.equinox.launcher.win32.win32.x86_64_1.2.1400.v20250801-0854;C:\Users\Kavis\AppData\Local\Temp\jna-72270570

VM Arguments:
jvm_args: --add-modules=ALL-SYSTEM --add-opens=java.base/java.util=ALL-UNNAMED --add-opens=java.base/java.lang=ALL-UNNAMED --add-opens=java.base/sun.nio.fs=ALL-UNNAMED -Declipse.application=org.eclipse.jdt.ls.core.id1 -Dosgi.bundles.defaultStartLevel=4 -Declipse.product=org.eclipse.jdt.ls.core.product -Djava.import.generatesMetadataFilesAtProjectRoot=false -DDetectVMInstallationsJob.disabled=true -Dfile.encoding=utf8 -XX:+UseParallelGC -XX:GCTimeRatio=4 -XX:AdaptiveSizePolicyWeight=90 -Dsun.zip.disableMemoryMapping=true -Xmx2G -Xms100m -Xlog:disable -javaagent:c:\Users\Kavis\.vscode\extensions\redhat.java-1.51.0-win32-x64\lombok\lombok-1.18.39-4050.jar -XX:+HeapDumpOnOutOfMemoryError -XX:HeapDumpPath=c:\Users\Kavis\AppData\Roaming\Code\User\workspaceStorage\ad1adb9262e567f18e865202dfb941a7\redhat.java -Daether.dependencyCollector.impl=bf 
java_command: c:\Users\Kavis\.vscode\extensions\redhat.java-1.51.0-win32-x64\server\plugins\org.eclipse.equinox.launcher_1.7.100.v20251111-0406.jar -configuration c:\Users\Kavis\AppData\Roaming\Code\User\globalStorage\redhat.java\1.51.0\config_win -data c:\Users\Kavis\AppData\Roaming\Code\User\workspaceStorage\ad1adb9262e567f18e865202dfb941a7\redhat.java\jdt_ws --pipe=\\.\pipe\lsp-ae5828efab0bfe5e2af45ec8c34af9b9-sock
java_class_path (initial): c:\Users\Kavis\.vscode\extensions\redhat.java-1.51.0-win32-x64\server\plugins\org.eclipse.equinox.launcher_1.7.100.v20251111-0406.jar
Launcher Type: SUN_STANDARD

[Global flags]
    uintx AdaptiveSizePolicyWeight                 = 90                                        {product} {command line}
     intx CICompilerCount                          = 4                                         {product} {ergonomic}
    uintx GCTimeRatio                              = 4                                         {product} {command line}
     bool HeapDumpOnOutOfMemoryError               = true                                   {manageable} {command line}
    ccstr HeapDumpPath                             = c:\Users\Kavis\AppData\Roaming\Code\User\workspaceStorage\ad1adb9262e567f18e865202dfb941a7\redhat.java         {manageable} {command line}
   size_t InitialHeapSize                          = 104857600                                 {product} {command line}
   size_t MaxHeapSize                              = 2147483648                                {product} {command line}
   size_t MaxNewSize                               = 715653120                                 {product} {ergonomic}
   size_t MinHeapDeltaBytes                        = 524288                                    {product} {ergonomic}
   size_t MinHeapSize                              = 104857600                                 {product} {command line}
   size_t NewSize                                  = 34603008                                  {product} {ergonomic}
    uintx NonNMethodCodeHeapSize                   = 5839372                                {pd product} {ergonomic}
    uintx NonProfiledCodeHeapSize                  = 122909434                              {pd product} {ergonomic}
   size_t OldSize                                  = 70254592                                  {product} {ergonomic}
    uintx ProfiledCodeHeapSize                     = 122909434                              {pd product} {ergonomic}
    uintx ReservedCodeCacheSize                    = 251658240                              {pd product} {ergonomic}
     bool SegmentedCodeCache                       = true                                      {product} {ergonomic}
   size_t SoftMaxHeapSize                          = 2147483648                             {manageable} {ergonomic}
     bool UseCompressedOops                        = true                           {product lp64_product} {ergonomic}
     bool UseLargePagesIndividualAllocation        = false                                  {pd product} {ergonomic}
     bool UseParallelGC                            = true                                      {product} {command line}

Logging:
Log output configuration:
 #0: stdout all=off uptime,level,tags foldmultilines=false
 #1: stderr all=off uptime,level,tags foldmultilines=false

Release file:
JAVA_VERSION="21.0.9" 
MODULES="java.base java.compiler java.datatransfer java.xml java.prefs java.desktop java.instrument java.logging java.management java.security.sasl java.naming java.rmi java.management.rmi java.net.http java.scripting java.security.jgss java.transaction.xa java.sql java.sql.rowset java.xml.crypto java.se java.smartcardio jdk.accessibility jdk.internal.jvmstat jdk.attach jdk.charsets jdk.internal.opt jdk.zipfs jdk.compiler jdk.crypto.ec jdk.crypto.cryptoki jdk.crypto.mscapi jdk.dynalink jdk.internal.ed jdk.editpad jdk.hotspot.agent jdk.httpserver jdk.internal.le jdk.internal.vm.ci jdk.internal.vm.compiler jdk.internal.vm.compiler.management jdk.jartool jdk.javadoc jdk.jcmd jdk.management jdk.management.agent jdk.jconsole jdk.jdeps jdk.jdwp.agent jdk.jdi jdk.jfr jdk.jshell jdk.jsobject jdk.jstatd jdk.localedata jdk.management.jfr jdk.naming.dns jdk.naming.rmi jdk.net jdk.nio.mapmode jdk.random jdk.sctp jdk.security.auth jdk.security.jgss jdk.unsupported jdk.unsupported.desktop jdk.xml.dom" 

Environment Variables:
JAVA_HOME=C:\Program Files\Java\jdk-21
PATH=C:\Program Files\Common Files\Oracle\Java\javapath;C:\Python313\Scripts\;C:\Python313\;C:\Program Files\Eclipse Adoptium\jdk-17.0.15.6-hotspot\bin;C:\Program Files\Python312\Scripts\;C:\Program Files\Python312\;C:\WINDOWS\system32;C:\WINDOWS;C:\WINDOWS\System32\Wbem;C:\WINDOWS\System32\WindowsPowerShell\v1.0\;C:\WINDOWS\System32\OpenSSH\;C:\Program Files\dotnet\;C:\ProgramData\chocolatey\bin;C:\Program Files (x86)\NVIDIA Corporation\PhysX\Common;C:\Program Files\Microsoft\Web Platform Installer\;C:\Program Files (x86)\Microsoft ASP.NET\ASP.NET Web Pages\v1.0\;C:\Program Files\Microsoft SQL Server\110\Tools\Binn\;C:\Program Files\Microsoft SQL Server\120\Tools\Binn\;C:\Program Files\Microsoft SQL Server\130\Tools\Binn\;C:\Program Files\Git\cmd;C:\Program Files\Microsoft SQL Server\150\Tools\Binn\;C:\WINDOWS\system32;C:\WINDOWS;C:\WINDOWS\System32\Wbem;C:\WINDOWS\System32\WindowsPowerShell\v1.0\;C:\WINDOWS\System32\OpenSSH\;C:\Program Files\NVIDIA Corporation\NVIDIA App\NvDLISR;C:\Program Files\CMake\bin;C:\php;C:\Program Files\CodeBlocks\MinGW\bin;C:\NASM;C:\Program Files\Docker\Docker\resources\bin;C:\flutter\bin;C:\adb\platform-tools;C:\apache-cassandra-3.11.10\bin;C:\Program Files\MongoDB\Server\8.0\bin;C:\Python313\Scripts\;C:\Python313\;C:\Program Files\Python312\Scripts\;C:\Program Files\Python312\;C:\WINDOWS\system32;C:\WINDOWS;C:\WINDOWS\System32\Wbem;C:\WINDOWS\System32\WindowsPowerShell\v1.0\;C:\WINDOWS\System32\OpenSSH\;C:\Program Files\dotnet\;C:\ProgramData\chocolatey\bin;C:\Program Files (x86)\NVIDIA Corporation\PhysX\Common;C:\Program Files\Microsoft\Web Platform Installer\;C:\Program Files (x86)\Microsoft ASP.NET\ASP.NET Web Pages\v1.0\;C:\Program Files\Microsoft SQL Server\110\Tools\Binn\;C:\Program Files\Microsoft SQL Server\120\Tools\Binn\;C:\Program Files\Microsoft SQL Server\130\Tools\Binn\;C:\Program Files\Git\cmd;C:\Program Files\Microsoft SQL Server\150\Tools\Binn\;C:\WINDOWS\system32;C:\WINDOWS;C:\WINDOWS\System32\Wbem;C:\WINDOWS\System32\WindowsPowerShell\v1.0\;C:\WINDOWS\System32\OpenSSH\;C:\Program Files\NVIDIA Corporation\NVIDIA App\NvDLISR;C:\Program Files\CMake\bi;C:\Users\Kavis\AppData\Local\ipinfo;C:\Program Files\Java\jdk-21\bin;C:\Program Files\apache-maven-3.9.11\bin;C:\Users\Kavis\AppData\Local\Pub\Cache\bin;C:\Program Files\nvm;C:\Program Files\nodejs;C:\Program Files\nvm;C:\Program Files\Microsoft SQL Server\170\Tools\Binn\;C:\Program Files\Microsoft SQL Server\Client SDK\ODBC\170\Tools\Binn\;C:\Program Files\Eclipse Adoptium\jdk-21.0.8.9-hotspot\bin;C:\Python313\Scripts\;C:\Python313\;C:\Program Files\Eclipse Adoptium\jdk-17.0.15.6-hotspot\bin;C:\Program Files\Python312\Scripts\;C:\Program Files\Python312\;C:\WINDOWS\system32;C:\WINDOWS;C:\WINDOWS\System32\Wbem;C:\WINDOWS\System32\WindowsPowerShell\v1.0\;C:\WINDOWS\System32\OpenSSH\;C:\Program Files\dotnet\;C:\ProgramData\chocolatey\bin;C:\Program Files (x86)\NVIDIA Corporation\PhysX\Common;C:\Program Files\Microsoft\Web Platform Installer\;C:\Program Files (x86)\Microsoft ASP.NET\ASP.NET Web Pages\v1.0\;C:\Program Files\Microsoft SQL Server\110\Tools\Binn\;C:\Program Files\Microsoft SQL Server\120\Tools\Binn\;C:\Program Files\Microsoft SQL Server\130\Tools\Binn\;C:\Program Files\Git\cmd;C:\Program Files\Microsoft SQL Server\150\Tools\Binn\;C:\WINDOWS\system32;C:\WINDOWS;C:\WINDOWS\System32\Wbem;C:\WINDOWS\System32\WindowsPowerShell\v1.0\;C:\WINDOWS\System32\OpenSSH\;C:\Program Files\NVIDIA Corporation\NVIDIA App\NvDLISR;C:\Program Files\CMake\bi;C:\Users\Kavis\AppData\Local\GitHubDesktop\bin;C:\Program Files\nvm;C:\Program Files\nodejs;C:\Users\Kavis\.dotnet\tools
USERNAME=Kavis
OS=Windows_NT
PROCESSOR_IDENTIFIER=Intel64 Family 6 Model 154 Stepping 4, GenuineIntel
TMP=C:\Users\Kavis\AppData\Local\Temp
TEMP=C:\Users\Kavis\AppData\Local\Temp




Periodic native trim disabled

---------------  S Y S T E M  ---------------

OS:
 Windows 11 , 64 bit Build 26100 (10.0.26100.7623)
OS uptime: 0 days 8:09 hours
Hyper-V role detected

CPU: total 12 (initial active 12) (6 cores per cpu, 2 threads per core) family 6 model 154 stepping 4 microcode 0x423, cx8, cmov, fxsr, ht, mmx, 3dnowpref, sse, sse2, sse3, ssse3, sse4.1, sse4.2, popcnt, lzcnt, tsc, tscinvbit, avx, avx2, aes, erms, clmul, bmi1, bmi2, adx, sha, fma, vzeroupper, clflush, clflushopt, clwb, hv, serialize, rdtscp, rdpid, fsrm, f16c, cet_ibt, cet_ss
Processor Information for processor 0
  Max Mhz: 1300, Current Mhz: 1300, Mhz Limit: 1300
Processor Information for processor 1
  Max Mhz: 1300, Current Mhz: 1300, Mhz Limit: 1300
Processor Information for processor 2
  Max Mhz: 1300, Current Mhz: 1300, Mhz Limit: 1300
Processor Information for processor 3
  Max Mhz: 1300, Current Mhz: 1300, Mhz Limit: 1300
Processor Information for processor 4
  Max Mhz: 1300, Current Mhz: 900, Mhz Limit: 897
Processor Information for processor 5
  Max Mhz: 1300, Current Mhz: 900, Mhz Limit: 897
Processor Information for processor 6
  Max Mhz: 1300, Current Mhz: 900, Mhz Limit: 897
Processor Information for processor 7
  Max Mhz: 1300, Current Mhz: 900, Mhz Limit: 897
Processor Information for processor 8
  Max Mhz: 1300, Current Mhz: 900, Mhz Limit: 897
Processor Information for processor 9
  Max Mhz: 1300, Current Mhz: 900, Mhz Limit: 897
Processor Information for processor 10
  Max Mhz: 1300, Current Mhz: 900, Mhz Limit: 897
Processor Information for processor 11
  Max Mhz: 1300, Current Mhz: 900, Mhz Limit: 897

Memory: 4k page, system-wide physical 7896M (502M free)
TotalPageFile size 17896M (AvailPageFile size 2M)
current process WorkingSet (physical memory assigned to process): 10M, peak: 358M
current process commit charge ("private bytes"): 358M, peak: 435M

vm_info: OpenJDK 64-Bit Server VM (21.0.9+10-LTS) for windows-amd64 JRE (21.0.9+10-LTS), built on 2025-10-21T00:00:00Z by "admin" with unknown MS VC++:1942

END.
