#
# There is insufficient memory for the Java Runtime Environment to continue.
# Native memory allocation (malloc) failed to allocate 343568 bytes. Error detail: Chunk::new
# Possible reasons:
#   The system is out of physical RAM or swap space
#   This process is running with CompressedOops enabled, and the Java Heap may be blocking the growth of the native heap
# Possible solutions:
#   Reduce memory load on the system
#   Increase physical memory or swap space
#   Check if swap backing store is full
#   Decrease Java heap size (-Xmx/-Xms)
#
#  Out of Memory Error
#
# -Djava.import.generatesMetadataFilesAtProjectRoot=false -DDetectVMInstallationsJob.disabled=true -Dfile.encoding=utf8 -XX:+UseParallelGC -XX:GCTimeRatio=4 -XX:AdaptiveSizePolicyWeight=90 -Dsun.zip.disableMemoryMapping=true -Xmx2G -Xms100m -Xlog:disable -javaagent:c:\Users\Kavis\.vscode\extensions\redhat.java-1.47.0-win32-x64\lombok\lombok-1.18.39-4050.jar -XX:+HeapDumpOnOutOfMemoryError -XX:HeapDumpPath=c:\Users\Kavis\AppData\Roaming\Code\User\workspaceStorage\ad1adb9262e567f18e865202dfb941a7\redhat.java -Daether.dependencyCollector.impl=bf c:\Users\Kavis\.vscode\extensions\redhat.java-1.47.0-win32-x64\server\plugins\org.eclipse.equinox.launcher_1.7.100.v20251014-1222.jar -configuration c:\Users\Kavis\AppData\Roaming\Code\User\globalStorage\redhat.java\1.47.0\config_win -data c:\Users\Kavis\AppData\Roaming\Code\User\workspaceStorage\ad1adb9262e567f18e865202dfb941a7\redhat.java\jdt_ws --pipe=\\.\pipe\lsp-5dc886c4351f5a4ecf20e7a70c91c474-sock

Host: 12th Gen Intel(R) Core(TM) i5-1235U, 12 cores, 7G,  Windows 11 , 64 bit Build 26100 (10.0.26100.6725)
Time: Mon Nov 10 15:58:51 2025 Sri Lanka Standard Time elapsed time: 4.169628 seconds (0d 0h 0m 4s)

---------------  T H R E A D  ---------------

Current thread (0x000001d41114dec0):  JavaThread "C2 CompilerThread0" daemon [_thread_in_native, id=6028, stack(0x00000025ecc00000,0x00000025ecd00000) (1024K)]


Current CompileTask:
C2:4169 1516       4       lombok.patcher.scripts.MethodLevelPatchScript::patch (21 bytes)

Stack: [0x00000025ecc00000,0x00000025ecd00000]
Native frames: (J=compiled Java code, j=interpreted, Vv=VM code, C=native code)
V  [jvm.dll+0x6d2449]
V  [jvm.dll+0x8ae341]
V  [jvm.dll+0x8b08be]
V  [jvm.dll+0x8b0fa3]
V  [jvm.dll+0x280c96]
V  [jvm.dll+0xc581d]
V  [jvm.dll+0xc5d53]
V  [jvm.dll+0x3b919c]
V  [jvm.dll+0x385315]
V  [jvm.dll+0x38477a]
V  [jvm.dll+0x248ed0]
V  [jvm.dll+0x2484af]
V  [jvm.dll+0x1c89ee]
V  [jvm.dll+0x257d4d]
V  [jvm.dll+0x2562ea]
V  [jvm.dll+0x3f2d16]
V  [jvm.dll+0x857e6b]
V  [jvm.dll+0x6d0b0d]
C  [ucrtbase.dll+0x37b0]
C  [KERNEL32.DLL+0x2e8d7]
C  [ntdll.dll+0x8c53c]


---------------  P R O C E S S  ---------------

Threads class SMR info:
_java_thread_list=0x000001d46f9c1200, length=14, elements={
0x000001d411092e00, 0x000001d4111353b0, 0x000001d41103cd10, 0x000001d41113b8c0,
0x000001d41113c510, 0x000001d41113d160, 0x000001d411143ca0, 0x000001d41114dec0,
0x000001d469e257a0, 0x000001d469f10540, 0x000001d46a173af0, 0x000001d469f11260,
0x000001d46a174890, 0x000001d469f0eb00
}

Java Threads: ( => current thread )
  0x000001d411092e00 JavaThread "main"                              [_thread_in_Java, id=13956, stack(0x00000025ec200000,0x00000025ec300000) (1024K)]
  0x000001d4111353b0 JavaThread "Reference Handler"          daemon [_thread_blocked, id=1732, stack(0x00000025ec600000,0x00000025ec700000) (1024K)]
  0x000001d41103cd10 JavaThread "Finalizer"                  daemon [_thread_blocked, id=1368, stack(0x00000025ec700000,0x00000025ec800000) (1024K)]
  0x000001d41113b8c0 JavaThread "Signal Dispatcher"          daemon [_thread_blocked, id=15696, stack(0x00000025ec800000,0x00000025ec900000) (1024K)]
  0x000001d41113c510 JavaThread "Attach Listener"            daemon [_thread_blocked, id=11584, stack(0x00000025ec900000,0x00000025eca00000) (1024K)]
  0x000001d41113d160 JavaThread "Service Thread"             daemon [_thread_blocked, id=10720, stack(0x00000025eca00000,0x00000025ecb00000) (1024K)]
  0x000001d411143ca0 JavaThread "Monitor Deflation Thread"   daemon [_thread_blocked, id=1312, stack(0x00000025ecb00000,0x00000025ecc00000) (1024K)]
=>0x000001d41114dec0 JavaThread "C2 CompilerThread0"         daemon [_thread_in_native, id=6028, stack(0x00000025ecc00000,0x00000025ecd00000) (1024K)]
  0x000001d469e257a0 JavaThread "C1 CompilerThread0"         daemon [_thread_blocked, id=5560, stack(0x00000025ecd00000,0x00000025ece00000) (1024K)]
  0x000001d469f10540 JavaThread "Common-Cleaner"             daemon [_thread_blocked, id=14188, stack(0x00000025ece00000,0x00000025ecf00000) (1024K)]
  0x000001d46a173af0 JavaThread "C2 CompilerThread1"         daemon [_thread_in_native, id=4792, stack(0x00000025ecf00000,0x00000025ed000000) (1024K)]
  0x000001d469f11260 JavaThread "Notification Thread"        daemon [_thread_blocked, id=11840, stack(0x00000025ed000000,0x00000025ed100000) (1024K)]
  0x000001d46a174890 JavaThread "C2 CompilerThread2"         daemon [_thread_in_native, id=7624, stack(0x00000025ed100000,0x00000025ed200000) (1024K)]
  0x000001d469f0eb00 JavaThread "Active Thread: Equinox Container: 0a28608a-db5f-4de0-8711-c547e93d4822"        [_thread_blocked, id=12956, stack(0x00000025ed800000,0x00000025ed900000) (1024K)]
Total: 14

Other Threads:
  0x000001d469e00d70 VMThread "VM Thread"                           [id=6468, stack(0x00000025ec500000,0x00000025ec600000) (1024K)]
  0x000001d410f1ba00 WatcherThread "VM Periodic Task Thread"        [id=19432, stack(0x00000025ec400000,0x00000025ec500000) (1024K)]
  0x000001d4110b0200 WorkerThread "GC Thread#0"                     [id=6912, stack(0x00000025ec300000,0x00000025ec400000) (1024K)]
  0x000001d46f007440 WorkerThread "GC Thread#1"                     [id=11208, stack(0x00000025ed200000,0x00000025ed300000) (1024K)]
  0x000001d46f798a30 WorkerThread "GC Thread#2"                     [id=10692, stack(0x00000025ed300000,0x00000025ed400000) (1024K)]
  0x000001d46f798dd0 WorkerThread "GC Thread#3"                     [id=13436, stack(0x00000025ed400000,0x00000025ed500000) (1024K)]
  0x000001d46f787ab0 WorkerThread "GC Thread#4"                     [id=18732, stack(0x00000025ed500000,0x00000025ed600000) (1024K)]
  0x000001d46f787e50 WorkerThread "GC Thread#5"                     [id=14940, stack(0x00000025ed600000,0x00000025ed700000) (1024K)]
  0x000001d46f7881f0 WorkerThread "GC Thread#6"                     [id=1804, stack(0x00000025ed700000,0x00000025ed800000) (1024K)]
Total: 9

Threads with active compile tasks:
C2 CompilerThread0  5193 1516       4       lombok.patcher.scripts.MethodLevelPatchScript::patch (21 bytes)
C1 CompilerThread0  5193 1587       3       java.net.URLStreamHandler::setURL (159 bytes)
C2 CompilerThread1  5194 1512       4       lombok.patcher.PatchScript::classMatches (41 bytes)
C2 CompilerThread2  5194 1585       4       jdk.internal.org.objectweb.asm.ByteVector::putByte (39 bytes)
Total: 4

VM state: not at safepoint (normal execution)

VM Mutex/Monitor currently owned by a thread: None

Heap address: 0x0000000080000000, size: 2048 MB, Compressed Oops mode: 32-bit

CDS archive(s) mapped at: [0x000001d428000000-0x000001d428ba0000-0x000001d428ba0000), size 12189696, SharedBaseAddress: 0x000001d428000000, ArchiveRelocationMode: 1.
Compressed class space mapped at: 0x000001d429000000-0x000001d469000000, reserved size: 1073741824
Narrow klass base: 0x000001d428000000, Narrow klass shift: 0, Narrow klass range: 0x100000000

GC Precious Log:
 CardTable entry size: 512
 CPUs: 12 total, 12 available
 Memory: 7896M
 Large Page Support: Disabled
 NUMA Support: Disabled
 Compressed Oops: Enabled (32-bit)
 Alignments: Space 512K, Generation 512K, Heap 2M
 Heap Min Capacity: 100M
 Heap Initial Capacity: 100M
 Heap Max Capacity: 2G
 Pre-touch: Disabled
 Parallel Workers: 10

Heap:
 PSYoungGen      total 29696K, used 22808K [0x00000000d5580000, 0x00000000d7680000, 0x0000000100000000)
  eden space 25600K, 76% used [0x00000000d5580000,0x00000000d6888238,0x00000000d6e80000)
  from space 4096K, 81% used [0x00000000d6e80000,0x00000000d71bdea8,0x00000000d7280000)
  to   space 4096K, 0% used [0x00000000d7280000,0x00000000d7280000,0x00000000d7680000)
 ParOldGen       total 68608K, used 16K [0x0000000080000000, 0x0000000084300000, 0x00000000d5580000)
  object space 68608K, 0% used [0x0000000080000000,0x0000000080004000,0x0000000084300000)
 Metaspace       used 7092K, committed 7424K, reserved 1114112K
  class space    used 735K, committed 896K, reserved 1048576K

Card table byte_map: [0x000001d410a30000,0x000001d410e40000] _byte_map_base: 0x000001d410630000

Marking Bits: (ParMarkBitMap*) 0x00007ffded7da340
 Begin Bits: [0x000001d423530000, 0x000001d425530000)
 End Bits:   [0x000001d425530000, 0x000001d427530000)

Polling page: 0x000001d40ec20000

Metaspace:

Usage:
  Non-class:      6.21 MB used.
      Class:    735.13 KB used.
       Both:      6.93 MB used.

Virtual space:
  Non-class space:       64.00 MB reserved,       6.38 MB ( 10%) committed,  1 nodes.
      Class space:        1.00 GB reserved,     896.00 KB ( <1%) committed,  1 nodes.
             Both:        1.06 GB reserved,       7.25 MB ( <1%) committed. 

Chunk freelists:
   Non-Class:  9.36 MB
       Class:  14.98 MB
        Both:  24.34 MB

MaxMetaspaceSize: unlimited
CompressedClassSpaceSize: 1.00 GB
Initial GC threshold: 21.00 MB
Current GC threshold: 21.00 MB
CDS: on
 - commit_granule_bytes: 65536.
 - commit_granule_words: 8192.
 - virtual_space_node_default_size: 8388608.
 - enlarge_chunks_in_place: 1.
 - use_allocation_guard: 0.


Internal statistics:

num_allocs_failed_limit: 0.
num_arena_births: 216.
num_arena_deaths: 0.
num_vsnodes_births: 2.
num_vsnodes_deaths: 0.
num_space_committed: 116.
num_space_uncommitted: 0.
num_chunks_returned_to_freelist: 0.
num_chunks_taken_from_freelist: 376.
num_chunk_merges: 0.
num_chunk_splits: 244.
num_chunks_enlarged: 157.
num_inconsistent_stats: 0.

CodeHeap 'non-profiled nmethods': size=120000Kb used=666Kb max_used=666Kb free=119333Kb
 bounds [0x000001d41bd50000, 0x000001d41bfc0000, 0x000001d423280000]
CodeHeap 'profiled nmethods': size=120000Kb used=2684Kb max_used=2684Kb free=117315Kb
 bounds [0x000001d414280000, 0x000001d414520000, 0x000001d41b7b0000]
CodeHeap 'non-nmethods': size=5760Kb used=1212Kb max_used=1242Kb free=4548Kb
 bounds [0x000001d41b7b0000, 0x000001d41ba20000, 0x000001d41bd50000]
CodeCache: size=245760Kb, used=4562Kb, max_used=4592Kb, free=241196Kb
 total_blobs=2058, nmethods=1580, adapters=385, full_count=0
Compilation: enabled, stopped_count=0, restarted_count=0

Compilation events (20 events):
Event: 2.134 Thread 0x000001d469e257a0 1559       3       java.net.URLClassLoader::getAndVerifyPackage (109 bytes)
Event: 2.136 Thread 0x000001d469e257a0 nmethod 1559 0x000001d414510290 code [0x000001d4145105e0, 0x000001d414511678]
Event: 2.136 Thread 0x000001d469e257a0 1561       3       jdk.internal.perf.PerfCounter::getReadClassBytesTime (4 bytes)
Event: 2.137 Thread 0x000001d469e257a0 nmethod 1561 0x000001d414511c90 code [0x000001d414511e20, 0x000001d414511f18]
Event: 2.142 Thread 0x000001d469e257a0 1569       3       lombok.eclipse.agent.EclipsePatcher$1::shouldTransform (107 bytes)
Event: 2.143 Thread 0x000001d469e257a0 nmethod 1569 0x000001d414511f90 code [0x000001d4145122c0, 0x000001d4145132b0]
Event: 2.144 Thread 0x000001d469e257a0 1570   !   3       java.util.zip.ZipFile$CleanableResource::getInflater (47 bytes)
Event: 2.145 Thread 0x000001d469e257a0 nmethod 1570 0x000001d414513790 code [0x000001d414513980, 0x000001d414513ea0]
Event: 2.145 Thread 0x000001d469e257a0 1571       3       java.util.zip.ZipFile$ZipFileInflaterInputStream::<init> (41 bytes)
Event: 2.146 Thread 0x000001d469e257a0 nmethod 1571 0x000001d414514110 code [0x000001d4145142e0, 0x000001d414514680]
Event: 2.146 Thread 0x000001d469e257a0 1572       3       java.util.zip.InflaterInputStream::<init> (70 bytes)
Event: 2.146 Thread 0x000001d469e257a0 nmethod 1572 0x000001d414514810 code [0x000001d414514a00, 0x000001d414514ff0]
Event: 2.146 Thread 0x000001d469e257a0 1573       3       java.util.zip.ZipFile$InflaterCleanupAction::<init> (15 bytes)
Event: 2.146 Thread 0x000001d469e257a0 nmethod 1573 0x000001d414515210 code [0x000001d4145153c0, 0x000001d414515558]
Event: 2.146 Thread 0x000001d469e257a0 1574   !   3       java.util.zip.ZipFile$ZipFileInflaterInputStream::close (67 bytes)
Event: 2.147 Thread 0x000001d469e257a0 nmethod 1574 0x000001d414515610 code [0x000001d414515860, 0x000001d4145160b0]
Event: 2.147 Thread 0x000001d469e257a0 1575       3       java.util.zip.InflaterInputStream::close (34 bytes)
Event: 2.147 Thread 0x000001d469e257a0 nmethod 1575 0x000001d414516490 code [0x000001d414516660, 0x000001d414516900]
Event: 2.147 Thread 0x000001d469e257a0 1576       1       org.eclipse.osgi.storage.BundleInfo::getBundleId (5 bytes)
Event: 2.147 Thread 0x000001d469e257a0 nmethod 1576 0x000001d41bdf4d10 code [0x000001d41bdf4ea0, 0x000001d41bdf4f68]

GC Heap History (2 events):
Event: 1.776 GC heap before
{Heap before GC invocations=1 (full 0):
 PSYoungGen      total 29696K, used 25600K [0x00000000d5580000, 0x00000000d7680000, 0x0000000100000000)
  eden space 25600K, 100% used [0x00000000d5580000,0x00000000d6e80000,0x00000000d6e80000)
  from space 4096K, 0% used [0x00000000d7280000,0x00000000d7280000,0x00000000d7680000)
  to   space 4096K, 0% used [0x00000000d6e80000,0x00000000d6e80000,0x00000000d7280000)
 ParOldGen       total 68608K, used 0K [0x0000000080000000, 0x0000000084300000, 0x00000000d5580000)
  object space 68608K, 0% used [0x0000000080000000,0x0000000080000000,0x0000000084300000)
 Metaspace       used 4316K, committed 4544K, reserved 1114112K
  class space    used 473K, committed 576K, reserved 1048576K
}
Event: 1.782 GC heap after
{Heap after GC invocations=1 (full 0):
 PSYoungGen      total 29696K, used 3319K [0x00000000d5580000, 0x00000000d7680000, 0x0000000100000000)
  eden space 25600K, 0% used [0x00000000d5580000,0x00000000d5580000,0x00000000d6e80000)
  from space 4096K, 81% used [0x00000000d6e80000,0x00000000d71bdea8,0x00000000d7280000)
  to   space 4096K, 0% used [0x00000000d7280000,0x00000000d7280000,0x00000000d7680000)
 ParOldGen       total 68608K, used 16K [0x0000000080000000, 0x0000000084300000, 0x00000000d5580000)
  object space 68608K, 0% used [0x0000000080000000,0x0000000080004000,0x0000000084300000)
 Metaspace       used 4316K, committed 4544K, reserved 1114112K
  class space    used 473K, committed 576K, reserved 1048576K
}

Dll operation events (8 events):
Event: 0.015 Loaded shared library c:\Users\Kavis\.vscode\extensions\redhat.java-1.47.0-win32-x64\jre\21.0.8-win32-x86_64\bin\java.dll
Event: 0.102 Loaded shared library c:\Users\Kavis\.vscode\extensions\redhat.java-1.47.0-win32-x64\jre\21.0.8-win32-x86_64\bin\zip.dll
Event: 0.132 Loaded shared library C:\Users\Kavis\.vscode\extensions\redhat.java-1.47.0-win32-x64\jre\21.0.8-win32-x86_64\bin\instrument.dll
Event: 0.139 Loaded shared library C:\Users\Kavis\.vscode\extensions\redhat.java-1.47.0-win32-x64\jre\21.0.8-win32-x86_64\bin\net.dll
Event: 0.143 Loaded shared library C:\Users\Kavis\.vscode\extensions\redhat.java-1.47.0-win32-x64\jre\21.0.8-win32-x86_64\bin\nio.dll
Event: 0.148 Loaded shared library C:\Users\Kavis\.vscode\extensions\redhat.java-1.47.0-win32-x64\jre\21.0.8-win32-x86_64\bin\zip.dll
Event: 0.178 Loaded shared library C:\Users\Kavis\.vscode\extensions\redhat.java-1.47.0-win32-x64\jre\21.0.8-win32-x86_64\bin\jimage.dll
Event: 0.301 Loaded shared library c:\Users\Kavis\.vscode\extensions\redhat.java-1.47.0-win32-x64\jre\21.0.8-win32-x86_64\bin\verify.dll

Deoptimization events (20 events):
Event: 1.959 Thread 0x000001d411092e00 DEOPT PACKING pc=0x000001d41431a48d sp=0x00000025ec2f4190
Event: 1.959 Thread 0x000001d411092e00 DEOPT UNPACKING pc=0x000001d41b804242 sp=0x00000025ec2f3640 mode 0
Event: 1.961 Thread 0x000001d411092e00 DEOPT PACKING pc=0x000001d41431a48d sp=0x00000025ec2f4190
Event: 1.961 Thread 0x000001d411092e00 DEOPT UNPACKING pc=0x000001d41b804242 sp=0x00000025ec2f3640 mode 0
Event: 1.966 Thread 0x000001d411092e00 DEOPT PACKING pc=0x000001d41431a48d sp=0x00000025ec2f7c50
Event: 1.966 Thread 0x000001d411092e00 DEOPT UNPACKING pc=0x000001d41b804242 sp=0x00000025ec2f7100 mode 0
Event: 1.975 Thread 0x000001d411092e00 DEOPT PACKING pc=0x000001d41431a48d sp=0x00000025ec2f7c10
Event: 1.975 Thread 0x000001d411092e00 DEOPT UNPACKING pc=0x000001d41b804242 sp=0x00000025ec2f70c0 mode 0
Event: 1.982 Thread 0x000001d411092e00 DEOPT PACKING pc=0x000001d41431a48d sp=0x00000025ec2f3e40
Event: 1.982 Thread 0x000001d411092e00 DEOPT UNPACKING pc=0x000001d41b804242 sp=0x00000025ec2f32f0 mode 0
Event: 1.986 Thread 0x000001d411092e00 DEOPT PACKING pc=0x000001d41431a48d sp=0x00000025ec2f77e0
Event: 1.986 Thread 0x000001d411092e00 DEOPT UNPACKING pc=0x000001d41b804242 sp=0x00000025ec2f6c90 mode 0
Event: 2.086 Thread 0x000001d411092e00 Uncommon trap: trap_request=0xffffff45 fr.pc=0x000001d41bdc92cc relative=0x00000000000000ac
Event: 2.086 Thread 0x000001d411092e00 Uncommon trap: reason=unstable_if action=reinterpret pc=0x000001d41bdc92cc method=java.util.concurrent.locks.ReentrantLock$NonfairSync.initialTryLock()Z @ 10 c2
Event: 2.086 Thread 0x000001d411092e00 DEOPT PACKING pc=0x000001d41bdc92cc sp=0x00000025ec2fe880
Event: 2.086 Thread 0x000001d411092e00 DEOPT UNPACKING pc=0x000001d41b803aa2 sp=0x00000025ec2fe810 mode 2
Event: 2.087 Thread 0x000001d411092e00 Uncommon trap: trap_request=0xffffff45 fr.pc=0x000001d41bdcb534 relative=0x0000000000000094
Event: 2.087 Thread 0x000001d411092e00 Uncommon trap: reason=unstable_if action=reinterpret pc=0x000001d41bdcb534 method=java.util.concurrent.locks.ReentrantLock$Sync.tryRelease(I)Z @ 26 c2
Event: 2.087 Thread 0x000001d411092e00 DEOPT PACKING pc=0x000001d41bdcb534 sp=0x00000025ec2fe950
Event: 2.087 Thread 0x000001d411092e00 DEOPT UNPACKING pc=0x000001d41b803aa2 sp=0x00000025ec2fe8d0 mode 2

Classes loaded (20 events):
Event: 2.117 Loading class java/util/concurrent/RunnableScheduledFuture
Event: 2.117 Loading class java/util/concurrent/RunnableFuture
Event: 2.117 Loading class java/util/concurrent/RunnableFuture done
Event: 2.117 Loading class java/util/concurrent/ScheduledFuture
Event: 2.117 Loading class java/util/concurrent/Delayed
Event: 2.117 Loading class java/util/concurrent/Delayed done
Event: 2.117 Loading class java/util/concurrent/ScheduledFuture done
Event: 2.117 Loading class java/util/concurrent/RunnableScheduledFuture done
Event: 2.119 Loading class java/util/concurrent/ScheduledThreadPoolExecutor$ScheduledFutureTask
Event: 2.119 Loading class java/util/concurrent/FutureTask
Event: 2.119 Loading class java/util/concurrent/FutureTask done
Event: 2.119 Loading class java/util/concurrent/ScheduledThreadPoolExecutor$ScheduledFutureTask done
Event: 2.119 Loading class java/util/concurrent/FutureTask$WaitNode
Event: 2.119 Loading class java/util/concurrent/FutureTask$WaitNode done
Event: 2.119 Loading class java/util/concurrent/Executors$RunnableAdapter
Event: 2.120 Loading class java/util/concurrent/Executors$RunnableAdapter done
Event: 2.120 Loading class java/util/concurrent/ThreadPoolExecutor$Worker
Event: 2.120 Loading class java/util/concurrent/ThreadPoolExecutor$Worker done
Event: 2.146 Loading class java/util/ArrayList$ListItr
Event: 2.146 Loading class java/util/ArrayList$ListItr done

Classes unloaded (0 events):
No events

Classes redefined (0 events):
No events

Internal exceptions (20 events):
Event: 1.610 Thread 0x000001d411092e00 Exception <a 'java/lang/NoSuchMethodError'{0x00000000d653b388}: 'java.lang.Object java.lang.invoke.DirectMethodHandle$Holder.invokeInterface(java.lang.Object, java.lang.Object)'> (0x00000000d653b388) 
thrown [s\src\hotspot\share\interpreter\linkResolver.cpp, line 773]
Event: 1.612 Thread 0x000001d411092e00 Exception <a 'java/lang/NoSuchMethodError'{0x00000000d654e998}: 'java.lang.Object java.lang.invoke.Invokers$Holder.invokeExact_MT(java.lang.Object, java.lang.Object, java.lang.Object, java.lang.Object, java.lang.Object, java.lang.Object)'> (0x00000000d654e998) 
thrown [s\src\hotspot\share\interpreter\linkResolver.cpp, line 773]
Event: 1.615 Thread 0x000001d411092e00 Exception <a 'java/lang/NoSuchMethodError'{0x00000000d6565bf0}: 'int java.lang.invoke.DirectMethodHandle$Holder.invokeStatic(java.lang.Object, java.lang.Object, java.lang.Object, java.lang.Object, java.lang.Object)'> (0x00000000d6565bf0) 
thrown [s\src\hotspot\share\interpreter\linkResolver.cpp, line 773]
Event: 1.633 Thread 0x000001d411092e00 Exception <a 'java/lang/NoSuchMethodError'{0x00000000d65f9578}: 'java.lang.Object java.lang.invoke.DirectMethodHandle$Holder.invokeInterface(java.lang.Object, java.lang.Object, int)'> (0x00000000d65f9578) 
thrown [s\src\hotspot\share\interpreter\linkResolver.cpp, line 773]
Event: 1.712 Thread 0x000001d411092e00 Exception <a 'java/lang/NoSuchMethodError'{0x00000000d6a5ff78}: 'java.lang.ClassLoader java.lang.ClassLoader.getPlatformClassLoader(java.lang.Class)'> (0x00000000d6a5ff78) 
thrown [s\src\hotspot\share\interpreter\linkResolver.cpp, line 773]
Event: 1.774 Thread 0x000001d411092e00 Exception <a 'java/lang/ClassNotFoundException'{0x00000000d6e7c948}: sun/net/www/protocol/c/Handler> (0x00000000d6e7c948) 
thrown [s\src\hotspot\share\classfile\systemDictionary.cpp, line 312]
Event: 1.774 Thread 0x000001d411092e00 Exception <a 'java/lang/ClassNotFoundException'{0x00000000d6e7dcc0}: sun/net/www/protocol/c/Handler> (0x00000000d6e7dcc0) 
thrown [s\src\hotspot\share\classfile\systemDictionary.cpp, line 312]
Event: 1.775 Thread 0x000001d411092e00 Exception <a 'java/lang/ClassNotFoundException'{0x00000000d6e7ee60}: sun/net/www/protocol/c/Handler> (0x00000000d6e7ee60) 
thrown [s\src\hotspot\share\classfile\systemDictionary.cpp, line 312]
Event: 1.788 Thread 0x000001d411092e00 Exception <a 'java/io/FileNotFoundException'{0x00000000d55a77a0}> (0x00000000d55a77a0) 
thrown [s\src\hotspot\share\prims\jni.cpp, line 520]
Event: 1.819 Thread 0x000001d411092e00 Implicit null exception at 0x000001d41bdb8649 to 0x000001d41bdb910c
Event: 1.819 Thread 0x000001d411092e00 Implicit null exception at 0x000001d41bdac81a to 0x000001d41bdaca20
Event: 1.819 Thread 0x000001d411092e00 Exception <a 'java/lang/NoSuchMethodError'{0x00000000d5717d30}: 'void java.lang.invoke.DirectMethodHandle$Holder.invokeStatic(java.lang.Object, java.lang.Object, java.lang.Object, java.lang.Object)'> (0x00000000d5717d30) 
thrown [s\src\hotspot\share\interpreter\linkResolver.cpp, line 773]
Event: 1.821 Thread 0x000001d411092e00 Implicit null exception at 0x000001d41bdb121a to 0x000001d41bdb1424
Event: 1.821 Thread 0x000001d411092e00 Implicit null exception at 0x000001d41bdaab3d to 0x000001d41bdaabc1
Event: 1.878 Thread 0x000001d411092e00 Exception <a 'java/lang/NoSuchMethodError'{0x00000000d59f02e0}: 'void java.lang.invoke.DirectMethodHandle$Holder.invokeSpecial(java.lang.Object, java.lang.Object, java.lang.Object)'> (0x00000000d59f02e0) 
thrown [s\src\hotspot\share\interpreter\linkResolver.cpp, line 773]
Event: 2.062 Thread 0x000001d411092e00 Exception <a 'java/lang/NoSuchMethodError'{0x00000000d640d4e8}: 'int java.lang.invoke.DirectMethodHandle$Holder.invokeVirtual(java.lang.Object, java.lang.Object)'> (0x00000000d640d4e8) 
thrown [s\src\hotspot\share\interpreter\linkResolver.cpp, line 773]
Event: 2.104 Thread 0x000001d411092e00 Exception <a 'java/lang/NoSuchMethodError'{0x00000000d6594350}: 'int java.lang.invoke.DirectMethodHandle$Holder.invokeStaticInit(java.lang.Object, java.lang.Object, java.lang.Object, java.lang.Object)'> (0x00000000d6594350) 
thrown [s\src\hotspot\share\interpreter\linkResolver.cpp, line 773]
Event: 2.106 Thread 0x000001d411092e00 Exception <a 'java/lang/IncompatibleClassChangeError'{0x00000000d659c7d8}: Found class java.lang.Object, but interface was expected> (0x00000000d659c7d8) 
thrown [s\src\hotspot\share\interpreter\linkResolver.cpp, line 840]
Event: 2.108 Thread 0x000001d411092e00 Exception <a 'java/lang/NoSuchMethodError'{0x00000000d65a36e8}: 'void java.lang.invoke.DirectMethodHandle$Holder.invokeStaticInit(java.lang.Object, java.lang.Object)'> (0x00000000d65a36e8) 
thrown [s\src\hotspot\share\interpreter\linkResolver.cpp, line 773]
Event: 2.109 Thread 0x000001d411092e00 Exception <a 'java/lang/NoSuchMethodError'{0x00000000d65ae260}: 'int java.lang.invoke.DirectMethodHandle$Holder.invokeStaticInit(java.lang.Object, java.lang.Object)'> (0x00000000d65ae260) 
thrown [s\src\hotspot\share\interpreter\linkResolver.cpp, line 773]

ZGC Phase Switch (0 events):
No events

VM Operations (18 events):
Event: 0.195 Executing VM operation: HandshakeAllThreads (Deoptimize)
Event: 0.195 Executing VM operation: HandshakeAllThreads (Deoptimize) done
Event: 1.203 Executing VM operation: Cleanup
Event: 1.203 Executing VM operation: Cleanup done
Event: 1.553 Executing VM operation: HandshakeAllThreads (Deoptimize)
Event: 1.553 Executing VM operation: HandshakeAllThreads (Deoptimize) done
Event: 1.569 Executing VM operation: HandshakeAllThreads (Deoptimize)
Event: 1.569 Executing VM operation: HandshakeAllThreads (Deoptimize) done
Event: 1.750 Executing VM operation: HandshakeAllThreads (Deoptimize)
Event: 1.750 Executing VM operation: HandshakeAllThreads (Deoptimize) done
Event: 1.776 Executing VM operation: ParallelGCFailedAllocation (Allocation Failure)
Event: 1.782 Executing VM operation: ParallelGCFailedAllocation (Allocation Failure) done
Event: 2.134 Executing VM operation: HandshakeAllThreads (Deoptimize)
Event: 2.135 Executing VM operation: HandshakeAllThreads (Deoptimize) done
Event: 2.146 Executing VM operation: HandshakeAllThreads (Deoptimize)
Event: 2.146 Executing VM operation: HandshakeAllThreads (Deoptimize) done
Event: 3.156 Executing VM operation: Cleanup
Event: 3.157 Executing VM operation: Cleanup done

Memory protections (0 events):
No events

Nmethod flushes (0 events):
No events

Events (14 events):
Event: 0.036 Thread 0x000001d411092e00 Thread added: 0x000001d411092e00
Event: 0.055 Thread 0x000001d411092e00 Thread added: 0x000001d4111353b0
Event: 0.055 Thread 0x000001d411092e00 Thread added: 0x000001d41103cd10
Event: 0.056 Thread 0x000001d411092e00 Thread added: 0x000001d41113b8c0
Event: 0.056 Thread 0x000001d411092e00 Thread added: 0x000001d41113c510
Event: 0.056 Thread 0x000001d411092e00 Thread added: 0x000001d41113d160
Event: 0.056 Thread 0x000001d411092e00 Thread added: 0x000001d411143ca0
Event: 0.056 Thread 0x000001d411092e00 Thread added: 0x000001d41114dec0
Event: 0.056 Thread 0x000001d411092e00 Thread added: 0x000001d469e257a0
Event: 0.087 Thread 0x000001d411092e00 Thread added: 0x000001d469f10540
Event: 0.290 Thread 0x000001d469e257a0 Thread added: 0x000001d46a173af0
Event: 1.438 Thread 0x000001d411092e00 Thread added: 0x000001d469f11260
Event: 1.505 Thread 0x000001d469e257a0 Thread added: 0x000001d46a174890
Event: 2.120 Thread 0x000001d411092e00 Thread added: 0x000001d469f0eb00


Dynamic libraries:
0x00007ff7aba00000 - 0x00007ff7aba0e000 	c:\Users\Kavis\.vscode\extensions\redhat.java-1.47.0-win32-x64\jre\21.0.8-win32-x86_64\bin\java.exe
0x00007ffe4cdc0000 - 0x00007ffe4d028000 	C:\WINDOWS\SYSTEM32\ntdll.dll
0x00007ffe4af20000 - 0x00007ffe4afe9000 	C:\WINDOWS\System32\KERNEL32.DLL
0x00007ffe4a660000 - 0x00007ffe4aa52000 	C:\WINDOWS\System32\KERNELBASE.dll
0x00007ffe4a420000 - 0x00007ffe4a56b000 	C:\WINDOWS\System32\ucrtbase.dll
0x00007ffe38300000 - 0x00007ffe38318000 	c:\Users\Kavis\.vscode\extensions\redhat.java-1.47.0-win32-x64\jre\21.0.8-win32-x86_64\bin\jli.dll
0x00007ffe20e90000 - 0x00007ffe20eae000 	c:\Users\Kavis\.vscode\extensions\redhat.java-1.47.0-win32-x64\jre\21.0.8-win32-x86_64\bin\VCRUNTIME140.dll
0x00007ffe4b160000 - 0x00007ffe4b325000 	C:\WINDOWS\System32\USER32.dll
0x00007ffe4a570000 - 0x00007ffe4a597000 	C:\WINDOWS\System32\win32u.dll
0x00007ffe2ad70000 - 0x00007ffe2b003000 	C:\WINDOWS\WinSxS\amd64_microsoft.windows.common-controls_6595b64144ccf1df_6.0.26100.6899_none_3e0efeeae32e88c1\COMCTL32.dll
0x00007ffe4cc30000 - 0x00007ffe4cc5b000 	C:\WINDOWS\System32\GDI32.dll
0x00007ffe4aa60000 - 0x00007ffe4ab8d000 	C:\WINDOWS\System32\gdi32full.dll
0x00007ffe4b500000 - 0x00007ffe4b5a9000 	C:\WINDOWS\System32\msvcrt.dll
0x00007ffe4a370000 - 0x00007ffe4a413000 	C:\WINDOWS\System32\msvcp_win.dll
0x00007ffe4bdd0000 - 0x00007ffe4bdff000 	C:\WINDOWS\System32\IMM32.DLL
0x00007ffe449a0000 - 0x00007ffe449ac000 	c:\Users\Kavis\.vscode\extensions\redhat.java-1.47.0-win32-x64\jre\21.0.8-win32-x86_64\bin\vcruntime140_1.dll
0x00007ffe00070000 - 0x00007ffe000fd000 	c:\Users\Kavis\.vscode\extensions\redhat.java-1.47.0-win32-x64\jre\21.0.8-win32-x86_64\bin\msvcp140.dll
0x00007ffdecb20000 - 0x00007ffded8b7000 	c:\Users\Kavis\.vscode\extensions\redhat.java-1.47.0-win32-x64\jre\21.0.8-win32-x86_64\bin\server\jvm.dll
0x00007ffe4adf0000 - 0x00007ffe4aea4000 	C:\WINDOWS\System32\ADVAPI32.dll
0x00007ffe4b330000 - 0x00007ffe4b3d6000 	C:\WINDOWS\System32\sechost.dll
0x00007ffe4b3e0000 - 0x00007ffe4b4f8000 	C:\WINDOWS\System32\RPCRT4.dll
0x00007ffe4ad70000 - 0x00007ffe4ade4000 	C:\WINDOWS\System32\WS2_32.dll
0x00007ffe49db0000 - 0x00007ffe49e0e000 	C:\WINDOWS\SYSTEM32\POWRPROF.dll
0x00007ffe35aa0000 - 0x00007ffe35aab000 	C:\WINDOWS\SYSTEM32\VERSION.dll
0x00007ffe3e060000 - 0x00007ffe3e095000 	C:\WINDOWS\SYSTEM32\WINMM.dll
0x00007ffe49d90000 - 0x00007ffe49da4000 	C:\WINDOWS\SYSTEM32\UMPDC.dll
0x00007ffe48d20000 - 0x00007ffe48d3b000 	C:\WINDOWS\SYSTEM32\kernel.appcore.dll
0x00007ffe382b0000 - 0x00007ffe382ba000 	c:\Users\Kavis\.vscode\extensions\redhat.java-1.47.0-win32-x64\jre\21.0.8-win32-x86_64\bin\jimage.dll
0x00007ffe476a0000 - 0x00007ffe478e2000 	C:\WINDOWS\SYSTEM32\DBGHELP.DLL
0x00007ffe4c820000 - 0x00007ffe4cb9b000 	C:\WINDOWS\System32\combase.dll
0x00007ffe4bcf0000 - 0x00007ffe4bdc7000 	C:\WINDOWS\System32\OLEAUT32.dll
0x00007ffe25a40000 - 0x00007ffe25a7c000 	C:\WINDOWS\SYSTEM32\dbgcore.DLL
0x00007ffe4a240000 - 0x00007ffe4a2d8000 	C:\WINDOWS\System32\bcryptPrimitives.dll
0x00007ffe381e0000 - 0x00007ffe381ef000 	c:\Users\Kavis\.vscode\extensions\redhat.java-1.47.0-win32-x64\jre\21.0.8-win32-x86_64\bin\instrument.dll
0x00007ffe18d60000 - 0x00007ffe18d7f000 	c:\Users\Kavis\.vscode\extensions\redhat.java-1.47.0-win32-x64\jre\21.0.8-win32-x86_64\bin\java.dll
0x00007ffe4bff0000 - 0x00007ffe4c73d000 	C:\WINDOWS\System32\SHELL32.dll
0x00007ffe49f50000 - 0x00007ffe4a0bb000 	C:\WINDOWS\System32\wintypes.dll
0x00007ffe47ba0000 - 0x00007ffe483fd000 	C:\WINDOWS\SYSTEM32\windows.storage.dll
0x00007ffe4cc60000 - 0x00007ffe4cd52000 	C:\WINDOWS\System32\SHCORE.dll
0x00007ffe4aeb0000 - 0x00007ffe4af12000 	C:\WINDOWS\System32\shlwapi.dll
0x00007ffe49e70000 - 0x00007ffe49e99000 	C:\WINDOWS\SYSTEM32\profapi.dll
0x00007ffe18d40000 - 0x00007ffe18d58000 	c:\Users\Kavis\.vscode\extensions\redhat.java-1.47.0-win32-x64\jre\21.0.8-win32-x86_64\bin\zip.dll
0x00007ffe378f0000 - 0x00007ffe37900000 	C:\Users\Kavis\.vscode\extensions\redhat.java-1.47.0-win32-x64\jre\21.0.8-win32-x86_64\bin\net.dll
0x00007ffe40b00000 - 0x00007ffe40c1f000 	C:\WINDOWS\SYSTEM32\WINHTTP.dll
0x00007ffe49290000 - 0x00007ffe492fb000 	C:\WINDOWS\system32\mswsock.dll
0x00007ffe18420000 - 0x00007ffe18436000 	C:\Users\Kavis\.vscode\extensions\redhat.java-1.47.0-win32-x64\jre\21.0.8-win32-x86_64\bin\nio.dll
0x00007ffe378c0000 - 0x00007ffe378d0000 	c:\Users\Kavis\.vscode\extensions\redhat.java-1.47.0-win32-x64\jre\21.0.8-win32-x86_64\bin\verify.dll

JVMTI agents:
c:\Users\Kavis\.vscode\extensions\redhat.java-1.47.0-win32-x64\lombok\lombok-1.18.39-4050.jar path:c:\Users\Kavis\.vscode\extensions\redhat.java-1.47.0-win32-x64\jre\21.0.8-win32-x86_64\bin\instrument.dll, loaded, initialized, instrumentlib options:none

dbghelp: loaded successfully - version: 4.0.5 - missing functions: none
symbol engine: initialized successfully - sym options: 0x614 - pdb path: .;c:\Users\Kavis\.vscode\extensions\redhat.java-1.47.0-win32-x64\jre\21.0.8-win32-x86_64\bin;C:\WINDOWS\SYSTEM32;C:\WINDOWS\WinSxS\amd64_microsoft.windows.common-controls_6595b64144ccf1df_6.0.26100.6899_none_3e0efeeae32e88c1;c:\Users\Kavis\.vscode\extensions\redhat.java-1.47.0-win32-x64\jre\21.0.8-win32-x86_64\bin\server

VM Arguments:
jvm_args: --add-modules=ALL-SYSTEM --add-opens=java.base/java.util=ALL-UNNAMED --add-opens=java.base/java.lang=ALL-UNNAMED --add-opens=java.base/sun.nio.fs=ALL-UNNAMED -Declipse.application=org.eclipse.jdt.ls.core.id1 -Dosgi.bundles.defaultStartLevel=4 -Declipse.product=org.eclipse.jdt.ls.core.product -Djava.import.generatesMetadataFilesAtProjectRoot=false -DDetectVMInstallationsJob.disabled=true -Dfile.encoding=utf8 -XX:+UseParallelGC -XX:GCTimeRatio=4 -XX:AdaptiveSizePolicyWeight=90 -Dsun.zip.disableMemoryMapping=true -Xmx2G -Xms100m -Xlog:disable -javaagent:c:\Users\Kavis\.vscode\extensions\redhat.java-1.47.0-win32-x64\lombok\lombok-1.18.39-4050.jar -XX:+HeapDumpOnOutOfMemoryError -XX:HeapDumpPath=c:\Users\Kavis\AppData\Roaming\Code\User\workspaceStorage\ad1adb9262e567f18e865202dfb941a7\redhat.java -Daether.dependencyCollector.impl=bf 
java_command: c:\Users\Kavis\.vscode\extensions\redhat.java-1.47.0-win32-x64\server\plugins\org.eclipse.equinox.launcher_1.7.100.v20251014-1222.jar -configuration c:\Users\Kavis\AppData\Roaming\Code\User\globalStorage\redhat.java\1.47.0\config_win -data c:\Users\Kavis\AppData\Roaming\Code\User\workspaceStorage\ad1adb9262e567f18e865202dfb941a7\redhat.java\jdt_ws --pipe=\\.\pipe\lsp-5dc886c4351f5a4ecf20e7a70c91c474-sock
java_class_path (initial): c:\Users\Kavis\.vscode\extensions\redhat.java-1.47.0-win32-x64\server\plugins\org.eclipse.equinox.launcher_1.7.100.v20251014-1222.jar
Launcher Type: SUN_STANDARD

[Global flags]
    uintx AdaptiveSizePolicyWeight                 = 90                                        {product} {command line}
     intx CICompilerCount                          = 4                                         {product} {ergonomic}
    uintx GCTimeRatio                              = 4                                         {product} {command line}
     bool HeapDumpOnOutOfMemoryError               = true                                   {manageable} {command line}
    ccstr HeapDumpPath                             = c:\Users\Kavis\AppData\Roaming\Code\User\workspaceStorage\ad1adb9262e567f18e865202dfb941a7\redhat.java         {manageable} {command line}
   size_t InitialHeapSize                          = 104857600                                 {product} {command line}
   size_t MaxHeapSize                              = 2147483648                                {product} {command line}
   size_t MaxNewSize                               = 715653120                                 {product} {ergonomic}
   size_t MinHeapDeltaBytes                        = 524288                                    {product} {ergonomic}
   size_t MinHeapSize                              = 104857600                                 {product} {command line}
   size_t NewSize                                  = 34603008                                  {product} {ergonomic}
    uintx NonNMethodCodeHeapSize                   = 5839372                                {pd product} {ergonomic}
    uintx NonProfiledCodeHeapSize                  = 122909434                              {pd product} {ergonomic}
   size_t OldSize                                  = 70254592                                  {product} {ergonomic}
    uintx ProfiledCodeHeapSize                     = 122909434                              {pd product} {ergonomic}
    uintx ReservedCodeCacheSize                    = 251658240                              {pd product} {ergonomic}
     bool SegmentedCodeCache                       = true                                      {product} {ergonomic}
   size_t SoftMaxHeapSize                          = 2147483648                             {manageable} {ergonomic}
     bool UseCompressedOops                        = true                           {product lp64_product} {ergonomic}
     bool UseLargePagesIndividualAllocation        = false                                  {pd product} {ergonomic}
     bool UseParallelGC                            = true                                      {product} {command line}

Logging:
Log output configuration:
 #0: stdout all=off uptime,level,tags foldmultilines=false
 #1: stderr all=off uptime,level,tags foldmultilines=false

Environment Variables:
JAVA_HOME=C:\Program Files\Java\jdk-21
PATH=C:\Program Files\Common Files\Oracle\Java\javapath;C:\Python313\Scripts\;C:\Python313\;C:\Program Files\Eclipse Adoptium\jdk-17.0.15.6-hotspot\bin;C:\Program Files\Python312\Scripts\;C:\Program Files\Python312\;C:\WINDOWS\system32;C:\WINDOWS;C:\WINDOWS\System32\Wbem;C:\WINDOWS\System32\WindowsPowerShell\v1.0\;C:\WINDOWS\System32\OpenSSH\;C:\Program Files\dotnet\;C:\ProgramData\chocolatey\bin;C:\Program Files (x86)\NVIDIA Corporation\PhysX\Common;C:\Program Files\Microsoft\Web Platform Installer\;C:\Program Files (x86)\Microsoft ASP.NET\ASP.NET Web Pages\v1.0\;C:\Program Files\Microsoft SQL Server\110\Tools\Binn\;C:\Program Files\Microsoft SQL Server\120\Tools\Binn\;C:\Program Files\Microsoft SQL Server\130\Tools\Binn\;C:\Program Files\Git\cmd;C:\Program Files\Microsoft SQL Server\150\Tools\Binn\;C:\WINDOWS\system32;C:\WINDOWS;C:\WINDOWS\System32\Wbem;C:\WINDOWS\System32\WindowsPowerShell\v1.0\;C:\WINDOWS\System32\OpenSSH\;C:\Program Files\NVIDIA Corporation\NVIDIA App\NvDLISR;C:\Program Files\CMake\bin;C:\php;C:\Program Files (x86)\Windows Kits\10\Windows Performance Toolkit\;C:\Program Files\CodeBlocks\MinGW\bin;C:\NASM;C:\Program Files\Docker\Docker\resources\bin;C:\flutter\bin;C:\adb\platform-tools;C:\apache-cassandra-3.11.10\bin;C:\Program Files\MongoDB\Server\8.0\bin;C:\Python313\Scripts\;C:\Python313\;C:\Program Files\Python312\Scripts\;C:\Program Files\Python312\;C:\WINDOWS\system32;C:\WINDOWS;C:\WINDOWS\System32\Wbem;C:\WINDOWS\System32\WindowsPowerShell\v1.0\;C:\WINDOWS\System32\OpenSSH\;C:\Program Files\dotnet\;C:\ProgramData\chocolatey\bin;C:\Program Files (x86)\NVIDIA Corporation\PhysX\Common;C:\Program Files\Microsoft\Web Platform Installer\;C:\Program Files (x86)\Microsoft ASP.NET\ASP.NET Web Pages\v1.0\;C:\Program Files\Microsoft SQL Server\110\Tools\Binn\;C:\Program Files\Microsoft SQL Server\120\Tools\Binn\;C:\Program Files\Microsoft SQL Server\130\Tools\Binn\;C:\Program Files\Git\cmd;C:\Program Files\Microsoft SQL Server\150\Tools\Binn\;C:\WINDOWS\system32;C:\WINDOWS;C:\WINDOWS\System32\Wbem;C:\WINDOWS\System32\WindowsPowerShell\v1.0\;C:\WINDOWS\System32\OpenSSH\;C:\Program Files\NVIDIA Corporation\NVIDIA App\NvDLISR;C:\Program Files\CMake\bi;C:\Users\Kavis\AppData\Local\ipinfo;C:\Program Files\Java\jdk-21\bin;C:\Program Files\apache-maven-3.9.11\bin;C:\Users\Kavis\AppData\Local\Pub\Cache\bin;C:\Program Files\nvm;C:\Program Files\nodejs;C:\Program Files\nvm;C:\Program Files\Eclipse Adoptium\jdk-21.0.8.9-hotspot\bin;C:\Python313\Scripts\;C:\Python313\;C:\Program Files\Eclipse Adoptium\jdk-17.0.15.6-hotspot\bin;C:\Program Files\Python312\Scripts\;C:\Program Files\Python312\;C:\WINDOWS\system32;C:\WINDOWS;C:\WINDOWS\System32\Wbem;C:\WINDOWS\System32\WindowsPowerShell\v1.0\;C:\WINDOWS\System32\OpenSSH\;C:\Program Files\dotnet\;C:\ProgramData\chocolatey\bin;C:\Program Files (x86)\NVIDIA Corporation\PhysX\Common;C:\Program Files\Microsoft\Web Platform Installer\;C:\Program Files (x86)\Microsoft ASP.NET\ASP.NET Web Pages\v1.0\;C:\Program Files\Microsoft SQL Server\110\Tools\Binn\;C:\Program Files\Microsoft SQL Server\120\Tools\Binn\;C:\Program Files\Microsoft SQL Server\130\Tools\Binn\;C:\Program Files\Git\cmd;C:\Program Files\Microsoft SQL Server\150\Tools\Binn\;C:\WINDOWS\system32;C:\WINDOWS;C:\WINDOWS\System32\Wbem;C:\WINDOWS\System32\WindowsPowerShell\v1.0\;C:\WINDOWS\System32\OpenSSH\;C:\Program Files\NVIDIA Corporation\NVIDIA App\NvDLISR;C:\Program Files\CMake\bi;C:\Users\Kavis\AppData\Local\GitHubDesktop\bin;C:\Program Files\nvm;C:\Program Files\nodejs
USERNAME=Kavis
OS=Windows_NT
PROCESSOR_IDENTIFIER=Intel64 Family 6 Model 154 Stepping 4, GenuineIntel
TMP=C:\Users\Kavis\AppData\Local\Temp
TEMP=C:\Users\Kavis\AppData\Local\Temp




Periodic native trim disabled

---------------  S Y S T E M  ---------------

OS:
 Windows 11 , 64 bit Build 26100 (10.0.26100.6725)
OS uptime: 0 days 2:03 hours
Hyper-V role detected

CPU: total 12 (initial active 12) (6 cores per cpu, 2 threads per core) family 6 model 154 stepping 4 microcode 0x423, cx8, cmov, fxsr, ht, mmx, 3dnowpref, sse, sse2, sse3, ssse3, sse4.1, sse4.2, popcnt, lzcnt, tsc, tscinvbit, avx, avx2, aes, erms, clmul, bmi1, bmi2, adx, sha, fma, vzeroupper, clflush, clflushopt, clwb, hv, serialize, rdtscp, rdpid, fsrm, f16c, cet_ibt, cet_ss
Processor Information for processor 0
  Max Mhz: 1300, Current Mhz: 1300, Mhz Limit: 1300
Processor Information for processor 1
  Max Mhz: 1300, Current Mhz: 1300, Mhz Limit: 1300
Processor Information for processor 2
  Max Mhz: 1300, Current Mhz: 1300, Mhz Limit: 1300
Processor Information for processor 3
  Max Mhz: 1300, Current Mhz: 1300, Mhz Limit: 1300
Processor Information for processor 4
  Max Mhz: 1300, Current Mhz: 900, Mhz Limit: 897
Processor Information for processor 5
  Max Mhz: 1300, Current Mhz: 900, Mhz Limit: 897
Processor Information for processor 6
  Max Mhz: 1300, Current Mhz: 900, Mhz Limit: 897
Processor Information for processor 7
  Max Mhz: 1300, Current Mhz: 900, Mhz Limit: 897
Processor Information for processor 8
  Max Mhz: 1300, Current Mhz: 900, Mhz Limit: 897
Processor Information for processor 9
  Max Mhz: 1300, Current Mhz: 900, Mhz Limit: 897
Processor Information for processor 10
  Max Mhz: 1300, Current Mhz: 900, Mhz Limit: 897
Processor Information for processor 11
  Max Mhz: 1300, Current Mhz: 900, Mhz Limit: 897

Memory: 4k page, system-wide physical 7896M (624M free)
TotalPageFile size 17896M (AvailPageFile size 5M)
current process WorkingSet (physical memory assigned to process): 91M, peak: 91M
current process commit charge ("private bytes"): 249M, peak: 249M

vm_info: OpenJDK 64-Bit Server VM (21.0.8+9-LTS) for windows-amd64 JRE (21.0.8+9-LTS), built on 2025-07-15T00:00:00Z by "admin" with MS VC++ 17.7 (VS2022)

END.
