#
# There is insufficient memory for the Java Runtime Environment to continue.
# Native memory allocation (malloc) failed to allocate 1165296 bytes. Error detail: Chunk::new
# Possible reasons:
#   The system is out of physical RAM or swap space
#   This process is running with CompressedOops enabled, and the Java Heap may be blocking the growth of the native heap
# Possible solutions:
#   Reduce memory load on the system
#   Increase physical memory or swap space
#   Check if swap backing store is full
#   Decrease Java heap size (-Xmx/-Xms)
#   Decrease number of Java threads
#   Decrease Java thread stack sizes (-Xss)
#   Set larger code cache with -XX:ReservedCodeCacheSize=
#   JVM is running with Unscaled Compressed Oops mode in which the Java heap is
#     placed in the first 4GB address space. The Java Heap base address is the
#     maximum limit for the native heap growth. Please use -XX:HeapBaseMinAddress
#     to set the Java Heap base and to place the Java Heap above 4GB virtual address.
# This output file may be truncated or incomplete.
#
#  Out of Memory Error (arena.cpp:168), pid=10680, tid=16972
#
# JRE version: OpenJDK Runtime Environment Temurin-21.0.9+10 (21.0.9+10) (build 21.0.9+10-LTS)
# Java VM: OpenJDK 64-Bit Server VM Temurin-21.0.9+10 (21.0.9+10-LTS, mixed mode, sharing, tiered, compressed oops, compressed class ptrs, parallel gc, windows-amd64)
# No core dump will be written. Minidumps are not enabled by default on client versions of Windows
#

---------------  S U M M A R Y ------------

Command Line: --add-modules=ALL-SYSTEM --add-opens=java.base/java.util=ALL-UNNAMED --add-opens=java.base/java.lang=ALL-UNNAMED --add-opens=java.base/sun.nio.fs=ALL-UNNAMED -Declipse.application=org.eclipse.jdt.ls.core.id1 -Dosgi.bundles.defaultStartLevel=4 -Declipse.product=org.eclipse.jdt.ls.core.product -Djava.import.generatesMetadataFilesAtProjectRoot=false -DDetectVMInstallationsJob.disabled=true -Dfile.encoding=utf8 -XX:+UseParallelGC -XX:GCTimeRatio=4 -XX:AdaptiveSizePolicyWeight=90 -Dsun.zip.disableMemoryMapping=true -Xmx2G -Xms100m -Xlog:disable -javaagent:c:\Users\Kavis\.vscode\extensions\redhat.java-1.51.0-win32-x64\lombok\lombok-1.18.39-4050.jar c:\Users\Kavis\.vscode\extensions\redhat.java-1.51.0-win32-x64\server\plugins\org.eclipse.equinox.launcher_1.7.100.v20251111-0406.jar -configuration c:\Users\Kavis\AppData\Roaming\Code\User\globalStorage\redhat.java\1.51.0\config_ss_win -data c:\Users\Kavis\AppData\Roaming\Code\User\workspaceStorage\ad1adb9262e567f18e865202dfb941a7\redhat.java\ss_ws --pipe=\\.\pipe\lsp-df9c4e7461d3ca2e0e91c7beef329fa3-sock

Host: 12th Gen Intel(R) Core(TM) i5-1235U, 12 cores, 7G,  Windows 11 , 64 bit Build 26100 (10.0.26100.7623)
Time: Thu Jan 22 01:14:38 2026 Sri Lanka Standard Time elapsed time: 21.035198 seconds (0d 0h 0m 21s)

---------------  T H R E A D  ---------------

Current thread (0x00000190f89cbfc0):  JavaThread "C2 CompilerThread0" daemon [_thread_in_native, id=16972, stack(0x0000005da9200000,0x0000005da9300000) (1024K)]


Current CompileTask:
C2:21035 5665       4       org.eclipse.jdt.internal.compiler.lookup.BinaryTypeBinding::createMethod (1666 bytes)

Stack: [0x0000005da9200000,0x0000005da9300000]
Native frames: (J=compiled Java code, j=interpreted, Vv=VM code, C=native code)
V  [jvm.dll+0x6d6e29]
V  [jvm.dll+0x8b4b76]
V  [jvm.dll+0x8b712e]
V  [jvm.dll+0x8b7813]
V  [jvm.dll+0x283d86]
V  [jvm.dll+0xc66ed]
V  [jvm.dll+0xc6c31]
V  [jvm.dll+0x3be501]
V  [jvm.dll+0x38ab92]
V  [jvm.dll+0x389fda]
V  [jvm.dll+0x24bfa0]
V  [jvm.dll+0x24b580]
V  [jvm.dll+0x1cb13e]
V  [jvm.dll+0x25b29d]
V  [jvm.dll+0x25982a]
V  [jvm.dll+0x3f7ea6]
V  [jvm.dll+0x85e9ad]
V  [jvm.dll+0x6d565d]
C  [ucrtbase.dll+0x37b0]
C  [KERNEL32.DLL+0x2e8d7]
C  [ntdll.dll+0x8c53c]


---------------  P R O C E S S  ---------------

Threads class SMR info:
_java_thread_list=0x00000190819485d0, length=41, elements={
0x000001909fbe55a0, 0x000001909fc87790, 0x000001909fc87ef0, 0x000001909fc8d410,
0x000001909fc8cd80, 0x000001909fc8e7c0, 0x000001909fc8c6f0, 0x00000190f89cbfc0,
0x00000190f89cf690, 0x000001909fc8daa0, 0x000001909fc8e130, 0x000001909fc8ee50,
0x000001909fc8b9d0, 0x000001909fc8c060, 0x00000190fea76440, 0x00000190fea74a00,
0x00000190fea75090, 0x00000190fea73ce0, 0x00000190fea77160, 0x00000190fea75db0,
0x00000190fea75720, 0x00000190fea777f0, 0x00000190fea74370, 0x00000190fea78510,
0x00000190fea78ba0, 0x00000190fea79230, 0x00000190fea798c0, 0x00000190fea7ac70,
0x00000190fea7b300, 0x00000190fea77e80, 0x00000190fea79f50, 0x00000190fea7a5e0,
0x0000019080fd21a0, 0x0000019080fd0df0, 0x0000019080fd1b10, 0x0000019080fd2830,
0x0000019080d37440, 0x0000019080fd2ec0, 0x0000019080fd00d0, 0x0000019080fd3be0,
0x0000019080fd3550
}

Java Threads: ( => current thread )
  0x000001909fbe55a0 JavaThread "main"                              [_thread_blocked, id=16516, stack(0x0000005da8800000,0x0000005da8900000) (1024K)]
  0x000001909fc87790 JavaThread "Reference Handler"          daemon [_thread_blocked, id=19496, stack(0x0000005da8c00000,0x0000005da8d00000) (1024K)]
  0x000001909fc87ef0 JavaThread "Finalizer"                  daemon [_thread_blocked, id=5108, stack(0x0000005da8d00000,0x0000005da8e00000) (1024K)]
  0x000001909fc8d410 JavaThread "Signal Dispatcher"          daemon [_thread_blocked, id=8932, stack(0x0000005da8e00000,0x0000005da8f00000) (1024K)]
  0x000001909fc8cd80 JavaThread "Attach Listener"            daemon [_thread_blocked, id=15280, stack(0x0000005da8f00000,0x0000005da9000000) (1024K)]
  0x000001909fc8e7c0 JavaThread "Service Thread"             daemon [_thread_blocked, id=4648, stack(0x0000005da9000000,0x0000005da9100000) (1024K)]
  0x000001909fc8c6f0 JavaThread "Monitor Deflation Thread"   daemon [_thread_blocked, id=15760, stack(0x0000005da9100000,0x0000005da9200000) (1024K)]
=>0x00000190f89cbfc0 JavaThread "C2 CompilerThread0"         daemon [_thread_in_native, id=16972, stack(0x0000005da9200000,0x0000005da9300000) (1024K)]
  0x00000190f89cf690 JavaThread "C1 CompilerThread0"         daemon [_thread_blocked, id=7912, stack(0x0000005da9300000,0x0000005da9400000) (1024K)]
  0x000001909fc8daa0 JavaThread "Common-Cleaner"             daemon [_thread_blocked, id=18116, stack(0x0000005da9500000,0x0000005da9600000) (1024K)]
  0x000001909fc8e130 JavaThread "Notification Thread"        daemon [_thread_blocked, id=21248, stack(0x0000005da9600000,0x0000005da9700000) (1024K)]
  0x000001909fc8ee50 JavaThread "Active Thread: Equinox Container: dfd0eab1-42c4-4f18-abff-cc3d9543a8ad"        [_thread_blocked, id=16072, stack(0x0000005da9e00000,0x0000005da9f00000) (1024K)]
  0x000001909fc8b9d0 JavaThread "Framework Event Dispatcher: Equinox Container: dfd0eab1-42c4-4f18-abff-cc3d9543a8ad" daemon [_thread_blocked, id=9188, stack(0x0000005da9d00000,0x0000005da9e00000) (1024K)]
  0x000001909fc8c060 JavaThread "Start Level: Equinox Container: dfd0eab1-42c4-4f18-abff-cc3d9543a8ad" daemon [_thread_blocked, id=12708, stack(0x0000005da9f00000,0x0000005daa000000) (1024K)]
  0x00000190fea76440 JavaThread "SCR Component Actor"        daemon [_thread_blocked, id=4856, stack(0x0000005da9400000,0x0000005da9500000) (1024K)]
  0x00000190fea74a00 JavaThread "Worker-JM"                         [_thread_blocked, id=8928, stack(0x0000005daa200000,0x0000005daa300000) (1024K)]
  0x00000190fea75090 JavaThread "JNA Cleaner"                daemon [_thread_blocked, id=21492, stack(0x0000005daa100000,0x0000005daa200000) (1024K)]
  0x00000190fea73ce0 JavaThread "Worker-0"                          [_thread_blocked, id=3668, stack(0x0000005daa500000,0x0000005daa600000) (1024K)]
  0x00000190fea77160 JavaThread "Worker-1"                          [_thread_blocked, id=17820, stack(0x0000005daa600000,0x0000005daa700000) (1024K)]
  0x00000190fea75db0 JavaThread "Thread-1"                   daemon [_thread_in_native, id=8084, stack(0x0000005daab00000,0x0000005daac00000) (1024K)]
  0x00000190fea75720 JavaThread "Thread-2"                   daemon [_thread_in_native, id=20132, stack(0x0000005daac00000,0x0000005daad00000) (1024K)]
  0x00000190fea777f0 JavaThread "Thread-3"                   daemon [_thread_in_native, id=12392, stack(0x0000005daad00000,0x0000005daae00000) (1024K)]
  0x00000190fea74370 JavaThread "Thread-4"                   daemon [_thread_in_native, id=19240, stack(0x0000005daae00000,0x0000005daaf00000) (1024K)]
  0x00000190fea78510 JavaThread "Thread-5"                   daemon [_thread_in_native, id=11336, stack(0x0000005daaf00000,0x0000005dab000000) (1024K)]
  0x00000190fea78ba0 JavaThread "Thread-6"                   daemon [_thread_in_native, id=8704, stack(0x0000005dab000000,0x0000005dab100000) (1024K)]
  0x00000190fea79230 JavaThread "Thread-7"                   daemon [_thread_in_native, id=18144, stack(0x0000005dab100000,0x0000005dab200000) (1024K)]
  0x00000190fea798c0 JavaThread "Thread-8"                   daemon [_thread_in_native, id=5340, stack(0x0000005dab200000,0x0000005dab300000) (1024K)]
  0x00000190fea7ac70 JavaThread "Thread-9"                   daemon [_thread_in_native, id=17852, stack(0x0000005dab300000,0x0000005dab400000) (1024K)]
  0x00000190fea7b300 JavaThread "Thread-10"                  daemon [_thread_in_native, id=17008, stack(0x0000005dab400000,0x0000005dab500000) (1024K)]
  0x00000190fea77e80 JavaThread "Thread-11"                  daemon [_thread_in_native, id=3004, stack(0x0000005dab500000,0x0000005dab600000) (1024K)]
  0x00000190fea79f50 JavaThread "Thread-12"                  daemon [_thread_in_native, id=17656, stack(0x0000005dab600000,0x0000005dab700000) (1024K)]
  0x00000190fea7a5e0 JavaThread "Thread-13"                  daemon [_thread_in_native, id=4756, stack(0x0000005dab700000,0x0000005dab800000) (1024K)]
  0x0000019080fd21a0 JavaThread "pool-2-thread-1"                   [_thread_blocked, id=21260, stack(0x0000005dab800000,0x0000005dab900000) (1024K)]
  0x0000019080fd0df0 JavaThread "Worker-2"                          [_thread_blocked, id=4032, stack(0x0000005dab900000,0x0000005daba00000) (1024K)]
  0x0000019080fd1b10 JavaThread "WorkspaceEventsHandler"            [_thread_blocked, id=8072, stack(0x0000005daba00000,0x0000005dabb00000) (1024K)]
  0x0000019080fd2830 JavaThread "pool-1-thread-1"                   [_thread_blocked, id=1800, stack(0x0000005dabb00000,0x0000005dabc00000) (1024K)]
  0x0000019080d37440 JavaThread "C2 CompilerThread1"         daemon [_thread_blocked, id=20832, stack(0x0000005daa700000,0x0000005daa800000) (1024K)]
  0x0000019080fd2ec0 JavaThread "ForkJoinPool.commonPool-worker-1" daemon [_thread_blocked, id=17120, stack(0x0000005daa800000,0x0000005daa900000) (1024K)]
  0x0000019080fd00d0 JavaThread "pool-3-thread-1"                   [_thread_blocked, id=4216, stack(0x0000005dabc00000,0x0000005dabd00000) (1024K)]
  0x0000019080fd3be0 JavaThread "Worker-3"                          [_thread_blocked, id=17892, stack(0x0000005dabd00000,0x0000005dabe00000) (1024K)]
  0x0000019080fd3550 JavaThread "Framework stop - Equinox Container: dfd0eab1-42c4-4f18-abff-cc3d9543a8ad"        [_thread_in_vm, id=10228, stack(0x0000005dabe00000,0x0000005dabf00000) (1024K)]
Total: 41

Other Threads:
  0x000001909fc82750 VMThread "VM Thread"                           [id=14544, stack(0x0000005da8b00000,0x0000005da8c00000) (1024K)]
  0x000001909fa6ca10 WatcherThread "VM Periodic Task Thread"        [id=9808, stack(0x0000005da8a00000,0x0000005da8b00000) (1024K)]
  0x000001909fc030f0 WorkerThread "GC Thread#0"                     [id=18656, stack(0x0000005da8900000,0x0000005da8a00000) (1024K)]
  0x00000190fe6a7820 WorkerThread "GC Thread#1"                     [id=10892, stack(0x0000005da9700000,0x0000005da9800000) (1024K)]
  0x00000190fe17b2d0 WorkerThread "GC Thread#2"                     [id=10740, stack(0x0000005da9800000,0x0000005da9900000) (1024K)]
  0x00000190fe800080 WorkerThread "GC Thread#3"                     [id=4052, stack(0x0000005da9900000,0x0000005da9a00000) (1024K)]
  0x00000190fe800420 WorkerThread "GC Thread#4"                     [id=18388, stack(0x0000005da9a00000,0x0000005da9b00000) (1024K)]
  0x00000190fe8007c0 WorkerThread "GC Thread#5"                     [id=2908, stack(0x0000005da9b00000,0x0000005da9c00000) (1024K)]
  0x00000190fe800b60 WorkerThread "GC Thread#6"                     [id=17304, stack(0x0000005da9c00000,0x0000005da9d00000) (1024K)]
  0x00000190fe4085b0 WorkerThread "GC Thread#7"                     [id=15208, stack(0x0000005daa000000,0x0000005daa100000) (1024K)]
  0x00000190fe76cea0 WorkerThread "GC Thread#8"                     [id=2596, stack(0x0000005daa300000,0x0000005daa400000) (1024K)]
  0x00000190fe76cb00 WorkerThread "GC Thread#9"                     [id=7020, stack(0x0000005daa400000,0x0000005daa500000) (1024K)]
Total: 12

Threads with active compile tasks:
C2 CompilerThread0  21073 5665       4       org.eclipse.jdt.internal.compiler.lookup.BinaryTypeBinding::createMethod (1666 bytes)
Total: 1

VM state: not at safepoint (normal execution)

VM Mutex/Monitor currently owned by a thread:  ([mutex/lock_event])
[0x00007ff82695bff0] CompiledIC_lock - owner thread: 0x0000019080fd3550

Heap address: 0x0000000080000000, size: 2048 MB, Compressed Oops mode: 32-bit

CDS archive(s) mapped at: [0x00000190b7000000-0x00000190b7ba0000-0x00000190b7ba0000), size 12189696, SharedBaseAddress: 0x00000190b7000000, ArchiveRelocationMode: 1.
Compressed class space mapped at: 0x00000190b8000000-0x00000190f8000000, reserved size: 1073741824
Narrow klass base: 0x00000190b7000000, Narrow klass shift: 0, Narrow klass range: 0x100000000

GC Precious Log:
 CardTable entry size: 512
 CPUs: 12 total, 12 available
 Memory: 7896M
 Large Page Support: Disabled
 NUMA Support: Disabled
 Compressed Oops: Enabled (32-bit)
 Alignments: Space 512K, Generation 512K, Heap 2M
 Heap Min Capacity: 100M
 Heap Initial Capacity: 100M
 Heap Max Capacity: 2G
 Pre-touch: Disabled
 Parallel Workers: 10

Heap:
 PSYoungGen      total 22016K, used 14771K [0x00000000d5580000, 0x00000000d6e00000, 0x0000000100000000)
  eden space 20992K, 65% used [0x00000000d5580000,0x00000000d62ede10,0x00000000d6a00000)
  from space 1024K, 99% used [0x00000000d6c80000,0x00000000d6d7ef58,0x00000000d6d80000)
  to   space 2048K, 0% used [0x00000000d6a00000,0x00000000d6a00000,0x00000000d6c00000)
 ParOldGen       total 68608K, used 30690K [0x0000000080000000, 0x0000000084300000, 0x00000000d5580000)
  object space 68608K, 44% used [0x0000000080000000,0x0000000081df89b8,0x0000000084300000)
 Metaspace       used 41395K, committed 42368K, reserved 1114112K
  class space    used 4185K, committed 4608K, reserved 1048576K

Card table byte_map: [0x000001909f580000,0x000001909f990000] _byte_map_base: 0x000001909f180000

Marking Bits: (ParMarkBitMap*) 0x00007ff826962460
 Begin Bits: [0x00000190b2090000, 0x00000190b4090000)
 End Bits:   [0x00000190b4090000, 0x00000190b6090000)

Polling page: 0x000001909dbb0000

Metaspace:

Usage:
  Non-class:     36.34 MB used.
      Class:      4.09 MB used.
       Both:     40.43 MB used.

Virtual space:
  Non-class space:       64.00 MB reserved,      36.88 MB ( 58%) committed,  1 nodes.
      Class space:        1.00 GB reserved,       4.50 MB ( <1%) committed,  1 nodes.
             Both:        1.06 GB reserved,      41.38 MB (  4%) committed. 

Chunk freelists:
   Non-Class:  10.78 MB
       Class:  11.45 MB
        Both:  22.23 MB

MaxMetaspaceSize: unlimited
CompressedClassSpaceSize: 1.00 GB
Initial GC threshold: 21.00 MB
Current GC threshold: 58.38 MB
CDS: on
 - commit_granule_bytes: 65536.
 - commit_granule_words: 8192.
 - virtual_space_node_default_size: 8388608.
 - enlarge_chunks_in_place: 1.
 - use_allocation_guard: 0.


Internal statistics:

num_allocs_failed_limit: 6.
num_arena_births: 796.
num_arena_deaths: 14.
num_vsnodes_births: 2.
num_vsnodes_deaths: 0.
num_space_committed: 662.
num_space_uncommitted: 0.
num_chunks_returned_to_freelist: 20.
num_chunks_taken_from_freelist: 2507.
num_chunk_merges: 12.
num_chunk_splits: 1608.
num_chunks_enlarged: 1004.
num_inconsistent_stats: 0.

CodeHeap 'non-profiled nmethods': size=120000Kb used=3121Kb max_used=3121Kb free=116878Kb
 bounds [0x00000190aa8b0000, 0x00000190aabc0000, 0x00000190b1de0000]
CodeHeap 'profiled nmethods': size=120000Kb used=11588Kb max_used=11588Kb free=108411Kb
 bounds [0x00000190a2de0000, 0x00000190a3940000, 0x00000190aa310000]
CodeHeap 'non-nmethods': size=5760Kb used=1399Kb max_used=1449Kb free=4360Kb
 bounds [0x00000190aa310000, 0x00000190aa580000, 0x00000190aa8b0000]
CodeCache: size=245760Kb, used=16108Kb, max_used=16158Kb, free=229649Kb
 total_blobs=6122, nmethods=5418, adapters=610, full_count=0
Compilation: enabled, stopped_count=0, restarted_count=0

Compilation events (20 events):
Event: 19.975 Thread 0x00000190f89cf690 5812  s    2       org.eclipse.core.internal.resources.ResourceInfo::getSyncInfo (31 bytes)
Event: 19.975 Thread 0x00000190f89cf690 nmethod 5812 0x00000190a392d990 code [0x00000190a392db60, 0x00000190a392de80]
Event: 19.984 Thread 0x0000019080d37440 nmethod 5785 0x00000190aabb1b10 code [0x00000190aabb1da0, 0x00000190aabb2d88]
Event: 19.984 Thread 0x0000019080d37440 5814       4       org.eclipse.core.internal.watson.ElementTreeIterator::doIteration (114 bytes)
Event: 19.995 Thread 0x0000019080d37440 nmethod 5814 0x00000190aabb3b90 code [0x00000190aabb3da0, 0x00000190aabb4358]
Event: 19.995 Thread 0x0000019080d37440 5783       4       jdk.internal.util.Preconditions::checkFromToIndex (24 bytes)
Event: 19.996 Thread 0x0000019080d37440 nmethod 5783 0x00000190aabb4890 code [0x00000190aabb4a20, 0x00000190aabb4b08]
Event: 19.996 Thread 0x0000019080d37440 5755       4       jdk.internal.misc.Unsafe::convEndian (16 bytes)
Event: 19.996 Thread 0x0000019080d37440 nmethod 5755 0x00000190aabb4c10 code [0x00000190aabb4d80, 0x00000190aabb4df8]
Event: 19.996 Thread 0x0000019080d37440 5791       4       java.io.DataOutputStream::writeByte (14 bytes)
Event: 20.003 Thread 0x00000190f89cf690 5817       1       com.sun.jna.internal.Cleaner$CleanerRef::getNext (5 bytes)
Event: 20.003 Thread 0x00000190f89cf690 nmethod 5817 0x00000190aabb4f10 code [0x00000190aabb50a0, 0x00000190aabb5168]
Event: 20.005 Thread 0x0000019080d37440 nmethod 5791 0x00000190aabb5210 code [0x00000190aabb5440, 0x00000190aabb5ac8]
Event: 20.005 Thread 0x0000019080d37440 5793       4       java.io.DataOutputStream::writeLong (30 bytes)
Event: 20.018 Thread 0x0000019080d37440 nmethod 5793 0x00000190aabb6110 code [0x00000190aabb6340, 0x00000190aabb6bf8]
Event: 20.018 Thread 0x0000019080d37440 5794       4       jdk.internal.util.ByteArray::setLong (10 bytes)
Event: 20.019 Thread 0x0000019080d37440 nmethod 5794 0x00000190aabb7590 code [0x00000190aabb7720, 0x00000190aabb7800]
Event: 20.019 Thread 0x0000019080d37440 5795       4       jdk.internal.misc.Unsafe::putLongUnaligned (14 bytes)
Event: 20.020 Thread 0x0000019080d37440 nmethod 5795 0x00000190aabb7990 code [0x00000190aabb7b20, 0x00000190aabb7bd8]
Event: 20.020 Thread 0x0000019080d37440 5792       4       org.eclipse.core.internal.dtree.DataTreeWriter::writeNumber (47 bytes)

GC Heap History (20 events):
Event: 15.548 GC heap before
{Heap before GC invocations=15 (full 1):
 PSYoungGen      total 24576K, used 24320K [0x00000000d5580000, 0x00000000d7000000, 0x0000000100000000)
  eden space 22016K, 100% used [0x00000000d5580000,0x00000000d6b00000,0x00000000d6b00000)
  from space 2560K, 90% used [0x00000000d6c00000,0x00000000d6e40010,0x00000000d6e80000)
  to   space 1536K, 0% used [0x00000000d6e80000,0x00000000d6e80000,0x00000000d7000000)
 ParOldGen       total 68608K, used 20597K [0x0000000080000000, 0x0000000084300000, 0x00000000d5580000)
  object space 68608K, 30% used [0x0000000080000000,0x000000008141d640,0x0000000084300000)
 Metaspace       used 32255K, committed 33216K, reserved 1114112K
  class space    used 3246K, committed 3648K, reserved 1048576K
}
Event: 15.551 GC heap after
{Heap after GC invocations=15 (full 1):
 PSYoungGen      total 22528K, used 1536K [0x00000000d5580000, 0x00000000d7400000, 0x0000000100000000)
  eden space 20992K, 0% used [0x00000000d5580000,0x00000000d5580000,0x00000000d6a00000)
  from space 1536K, 100% used [0x00000000d6e80000,0x00000000d7000000,0x00000000d7000000)
  to   space 4608K, 0% used [0x00000000d6a00000,0x00000000d6a00000,0x00000000d6e80000)
 ParOldGen       total 68608K, used 23136K [0x0000000080000000, 0x0000000084300000, 0x00000000d5580000)
  object space 68608K, 33% used [0x0000000080000000,0x0000000081698000,0x0000000084300000)
 Metaspace       used 32255K, committed 33216K, reserved 1114112K
  class space    used 3246K, committed 3648K, reserved 1048576K
}
Event: 15.595 GC heap before
{Heap before GC invocations=16 (full 1):
 PSYoungGen      total 22528K, used 22528K [0x00000000d5580000, 0x00000000d7400000, 0x0000000100000000)
  eden space 20992K, 100% used [0x00000000d5580000,0x00000000d6a00000,0x00000000d6a00000)
  from space 1536K, 100% used [0x00000000d6e80000,0x00000000d7000000,0x00000000d7000000)
  to   space 4608K, 0% used [0x00000000d6a00000,0x00000000d6a00000,0x00000000d6e80000)
 ParOldGen       total 68608K, used 23136K [0x0000000080000000, 0x0000000084300000, 0x00000000d5580000)
  object space 68608K, 33% used [0x0000000080000000,0x0000000081698000,0x0000000084300000)
 Metaspace       used 32272K, committed 33216K, reserved 1114112K
  class space    used 3247K, committed 3648K, reserved 1048576K
}
Event: 15.598 GC heap after
{Heap after GC invocations=16 (full 1):
 PSYoungGen      total 23552K, used 2112K [0x00000000d5580000, 0x00000000d7000000, 0x0000000100000000)
  eden space 20992K, 0% used [0x00000000d5580000,0x00000000d5580000,0x00000000d6a00000)
  from space 2560K, 82% used [0x00000000d6a00000,0x00000000d6c10010,0x00000000d6c80000)
  to   space 3072K, 0% used [0x00000000d6d00000,0x00000000d6d00000,0x00000000d7000000)
 ParOldGen       total 68608K, used 24700K [0x0000000080000000, 0x0000000084300000, 0x00000000d5580000)
  object space 68608K, 36% used [0x0000000080000000,0x000000008181f100,0x0000000084300000)
 Metaspace       used 32272K, committed 33216K, reserved 1114112K
  class space    used 3247K, committed 3648K, reserved 1048576K
}
Event: 15.664 GC heap before
{Heap before GC invocations=17 (full 1):
 PSYoungGen      total 23552K, used 23104K [0x00000000d5580000, 0x00000000d7000000, 0x0000000100000000)
  eden space 20992K, 100% used [0x00000000d5580000,0x00000000d6a00000,0x00000000d6a00000)
  from space 2560K, 82% used [0x00000000d6a00000,0x00000000d6c10010,0x00000000d6c80000)
  to   space 3072K, 0% used [0x00000000d6d00000,0x00000000d6d00000,0x00000000d7000000)
 ParOldGen       total 68608K, used 24700K [0x0000000080000000, 0x0000000084300000, 0x00000000d5580000)
  object space 68608K, 36% used [0x0000000080000000,0x000000008181f100,0x0000000084300000)
 Metaspace       used 32306K, committed 33216K, reserved 1114112K
  class space    used 3247K, committed 3648K, reserved 1048576K
}
Event: 15.667 GC heap after
{Heap after GC invocations=17 (full 1):
 PSYoungGen      total 23040K, used 1816K [0x00000000d5580000, 0x00000000d6f00000, 0x0000000100000000)
  eden space 20992K, 0% used [0x00000000d5580000,0x00000000d5580000,0x00000000d6a00000)
  from space 2048K, 88% used [0x00000000d6d00000,0x00000000d6ec6200,0x00000000d6f00000)
  to   space 2048K, 0% used [0x00000000d6b00000,0x00000000d6b00000,0x00000000d6d00000)
 ParOldGen       total 68608K, used 26724K [0x0000000080000000, 0x0000000084300000, 0x00000000d5580000)
  object space 68608K, 38% used [0x0000000080000000,0x0000000081a19110,0x0000000084300000)
 Metaspace       used 32306K, committed 33216K, reserved 1114112K
  class space    used 3247K, committed 3648K, reserved 1048576K
}
Event: 15.904 GC heap before
{Heap before GC invocations=18 (full 1):
 PSYoungGen      total 23040K, used 22808K [0x00000000d5580000, 0x00000000d6f00000, 0x0000000100000000)
  eden space 20992K, 100% used [0x00000000d5580000,0x00000000d6a00000,0x00000000d6a00000)
  from space 2048K, 88% used [0x00000000d6d00000,0x00000000d6ec6200,0x00000000d6f00000)
  to   space 2048K, 0% used [0x00000000d6b00000,0x00000000d6b00000,0x00000000d6d00000)
 ParOldGen       total 68608K, used 26724K [0x0000000080000000, 0x0000000084300000, 0x00000000d5580000)
  object space 68608K, 38% used [0x0000000080000000,0x0000000081a19110,0x0000000084300000)
 Metaspace       used 33713K, committed 34624K, reserved 1114112K
  class space    used 3431K, committed 3840K, reserved 1048576K
}
Event: 15.908 GC heap after
{Heap after GC invocations=18 (full 1):
 PSYoungGen      total 23040K, used 1560K [0x00000000d5580000, 0x00000000d6e00000, 0x0000000100000000)
  eden space 20992K, 0% used [0x00000000d5580000,0x00000000d5580000,0x00000000d6a00000)
  from space 2048K, 76% used [0x00000000d6b00000,0x00000000d6c860b0,0x00000000d6d00000)
  to   space 1024K, 0% used [0x00000000d6d00000,0x00000000d6d00000,0x00000000d6e00000)
 ParOldGen       total 68608K, used 28444K [0x0000000080000000, 0x0000000084300000, 0x00000000d5580000)
  object space 68608K, 41% used [0x0000000080000000,0x0000000081bc7310,0x0000000084300000)
 Metaspace       used 33713K, committed 34624K, reserved 1114112K
  class space    used 3431K, committed 3840K, reserved 1048576K
}
Event: 16.481 GC heap before
{Heap before GC invocations=19 (full 1):
 PSYoungGen      total 23040K, used 22109K [0x00000000d5580000, 0x00000000d6e00000, 0x0000000100000000)
  eden space 20992K, 97% used [0x00000000d5580000,0x00000000d69916f8,0x00000000d6a00000)
  from space 2048K, 76% used [0x00000000d6b00000,0x00000000d6c860b0,0x00000000d6d00000)
  to   space 1024K, 0% used [0x00000000d6d00000,0x00000000d6d00000,0x00000000d6e00000)
 ParOldGen       total 68608K, used 28444K [0x0000000080000000, 0x0000000084300000, 0x00000000d5580000)
  object space 68608K, 41% used [0x0000000080000000,0x0000000081bc7310,0x0000000084300000)
 Metaspace       used 34911K, committed 35840K, reserved 1114112K
  class space    used 3581K, committed 3968K, reserved 1048576K
}
Event: 16.484 GC heap after
{Heap after GC invocations=19 (full 1):
 PSYoungGen      total 22016K, used 544K [0x00000000d5580000, 0x00000000d6e00000, 0x0000000100000000)
  eden space 20992K, 0% used [0x00000000d5580000,0x00000000d5580000,0x00000000d6a00000)
  from space 1024K, 53% used [0x00000000d6d00000,0x00000000d6d88010,0x00000000d6e00000)
  to   space 1024K, 0% used [0x00000000d6c00000,0x00000000d6c00000,0x00000000d6d00000)
 ParOldGen       total 68608K, used 29774K [0x0000000080000000, 0x0000000084300000, 0x00000000d5580000)
  object space 68608K, 43% used [0x0000000080000000,0x0000000081d13838,0x0000000084300000)
 Metaspace       used 34911K, committed 35840K, reserved 1114112K
  class space    used 3581K, committed 3968K, reserved 1048576K
}
Event: 16.484 GC heap before
{Heap before GC invocations=20 (full 2):
 PSYoungGen      total 22016K, used 544K [0x00000000d5580000, 0x00000000d6e00000, 0x0000000100000000)
  eden space 20992K, 0% used [0x00000000d5580000,0x00000000d5580000,0x00000000d6a00000)
  from space 1024K, 53% used [0x00000000d6d00000,0x00000000d6d88010,0x00000000d6e00000)
  to   space 1024K, 0% used [0x00000000d6c00000,0x00000000d6c00000,0x00000000d6d00000)
 ParOldGen       total 68608K, used 29774K [0x0000000080000000, 0x0000000084300000, 0x00000000d5580000)
  object space 68608K, 43% used [0x0000000080000000,0x0000000081d13838,0x0000000084300000)
 Metaspace       used 34911K, committed 35840K, reserved 1114112K
  class space    used 3581K, committed 3968K, reserved 1048576K
}
Event: 16.536 GC heap after
{Heap after GC invocations=20 (full 2):
 PSYoungGen      total 22016K, used 0K [0x00000000d5580000, 0x00000000d6e00000, 0x0000000100000000)
  eden space 20992K, 0% used [0x00000000d5580000,0x00000000d5580000,0x00000000d6a00000)
  from space 1024K, 0% used [0x00000000d6d00000,0x00000000d6d00000,0x00000000d6e00000)
  to   space 1024K, 0% used [0x00000000d6c00000,0x00000000d6c00000,0x00000000d6d00000)
 ParOldGen       total 68608K, used 28817K [0x0000000080000000, 0x0000000084300000, 0x00000000d5580000)
  object space 68608K, 42% used [0x0000000080000000,0x0000000081c24478,0x0000000084300000)
 Metaspace       used 34911K, committed 35840K, reserved 1114112K
  class space    used 3581K, committed 3968K, reserved 1048576K
}
Event: 17.166 GC heap before
{Heap before GC invocations=21 (full 2):
 PSYoungGen      total 22016K, used 20992K [0x00000000d5580000, 0x00000000d6e00000, 0x0000000100000000)
  eden space 20992K, 100% used [0x00000000d5580000,0x00000000d6a00000,0x00000000d6a00000)
  from space 1024K, 0% used [0x00000000d6d00000,0x00000000d6d00000,0x00000000d6e00000)
  to   space 1024K, 0% used [0x00000000d6c00000,0x00000000d6c00000,0x00000000d6d00000)
 ParOldGen       total 68608K, used 28817K [0x0000000080000000, 0x0000000084300000, 0x00000000d5580000)
  object space 68608K, 42% used [0x0000000080000000,0x0000000081c24478,0x0000000084300000)
 Metaspace       used 35967K, committed 36928K, reserved 1114112K
  class space    used 3674K, committed 4096K, reserved 1048576K
}
Event: 17.168 GC heap after
{Heap after GC invocations=21 (full 2):
 PSYoungGen      total 22016K, used 1005K [0x00000000d5580000, 0x00000000d6e00000, 0x0000000100000000)
  eden space 20992K, 0% used [0x00000000d5580000,0x00000000d5580000,0x00000000d6a00000)
  from space 1024K, 98% used [0x00000000d6c00000,0x00000000d6cfb7f0,0x00000000d6d00000)
  to   space 1024K, 0% used [0x00000000d6d00000,0x00000000d6d00000,0x00000000d6e00000)
 ParOldGen       total 68608K, used 29619K [0x0000000080000000, 0x0000000084300000, 0x00000000d5580000)
  object space 68608K, 43% used [0x0000000080000000,0x0000000081cecf48,0x0000000084300000)
 Metaspace       used 35967K, committed 36928K, reserved 1114112K
  class space    used 3674K, committed 4096K, reserved 1048576K
}
Event: 17.267 GC heap before
{Heap before GC invocations=22 (full 2):
 PSYoungGen      total 22016K, used 21997K [0x00000000d5580000, 0x00000000d6e00000, 0x0000000100000000)
  eden space 20992K, 100% used [0x00000000d5580000,0x00000000d6a00000,0x00000000d6a00000)
  from space 1024K, 98% used [0x00000000d6c00000,0x00000000d6cfb7f0,0x00000000d6d00000)
  to   space 1024K, 0% used [0x00000000d6d00000,0x00000000d6d00000,0x00000000d6e00000)
 ParOldGen       total 68608K, used 29619K [0x0000000080000000, 0x0000000084300000, 0x00000000d5580000)
  object space 68608K, 43% used [0x0000000080000000,0x0000000081cecf48,0x0000000084300000)
 Metaspace       used 35987K, committed 36928K, reserved 1114112K
  class space    used 3674K, committed 4096K, reserved 1048576K
}
Event: 17.269 GC heap after
{Heap after GC invocations=22 (full 2):
 PSYoungGen      total 22016K, used 1011K [0x00000000d5580000, 0x00000000d6e00000, 0x0000000100000000)
  eden space 20992K, 0% used [0x00000000d5580000,0x00000000d5580000,0x00000000d6a00000)
  from space 1024K, 98% used [0x00000000d6d00000,0x00000000d6dfcf98,0x00000000d6e00000)
  to   space 1536K, 0% used [0x00000000d6b00000,0x00000000d6b00000,0x00000000d6c80000)
 ParOldGen       total 68608K, used 29947K [0x0000000080000000, 0x0000000084300000, 0x00000000d5580000)
  object space 68608K, 43% used [0x0000000080000000,0x0000000081d3ef48,0x0000000084300000)
 Metaspace       used 35987K, committed 36928K, reserved 1114112K
  class space    used 3674K, committed 4096K, reserved 1048576K
}
Event: 17.856 GC heap before
{Heap before GC invocations=23 (full 2):
 PSYoungGen      total 22016K, used 22003K [0x00000000d5580000, 0x00000000d6e00000, 0x0000000100000000)
  eden space 20992K, 100% used [0x00000000d5580000,0x00000000d6a00000,0x00000000d6a00000)
  from space 1024K, 98% used [0x00000000d6d00000,0x00000000d6dfcf98,0x00000000d6e00000)
  to   space 1536K, 0% used [0x00000000d6b00000,0x00000000d6b00000,0x00000000d6c80000)
 ParOldGen       total 68608K, used 29947K [0x0000000080000000, 0x0000000084300000, 0x00000000d5580000)
  object space 68608K, 43% used [0x0000000080000000,0x0000000081d3ef48,0x0000000084300000)
 Metaspace       used 38447K, committed 39424K, reserved 1114112K
  class space    used 3884K, committed 4352K, reserved 1048576K
}
Event: 17.858 GC heap after
{Heap after GC invocations=23 (full 2):
 PSYoungGen      total 22528K, used 640K [0x00000000d5580000, 0x00000000d6d80000, 0x0000000100000000)
  eden space 20992K, 0% used [0x00000000d5580000,0x00000000d5580000,0x00000000d6a00000)
  from space 1536K, 41% used [0x00000000d6b00000,0x00000000d6ba0000,0x00000000d6c80000)
  to   space 1024K, 0% used [0x00000000d6c80000,0x00000000d6c80000,0x00000000d6d80000)
 ParOldGen       total 68608K, used 30133K [0x0000000080000000, 0x0000000084300000, 0x00000000d5580000)
  object space 68608K, 43% used [0x0000000080000000,0x0000000081d6d6f8,0x0000000084300000)
 Metaspace       used 38447K, committed 39424K, reserved 1114112K
  class space    used 3884K, committed 4352K, reserved 1048576K
}
Event: 19.574 GC heap before
{Heap before GC invocations=24 (full 2):
 PSYoungGen      total 22528K, used 21632K [0x00000000d5580000, 0x00000000d6d80000, 0x0000000100000000)
  eden space 20992K, 100% used [0x00000000d5580000,0x00000000d6a00000,0x00000000d6a00000)
  from space 1536K, 41% used [0x00000000d6b00000,0x00000000d6ba0000,0x00000000d6c80000)
  to   space 1024K, 0% used [0x00000000d6c80000,0x00000000d6c80000,0x00000000d6d80000)
 ParOldGen       total 68608K, used 30133K [0x0000000080000000, 0x0000000084300000, 0x00000000d5580000)
  object space 68608K, 43% used [0x0000000080000000,0x0000000081d6d6f8,0x0000000084300000)
 Metaspace       used 40580K, committed 41600K, reserved 1114112K
  class space    used 4103K, committed 4544K, reserved 1048576K
}
Event: 19.577 GC heap after
{Heap after GC invocations=24 (full 2):
 PSYoungGen      total 22016K, used 1019K [0x00000000d5580000, 0x00000000d6e00000, 0x0000000100000000)
  eden space 20992K, 0% used [0x00000000d5580000,0x00000000d5580000,0x00000000d6a00000)
  from space 1024K, 99% used [0x00000000d6c80000,0x00000000d6d7ef58,0x00000000d6d80000)
  to   space 2048K, 0% used [0x00000000d6a00000,0x00000000d6a00000,0x00000000d6c00000)
 ParOldGen       total 68608K, used 30690K [0x0000000080000000, 0x0000000084300000, 0x00000000d5580000)
  object space 68608K, 44% used [0x0000000080000000,0x0000000081df89b8,0x0000000084300000)
 Metaspace       used 40580K, committed 41600K, reserved 1114112K
  class space    used 4103K, committed 4544K, reserved 1048576K
}

Dll operation events (10 events):
Event: 0.015 Loaded shared library c:\Users\Kavis\.vscode\extensions\redhat.java-1.51.0-win32-x64\jre\21.0.9-win32-x86_64\bin\java.dll
Event: 0.093 Loaded shared library c:\Users\Kavis\.vscode\extensions\redhat.java-1.51.0-win32-x64\jre\21.0.9-win32-x86_64\bin\zip.dll
Event: 0.121 Loaded shared library C:\Users\Kavis\.vscode\extensions\redhat.java-1.51.0-win32-x64\jre\21.0.9-win32-x86_64\bin\instrument.dll
Event: 0.128 Loaded shared library C:\Users\Kavis\.vscode\extensions\redhat.java-1.51.0-win32-x64\jre\21.0.9-win32-x86_64\bin\net.dll
Event: 0.132 Loaded shared library C:\Users\Kavis\.vscode\extensions\redhat.java-1.51.0-win32-x64\jre\21.0.9-win32-x86_64\bin\nio.dll
Event: 0.135 Loaded shared library C:\Users\Kavis\.vscode\extensions\redhat.java-1.51.0-win32-x64\jre\21.0.9-win32-x86_64\bin\zip.dll
Event: 0.160 Loaded shared library C:\Users\Kavis\.vscode\extensions\redhat.java-1.51.0-win32-x64\jre\21.0.9-win32-x86_64\bin\jimage.dll
Event: 0.264 Loaded shared library c:\Users\Kavis\.vscode\extensions\redhat.java-1.51.0-win32-x64\jre\21.0.9-win32-x86_64\bin\verify.dll
Event: 2.398 Loaded shared library C:\Users\Kavis\AppData\Roaming\Code\User\globalStorage\redhat.java\1.51.0\config_ss_win\org.eclipse.equinox.launcher\org.eclipse.equinox.launcher.win32.win32.x86_64_1.2.1400.v20250801-0854\eclipse_11916.dll
Event: 5.285 Loaded shared library C:\Users\Kavis\AppData\Local\Temp\jna-72270570\jna16767434307541256538.dll

Deoptimization events (20 events):
Event: 19.948 Thread 0x0000019080fd0df0 Uncommon trap: trap_request=0xffffff45 fr.pc=0x00000190aaa53d48 relative=0x00000000000001a8
Event: 19.948 Thread 0x0000019080fd0df0 Uncommon trap: reason=unstable_if action=reinterpret pc=0x00000190aaa53d48 method=jdk.internal.org.objectweb.asm.Frame.push(I)V @ 26 c2
Event: 19.948 Thread 0x0000019080fd0df0 DEOPT PACKING pc=0x00000190aaa53d48 sp=0x0000005dab9fd860
Event: 19.948 Thread 0x0000019080fd0df0 DEOPT UNPACKING pc=0x00000190aa363aa2 sp=0x0000005dab9fd7e8 mode 2
Event: 19.967 Thread 0x0000019080fd0760 Uncommon trap: trap_request=0xffffffc6 fr.pc=0x00000190aaa89a84 relative=0x0000000000003784
Event: 19.967 Thread 0x0000019080fd0760 Uncommon trap: reason=bimorphic_or_optimized_type_check action=maybe_recompile pc=0x00000190aaa89a84 method=org.eclipse.core.internal.watson.ElementTreeIterator.doIteration(Lorg/eclipse/core/internal/dtree/DataTreeNode;Lorg/eclipse/core/internal/watson/IE
Event: 19.967 Thread 0x0000019080fd0760 DEOPT PACKING pc=0x00000190aaa89a84 sp=0x0000005dabefe460
Event: 19.967 Thread 0x0000019080fd0760 DEOPT UNPACKING pc=0x00000190aa363aa2 sp=0x0000005dabefe480 mode 2
Event: 19.967 Thread 0x0000019080fd0760 Uncommon trap: trap_request=0xffffffc6 fr.pc=0x00000190aaa89a84 relative=0x0000000000003784
Event: 19.967 Thread 0x0000019080fd0760 Uncommon trap: reason=bimorphic_or_optimized_type_check action=maybe_recompile pc=0x00000190aaa89a84 method=org.eclipse.core.internal.watson.ElementTreeIterator.doIteration(Lorg/eclipse/core/internal/dtree/DataTreeNode;Lorg/eclipse/core/internal/watson/IE
Event: 19.967 Thread 0x0000019080fd0760 DEOPT PACKING pc=0x00000190aaa89a84 sp=0x0000005dabefe3d0
Event: 19.967 Thread 0x0000019080fd0760 DEOPT UNPACKING pc=0x00000190aa363aa2 sp=0x0000005dabefe3f0 mode 2
Event: 19.967 Thread 0x0000019080fd0760 Uncommon trap: trap_request=0xffffffc6 fr.pc=0x00000190aaa89a84 relative=0x0000000000003784
Event: 19.967 Thread 0x0000019080fd0760 Uncommon trap: reason=bimorphic_or_optimized_type_check action=maybe_recompile pc=0x00000190aaa89a84 method=org.eclipse.core.internal.watson.ElementTreeIterator.doIteration(Lorg/eclipse/core/internal/dtree/DataTreeNode;Lorg/eclipse/core/internal/watson/IE
Event: 19.967 Thread 0x0000019080fd0760 DEOPT PACKING pc=0x00000190aaa89a84 sp=0x0000005dabefe3d0
Event: 19.967 Thread 0x0000019080fd0760 DEOPT UNPACKING pc=0x00000190aa363aa2 sp=0x0000005dabefe3f0 mode 2
Event: 19.967 Thread 0x0000019080fd0760 Uncommon trap: trap_request=0xffffffc6 fr.pc=0x00000190aaa89a84 relative=0x0000000000003784
Event: 19.967 Thread 0x0000019080fd0760 Uncommon trap: reason=bimorphic_or_optimized_type_check action=maybe_recompile pc=0x00000190aaa89a84 method=org.eclipse.core.internal.watson.ElementTreeIterator.doIteration(Lorg/eclipse/core/internal/dtree/DataTreeNode;Lorg/eclipse/core/internal/watson/IE
Event: 19.967 Thread 0x0000019080fd0760 DEOPT PACKING pc=0x00000190aaa89a84 sp=0x0000005dabefe3d0
Event: 19.967 Thread 0x0000019080fd0760 DEOPT UNPACKING pc=0x00000190aa363aa2 sp=0x0000005dabefe3f0 mode 2

Classes loaded (20 events):
Event: 19.911 Loading class java/lang/Throwable$WrappedPrintWriter
Event: 19.911 Loading class java/lang/Throwable$PrintStreamOrWriter
Event: 19.911 Loading class java/lang/Throwable$PrintStreamOrWriter done
Event: 19.911 Loading class java/lang/Throwable$WrappedPrintWriter done
Event: 19.912 Loading class java/util/logging/Level$RbAccess
Event: 19.912 Loading class java/util/logging/Level$RbAccess done
Event: 19.912 Loading class sun/util/logging/resources/logging
Event: 19.913 Loading class sun/util/logging/resources/logging done
Event: 19.913 Loading class sun/util/logging/resources/logging_en
Event: 19.913 Loading class sun/util/logging/resources/logging_en done
Event: 19.913 Loading class sun/util/logging/resources/logging_en
Event: 19.913 Loading class sun/util/logging/resources/logging_en done
Event: 19.913 Loading class sun/util/logging/resources/logging_en_US
Event: 19.913 Loading class sun/util/logging/resources/logging_en_US done
Event: 19.913 Loading class sun/util/logging/resources/logging_en_US
Event: 19.913 Loading class sun/util/logging/resources/logging_en_US done
Event: 19.913 Loading class java/util/Formatter$DateTime
Event: 19.914 Loading class java/util/Formatter$DateTime done
Event: 19.914 Loading class java/time/ZonedDateTime$1
Event: 19.914 Loading class java/time/ZonedDateTime$1 done

Classes unloaded (7 events):
Event: 6.311 Thread 0x000001909fc82750 Unloading class 0x00000190b8190c00 'java/lang/invoke/LambdaForm$MH+0x00000190b8190c00'
Event: 6.311 Thread 0x000001909fc82750 Unloading class 0x00000190b8190800 'java/lang/invoke/LambdaForm$MH+0x00000190b8190800'
Event: 6.311 Thread 0x000001909fc82750 Unloading class 0x00000190b8190400 'java/lang/invoke/LambdaForm$MH+0x00000190b8190400'
Event: 6.311 Thread 0x000001909fc82750 Unloading class 0x00000190b8190000 'java/lang/invoke/LambdaForm$MH+0x00000190b8190000'
Event: 6.311 Thread 0x000001909fc82750 Unloading class 0x00000190b818fc00 'java/lang/invoke/LambdaForm$BMH+0x00000190b818fc00'
Event: 6.311 Thread 0x000001909fc82750 Unloading class 0x00000190b818f800 'java/lang/invoke/LambdaForm$DMH+0x00000190b818f800'
Event: 6.311 Thread 0x000001909fc82750 Unloading class 0x00000190b818e400 'java/lang/invoke/LambdaForm$DMH+0x00000190b818e400'

Classes redefined (0 events):
No events

Internal exceptions (20 events):
Event: 15.326 Thread 0x0000019080fd2830 Exception <a 'java/lang/NoSuchMethodError'{0x00000000d5695888}: 'int java.lang.invoke.DirectMethodHandle$Holder.invokeStatic(java.lang.Object, long)'> (0x00000000d5695888) 
thrown [s\src\hotspot\share\interpreter\linkResolver.cpp, line 773]
Event: 15.330 Thread 0x0000019080fd2830 Exception <a 'java/lang/NoSuchMethodError'{0x00000000d56b4760}: 'int java.lang.invoke.Invokers$Holder.linkToTargetMethod(java.lang.Object, java.lang.Object)'> (0x00000000d56b4760) 
thrown [s\src\hotspot\share\interpreter\linkResolver.cpp, line 773]
Event: 15.870 Thread 0x0000019080fd2830 Exception <a 'java/lang/NoSuchMethodError'{0x00000000d68e6580}: 'java.lang.Object java.lang.invoke.DirectMethodHandle$Holder.invokeVirtual(java.lang.Object, java.lang.Object, int)'> (0x00000000d68e6580) 
thrown [s\src\hotspot\share\interpreter\linkResolver.cpp, line 773]
Event: 17.863 Thread 0x0000019080fd2830 Exception <a 'java/lang/NoSuchMethodError'{0x00000000d55a0f68}: 'java.lang.Object java.lang.invoke.DirectMethodHandle$Holder.invokeStatic(java.lang.Object, java.lang.Object, int, int)'> (0x00000000d55a0f68) 
thrown [s\src\hotspot\share\interpreter\linkResolver.cpp, line 773]
Event: 17.864 Thread 0x0000019080fd2830 Exception <a 'java/lang/NoSuchMethodError'{0x00000000d55a5368}: 'java.lang.Object java.lang.invoke.DirectMethodHandle$Holder.invokeSpecial(java.lang.Object, java.lang.Object, java.lang.Object, int, int)'> (0x00000000d55a5368) 
thrown [s\src\hotspot\share\interpreter\linkResolver.cpp, line 773]
Event: 18.341 Thread 0x00000190fea73ce0 Exception <a 'java/lang/NoSuchMethodError'{0x00000000d5987f90}: 'java.lang.Object java.lang.invoke.DirectMethodHandle$Holder.invokeSpecial(java.lang.Object, java.lang.Object, int, long)'> (0x00000000d5987f90) 
thrown [s\src\hotspot\share\interpreter\linkResolver.cpp, line 773]
Event: 19.171 Thread 0x00000190fea73ce0 Exception <a 'java/lang/NoSuchMethodError'{0x00000000d5f2ba28}: 'int java.lang.invoke.DirectMethodHandle$Holder.invokeSpecialIFC(java.lang.Object, java.lang.Object, java.lang.Object)'> (0x00000000d5f2ba28) 
thrown [s\src\hotspot\share\interpreter\linkResolver.cpp, line 773]
Event: 19.326 Thread 0x00000190fea73ce0 Exception <a 'java/io/FileNotFoundException'{0x00000000d6255528}> (0x00000000d6255528) 
thrown [s\src\hotspot\share\prims\jni.cpp, line 520]
Event: 19.327 Thread 0x00000190fea73ce0 Exception <a 'java/io/FileNotFoundException'{0x00000000d6256528}> (0x00000000d6256528) 
thrown [s\src\hotspot\share\prims\jni.cpp, line 520]
Event: 19.416 Thread 0x00000190fea73ce0 Exception <a 'java/lang/NoSuchMethodError'{0x00000000d64665a0}: 'int java.lang.invoke.DirectMethodHandle$Holder.invokeSpecial(java.lang.Object, java.lang.Object, java.lang.Object, java.lang.Object)'> (0x00000000d64665a0) 
thrown [s\src\hotspot\share\interpreter\linkResolver.cpp, line 773]
Event: 19.531 Thread 0x00000190fea73ce0 Exception <a 'java/io/FileNotFoundException'{0x00000000d6746e58}> (0x00000000d6746e58) 
thrown [s\src\hotspot\share\prims\jni.cpp, line 520]
Event: 19.531 Thread 0x00000190fea73ce0 Exception <a 'java/io/FileNotFoundException'{0x00000000d67480a8}> (0x00000000d67480a8) 
thrown [s\src\hotspot\share\prims\jni.cpp, line 520]
Event: 19.531 Thread 0x00000190fea73ce0 Exception <a 'java/io/FileNotFoundException'{0x00000000d6748e18}> (0x00000000d6748e18) 
thrown [s\src\hotspot\share\prims\jni.cpp, line 520]
Event: 19.818 Thread 0x0000019080fd2830 Exception <a 'java/lang/NoSuchMethodError'{0x00000000d5bb1580}: 'void java.lang.invoke.DirectMethodHandle$Holder.invokeInterface(java.lang.Object, java.lang.Object)'> (0x00000000d5bb1580) 
thrown [s\src\hotspot\share\interpreter\linkResolver.cpp, line 773]
Event: 19.820 Thread 0x00000190fea73ce0 Exception <a 'java/lang/NoSuchMethodError'{0x00000000d5ce12b0}: 'void java.lang.invoke.DirectMethodHandle$Holder.invokeVirtual(java.lang.Object, java.lang.Object, java.lang.Object, java.lang.Object, java.lang.Object)'> (0x00000000d5ce12b0) 
thrown [s\src\hotspot\share\interpreter\linkResolver.cpp, line 773]
Event: 19.875 Thread 0x0000019080fd0df0 Exception <a 'java/io/FileNotFoundException'{0x00000000d6057298}> (0x00000000d6057298) 
thrown [s\src\hotspot\share\prims\jni.cpp, line 520]
Event: 19.896 Thread 0x00000190fea73ce0 Exception <a 'java/io/IOException'{0x00000000d6099a28}> (0x00000000d6099a28) 
thrown [s\src\hotspot\share\prims\jni.cpp, line 520]
Event: 19.912 Thread 0x00000190fea73ce0 Exception <a 'java/lang/ClassNotFoundException'{0x00000000d6128858}: sun/util/logging/resources/spi/loggingProvider> (0x00000000d6128858) 
thrown [s\src\hotspot\share\classfile\systemDictionary.cpp, line 312]
Event: 19.950 Thread 0x0000019080fd0df0 Exception <a 'java/lang/NoSuchMethodError'{0x00000000d61f1dd0}: 'java.lang.Object java.lang.invoke.DirectMethodHandle$Holder.newInvokeSpecial(java.lang.Object, java.lang.Object, java.lang.Object, java.lang.Object, java.lang.Object, java.lang.Object, java.lang.Object, java.lang.Object, java.lang.Object, java.lang.Object)'> (0x00000000d61f1dd0) 
thrown [s\src\hotspot\share\interpreter\linkResolver.cpp, line 773]
Event: 20.001 Thread 0x0000019080fd0df0 Exception <a 'sun/nio/fs/WindowsException'{0x00000000d628bce0}> (0x00000000d628bce0) 
thrown [s\src\hotspot\share\prims\jni.cpp, line 520]

ZGC Phase Switch (0 events):
No events

VM Operations (20 events):
Event: 17.856 Executing VM operation: ParallelGCFailedAllocation (Allocation Failure)
Event: 17.858 Executing VM operation: ParallelGCFailedAllocation (Allocation Failure) done
Event: 18.862 Executing VM operation: Cleanup
Event: 18.862 Executing VM operation: Cleanup done
Event: 19.180 Executing VM operation: HandshakeAllThreads (Deoptimize)
Event: 19.180 Executing VM operation: HandshakeAllThreads (Deoptimize) done
Event: 19.383 Executing VM operation: HandshakeAllThreads (Deoptimize)
Event: 19.383 Executing VM operation: HandshakeAllThreads (Deoptimize) done
Event: 19.550 Executing VM operation: ICBufferFull
Event: 19.550 Executing VM operation: ICBufferFull done
Event: 19.574 Executing VM operation: ParallelGCFailedAllocation (Allocation Failure)
Event: 19.577 Executing VM operation: ParallelGCFailedAllocation (Allocation Failure) done
Event: 19.754 Executing VM operation: ICBufferFull
Event: 19.754 Executing VM operation: ICBufferFull done
Event: 19.761 Executing VM operation: HandshakeAllThreads (Deoptimize)
Event: 19.761 Executing VM operation: HandshakeAllThreads (Deoptimize) done
Event: 19.887 Executing VM operation: HandshakeAllThreads (Deoptimize)
Event: 19.888 Executing VM operation: HandshakeAllThreads (Deoptimize) done
Event: 20.893 Executing VM operation: Cleanup
Event: 20.893 Executing VM operation: Cleanup done

Memory protections (0 events):
No events

Nmethod flushes (20 events):
Event: 16.510 Thread 0x000001909fc82750 flushing  nmethod 0x00000190a3237110
Event: 16.510 Thread 0x000001909fc82750 flushing  nmethod 0x00000190a324bd90
Event: 16.510 Thread 0x000001909fc82750 flushing  nmethod 0x00000190a324c210
Event: 16.510 Thread 0x000001909fc82750 flushing  nmethod 0x00000190a324c590
Event: 16.510 Thread 0x000001909fc82750 flushing  nmethod 0x00000190a324fc10
Event: 16.510 Thread 0x000001909fc82750 flushing  nmethod 0x00000190a3255510
Event: 16.510 Thread 0x000001909fc82750 flushing  nmethod 0x00000190a3257090
Event: 16.510 Thread 0x000001909fc82750 flushing  nmethod 0x00000190a3257410
Event: 16.510 Thread 0x000001909fc82750 flushing  nmethod 0x00000190a3258010
Event: 16.510 Thread 0x000001909fc82750 flushing  nmethod 0x00000190a3259c90
Event: 16.510 Thread 0x000001909fc82750 flushing  nmethod 0x00000190a325a810
Event: 16.510 Thread 0x000001909fc82750 flushing  nmethod 0x00000190a3272d10
Event: 16.510 Thread 0x000001909fc82750 flushing  nmethod 0x00000190a32a5910
Event: 16.510 Thread 0x000001909fc82750 flushing  nmethod 0x00000190a32a6190
Event: 16.510 Thread 0x000001909fc82750 flushing  nmethod 0x00000190a32a6590
Event: 16.510 Thread 0x000001909fc82750 flushing  nmethod 0x00000190a32a6f10
Event: 16.510 Thread 0x000001909fc82750 flushing  nmethod 0x00000190a32b1490
Event: 16.510 Thread 0x000001909fc82750 flushing  nmethod 0x00000190a32c1f10
Event: 16.510 Thread 0x000001909fc82750 flushing  nmethod 0x00000190a32c4910
Event: 16.510 Thread 0x000001909fc82750 flushing  nmethod 0x00000190a32cec90

Events (20 events):
Event: 15.240 Thread 0x00000190f89cf690 Thread added: 0x00000190ff05f7c0
Event: 16.453 Thread 0x00000190ff05f7c0 Thread exited: 0x00000190ff05f7c0
Event: 17.189 Thread 0x00000190f89cf690 Thread added: 0x00000190ff05f7c0
Event: 18.337 Thread 0x00000190ff05f7c0 Thread exited: 0x00000190ff05f7c0
Event: 19.058 Thread 0x00000190f89cbfc0 Thread added: 0x0000019080d37440
Event: 19.792 Thread 0x0000019080fd2830 Thread added: 0x0000019080fd2ec0
Event: 19.824 Thread 0x0000019080fd2830 Thread added: 0x0000019080fd00d0
Event: 19.834 Thread 0x00000190fea77160 Thread added: 0x0000019080fd3be0
Event: 19.839 Thread 0x0000019080fd0df0 Thread added: 0x0000019080fd0760
Event: 19.857 Thread 0x0000019080fd0760 Thread added: 0x0000019080fd5620
Event: 19.859 Thread 0x0000019080fd0760 Thread added: 0x0000019080fd4900
Event: 19.868 Thread 0x0000019080fd4900 Thread exited: 0x0000019080fd4900
Event: 19.869 Thread 0x0000019080fd5620 Thread exited: 0x0000019080fd5620
Event: 19.870 Thread 0x0000019080fd0760 Thread exited: 0x0000019080fd0760
Event: 19.956 Thread 0x0000019080fd0df0 Thread added: 0x0000019080fd0760
Event: 19.964 Thread 0x0000019080fd0760 Thread added: 0x0000019080fd4270
Event: 19.969 Thread 0x0000019080fd0760 Thread added: 0x0000019080fd6340
Event: 19.987 Thread 0x0000019080fd0760 Thread exited: 0x0000019080fd0760
Event: 19.987 Thread 0x0000019080fd6340 Thread exited: 0x0000019080fd6340
Event: 19.987 Thread 0x0000019080fd4270 Thread exited: 0x0000019080fd4270


Dynamic libraries:
0x00007ff7e2fe0000 - 0x00007ff7e2fee000 	c:\Users\Kavis\.vscode\extensions\redhat.java-1.51.0-win32-x64\jre\21.0.9-win32-x86_64\bin\java.exe
0x00007ff89f100000 - 0x00007ff89f367000 	C:\WINDOWS\SYSTEM32\ntdll.dll
0x00007ff89e710000 - 0x00007ff89e7d9000 	C:\WINDOWS\System32\KERNEL32.DLL
0x00007ff89c250000 - 0x00007ff89c63f000 	C:\WINDOWS\System32\KERNELBASE.dll
0x00007ff89cba0000 - 0x00007ff89cceb000 	C:\WINDOWS\System32\ucrtbase.dll
0x00007ff887b80000 - 0x00007ff887b98000 	c:\Users\Kavis\.vscode\extensions\redhat.java-1.51.0-win32-x64\jre\21.0.9-win32-x86_64\bin\jli.dll
0x00007ff887660000 - 0x00007ff88767e000 	c:\Users\Kavis\.vscode\extensions\redhat.java-1.51.0-win32-x64\jre\21.0.9-win32-x86_64\bin\VCRUNTIME140.dll
0x00007ff89cf30000 - 0x00007ff89d0f5000 	C:\WINDOWS\System32\USER32.dll
0x00007ff89ccf0000 - 0x00007ff89cd17000 	C:\WINDOWS\System32\win32u.dll
0x00007ff87d5f0000 - 0x00007ff87d883000 	C:\WINDOWS\WinSxS\amd64_microsoft.windows.common-controls_6595b64144ccf1df_6.0.26100.7309_none_3e05feeae336a044\COMCTL32.dll
0x00007ff89efe0000 - 0x00007ff89f00b000 	C:\WINDOWS\System32\GDI32.dll
0x00007ff89eea0000 - 0x00007ff89ef49000 	C:\WINDOWS\System32\msvcrt.dll
0x00007ff89c6e0000 - 0x00007ff89c80c000 	C:\WINDOWS\System32\gdi32full.dll
0x00007ff89c810000 - 0x00007ff89c8b3000 	C:\WINDOWS\System32\msvcp_win.dll
0x00007ff89d590000 - 0x00007ff89d5c1000 	C:\WINDOWS\System32\IMM32.DLL
0x00007ff88b6c0000 - 0x00007ff88b6cc000 	c:\Users\Kavis\.vscode\extensions\redhat.java-1.51.0-win32-x64\jre\21.0.9-win32-x86_64\bin\vcruntime140_1.dll
0x00007ff8528d0000 - 0x00007ff85295d000 	c:\Users\Kavis\.vscode\extensions\redhat.java-1.51.0-win32-x64\jre\21.0.9-win32-x86_64\bin\msvcp140.dll
0x00007ff825ca0000 - 0x00007ff826a40000 	c:\Users\Kavis\.vscode\extensions\redhat.java-1.51.0-win32-x64\jre\21.0.9-win32-x86_64\bin\server\jvm.dll
0x00007ff89e5c0000 - 0x00007ff89e674000 	C:\WINDOWS\System32\ADVAPI32.dll
0x00007ff89f010000 - 0x00007ff89f0b6000 	C:\WINDOWS\System32\sechost.dll
0x00007ff89e860000 - 0x00007ff89e978000 	C:\WINDOWS\System32\RPCRT4.dll
0x00007ff89e7e0000 - 0x00007ff89e854000 	C:\WINDOWS\System32\WS2_32.dll
0x00007ff89c0b0000 - 0x00007ff89c10e000 	C:\WINDOWS\SYSTEM32\POWRPROF.dll
0x00007ff891800000 - 0x00007ff891835000 	C:\WINDOWS\SYSTEM32\WINMM.dll
0x00007ff8896f0000 - 0x00007ff8896fb000 	C:\WINDOWS\SYSTEM32\VERSION.dll
0x00007ff89c090000 - 0x00007ff89c0a4000 	C:\WINDOWS\SYSTEM32\UMPDC.dll
0x00007ff89b000000 - 0x00007ff89b01b000 	C:\WINDOWS\SYSTEM32\kernel.appcore.dll
0x00007ff88b350000 - 0x00007ff88b35a000 	c:\Users\Kavis\.vscode\extensions\redhat.java-1.51.0-win32-x64\jre\21.0.9-win32-x86_64\bin\jimage.dll
0x00007ff899910000 - 0x00007ff899b52000 	C:\WINDOWS\SYSTEM32\DBGHELP.DLL
0x00007ff89e980000 - 0x00007ff89ed06000 	C:\WINDOWS\System32\combase.dll
0x00007ff89e230000 - 0x00007ff89e306000 	C:\WINDOWS\System32\OLEAUT32.dll
0x00007ff878bb0000 - 0x00007ff878bec000 	C:\WINDOWS\SYSTEM32\dbgcore.DLL
0x00007ff89c8c0000 - 0x00007ff89c965000 	C:\WINDOWS\System32\bcryptPrimitives.dll
0x00007ff887ef0000 - 0x00007ff887eff000 	c:\Users\Kavis\.vscode\extensions\redhat.java-1.51.0-win32-x64\jre\21.0.9-win32-x86_64\bin\instrument.dll
0x00007ff887640000 - 0x00007ff887660000 	c:\Users\Kavis\.vscode\extensions\redhat.java-1.51.0-win32-x64\jre\21.0.9-win32-x86_64\bin\java.dll
0x00007ff89d8a0000 - 0x00007ff89dff3000 	C:\WINDOWS\System32\SHELL32.dll
0x00007ff89c970000 - 0x00007ff89cada000 	C:\WINDOWS\System32\wintypes.dll
0x00007ff899e30000 - 0x00007ff89a68e000 	C:\WINDOWS\SYSTEM32\windows.storage.dll
0x00007ff89e4b0000 - 0x00007ff89e5a5000 	C:\WINDOWS\System32\SHCORE.dll
0x00007ff89e690000 - 0x00007ff89e6f6000 	C:\WINDOWS\System32\shlwapi.dll
0x00007ff89c170000 - 0x00007ff89c199000 	C:\WINDOWS\SYSTEM32\profapi.dll
0x00007ff8873f0000 - 0x00007ff887408000 	c:\Users\Kavis\.vscode\extensions\redhat.java-1.51.0-win32-x64\jre\21.0.9-win32-x86_64\bin\zip.dll
0x00007ff887bd0000 - 0x00007ff887be0000 	C:\Users\Kavis\.vscode\extensions\redhat.java-1.51.0-win32-x64\jre\21.0.9-win32-x86_64\bin\net.dll
0x00007ff8918b0000 - 0x00007ff8919d8000 	C:\WINDOWS\SYSTEM32\WINHTTP.dll
0x00007ff89b570000 - 0x00007ff89b5db000 	C:\WINDOWS\system32\mswsock.dll
0x00007ff885ab0000 - 0x00007ff885ac6000 	C:\Users\Kavis\.vscode\extensions\redhat.java-1.51.0-win32-x64\jre\21.0.9-win32-x86_64\bin\nio.dll
0x00007ff887810000 - 0x00007ff887820000 	c:\Users\Kavis\.vscode\extensions\redhat.java-1.51.0-win32-x64\jre\21.0.9-win32-x86_64\bin\verify.dll
0x00007ff8826e0000 - 0x00007ff882724000 	C:\Users\Kavis\AppData\Roaming\Code\User\globalStorage\redhat.java\1.51.0\config_ss_win\org.eclipse.equinox.launcher\org.eclipse.equinox.launcher.win32.win32.x86_64_1.2.1400.v20250801-0854\eclipse_11916.dll
0x00007ff89e310000 - 0x00007ff89e4a7000 	C:\WINDOWS\System32\ole32.dll
0x00007ff89b830000 - 0x00007ff89b84b000 	C:\WINDOWS\SYSTEM32\CRYPTSP.dll
0x00007ff89af60000 - 0x00007ff89af9a000 	C:\WINDOWS\system32\rsaenh.dll
0x00007ff89b620000 - 0x00007ff89b64b000 	C:\WINDOWS\SYSTEM32\USERENV.dll
0x00007ff89c140000 - 0x00007ff89c16a000 	C:\WINDOWS\SYSTEM32\bcrypt.dll
0x00007ff89b850000 - 0x00007ff89b85c000 	C:\WINDOWS\SYSTEM32\CRYPTBASE.dll
0x00007ff89ab40000 - 0x00007ff89ab74000 	C:\WINDOWS\SYSTEM32\IPHLPAPI.DLL
0x00007ff89ee90000 - 0x00007ff89ee9a000 	C:\WINDOWS\System32\NSI.dll
0x00007ff8670e0000 - 0x00007ff867129000 	C:\Users\Kavis\AppData\Local\Temp\jna-72270570\jna16767434307541256538.dll
0x00007ff89e5b0000 - 0x00007ff89e5b8000 	C:\WINDOWS\System32\PSAPI.DLL
0x00007ff893750000 - 0x00007ff89376e000 	C:\WINDOWS\SYSTEM32\dhcpcsvc6.DLL
0x00007ff8932e0000 - 0x00007ff893303000 	C:\WINDOWS\SYSTEM32\dhcpcsvc.DLL
0x00007ff89b120000 - 0x00007ff89b156000 	C:\WINDOWS\SYSTEM32\ntmarta.dll

JVMTI agents:
c:\Users\Kavis\.vscode\extensions\redhat.java-1.51.0-win32-x64\lombok\lombok-1.18.39-4050.jar path:c:\Users\Kavis\.vscode\extensions\redhat.java-1.51.0-win32-x64\jre\21.0.9-win32-x86_64\bin\instrument.dll, loaded, initialized, instrumentlib options:none

dbghelp: loaded successfully - version: 4.0.5 - missing functions: none
symbol engine: initialized successfully - sym options: 0x614 - pdb path: .;c:\Users\Kavis\.vscode\extensions\redhat.java-1.51.0-win32-x64\jre\21.0.9-win32-x86_64\bin;C:\WINDOWS\SYSTEM32;C:\WINDOWS\WinSxS\amd64_microsoft.windows.common-controls_6595b64144ccf1df_6.0.26100.7309_none_3e05feeae336a044;c:\Users\Kavis\.vscode\extensions\redhat.java-1.51.0-win32-x64\jre\21.0.9-win32-x86_64\bin\server;C:\Users\Kavis\AppData\Roaming\Code\User\globalStorage\redhat.java\1.51.0\config_ss_win\org.eclipse.equinox.launcher\org.eclipse.equinox.launcher.win32.win32.x86_64_1.2.1400.v20250801-0854;C:\Users\Kavis\AppData\Local\Temp\jna-72270570

VM Arguments:
jvm_args: --add-modules=ALL-SYSTEM --add-opens=java.base/java.util=ALL-UNNAMED --add-opens=java.base/java.lang=ALL-UNNAMED --add-opens=java.base/sun.nio.fs=ALL-UNNAMED -Declipse.application=org.eclipse.jdt.ls.core.id1 -Dosgi.bundles.defaultStartLevel=4 -Declipse.product=org.eclipse.jdt.ls.core.product -Djava.import.generatesMetadataFilesAtProjectRoot=false -DDetectVMInstallationsJob.disabled=true -Dfile.encoding=utf8 -XX:+UseParallelGC -XX:GCTimeRatio=4 -XX:AdaptiveSizePolicyWeight=90 -Dsun.zip.disableMemoryMapping=true -Xmx2G -Xms100m -Xlog:disable -javaagent:c:\Users\Kavis\.vscode\extensions\redhat.java-1.51.0-win32-x64\lombok\lombok-1.18.39-4050.jar 
java_command: c:\Users\Kavis\.vscode\extensions\redhat.java-1.51.0-win32-x64\server\plugins\org.eclipse.equinox.launcher_1.7.100.v20251111-0406.jar -configuration c:\Users\Kavis\AppData\Roaming\Code\User\globalStorage\redhat.java\1.51.0\config_ss_win -data c:\Users\Kavis\AppData\Roaming\Code\User\workspaceStorage\ad1adb9262e567f18e865202dfb941a7\redhat.java\ss_ws --pipe=\\.\pipe\lsp-df9c4e7461d3ca2e0e91c7beef329fa3-sock
java_class_path (initial): c:\Users\Kavis\.vscode\extensions\redhat.java-1.51.0-win32-x64\server\plugins\org.eclipse.equinox.launcher_1.7.100.v20251111-0406.jar
Launcher Type: SUN_STANDARD

[Global flags]
    uintx AdaptiveSizePolicyWeight                 = 90                                        {product} {command line}
     intx CICompilerCount                          = 4                                         {product} {ergonomic}
    uintx GCTimeRatio                              = 4                                         {product} {command line}
   size_t InitialHeapSize                          = 104857600                                 {product} {command line}
   size_t MaxHeapSize                              = 2147483648                                {product} {command line}
   size_t MaxNewSize                               = 715653120                                 {product} {ergonomic}
   size_t MinHeapDeltaBytes                        = 524288                                    {product} {ergonomic}
   size_t MinHeapSize                              = 104857600                                 {product} {command line}
   size_t NewSize                                  = 34603008                                  {product} {ergonomic}
    uintx NonNMethodCodeHeapSize                   = 5839372                                {pd product} {ergonomic}
    uintx NonProfiledCodeHeapSize                  = 122909434                              {pd product} {ergonomic}
   size_t OldSize                                  = 70254592                                  {product} {ergonomic}
    uintx ProfiledCodeHeapSize                     = 122909434                              {pd product} {ergonomic}
    uintx ReservedCodeCacheSize                    = 251658240                              {pd product} {ergonomic}
     bool SegmentedCodeCache                       = true                                      {product} {ergonomic}
   size_t SoftMaxHeapSize                          = 2147483648                             {manageable} {ergonomic}
     bool UseCompressedOops                        = true                           {product lp64_product} {ergonomic}
     bool UseLargePagesIndividualAllocation        = false                                  {pd product} {ergonomic}
     bool UseParallelGC                            = true                                      {product} {command line}

Logging:
Log output configuration:
 #0: stdout all=off uptime,level,tags foldmultilines=false
 #1: stderr all=off uptime,level,tags foldmultilines=false

Release file:
JAVA_VERSION="21.0.9" 
MODULES="java.base java.compiler java.datatransfer java.xml java.prefs java.desktop java.instrument java.logging java.management java.security.sasl java.naming java.rmi java.management.rmi java.net.http java.scripting java.security.jgss java.transaction.xa java.sql java.sql.rowset java.xml.crypto java.se java.smartcardio jdk.accessibility jdk.internal.jvmstat jdk.attach jdk.charsets jdk.internal.opt jdk.zipfs jdk.compiler jdk.crypto.ec jdk.crypto.cryptoki jdk.crypto.mscapi jdk.dynalink jdk.internal.ed jdk.editpad jdk.hotspot.agent jdk.httpserver jdk.internal.le jdk.internal.vm.ci jdk.internal.vm.compiler jdk.internal.vm.compiler.management jdk.jartool jdk.javadoc jdk.jcmd jdk.management jdk.management.agent jdk.jconsole jdk.jdeps jdk.jdwp.agent jdk.jdi jdk.jfr jdk.jshell jdk.jsobject jdk.jstatd jdk.localedata jdk.management.jfr jdk.naming.dns jdk.naming.rmi jdk.net jdk.nio.mapmode jdk.random jdk.sctp jdk.security.auth jdk.security.jgss jdk.unsupported jdk.unsupported.desktop jdk.xml.dom" 

Environment Variables:
JAVA_HOME=C:\Program Files\Java\jdk-21
PATH=C:\Program Files\Common Files\Oracle\Java\javapath;C:\Python313\Scripts\;C:\Python313\;C:\Program Files\Eclipse Adoptium\jdk-17.0.15.6-hotspot\bin;C:\Program Files\Python312\Scripts\;C:\Program Files\Python312\;C:\WINDOWS\system32;C:\WINDOWS;C:\WINDOWS\System32\Wbem;C:\WINDOWS\System32\WindowsPowerShell\v1.0\;C:\WINDOWS\System32\OpenSSH\;C:\Program Files\dotnet\;C:\ProgramData\chocolatey\bin;C:\Program Files (x86)\NVIDIA Corporation\PhysX\Common;C:\Program Files\Microsoft\Web Platform Installer\;C:\Program Files (x86)\Microsoft ASP.NET\ASP.NET Web Pages\v1.0\;C:\Program Files\Microsoft SQL Server\110\Tools\Binn\;C:\Program Files\Microsoft SQL Server\120\Tools\Binn\;C:\Program Files\Microsoft SQL Server\130\Tools\Binn\;C:\Program Files\Git\cmd;C:\Program Files\Microsoft SQL Server\150\Tools\Binn\;C:\WINDOWS\system32;C:\WINDOWS;C:\WINDOWS\System32\Wbem;C:\WINDOWS\System32\WindowsPowerShell\v1.0\;C:\WINDOWS\System32\OpenSSH\;C:\Program Files\NVIDIA Corporation\NVIDIA App\NvDLISR;C:\Program Files\CMake\bin;C:\php;C:\Program Files\CodeBlocks\MinGW\bin;C:\NASM;C:\Program Files\Docker\Docker\resources\bin;C:\flutter\bin;C:\adb\platform-tools;C:\apache-cassandra-3.11.10\bin;C:\Program Files\MongoDB\Server\8.0\bin;C:\Python313\Scripts\;C:\Python313\;C:\Program Files\Python312\Scripts\;C:\Program Files\Python312\;C:\WINDOWS\system32;C:\WINDOWS;C:\WINDOWS\System32\Wbem;C:\WINDOWS\System32\WindowsPowerShell\v1.0\;C:\WINDOWS\System32\OpenSSH\;C:\Program Files\dotnet\;C:\ProgramData\chocolatey\bin;C:\Program Files (x86)\NVIDIA Corporation\PhysX\Common;C:\Program Files\Microsoft\Web Platform Installer\;C:\Program Files (x86)\Microsoft ASP.NET\ASP.NET Web Pages\v1.0\;C:\Program Files\Microsoft SQL Server\110\Tools\Binn\;C:\Program Files\Microsoft SQL Server\120\Tools\Binn\;C:\Program Files\Microsoft SQL Server\130\Tools\Binn\;C:\Program Files\Git\cmd;C:\Program Files\Microsoft SQL Server\150\Tools\Binn\;C:\WINDOWS\system32;C:\WINDOWS;C:\WINDOWS\System32\Wbem;C:\WINDOWS\System32\WindowsPowerShell\v1.0\;C:\WINDOWS\System32\OpenSSH\;C:\Program Files\NVIDIA Corporation\NVIDIA App\NvDLISR;C:\Program Files\CMake\bi;C:\Users\Kavis\AppData\Local\ipinfo;C:\Program Files\Java\jdk-21\bin;C:\Program Files\apache-maven-3.9.11\bin;C:\Users\Kavis\AppData\Local\Pub\Cache\bin;C:\Program Files\nvm;C:\Program Files\nodejs;C:\Program Files\nvm;C:\Program Files\Microsoft SQL Server\170\Tools\Binn\;C:\Program Files\Microsoft SQL Server\Client SDK\ODBC\170\Tools\Binn\;C:\Program Files\Eclipse Adoptium\jdk-21.0.8.9-hotspot\bin;C:\Python313\Scripts\;C:\Python313\;C:\Program Files\Eclipse Adoptium\jdk-17.0.15.6-hotspot\bin;C:\Program Files\Python312\Scripts\;C:\Program Files\Python312\;C:\WINDOWS\system32;C:\WINDOWS;C:\WINDOWS\System32\Wbem;C:\WINDOWS\System32\WindowsPowerShell\v1.0\;C:\WINDOWS\System32\OpenSSH\;C:\Program Files\dotnet\;C:\ProgramData\chocolatey\bin;C:\Program Files (x86)\NVIDIA Corporation\PhysX\Common;C:\Program Files\Microsoft\Web Platform Installer\;C:\Program Files (x86)\Microsoft ASP.NET\ASP.NET Web Pages\v1.0\;C:\Program Files\Microsoft SQL Server\110\Tools\Binn\;C:\Program Files\Microsoft SQL Server\120\Tools\Binn\;C:\Program Files\Microsoft SQL Server\130\Tools\Binn\;C:\Program Files\Git\cmd;C:\Program Files\Microsoft SQL Server\150\Tools\Binn\;C:\WINDOWS\system32;C:\WINDOWS;C:\WINDOWS\System32\Wbem;C:\WINDOWS\System32\WindowsPowerShell\v1.0\;C:\WINDOWS\System32\OpenSSH\;C:\Program Files\NVIDIA Corporation\NVIDIA App\NvDLISR;C:\Program Files\CMake\bi;C:\Users\Kavis\AppData\Local\GitHubDesktop\bin;C:\Program Files\nvm;C:\Program Files\nodejs;C:\Users\Kavis\.dotnet\tools
USERNAME=Kavis
OS=Windows_NT
PROCESSOR_IDENTIFIER=Intel64 Family 6 Model 154 Stepping 4, GenuineIntel
TMP=C:\Users\Kavis\AppData\Local\Temp
TEMP=C:\Users\Kavis\AppData\Local\Temp




Periodic native trim disabled

---------------  S Y S T E M  ---------------

OS:
 Windows 11 , 64 bit Build 26100 (10.0.26100.7623)
OS uptime: 0 days 7:19 hours
Hyper-V role detected

CPU: total 12 (initial active 12) (6 cores per cpu, 2 threads per core) family 6 model 154 stepping 4 microcode 0x423, cx8, cmov, fxsr, ht, mmx, 3dnowpref, sse, sse2, sse3, ssse3, sse4.1, sse4.2, popcnt, lzcnt, tsc, tscinvbit, avx, avx2, aes, erms, clmul, bmi1, bmi2, adx, sha, fma, vzeroupper, clflush, clflushopt, clwb, hv, serialize, rdtscp, rdpid, fsrm, f16c, cet_ibt, cet_ss
Processor Information for processor 0
  Max Mhz: 1300, Current Mhz: 1300, Mhz Limit: 1300
Processor Information for processor 1
  Max Mhz: 1300, Current Mhz: 1300, Mhz Limit: 1300
Processor Information for processor 2
  Max Mhz: 1300, Current Mhz: 1300, Mhz Limit: 1300
Processor Information for processor 3
  Max Mhz: 1300, Current Mhz: 1300, Mhz Limit: 1300
Processor Information for processor 4
  Max Mhz: 1300, Current Mhz: 900, Mhz Limit: 897
Processor Information for processor 5
  Max Mhz: 1300, Current Mhz: 900, Mhz Limit: 897
Processor Information for processor 6
  Max Mhz: 1300, Current Mhz: 900, Mhz Limit: 897
Processor Information for processor 7
  Max Mhz: 1300, Current Mhz: 900, Mhz Limit: 897
Processor Information for processor 8
  Max Mhz: 1300, Current Mhz: 900, Mhz Limit: 897
Processor Information for processor 9
  Max Mhz: 1300, Current Mhz: 900, Mhz Limit: 897
Processor Information for processor 10
  Max Mhz: 1300, Current Mhz: 900, Mhz Limit: 897
Processor Information for processor 11
  Max Mhz: 1300, Current Mhz: 900, Mhz Limit: 897

Memory: 4k page, system-wide physical 7896M (522M free)
TotalPageFile size 17896M (AvailPageFile size 76M)
current process WorkingSet (physical memory assigned to process): 190M, peak: 223M
current process commit charge ("private bytes"): 306M, peak: 338M

vm_info: OpenJDK 64-Bit Server VM (21.0.9+10-LTS) for windows-amd64 JRE (21.0.9+10-LTS), built on 2025-10-21T00:00:00Z by "admin" with unknown MS VC++:1942

END.
