#
# There is insufficient memory for the Java Runtime Environment to continue.
# Native memory allocation (malloc) failed to allocate 32744 bytes. Error detail: Chunk::new
# Possible reasons:
#   The system is out of physical RAM or swap space
#   This process is running with CompressedOops enabled, and the Java Heap may be blocking the growth of the native heap
# Possible solutions:
#   Reduce memory load on the system
#   Increase physical memory or swap space
#   Check if swap backing store is full
#   Decrease Java heap size (-Xmx/-Xms)
#   Decrease number of Java threads
#   Decrease Java thread stack sizes (-Xss)
#   Set larger code cache with -XX:ReservedCodeCacheSize=
#   JVM is running with Unscaled Compressed Oops mode in which the Java heap is
#     placed in the first 4GB address space. The Java Heap base address is the
#     maximum limit for the native heap growth. Please use -XX:HeapBaseMinAddress
#     to set the Java Heap base and to place the Java Heap above 4GB virtual address.
# This output file may be truncated or incomplete.
#
#  Out of Memory Error (arena.cpp:168), pid=832, tid=21180
#
# JRE version: OpenJDK Runtime Environment Temurin-21.0.8+9 (21.0.8+9) (build 21.0.8+9-LTS)
# Java VM: OpenJDK 64-Bit Server VM Temurin-21.0.8+9 (21.0.8+9-LTS, mixed mode, sharing, tiered, compressed oops, compressed class ptrs, parallel gc, windows-amd64)
# No core dump will be written. Minidumps are not enabled by default on client versions of Windows
#

---------------  S U M M A R Y ------------

Command Line: --add-modules=ALL-SYSTEM --add-opens=java.base/java.util=ALL-UNNAMED --add-opens=java.base/java.lang=ALL-UNNAMED --add-opens=java.base/sun.nio.fs=ALL-UNNAMED -Declipse.application=org.eclipse.jdt.ls.core.id1 -Dosgi.bundles.defaultStartLevel=4 -Declipse.product=org.eclipse.jdt.ls.core.product -Djava.import.generatesMetadataFilesAtProjectRoot=false -DDetectVMInstallationsJob.disabled=true -Dfile.encoding=utf8 -XX:+UseParallelGC -XX:GCTimeRatio=4 -XX:AdaptiveSizePolicyWeight=90 -Dsun.zip.disableMemoryMapping=true -Xmx2G -Xms100m -Xlog:disable -javaagent:c:\Users\Kavis\.vscode\extensions\redhat.java-1.47.0-win32-x64\lombok\lombok-1.18.39-4050.jar -XX:+HeapDumpOnOutOfMemoryError -XX:HeapDumpPath=c:\Users\Kavis\AppData\Roaming\Code\User\workspaceStorage\ad1adb9262e567f18e865202dfb941a7\redhat.java -Daether.dependencyCollector.impl=bf c:\Users\Kavis\.vscode\extensions\redhat.java-1.47.0-win32-x64\server\plugins\org.eclipse.equinox.launcher_1.7.100.v20251014-1222.jar -configuration c:\Users\Kavis\AppData\Roaming\Code\User\globalStorage\redhat.java\1.47.0\config_win -data c:\Users\Kavis\AppData\Roaming\Code\User\workspaceStorage\ad1adb9262e567f18e865202dfb941a7\redhat.java\jdt_ws --pipe=\\.\pipe\lsp-7836b3030d0ae6c4a14b0202672c8db5-sock

Host: 12th Gen Intel(R) Core(TM) i5-1235U, 12 cores, 7G,  Windows 11 , 64 bit Build 26100 (10.0.26100.6725)
Time: Thu Nov 13 15:51:30 2025 Sri Lanka Standard Time elapsed time: 12.040197 seconds (0d 0h 0m 12s)

---------------  T H R E A D  ---------------

Current thread (0x000001b8ea2a9ff0):  JavaThread "C2 CompilerThread1" daemon [_thread_in_native, id=21180, stack(0x0000007a76b00000,0x0000007a76c00000) (1024K)]


Current CompileTask:
C2:12040 2053 %     4       org.eclipse.osgi.util.ManifestElement::readLine @ 0 (122 bytes)

Stack: [0x0000007a76b00000,0x0000007a76c00000]
Native frames: (J=compiled Java code, j=interpreted, Vv=VM code, C=native code)
V  [jvm.dll+0x6d2449]
V  [jvm.dll+0x8ae341]
V  [jvm.dll+0x8b08be]
V  [jvm.dll+0x8b0fa3]
V  [jvm.dll+0x280c96]
V  [jvm.dll+0xc581d]
V  [jvm.dll+0xc5d53]
V  [jvm.dll+0x1e0730]
V  [jvm.dll+0x71bc53]
V  [jvm.dll+0x1e1311]
V  [jvm.dll+0x249022]
V  [jvm.dll+0x2484af]
V  [jvm.dll+0x1c89ee]
V  [jvm.dll+0x257d4d]
V  [jvm.dll+0x2562ea]
V  [jvm.dll+0x3f2d16]
V  [jvm.dll+0x857e6b]
V  [jvm.dll+0x6d0b0d]
C  [ucrtbase.dll+0x37b0]
C  [KERNEL32.DLL+0x2e8d7]
C  [ntdll.dll+0x8c53c]


---------------  P R O C E S S  ---------------

Threads class SMR info:
_java_thread_list=0x000001b8ea1a52b0, length=16, elements={
0x000001b8cc9b30b0, 0x000001b8cca58370, 0x000001b8e344e060, 0x000001b8cca5aaa0,
0x000001b8cca5b6f0, 0x000001b8cca5d060, 0x000001b8cca5dab0, 0x000001b8cca639a0,
0x000001b8e47b5940, 0x000001b8cca20a30, 0x000001b8e4b0c1b0, 0x000001b8e5f172f0,
0x000001b8e5db7b80, 0x000001b8e5dca080, 0x000001b8e5d31110, 0x000001b8ea2a9ff0
}

Java Threads: ( => current thread )
  0x000001b8cc9b30b0 JavaThread "main"                              [_thread_blocked, id=22444, stack(0x0000007a75d00000,0x0000007a75e00000) (1024K)]
  0x000001b8cca58370 JavaThread "Reference Handler"          daemon [_thread_blocked, id=3156, stack(0x0000007a76100000,0x0000007a76200000) (1024K)]
  0x000001b8e344e060 JavaThread "Finalizer"                  daemon [_thread_blocked, id=18636, stack(0x0000007a76200000,0x0000007a76300000) (1024K)]
  0x000001b8cca5aaa0 JavaThread "Signal Dispatcher"          daemon [_thread_blocked, id=18660, stack(0x0000007a76300000,0x0000007a76400000) (1024K)]
  0x000001b8cca5b6f0 JavaThread "Attach Listener"            daemon [_thread_blocked, id=11252, stack(0x0000007a76400000,0x0000007a76500000) (1024K)]
  0x000001b8cca5d060 JavaThread "Service Thread"             daemon [_thread_blocked, id=11792, stack(0x0000007a76500000,0x0000007a76600000) (1024K)]
  0x000001b8cca5dab0 JavaThread "Monitor Deflation Thread"   daemon [_thread_blocked, id=20472, stack(0x0000007a76600000,0x0000007a76700000) (1024K)]
  0x000001b8cca639a0 JavaThread "C2 CompilerThread0"         daemon [_thread_in_native, id=4704, stack(0x0000007a76700000,0x0000007a76800000) (1024K)]
  0x000001b8e47b5940 JavaThread "C1 CompilerThread0"         daemon [_thread_blocked, id=7668, stack(0x0000007a76800000,0x0000007a76900000) (1024K)]
  0x000001b8cca20a30 JavaThread "Common-Cleaner"             daemon [_thread_blocked, id=18032, stack(0x0000007a76900000,0x0000007a76a00000) (1024K)]
  0x000001b8e4b0c1b0 JavaThread "Notification Thread"        daemon [_thread_blocked, id=22408, stack(0x0000007a76a00000,0x0000007a76b00000) (1024K)]
  0x000001b8e5f172f0 JavaThread "Active Thread: Equinox Container: 74598ffd-26bb-4e84-8991-0ba6bcf96df9"        [_thread_blocked, id=10628, stack(0x0000007a77200000,0x0000007a77300000) (1024K)]
  0x000001b8e5db7b80 JavaThread "Refresh Thread: Equinox Container: 74598ffd-26bb-4e84-8991-0ba6bcf96df9" daemon [_thread_blocked, id=11572, stack(0x0000007a77300000,0x0000007a77400000) (1024K)]
  0x000001b8e5dca080 JavaThread "Framework Event Dispatcher: Equinox Container: 74598ffd-26bb-4e84-8991-0ba6bcf96df9" daemon [_thread_blocked, id=14428, stack(0x0000007a77500000,0x0000007a77600000) (1024K)]
  0x000001b8e5d31110 JavaThread "Start Level: Equinox Container: 74598ffd-26bb-4e84-8991-0ba6bcf96df9" daemon [_thread_in_Java, id=4308, stack(0x0000007a77600000,0x0000007a77700000) (1024K)]
=>0x000001b8ea2a9ff0 JavaThread "C2 CompilerThread1"         daemon [_thread_in_native, id=21180, stack(0x0000007a76b00000,0x0000007a76c00000) (1024K)]
Total: 16

Other Threads:
  0x000001b8e3434960 VMThread "VM Thread"                           [id=21072, stack(0x0000007a76000000,0x0000007a76100000) (1024K)]
  0x000001b8e332ca00 WatcherThread "VM Periodic Task Thread"        [id=19496, stack(0x0000007a75f00000,0x0000007a76000000) (1024K)]
  0x000001b8cc9d04e0 WorkerThread "GC Thread#0"                     [id=21884, stack(0x0000007a75e00000,0x0000007a75f00000) (1024K)]
  0x000001b8e5bdd120 WorkerThread "GC Thread#1"                     [id=17028, stack(0x0000007a76c00000,0x0000007a76d00000) (1024K)]
  0x000001b8e5bdd4c0 WorkerThread "GC Thread#2"                     [id=19488, stack(0x0000007a76d00000,0x0000007a76e00000) (1024K)]
  0x000001b8e58e7440 WorkerThread "GC Thread#3"                     [id=5580, stack(0x0000007a76e00000,0x0000007a76f00000) (1024K)]
  0x000001b8e589a8d0 WorkerThread "GC Thread#4"                     [id=10252, stack(0x0000007a76f00000,0x0000007a77000000) (1024K)]
  0x000001b8e589ac70 WorkerThread "GC Thread#5"                     [id=18056, stack(0x0000007a77000000,0x0000007a77100000) (1024K)]
  0x000001b8e589b010 WorkerThread "GC Thread#6"                     [id=18156, stack(0x0000007a77100000,0x0000007a77200000) (1024K)]
  0x000001b8e5db81e0 WorkerThread "GC Thread#7"                     [id=16172, stack(0x0000007a77400000,0x0000007a77500000) (1024K)]
Total: 10

Threads with active compile tasks:
C2 CompilerThread0  16109 2085   !   4       java.lang.String::<init> (890 bytes)
C1 CompilerThread0  16109 2092   !   3       org.eclipse.osgi.storage.BundleInfo$Generation::getRawHeaders (323 bytes)
C2 CompilerThread1  16109 2053 %     4       org.eclipse.osgi.util.ManifestElement::readLine @ 0 (122 bytes)
Total: 3

VM state: not at safepoint (normal execution)

VM Mutex/Monitor currently owned by a thread: None

Heap address: 0x0000000080000000, size: 2048 MB, Compressed Oops mode: 32-bit

CDS archive(s) mapped at: [0x000001b880000000-0x000001b880ba0000-0x000001b880ba0000), size 12189696, SharedBaseAddress: 0x000001b880000000, ArchiveRelocationMode: 1.
Compressed class space mapped at: 0x000001b881000000-0x000001b8c1000000, reserved size: 1073741824
Narrow klass base: 0x000001b880000000, Narrow klass shift: 0, Narrow klass range: 0x100000000

GC Precious Log:
 CardTable entry size: 512
 CPUs: 12 total, 12 available
 Memory: 7896M
 Large Page Support: Disabled
 NUMA Support: Disabled
 Compressed Oops: Enabled (32-bit)
 Alignments: Space 512K, Generation 512K, Heap 2M
 Heap Min Capacity: 100M
 Heap Initial Capacity: 100M
 Heap Max Capacity: 2G
 Pre-touch: Disabled
 Parallel Workers: 10

Heap:
 PSYoungGen      total 29696K, used 25418K [0x00000000d5580000, 0x00000000d7680000, 0x0000000100000000)
  eden space 25600K, 83% used [0x00000000d5580000,0x00000000d6a59368,0x00000000d6e80000)
  from space 4096K, 99% used [0x00000000d7280000,0x00000000d7679800,0x00000000d7680000)
  to   space 4096K, 0% used [0x00000000d6e80000,0x00000000d6e80000,0x00000000d7280000)
 ParOldGen       total 68608K, used 1773K [0x0000000080000000, 0x0000000084300000, 0x00000000d5580000)
  object space 68608K, 2% used [0x0000000080000000,0x00000000801bb720,0x0000000084300000)
 Metaspace       used 9367K, committed 9664K, reserved 1114112K
  class space    used 1007K, committed 1152K, reserved 1048576K

Card table byte_map: [0x000001b8cc350000,0x000001b8cc760000] _byte_map_base: 0x000001b8cbf50000

Marking Bits: (ParMarkBitMap*) 0x00007ff948f5a340
 Begin Bits: [0x000001b8dee50000, 0x000001b8e0e50000)
 End Bits:   [0x000001b8e0e50000, 0x000001b8e2e50000)

Polling page: 0x000001b8cc010000

Metaspace:

Usage:
  Non-class:      8.16 MB used.
      Class:   1007.20 KB used.
       Both:      9.15 MB used.

Virtual space:
  Non-class space:       64.00 MB reserved,       8.31 MB ( 13%) committed,  1 nodes.
      Class space:        1.00 GB reserved,       1.12 MB ( <1%) committed,  1 nodes.
             Both:        1.06 GB reserved,       9.44 MB ( <1%) committed. 

Chunk freelists:
   Non-Class:  6.89 MB
       Class:  14.79 MB
        Both:  21.67 MB

MaxMetaspaceSize: unlimited
CompressedClassSpaceSize: 1.00 GB
Initial GC threshold: 21.00 MB
Current GC threshold: 21.00 MB
CDS: on
 - commit_granule_bytes: 65536.
 - commit_granule_words: 8192.
 - virtual_space_node_default_size: 8388608.
 - enlarge_chunks_in_place: 1.
 - use_allocation_guard: 0.


Internal statistics:

num_allocs_failed_limit: 0.
num_arena_births: 258.
num_arena_deaths: 0.
num_vsnodes_births: 2.
num_vsnodes_deaths: 0.
num_space_committed: 151.
num_space_uncommitted: 0.
num_chunks_returned_to_freelist: 0.
num_chunks_taken_from_freelist: 513.
num_chunk_merges: 0.
num_chunk_splits: 321.
num_chunks_enlarged: 209.
num_inconsistent_stats: 0.

CodeHeap 'non-profiled nmethods': size=120000Kb used=912Kb max_used=912Kb free=119088Kb
 bounds [0x000001b8d7670000, 0x000001b8d78e0000, 0x000001b8deba0000]
CodeHeap 'profiled nmethods': size=120000Kb used=3754Kb max_used=3754Kb free=116245Kb
 bounds [0x000001b8cfba0000, 0x000001b8cff50000, 0x000001b8d70d0000]
CodeHeap 'non-nmethods': size=5760Kb used=1229Kb max_used=1248Kb free=4530Kb
 bounds [0x000001b8d70d0000, 0x000001b8d7340000, 0x000001b8d7670000]
CodeCache: size=245760Kb, used=5895Kb, max_used=5914Kb, free=239863Kb
 total_blobs=2579, nmethods=2086, adapters=399, full_count=0
Compilation: enabled, stopped_count=0, restarted_count=0

Compilation events (20 events):
Event: 5.952 Thread 0x000001b8e47b5940 2060   !   3       org.eclipse.osgi.storage.BundleInfo$Generation::getBundleFile (91 bytes)
Event: 5.953 Thread 0x000001b8e47b5940 nmethod 2060 0x000001b8cff42910 code [0x000001b8cff42b00, 0x000001b8cff42fb0]
Event: 5.956 Thread 0x000001b8e47b5940 2061       3       java.net.URL::<init> (9 bytes)
Event: 5.956 Thread 0x000001b8e47b5940 nmethod 2061 0x000001b8cff43210 code [0x000001b8cff433c0, 0x000001b8cff43500]
Event: 5.956 Thread 0x000001b8cca639a0 2062       4       java.util.zip.ZipFile$Source::isMetaName (141 bytes)
Event: 8.979 Thread 0x000001b8cca639a0 nmethod 2062 0x000001b8d774fd90 code [0x000001b8d774ff40, 0x000001b8d7750188]
Event: 8.979 Thread 0x000001b8cca639a0 2063       4       java.util.zip.ZipFile$Source::nextEntryPos (22 bytes)
Event: 8.981 Thread 0x000001b8cca639a0 nmethod 2063 0x000001b8d7750390 code [0x000001b8d7750520, 0x000001b8d7750680]
Event: 8.986 Thread 0x000001b8e47b5940 2064       1       org.eclipse.osgi.internal.loader.classpath.ManifestPackageAttributes::getSpecification (5 bytes)
Event: 8.986 Thread 0x000001b8e47b5940 nmethod 2064 0x000001b8d7750810 code [0x000001b8d77509a0, 0x000001b8d7750a68]
Event: 8.986 Thread 0x000001b8e47b5940 2065       1       org.eclipse.osgi.internal.loader.classpath.ManifestPackageAttributes::getImplementation (5 bytes)
Event: 8.986 Thread 0x000001b8e47b5940 nmethod 2065 0x000001b8d7750b10 code [0x000001b8d7750ca0, 0x000001b8d7750d68]
Event: 8.991 Thread 0x000001b8cca639a0 2066   !   4       jdk.internal.misc.Blocker::begin (97 bytes)
Event: 8.991 Thread 0x000001b8e47b5940 2068       3       org.eclipse.osgi.internal.loader.classpath.ManifestPackageAttributes::or (10 bytes)
Event: 8.991 Thread 0x000001b8e47b5940 nmethod 2068 0x000001b8cff43590 code [0x000001b8cff43720, 0x000001b8cff43858]
Event: 8.992 Thread 0x000001b8cca639a0 nmethod 2066 0x000001b8d7750e10 code [0x000001b8d7750fa0, 0x000001b8d7751068]
Event: 8.992 Thread 0x000001b8cca639a0 2067       4       jdk.internal.misc.Blocker::end (71 bytes)
Event: 8.992 Thread 0x000001b8cca639a0 nmethod 2067 0x000001b8d7751190 code [0x000001b8d7751320, 0x000001b8d77513b8]
Event: 8.992 Thread 0x000001b8cca639a0 2069       4       java.lang.StringLatin1::toLowerCase (186 bytes)
Event: 11.256 Thread 0x000001b8e47b5940 2071       3       jdk.internal.misc.Unsafe::putReferenceOpaque (9 bytes)

GC Heap History (4 events):
Event: 2.198 GC heap before
{Heap before GC invocations=1 (full 0):
 PSYoungGen      total 29696K, used 25600K [0x00000000d5580000, 0x00000000d7680000, 0x0000000100000000)
  eden space 25600K, 100% used [0x00000000d5580000,0x00000000d6e80000,0x00000000d6e80000)
  from space 4096K, 0% used [0x00000000d7280000,0x00000000d7280000,0x00000000d7680000)
  to   space 4096K, 0% used [0x00000000d6e80000,0x00000000d6e80000,0x00000000d7280000)
 ParOldGen       total 68608K, used 0K [0x0000000080000000, 0x0000000084300000, 0x00000000d5580000)
  object space 68608K, 0% used [0x0000000080000000,0x0000000080000000,0x0000000084300000)
 Metaspace       used 4325K, committed 4544K, reserved 1114112K
  class space    used 472K, committed 576K, reserved 1048576K
}
Event: 2.209 GC heap after
{Heap after GC invocations=1 (full 0):
 PSYoungGen      total 29696K, used 3335K [0x00000000d5580000, 0x00000000d7680000, 0x0000000100000000)
  eden space 25600K, 0% used [0x00000000d5580000,0x00000000d5580000,0x00000000d6e80000)
  from space 4096K, 81% used [0x00000000d6e80000,0x00000000d71c1e98,0x00000000d7280000)
  to   space 4096K, 0% used [0x00000000d7280000,0x00000000d7280000,0x00000000d7680000)
 ParOldGen       total 68608K, used 16K [0x0000000080000000, 0x0000000084300000, 0x00000000d5580000)
  object space 68608K, 0% used [0x0000000080000000,0x0000000080004000,0x0000000084300000)
 Metaspace       used 4325K, committed 4544K, reserved 1114112K
  class space    used 472K, committed 576K, reserved 1048576K
}
Event: 3.537 GC heap before
{Heap before GC invocations=2 (full 0):
 PSYoungGen      total 29696K, used 28935K [0x00000000d5580000, 0x00000000d7680000, 0x0000000100000000)
  eden space 25600K, 100% used [0x00000000d5580000,0x00000000d6e80000,0x00000000d6e80000)
  from space 4096K, 81% used [0x00000000d6e80000,0x00000000d71c1e98,0x00000000d7280000)
  to   space 4096K, 0% used [0x00000000d7280000,0x00000000d7280000,0x00000000d7680000)
 ParOldGen       total 68608K, used 16K [0x0000000080000000, 0x0000000084300000, 0x00000000d5580000)
  object space 68608K, 0% used [0x0000000080000000,0x0000000080004000,0x0000000084300000)
 Metaspace       used 7976K, committed 8256K, reserved 1114112K
  class space    used 839K, committed 960K, reserved 1048576K
}
Event: 3.547 GC heap after
{Heap after GC invocations=2 (full 0):
 PSYoungGen      total 29696K, used 4070K [0x00000000d5580000, 0x00000000d7680000, 0x0000000100000000)
  eden space 25600K, 0% used [0x00000000d5580000,0x00000000d5580000,0x00000000d6e80000)
  from space 4096K, 99% used [0x00000000d7280000,0x00000000d7679800,0x00000000d7680000)
  to   space 4096K, 0% used [0x00000000d6e80000,0x00000000d6e80000,0x00000000d7280000)
 ParOldGen       total 68608K, used 1773K [0x0000000080000000, 0x0000000084300000, 0x00000000d5580000)
  object space 68608K, 2% used [0x0000000080000000,0x00000000801bb720,0x0000000084300000)
 Metaspace       used 7976K, committed 8256K, reserved 1114112K
  class space    used 839K, committed 960K, reserved 1048576K
}

Dll operation events (9 events):
Event: 0.016 Loaded shared library c:\Users\Kavis\.vscode\extensions\redhat.java-1.47.0-win32-x64\jre\21.0.8-win32-x86_64\bin\java.dll
Event: 0.135 Loaded shared library c:\Users\Kavis\.vscode\extensions\redhat.java-1.47.0-win32-x64\jre\21.0.8-win32-x86_64\bin\zip.dll
Event: 0.177 Loaded shared library C:\Users\Kavis\.vscode\extensions\redhat.java-1.47.0-win32-x64\jre\21.0.8-win32-x86_64\bin\instrument.dll
Event: 0.186 Loaded shared library C:\Users\Kavis\.vscode\extensions\redhat.java-1.47.0-win32-x64\jre\21.0.8-win32-x86_64\bin\net.dll
Event: 0.191 Loaded shared library C:\Users\Kavis\.vscode\extensions\redhat.java-1.47.0-win32-x64\jre\21.0.8-win32-x86_64\bin\nio.dll
Event: 0.198 Loaded shared library C:\Users\Kavis\.vscode\extensions\redhat.java-1.47.0-win32-x64\jre\21.0.8-win32-x86_64\bin\zip.dll
Event: 0.233 Loaded shared library C:\Users\Kavis\.vscode\extensions\redhat.java-1.47.0-win32-x64\jre\21.0.8-win32-x86_64\bin\jimage.dll
Event: 0.356 Loaded shared library c:\Users\Kavis\.vscode\extensions\redhat.java-1.47.0-win32-x64\jre\21.0.8-win32-x86_64\bin\verify.dll
Event: 3.561 Loaded shared library C:\Users\Kavis\AppData\Roaming\Code\User\globalStorage\redhat.java\1.47.0\config_win\org.eclipse.equinox.launcher\org.eclipse.equinox.launcher.win32.win32.x86_64_1.2.1400.v20250801-0854\eclipse_11916.dll

Deoptimization events (20 events):
Event: 3.865 Thread 0x000001b8e5d31110 Uncommon trap: trap_request=0xffffff45 fr.pc=0x000001b8d76a0b8c relative=0x00000000000000ec
Event: 3.865 Thread 0x000001b8e5d31110 Uncommon trap: reason=unstable_if action=reinterpret pc=0x000001b8d76a0b8c method=java.lang.String.getBytes([BIB)V @ 5 c2
Event: 3.865 Thread 0x000001b8e5d31110 DEOPT PACKING pc=0x000001b8d76a0b8c sp=0x0000007a776fd8b0
Event: 3.865 Thread 0x000001b8e5d31110 DEOPT UNPACKING pc=0x000001b8d7123aa2 sp=0x0000007a776fd858 mode 2
Event: 3.865 Thread 0x000001b8e5d31110 Uncommon trap: trap_request=0xffffff45 fr.pc=0x000001b8d771b984 relative=0x0000000000000444
Event: 3.865 Thread 0x000001b8e5d31110 Uncommon trap: reason=unstable_if action=reinterpret pc=0x000001b8d771b984 method=java.lang.AbstractStringBuilder.isLatin1()Z @ 10 c2
Event: 3.865 Thread 0x000001b8e5d31110 DEOPT PACKING pc=0x000001b8d771b984 sp=0x0000007a776fdd40
Event: 3.865 Thread 0x000001b8e5d31110 DEOPT UNPACKING pc=0x000001b8d7123aa2 sp=0x0000007a776fdc90 mode 2
Event: 3.873 Thread 0x000001b8e5d31110 Uncommon trap: trap_request=0xffffffde fr.pc=0x000001b8d7740de4 relative=0x0000000000000304
Event: 3.873 Thread 0x000001b8e5d31110 Uncommon trap: reason=class_check action=maybe_recompile pc=0x000001b8d7740de4 method=java.util.regex.Pattern$BmpCharPropertyGreedy.match(Ljava/util/regex/Matcher;ILjava/lang/CharSequence;)Z @ 26 c2
Event: 3.873 Thread 0x000001b8e5d31110 DEOPT PACKING pc=0x000001b8d7740de4 sp=0x0000007a776fdd70
Event: 3.873 Thread 0x000001b8e5d31110 DEOPT UNPACKING pc=0x000001b8d7123aa2 sp=0x0000007a776fdd28 mode 2
Event: 3.873 Thread 0x000001b8e5d31110 Uncommon trap: trap_request=0xffffffde fr.pc=0x000001b8d7740de4 relative=0x0000000000000304
Event: 3.873 Thread 0x000001b8e5d31110 Uncommon trap: reason=class_check action=maybe_recompile pc=0x000001b8d7740de4 method=java.util.regex.Pattern$BmpCharPropertyGreedy.match(Ljava/util/regex/Matcher;ILjava/lang/CharSequence;)Z @ 26 c2
Event: 3.873 Thread 0x000001b8e5d31110 DEOPT PACKING pc=0x000001b8d7740de4 sp=0x0000007a776fdd80
Event: 3.873 Thread 0x000001b8e5d31110 DEOPT UNPACKING pc=0x000001b8d7123aa2 sp=0x0000007a776fdd38 mode 2
Event: 3.882 Thread 0x000001b8e5d31110 Uncommon trap: trap_request=0xffffff45 fr.pc=0x000001b8d7715b20 relative=0x00000000000009c0
Event: 3.882 Thread 0x000001b8e5d31110 Uncommon trap: reason=unstable_if action=reinterpret pc=0x000001b8d7715b20 method=java.util.concurrent.ConcurrentHashMap.putVal(Ljava/lang/Object;Ljava/lang/Object;Z)Ljava/lang/Object; @ 148 c2
Event: 3.882 Thread 0x000001b8e5d31110 DEOPT PACKING pc=0x000001b8d7715b20 sp=0x0000007a776fe2a0
Event: 3.882 Thread 0x000001b8e5d31110 DEOPT UNPACKING pc=0x000001b8d7123aa2 sp=0x0000007a776fe210 mode 2

Classes loaded (20 events):
Event: 3.832 Loading class sun/util/logging/resources/logging_en_US
Event: 3.832 Loading class sun/util/logging/resources/logging_en_US done
Event: 3.832 Loading class sun/util/logging/resources/logging_en_US
Event: 3.832 Loading class sun/util/logging/resources/logging_en_US done
Event: 3.834 Loading class java/util/Formatter$DateTime
Event: 3.834 Loading class java/util/Formatter$DateTime done
Event: 3.834 Loading class java/util/Formatter$FixedString
Event: 3.834 Loading class java/util/Formatter$FixedString done
Event: 3.835 Loading class java/time/ZonedDateTime$1
Event: 3.835 Loading class java/time/ZonedDateTime$1 done
Event: 3.840 Loading class jdk/internal/module/ModulePatcher$PatchedModuleReader
Event: 3.841 Loading class jdk/internal/module/ModulePatcher$PatchedModuleReader done
Event: 3.849 Loading class sun/util/resources/LocaleData$CommonResourceBundleProvider
Event: 3.849 Loading class sun/util/resources/LocaleData$LocaleDataResourceBundleProvider
Event: 3.849 Loading class java/util/spi/ResourceBundleProvider
Event: 3.849 Loading class java/util/spi/ResourceBundleProvider done
Event: 3.849 Loading class sun/util/resources/LocaleData$LocaleDataResourceBundleProvider done
Event: 3.849 Loading class sun/util/resources/LocaleData$CommonResourceBundleProvider done
Event: 3.851 Loading class sun/util/resources/Bundles$2
Event: 3.851 Loading class sun/util/resources/Bundles$2 done

Classes unloaded (0 events):
No events

Classes redefined (0 events):
No events

Internal exceptions (20 events):
Event: 2.296 Thread 0x000001b8cc9b30b0 Implicit null exception at 0x000001b8d76c85a9 to 0x000001b8d76c8e24
Event: 2.297 Thread 0x000001b8cc9b30b0 Implicit null exception at 0x000001b8d76cc41a to 0x000001b8d76cc624
Event: 2.297 Thread 0x000001b8cc9b30b0 Exception <a 'java/lang/NoSuchMethodError'{0x00000000d579fb90}: 'void java.lang.invoke.DirectMethodHandle$Holder.invokeStatic(java.lang.Object, java.lang.Object, java.lang.Object, java.lang.Object)'> (0x00000000d579fb90) 
thrown [s\src\hotspot\share\interpreter\linkResolver.cpp, line 773]
Event: 2.299 Thread 0x000001b8cc9b30b0 Implicit null exception at 0x000001b8d76cf01a to 0x000001b8d76cf224
Event: 2.299 Thread 0x000001b8cc9b30b0 Implicit null exception at 0x000001b8d76ca9bd to 0x000001b8d76caa41
Event: 2.686 Thread 0x000001b8cc9b30b0 Exception <a 'java/lang/NoSuchMethodError'{0x00000000d5a38f68}: 'void java.lang.invoke.DirectMethodHandle$Holder.invokeSpecial(java.lang.Object, java.lang.Object, java.lang.Object)'> (0x00000000d5a38f68) 
thrown [s\src\hotspot\share\interpreter\linkResolver.cpp, line 773]
Event: 3.066 Thread 0x000001b8cc9b30b0 Exception <a 'java/lang/NoSuchMethodError'{0x00000000d643cb28}: 'int java.lang.invoke.DirectMethodHandle$Holder.invokeVirtual(java.lang.Object, java.lang.Object)'> (0x00000000d643cb28) 
thrown [s\src\hotspot\share\interpreter\linkResolver.cpp, line 773]
Event: 3.160 Thread 0x000001b8cc9b30b0 Exception <a 'java/lang/NoSuchMethodError'{0x00000000d65b1d80}: 'int java.lang.invoke.DirectMethodHandle$Holder.invokeStaticInit(java.lang.Object, java.lang.Object, java.lang.Object, java.lang.Object)'> (0x00000000d65b1d80) 
thrown [s\src\hotspot\share\interpreter\linkResolver.cpp, line 773]
Event: 3.163 Thread 0x000001b8cc9b30b0 Exception <a 'java/lang/IncompatibleClassChangeError'{0x00000000d65ba468}: Found class java.lang.Object, but interface was expected> (0x00000000d65ba468) 
thrown [s\src\hotspot\share\interpreter\linkResolver.cpp, line 840]
Event: 3.164 Thread 0x000001b8cc9b30b0 Exception <a 'java/lang/NoSuchMethodError'{0x00000000d65c0a78}: 'void java.lang.invoke.DirectMethodHandle$Holder.invokeStaticInit(java.lang.Object, java.lang.Object)'> (0x00000000d65c0a78) 
thrown [s\src\hotspot\share\interpreter\linkResolver.cpp, line 773]
Event: 3.165 Thread 0x000001b8cc9b30b0 Exception <a 'java/lang/NoSuchMethodError'{0x00000000d65c9cb0}: 'int java.lang.invoke.DirectMethodHandle$Holder.invokeStaticInit(java.lang.Object, java.lang.Object)'> (0x00000000d65c9cb0) 
thrown [s\src\hotspot\share\interpreter\linkResolver.cpp, line 773]
Event: 3.258 Thread 0x000001b8cc9b30b0 Exception <a 'java/lang/NoSuchMethodError'{0x00000000d6813e10}: 'java.lang.Object java.lang.invoke.DirectMethodHandle$Holder.newInvokeSpecial(java.lang.Object, int, java.lang.Object)'> (0x00000000d6813e10) 
thrown [s\src\hotspot\share\interpreter\linkResolver.cpp, line 773]
Event: 3.321 Thread 0x000001b8cc9b30b0 Exception <a 'java/lang/ClassNotFoundException'{0x00000000d6a32c10}: sun/net/www/protocol/plurl/Handler> (0x00000000d6a32c10) 
thrown [s\src\hotspot\share\classfile\systemDictionary.cpp, line 312]
Event: 3.322 Thread 0x000001b8cc9b30b0 Exception <a 'java/lang/ClassNotFoundException'{0x00000000d6a33a90}: sun/net/www/protocol/plurl/Handler> (0x00000000d6a33a90) 
thrown [s\src\hotspot\share\classfile\systemDictionary.cpp, line 312]
Event: 3.550 Thread 0x000001b8cc9b30b0 Exception <a 'java/lang/UnsatisfiedLinkError'{0x00000000d55871c8}: 'void org.eclipse.equinox.launcher.JNIBridge._update_splash()'> (0x00000000d55871c8) 
thrown [s\src\hotspot\share\prims\nativeLookup.cpp, line 415]
Event: 3.616 Thread 0x000001b8e5db7b80 Exception <a 'java/lang/NoSuchMethodError'{0x00000000d588e6c0}: 'void java.lang.invoke.DirectMethodHandle$Holder.invokeInterface(java.lang.Object, java.lang.Object, java.lang.Object)'> (0x00000000d588e6c0) 
thrown [s\src\hotspot\share\interpreter\linkResolver.cpp, line 773]
Event: 3.759 Thread 0x000001b8e5d31110 Exception <a 'java/lang/NoSuchMethodError'{0x00000000d5c52818}: 'java.lang.Object java.lang.invoke.DirectMethodHandle$Holder.newInvokeSpecial(java.lang.Object, java.lang.Object, int, java.lang.Object)'> (0x00000000d5c52818) 
thrown [s\src\hotspot\share\interpreter\linkResolver.cpp, line 773]
Event: 3.760 Thread 0x000001b8e5d31110 Exception <a 'java/lang/NoSuchMethodError'{0x00000000d5c56688}: 'java.lang.Object java.lang.invoke.DirectMethodHandle$Holder.invokeSpecial(java.lang.Object, java.lang.Object, java.lang.Object, int, java.lang.Object)'> (0x00000000d5c56688) 
thrown [s\src\hotspot\share\interpreter\linkResolver.cpp, line 773]
Event: 3.791 Thread 0x000001b8e5d31110 Exception <a 'java/lang/NoClassDefFoundError'{0x00000000d5cfd308}: jakarta/servlet/ServletContainerInitializer> (0x00000000d5cfd308) 
thrown [s\src\hotspot\share\classfile\systemDictionary.cpp, line 301]
Event: 3.830 Thread 0x000001b8e5d31110 Exception <a 'java/lang/ClassNotFoundException'{0x00000000d5e59990}: sun/util/logging/resources/spi/loggingProvider> (0x00000000d5e59990) 
thrown [s\src\hotspot\share\classfile\systemDictionary.cpp, line 312]

ZGC Phase Switch (0 events):
No events

VM Operations (20 events):
Event: 3.237 Executing VM operation: HandshakeAllThreads (Deoptimize)
Event: 3.237 Executing VM operation: HandshakeAllThreads (Deoptimize) done
Event: 3.301 Executing VM operation: HandshakeAllThreads (Deoptimize)
Event: 3.301 Executing VM operation: HandshakeAllThreads (Deoptimize) done
Event: 3.316 Executing VM operation: HandshakeAllThreads (Deoptimize)
Event: 3.316 Executing VM operation: HandshakeAllThreads (Deoptimize) done
Event: 3.537 Executing VM operation: ParallelGCFailedAllocation (Allocation Failure)
Event: 3.548 Executing VM operation: ParallelGCFailedAllocation (Allocation Failure) done
Event: 3.814 Executing VM operation: HandshakeAllThreads (Deoptimize)
Event: 3.814 Executing VM operation: HandshakeAllThreads (Deoptimize) done
Event: 3.841 Executing VM operation: HandshakeAllThreads (Deoptimize)
Event: 3.841 Executing VM operation: HandshakeAllThreads (Deoptimize) done
Event: 3.862 Executing VM operation: HandshakeAllThreads (Deoptimize)
Event: 3.862 Executing VM operation: HandshakeAllThreads (Deoptimize) done
Event: 3.882 Executing VM operation: HandshakeAllThreads (Deoptimize)
Event: 3.882 Executing VM operation: HandshakeAllThreads (Deoptimize) done
Event: 4.886 Executing VM operation: Cleanup
Event: 4.886 Executing VM operation: Cleanup done
Event: 5.888 Executing VM operation: Cleanup
Event: 5.888 Executing VM operation: Cleanup done

Memory protections (0 events):
No events

Nmethod flushes (0 events):
No events

Events (20 events):
Event: 0.042 Thread 0x000001b8cc9b30b0 Thread added: 0x000001b8cc9b30b0
Event: 0.068 Thread 0x000001b8cc9b30b0 Thread added: 0x000001b8cca58370
Event: 0.068 Thread 0x000001b8cc9b30b0 Thread added: 0x000001b8e344e060
Event: 0.068 Thread 0x000001b8cc9b30b0 Thread added: 0x000001b8cca5aaa0
Event: 0.068 Thread 0x000001b8cc9b30b0 Thread added: 0x000001b8cca5b6f0
Event: 0.069 Thread 0x000001b8cc9b30b0 Thread added: 0x000001b8cca5d060
Event: 0.069 Thread 0x000001b8cc9b30b0 Thread added: 0x000001b8cca5dab0
Event: 0.069 Thread 0x000001b8cc9b30b0 Thread added: 0x000001b8cca639a0
Event: 0.069 Thread 0x000001b8cc9b30b0 Thread added: 0x000001b8e47b5940
Event: 0.101 Thread 0x000001b8cc9b30b0 Thread added: 0x000001b8cca20a30
Event: 1.446 Thread 0x000001b8cc9b30b0 Thread added: 0x000001b8e4b0c1b0
Event: 1.655 Thread 0x000001b8e47b5940 Thread added: 0x000001b8e4b65010
Event: 2.376 Thread 0x000001b8e4b65010 Thread exited: 0x000001b8e4b65010
Event: 2.776 Thread 0x000001b8e47b5940 Thread added: 0x000001b8e5e31040
Event: 3.196 Thread 0x000001b8cc9b30b0 Thread added: 0x000001b8e5f172f0
Event: 3.536 Thread 0x000001b8cc9b30b0 Thread added: 0x000001b8e5db7b80
Event: 3.620 Thread 0x000001b8e5db7b80 Thread added: 0x000001b8e5dca080
Event: 3.627 Thread 0x000001b8cc9b30b0 Thread added: 0x000001b8e5d31110
Event: 3.656 Thread 0x000001b8e5e31040 Thread exited: 0x000001b8e5e31040
Event: 3.891 Thread 0x000001b8e47b5940 Thread added: 0x000001b8ea2a9ff0


Dynamic libraries:
0x00007ff78b070000 - 0x00007ff78b07e000 	c:\Users\Kavis\.vscode\extensions\redhat.java-1.47.0-win32-x64\jre\21.0.8-win32-x86_64\bin\java.exe
0x00007ff9d7380000 - 0x00007ff9d75e8000 	C:\WINDOWS\SYSTEM32\ntdll.dll
0x00007ff9d6060000 - 0x00007ff9d6129000 	C:\WINDOWS\System32\KERNEL32.DLL
0x00007ff9d47f0000 - 0x00007ff9d4be2000 	C:\WINDOWS\System32\KERNELBASE.dll
0x00007ff9d4bf0000 - 0x00007ff9d4d3b000 	C:\WINDOWS\System32\ucrtbase.dll
0x00007ff9a8e80000 - 0x00007ff9a8e9e000 	c:\Users\Kavis\.vscode\extensions\redhat.java-1.47.0-win32-x64\jre\21.0.8-win32-x86_64\bin\VCRUNTIME140.dll
0x00007ff9af9e0000 - 0x00007ff9af9f8000 	c:\Users\Kavis\.vscode\extensions\redhat.java-1.47.0-win32-x64\jre\21.0.8-win32-x86_64\bin\jli.dll
0x00007ff9d5640000 - 0x00007ff9d5805000 	C:\WINDOWS\System32\USER32.dll
0x00007ff9d47c0000 - 0x00007ff9d47e7000 	C:\WINDOWS\System32\win32u.dll
0x00007ff9b8c70000 - 0x00007ff9b8f03000 	C:\WINDOWS\WinSxS\amd64_microsoft.windows.common-controls_6595b64144ccf1df_6.0.26100.6899_none_3e0efeeae32e88c1\COMCTL32.dll
0x00007ff9d7310000 - 0x00007ff9d733b000 	C:\WINDOWS\System32\GDI32.dll
0x00007ff9d6ab0000 - 0x00007ff9d6b59000 	C:\WINDOWS\System32\msvcrt.dll
0x00007ff9d4d40000 - 0x00007ff9d4e6d000 	C:\WINDOWS\System32\gdi32full.dll
0x00007ff9d45a0000 - 0x00007ff9d4643000 	C:\WINDOWS\System32\msvcp_win.dll
0x00007ff9d58d0000 - 0x00007ff9d58ff000 	C:\WINDOWS\System32\IMM32.DLL
0x00007ff9c3e80000 - 0x00007ff9c3e8c000 	c:\Users\Kavis\.vscode\extensions\redhat.java-1.47.0-win32-x64\jre\21.0.8-win32-x86_64\bin\vcruntime140_1.dll
0x00007ff990110000 - 0x00007ff99019d000 	c:\Users\Kavis\.vscode\extensions\redhat.java-1.47.0-win32-x64\jre\21.0.8-win32-x86_64\bin\msvcp140.dll
0x00007ff9482a0000 - 0x00007ff949037000 	c:\Users\Kavis\.vscode\extensions\redhat.java-1.47.0-win32-x64\jre\21.0.8-win32-x86_64\bin\server\jvm.dll
0x00007ff9d5810000 - 0x00007ff9d58c4000 	C:\WINDOWS\System32\ADVAPI32.dll
0x00007ff9d6130000 - 0x00007ff9d61d6000 	C:\WINDOWS\System32\sechost.dll
0x00007ff9d5200000 - 0x00007ff9d5318000 	C:\WINDOWS\System32\RPCRT4.dll
0x00007ff9d5180000 - 0x00007ff9d51f4000 	C:\WINDOWS\System32\WS2_32.dll
0x00007ff9d4370000 - 0x00007ff9d43ce000 	C:\WINDOWS\SYSTEM32\POWRPROF.dll
0x00007ff9c4e10000 - 0x00007ff9c4e1b000 	C:\WINDOWS\SYSTEM32\VERSION.dll
0x00007ff9ca260000 - 0x00007ff9ca295000 	C:\WINDOWS\SYSTEM32\WINMM.dll
0x00007ff9d4350000 - 0x00007ff9d4364000 	C:\WINDOWS\SYSTEM32\UMPDC.dll
0x00007ff9d32e0000 - 0x00007ff9d32fb000 	C:\WINDOWS\SYSTEM32\kernel.appcore.dll
0x00007ff9c1980000 - 0x00007ff9c198a000 	c:\Users\Kavis\.vscode\extensions\redhat.java-1.47.0-win32-x64\jre\21.0.8-win32-x86_64\bin\jimage.dll
0x00007ff9d1990000 - 0x00007ff9d1bd2000 	C:\WINDOWS\SYSTEM32\DBGHELP.DLL
0x00007ff9d6f90000 - 0x00007ff9d730b000 	C:\WINDOWS\System32\combase.dll
0x00007ff9d5340000 - 0x00007ff9d5417000 	C:\WINDOWS\System32\OLEAUT32.dll
0x00007ff9b4c20000 - 0x00007ff9b4c5c000 	C:\WINDOWS\SYSTEM32\dbgcore.DLL
0x00007ff9d50b0000 - 0x00007ff9d5148000 	C:\WINDOWS\System32\bcryptPrimitives.dll
0x00007ff9c16c0000 - 0x00007ff9c16cf000 	c:\Users\Kavis\.vscode\extensions\redhat.java-1.47.0-win32-x64\jre\21.0.8-win32-x86_64\bin\instrument.dll
0x00007ff9a8e60000 - 0x00007ff9a8e7f000 	c:\Users\Kavis\.vscode\extensions\redhat.java-1.47.0-win32-x64\jre\21.0.8-win32-x86_64\bin\java.dll
0x00007ff9d61e0000 - 0x00007ff9d692d000 	C:\WINDOWS\System32\SHELL32.dll
0x00007ff9d4650000 - 0x00007ff9d47bb000 	C:\WINDOWS\System32\wintypes.dll
0x00007ff9d2140000 - 0x00007ff9d299d000 	C:\WINDOWS\SYSTEM32\windows.storage.dll
0x00007ff9d69b0000 - 0x00007ff9d6aa2000 	C:\WINDOWS\System32\SHCORE.dll
0x00007ff9d6be0000 - 0x00007ff9d6c42000 	C:\WINDOWS\System32\shlwapi.dll
0x00007ff9d4430000 - 0x00007ff9d4459000 	C:\WINDOWS\SYSTEM32\profapi.dll
0x00007ff9a8e40000 - 0x00007ff9a8e58000 	c:\Users\Kavis\.vscode\extensions\redhat.java-1.47.0-win32-x64\jre\21.0.8-win32-x86_64\bin\zip.dll
0x00007ff9bb690000 - 0x00007ff9bb6a0000 	C:\Users\Kavis\.vscode\extensions\redhat.java-1.47.0-win32-x64\jre\21.0.8-win32-x86_64\bin\net.dll
0x00007ff9c1e40000 - 0x00007ff9c1f5f000 	C:\WINDOWS\SYSTEM32\WINHTTP.dll
0x00007ff9d3850000 - 0x00007ff9d38bb000 	C:\WINDOWS\system32\mswsock.dll
0x00007ff9a8a90000 - 0x00007ff9a8aa6000 	C:\Users\Kavis\.vscode\extensions\redhat.java-1.47.0-win32-x64\jre\21.0.8-win32-x86_64\bin\nio.dll
0x00007ff9bac90000 - 0x00007ff9baca0000 	c:\Users\Kavis\.vscode\extensions\redhat.java-1.47.0-win32-x64\jre\21.0.8-win32-x86_64\bin\verify.dll
0x00007ff99a8b0000 - 0x00007ff99a8f4000 	C:\Users\Kavis\AppData\Roaming\Code\User\globalStorage\redhat.java\1.47.0\config_win\org.eclipse.equinox.launcher\org.eclipse.equinox.launcher.win32.win32.x86_64_1.2.1400.v20250801-0854\eclipse_11916.dll
0x00007ff9d54a0000 - 0x00007ff9d5638000 	C:\WINDOWS\System32\ole32.dll

JVMTI agents:
c:\Users\Kavis\.vscode\extensions\redhat.java-1.47.0-win32-x64\lombok\lombok-1.18.39-4050.jar path:c:\Users\Kavis\.vscode\extensions\redhat.java-1.47.0-win32-x64\jre\21.0.8-win32-x86_64\bin\instrument.dll, loaded, initialized, instrumentlib options:none

dbghelp: loaded successfully - version: 4.0.5 - missing functions: none
symbol engine: initialized successfully - sym options: 0x614 - pdb path: .;c:\Users\Kavis\.vscode\extensions\redhat.java-1.47.0-win32-x64\jre\21.0.8-win32-x86_64\bin;C:\WINDOWS\SYSTEM32;C:\WINDOWS\WinSxS\amd64_microsoft.windows.common-controls_6595b64144ccf1df_6.0.26100.6899_none_3e0efeeae32e88c1;c:\Users\Kavis\.vscode\extensions\redhat.java-1.47.0-win32-x64\jre\21.0.8-win32-x86_64\bin\server;C:\Users\Kavis\AppData\Roaming\Code\User\globalStorage\redhat.java\1.47.0\config_win\org.eclipse.equinox.launcher\org.eclipse.equinox.launcher.win32.win32.x86_64_1.2.1400.v20250801-0854

VM Arguments:
jvm_args: --add-modules=ALL-SYSTEM --add-opens=java.base/java.util=ALL-UNNAMED --add-opens=java.base/java.lang=ALL-UNNAMED --add-opens=java.base/sun.nio.fs=ALL-UNNAMED -Declipse.application=org.eclipse.jdt.ls.core.id1 -Dosgi.bundles.defaultStartLevel=4 -Declipse.product=org.eclipse.jdt.ls.core.product -Djava.import.generatesMetadataFilesAtProjectRoot=false -DDetectVMInstallationsJob.disabled=true -Dfile.encoding=utf8 -XX:+UseParallelGC -XX:GCTimeRatio=4 -XX:AdaptiveSizePolicyWeight=90 -Dsun.zip.disableMemoryMapping=true -Xmx2G -Xms100m -Xlog:disable -javaagent:c:\Users\Kavis\.vscode\extensions\redhat.java-1.47.0-win32-x64\lombok\lombok-1.18.39-4050.jar -XX:+HeapDumpOnOutOfMemoryError -XX:HeapDumpPath=c:\Users\Kavis\AppData\Roaming\Code\User\workspaceStorage\ad1adb9262e567f18e865202dfb941a7\redhat.java -Daether.dependencyCollector.impl=bf 
java_command: c:\Users\Kavis\.vscode\extensions\redhat.java-1.47.0-win32-x64\server\plugins\org.eclipse.equinox.launcher_1.7.100.v20251014-1222.jar -configuration c:\Users\Kavis\AppData\Roaming\Code\User\globalStorage\redhat.java\1.47.0\config_win -data c:\Users\Kavis\AppData\Roaming\Code\User\workspaceStorage\ad1adb9262e567f18e865202dfb941a7\redhat.java\jdt_ws --pipe=\\.\pipe\lsp-7836b3030d0ae6c4a14b0202672c8db5-sock
java_class_path (initial): c:\Users\Kavis\.vscode\extensions\redhat.java-1.47.0-win32-x64\server\plugins\org.eclipse.equinox.launcher_1.7.100.v20251014-1222.jar
Launcher Type: SUN_STANDARD

[Global flags]
    uintx AdaptiveSizePolicyWeight                 = 90                                        {product} {command line}
     intx CICompilerCount                          = 4                                         {product} {ergonomic}
    uintx GCTimeRatio                              = 4                                         {product} {command line}
     bool HeapDumpOnOutOfMemoryError               = true                                   {manageable} {command line}
    ccstr HeapDumpPath                             = c:\Users\Kavis\AppData\Roaming\Code\User\workspaceStorage\ad1adb9262e567f18e865202dfb941a7\redhat.java         {manageable} {command line}
   size_t InitialHeapSize                          = 104857600                                 {product} {command line}
   size_t MaxHeapSize                              = 2147483648                                {product} {command line}
   size_t MaxNewSize                               = 715653120                                 {product} {ergonomic}
   size_t MinHeapDeltaBytes                        = 524288                                    {product} {ergonomic}
   size_t MinHeapSize                              = 104857600                                 {product} {command line}
   size_t NewSize                                  = 34603008                                  {product} {ergonomic}
    uintx NonNMethodCodeHeapSize                   = 5839372                                {pd product} {ergonomic}
    uintx NonProfiledCodeHeapSize                  = 122909434                              {pd product} {ergonomic}
   size_t OldSize                                  = 70254592                                  {product} {ergonomic}
    uintx ProfiledCodeHeapSize                     = 122909434                              {pd product} {ergonomic}
    uintx ReservedCodeCacheSize                    = 251658240                              {pd product} {ergonomic}
     bool SegmentedCodeCache                       = true                                      {product} {ergonomic}
   size_t SoftMaxHeapSize                          = 2147483648                             {manageable} {ergonomic}
     bool UseCompressedOops                        = true                           {product lp64_product} {ergonomic}
     bool UseLargePagesIndividualAllocation        = false                                  {pd product} {ergonomic}
     bool UseParallelGC                            = true                                      {product} {command line}

Logging:
Log output configuration:
 #0: stdout all=off uptime,level,tags foldmultilines=false
 #1: stderr all=off uptime,level,tags foldmultilines=false

Environment Variables:
JAVA_HOME=C:\Program Files\Java\jdk-21
PATH=C:\Program Files\Common Files\Oracle\Java\javapath;C:\Python313\Scripts\;C:\Python313\;C:\Program Files\Eclipse Adoptium\jdk-17.0.15.6-hotspot\bin;C:\Program Files\Python312\Scripts\;C:\Program Files\Python312\;C:\WINDOWS\system32;C:\WINDOWS;C:\WINDOWS\System32\Wbem;C:\WINDOWS\System32\WindowsPowerShell\v1.0\;C:\WINDOWS\System32\OpenSSH\;C:\Program Files\dotnet\;C:\ProgramData\chocolatey\bin;C:\Program Files (x86)\NVIDIA Corporation\PhysX\Common;C:\Program Files\Microsoft\Web Platform Installer\;C:\Program Files (x86)\Microsoft ASP.NET\ASP.NET Web Pages\v1.0\;C:\Program Files\Microsoft SQL Server\110\Tools\Binn\;C:\Program Files\Microsoft SQL Server\120\Tools\Binn\;C:\Program Files\Microsoft SQL Server\130\Tools\Binn\;C:\Program Files\Git\cmd;C:\Program Files\Microsoft SQL Server\150\Tools\Binn\;C:\WINDOWS\system32;C:\WINDOWS;C:\WINDOWS\System32\Wbem;C:\WINDOWS\System32\WindowsPowerShell\v1.0\;C:\WINDOWS\System32\OpenSSH\;C:\Program Files\NVIDIA Corporation\NVIDIA App\NvDLISR;C:\Program Files\CMake\bin;C:\php;C:\Program Files (x86)\Windows Kits\10\Windows Performance Toolkit\;C:\Program Files\CodeBlocks\MinGW\bin;C:\NASM;C:\Program Files\Docker\Docker\resources\bin;C:\flutter\bin;C:\adb\platform-tools;C:\apache-cassandra-3.11.10\bin;C:\Program Files\MongoDB\Server\8.0\bin;C:\Python313\Scripts\;C:\Python313\;C:\Program Files\Python312\Scripts\;C:\Program Files\Python312\;C:\WINDOWS\system32;C:\WINDOWS;C:\WINDOWS\System32\Wbem;C:\WINDOWS\System32\WindowsPowerShell\v1.0\;C:\WINDOWS\System32\OpenSSH\;C:\Program Files\dotnet\;C:\ProgramData\chocolatey\bin;C:\Program Files (x86)\NVIDIA Corporation\PhysX\Common;C:\Program Files\Microsoft\Web Platform Installer\;C:\Program Files (x86)\Microsoft ASP.NET\ASP.NET Web Pages\v1.0\;C:\Program Files\Microsoft SQL Server\110\Tools\Binn\;C:\Program Files\Microsoft SQL Server\120\Tools\Binn\;C:\Program Files\Microsoft SQL Server\130\Tools\Binn\;C:\Program Files\Git\cmd;C:\Program Files\Microsoft SQL Server\150\Tools\Binn\;C:\WINDOWS\system32;C:\WINDOWS;C:\WINDOWS\System32\Wbem;C:\WINDOWS\System32\WindowsPowerShell\v1.0\;C:\WINDOWS\System32\OpenSSH\;C:\Program Files\NVIDIA Corporation\NVIDIA App\NvDLISR;C:\Program Files\CMake\bi;C:\Users\Kavis\AppData\Local\ipinfo;C:\Program Files\Java\jdk-21\bin;C:\Program Files\apache-maven-3.9.11\bin;C:\Users\Kavis\AppData\Local\Pub\Cache\bin;C:\Program Files\nvm;C:\Program Files\nodejs;C:\Program Files\nvm;C:\Program Files\Eclipse Adoptium\jdk-21.0.8.9-hotspot\bin;C:\Python313\Scripts\;C:\Python313\;C:\Program Files\Eclipse Adoptium\jdk-17.0.15.6-hotspot\bin;C:\Program Files\Python312\Scripts\;C:\Program Files\Python312\;C:\WINDOWS\system32;C:\WINDOWS;C:\WINDOWS\System32\Wbem;C:\WINDOWS\System32\WindowsPowerShell\v1.0\;C:\WINDOWS\System32\OpenSSH\;C:\Program Files\dotnet\;C:\ProgramData\chocolatey\bin;C:\Program Files (x86)\NVIDIA Corporation\PhysX\Common;C:\Program Files\Microsoft\Web Platform Installer\;C:\Program Files (x86)\Microsoft ASP.NET\ASP.NET Web Pages\v1.0\;C:\Program Files\Microsoft SQL Server\110\Tools\Binn\;C:\Program Files\Microsoft SQL Server\120\Tools\Binn\;C:\Program Files\Microsoft SQL Server\130\Tools\Binn\;C:\Program Files\Git\cmd;C:\Program Files\Microsoft SQL Server\150\Tools\Binn\;C:\WINDOWS\system32;C:\WINDOWS;C:\WINDOWS\System32\Wbem;C:\WINDOWS\System32\WindowsPowerShell\v1.0\;C:\WINDOWS\System32\OpenSSH\;C:\Program Files\NVIDIA Corporation\NVIDIA App\NvDLISR;C:\Program Files\CMake\bi;C:\Users\Kavis\AppData\Local\GitHubDesktop\bin;C:\Program Files\nvm;C:\Program Files\nodejs
USERNAME=Kavis
OS=Windows_NT
PROCESSOR_IDENTIFIER=Intel64 Family 6 Model 154 Stepping 4, GenuineIntel
TMP=C:\Users\Kavis\AppData\Local\Temp
TEMP=C:\Users\Kavis\AppData\Local\Temp




Periodic native trim disabled

---------------  S Y S T E M  ---------------

OS:
 Windows 11 , 64 bit Build 26100 (10.0.26100.6725)
OS uptime: 0 days 9:11 hours
Hyper-V role detected

CPU: total 12 (initial active 12) (6 cores per cpu, 2 threads per core) family 6 model 154 stepping 4 microcode 0x423, cx8, cmov, fxsr, ht, mmx, 3dnowpref, sse, sse2, sse3, ssse3, sse4.1, sse4.2, popcnt, lzcnt, tsc, tscinvbit, avx, avx2, aes, erms, clmul, bmi1, bmi2, adx, sha, fma, vzeroupper, clflush, clflushopt, clwb, hv, serialize, rdtscp, rdpid, fsrm, f16c, cet_ibt, cet_ss
Processor Information for processor 0
  Max Mhz: 1300, Current Mhz: 1300, Mhz Limit: 1300
Processor Information for processor 1
  Max Mhz: 1300, Current Mhz: 1300, Mhz Limit: 1300
Processor Information for processor 2
  Max Mhz: 1300, Current Mhz: 1300, Mhz Limit: 1300
Processor Information for processor 3
  Max Mhz: 1300, Current Mhz: 1300, Mhz Limit: 1300
Processor Information for processor 4
  Max Mhz: 1300, Current Mhz: 900, Mhz Limit: 897
Processor Information for processor 5
  Max Mhz: 1300, Current Mhz: 900, Mhz Limit: 897
Processor Information for processor 6
  Max Mhz: 1300, Current Mhz: 900, Mhz Limit: 897
Processor Information for processor 7
  Max Mhz: 1300, Current Mhz: 900, Mhz Limit: 897
Processor Information for processor 8
  Max Mhz: 1300, Current Mhz: 900, Mhz Limit: 897
Processor Information for processor 9
  Max Mhz: 1300, Current Mhz: 900, Mhz Limit: 897
Processor Information for processor 10
  Max Mhz: 1300, Current Mhz: 900, Mhz Limit: 897
Processor Information for processor 11
  Max Mhz: 1300, Current Mhz: 900, Mhz Limit: 897

Memory: 4k page, system-wide physical 7896M (943M free)
TotalPageFile size 17896M (AvailPageFile size 7M)
current process WorkingSet (physical memory assigned to process): 102M, peak: 102M
current process commit charge ("private bytes"): 254M, peak: 254M

vm_info: OpenJDK 64-Bit Server VM (21.0.8+9-LTS) for windows-amd64 JRE (21.0.8+9-LTS), built on 2025-07-15T00:00:00Z by "admin" with MS VC++ 17.7 (VS2022)

END.
