#
# There is insufficient memory for the Java Runtime Environment to continue.
# Native memory allocation (malloc) failed to allocate 32744 bytes. Error detail: Chunk::new
# Possible reasons:
#   The system is out of physical RAM or swap space
#   This process is running with CompressedOops enabled, and the Java Heap may be blocking the growth of the native heap
# Possible solutions:
#   Reduce memory load on the system
#   Increase physical memory or swap space
#   Check if swap backing store is full
#   Decrease Java heap size (-Xmx/-Xms)
#   Decrease number of Java threads
#   Decrease Java thread stack sizes (-Xss)
#   Set larger code cache with -XX:ReservedCodeCacheSize=
#   JVM is running with Unscaled Compressed Oops mode in which the Java heap is
#     placed in the first 4GB address space. The Java Heap base address is the
#     maximum limit for the native heap growth. Please use -XX:HeapBaseMinAddress
#     to set the Java Heap base and to place the Java Heap above 4GB virtual address.
# This output file may be truncated or incomplete.
#
#  Out of Memory Error (arena.cpp:168), pid=24816, tid=30180
#
# JRE version: OpenJDK Runtime Environment Temurin-21.0.9+10 (21.0.9+10) (build 21.0.9+10-LTS)
# Java VM: OpenJDK 64-Bit Server VM Temurin-21.0.9+10 (21.0.9+10-LTS, mixed mode, sharing, tiered, compressed oops, compressed class ptrs, parallel gc, windows-amd64)
# No core dump will be written. Minidumps are not enabled by default on client versions of Windows
#

---------------  S U M M A R Y ------------

Command Line: --add-modules=ALL-SYSTEM --add-opens=java.base/java.util=ALL-UNNAMED --add-opens=java.base/java.lang=ALL-UNNAMED --add-opens=java.base/sun.nio.fs=ALL-UNNAMED -Declipse.application=org.eclipse.jdt.ls.core.id1 -Dosgi.bundles.defaultStartLevel=4 -Declipse.product=org.eclipse.jdt.ls.core.product -Djava.import.generatesMetadataFilesAtProjectRoot=false -DDetectVMInstallationsJob.disabled=true -Dfile.encoding=utf8 -XX:+UseParallelGC -XX:GCTimeRatio=4 -XX:AdaptiveSizePolicyWeight=90 -Dsun.zip.disableMemoryMapping=true -Xmx2G -Xms100m -Xlog:disable -javaagent:c:\Users\Kavis\.vscode\extensions\redhat.java-1.52.0-win32-x64\lombok\lombok-1.18.39-4050.jar -XX:+HeapDumpOnOutOfMemoryError -XX:HeapDumpPath=c:\Users\Kavis\AppData\Roaming\Code\User\workspaceStorage\ad1adb9262e567f18e865202dfb941a7\redhat.java -Daether.dependencyCollector.impl=bf c:\Users\Kavis\.vscode\extensions\redhat.java-1.52.0-win32-x64\server\plugins\org.eclipse.equinox.launcher_1.7.100.v20251111-0406.jar -configuration c:\Users\Kavis\AppData\Roaming\Code\User\globalStorage\redhat.java\1.52.0\config_win -data c:\Users\Kavis\AppData\Roaming\Code\User\workspaceStorage\ad1adb9262e567f18e865202dfb941a7\redhat.java\jdt_ws --pipe=\\.\pipe\lsp-9b29e242de247b6bfabb05af54aa4db0-sock

Host: 12th Gen Intel(R) Core(TM) i5-1235U, 12 cores, 7G,  Windows 11 , 64 bit Build 26100 (10.0.26100.7623)
Time: Wed Feb 11 00:54:58 2026 Sri Lanka Standard Time elapsed time: 13.938534 seconds (0d 0h 0m 13s)

---------------  T H R E A D  ---------------

Current thread (0x00000259f7a6c090):  JavaThread "C2 CompilerThread0" daemon [_thread_in_native, id=30180, stack(0x000000976f000000,0x000000976f100000) (1024K)]


Current CompileTask:
C2:13938 1754       4       java.lang.StringLatin1::inflate (34 bytes)

Stack: [0x000000976f000000,0x000000976f100000]
Native frames: (J=compiled Java code, j=interpreted, Vv=VM code, C=native code)
V  [jvm.dll+0x6d6e29]
V  [jvm.dll+0x8b4b76]
V  [jvm.dll+0x8b712e]
V  [jvm.dll+0x8b7813]
V  [jvm.dll+0x283d86]
V  [jvm.dll+0xc66ed]
V  [jvm.dll+0xc6c31]
V  [jvm.dll+0x2fad6d]
V  [jvm.dll+0x5fde44]
V  [jvm.dll+0x255557]
V  [jvm.dll+0x25591d]
V  [jvm.dll+0x24df40]
V  [jvm.dll+0x24b482]
V  [jvm.dll+0x1cb13e]
V  [jvm.dll+0x25b29d]
V  [jvm.dll+0x25982a]
V  [jvm.dll+0x3f7ea6]
V  [jvm.dll+0x85e9ad]
V  [jvm.dll+0x6d565d]
C  [ucrtbase.dll+0x37b0]
C  [KERNEL32.DLL+0x2e8d7]
C  [ntdll.dll+0x8c53c]


---------------  P R O C E S S  ---------------

Threads class SMR info:
_java_thread_list=0x00000259d62e53c0, length=12, elements={
0x00000259f79b3640, 0x00000259f7a55380, 0x00000259f7a56f40, 0x00000259f7a5a090,
0x00000259f7a5ace0, 0x00000259f7a5ed00, 0x00000259f7a5f880, 0x00000259f7a6c090,
0x00000259d08a7390, 0x00000259d0b36de0, 0x00000259d0bf01c0, 0x00000259d66456b0
}

Java Threads: ( => current thread )
  0x00000259f79b3640 JavaThread "main"                              [_thread_in_native, id=4540, stack(0x000000976e600000,0x000000976e700000) (1024K)]
  0x00000259f7a55380 JavaThread "Reference Handler"          daemon [_thread_blocked, id=21984, stack(0x000000976ea00000,0x000000976eb00000) (1024K)]
  0x00000259f7a56f40 JavaThread "Finalizer"                  daemon [_thread_blocked, id=26304, stack(0x000000976eb00000,0x000000976ec00000) (1024K)]
  0x00000259f7a5a090 JavaThread "Signal Dispatcher"          daemon [_thread_blocked, id=18892, stack(0x000000976ec00000,0x000000976ed00000) (1024K)]
  0x00000259f7a5ace0 JavaThread "Attach Listener"            daemon [_thread_blocked, id=26720, stack(0x000000976ed00000,0x000000976ee00000) (1024K)]
  0x00000259f7a5ed00 JavaThread "Service Thread"             daemon [_thread_blocked, id=26300, stack(0x000000976ee00000,0x000000976ef00000) (1024K)]
  0x00000259f7a5f880 JavaThread "Monitor Deflation Thread"   daemon [_thread_blocked, id=9068, stack(0x000000976ef00000,0x000000976f000000) (1024K)]
=>0x00000259f7a6c090 JavaThread "C2 CompilerThread0"         daemon [_thread_in_native, id=30180, stack(0x000000976f000000,0x000000976f100000) (1024K)]
  0x00000259d08a7390 JavaThread "C1 CompilerThread0"         daemon [_thread_blocked, id=17088, stack(0x000000976f100000,0x000000976f200000) (1024K)]
  0x00000259d0b36de0 JavaThread "Common-Cleaner"             daemon [_thread_blocked, id=30392, stack(0x000000976f300000,0x000000976f400000) (1024K)]
  0x00000259d0bf01c0 JavaThread "Notification Thread"        daemon [_thread_blocked, id=29592, stack(0x000000976f200000,0x000000976f300000) (1024K)]
  0x00000259d66456b0 JavaThread "Active Thread: Equinox Container: f32d2472-4a69-4ce2-93a1-4d16857a790b"        [_thread_blocked, id=7732, stack(0x000000976fb00000,0x000000976fc00000) (1024K)]
Total: 12

Other Threads:
  0x00000259f7a50bb0 VMThread "VM Thread"                           [id=13496, stack(0x000000976e900000,0x000000976ea00000) (1024K)]
  0x00000259ff33ca00 WatcherThread "VM Periodic Task Thread"        [id=28004, stack(0x000000976e800000,0x000000976e900000) (1024K)]
  0x00000259f79d08e0 WorkerThread "GC Thread#0"                     [id=11920, stack(0x000000976e700000,0x000000976e800000) (1024K)]
  0x00000259d6652740 WorkerThread "GC Thread#1"                     [id=20736, stack(0x000000976f400000,0x000000976f500000) (1024K)]
  0x00000259d60163c0 WorkerThread "GC Thread#2"                     [id=28096, stack(0x000000976f500000,0x000000976f600000) (1024K)]
  0x00000259d665b150 WorkerThread "GC Thread#3"                     [id=27912, stack(0x000000976f600000,0x000000976f700000) (1024K)]
  0x00000259d665b4f0 WorkerThread "GC Thread#4"                     [id=19576, stack(0x000000976f700000,0x000000976f800000) (1024K)]
  0x00000259d665b890 WorkerThread "GC Thread#5"                     [id=25020, stack(0x000000976f800000,0x000000976f900000) (1024K)]
  0x00000259d665bc30 WorkerThread "GC Thread#6"                     [id=8588, stack(0x000000976f900000,0x000000976fa00000) (1024K)]
Total: 9

Threads with active compile tasks:
C2 CompilerThread0  13962 1754       4       java.lang.StringLatin1::inflate (34 bytes)
Total: 1

VM state: not at safepoint (normal execution)

VM Mutex/Monitor currently owned by a thread: None

Heap address: 0x0000000080000000, size: 2048 MB, Compressed Oops mode: 32-bit

CDS archive(s) mapped at: [0x000002598f000000-0x000002598fba0000-0x000002598fba0000), size 12189696, SharedBaseAddress: 0x000002598f000000, ArchiveRelocationMode: 1.
Compressed class space mapped at: 0x0000025990000000-0x00000259d0000000, reserved size: 1073741824
Narrow klass base: 0x000002598f000000, Narrow klass shift: 0, Narrow klass range: 0x100000000

GC Precious Log:
 CardTable entry size: 512
 CPUs: 12 total, 12 available
 Memory: 7896M
 Large Page Support: Disabled
 NUMA Support: Disabled
 Compressed Oops: Enabled (32-bit)
 Alignments: Space 512K, Generation 512K, Heap 2M
 Heap Min Capacity: 100M
 Heap Initial Capacity: 100M
 Heap Max Capacity: 2G
 Pre-touch: Disabled
 Parallel Workers: 10

Heap:
 PSYoungGen      total 29696K, used 28141K [0x00000000d5580000, 0x00000000d7680000, 0x0000000100000000)
  eden space 25600K, 97% used [0x00000000d5580000,0x00000000d6dc1900,0x00000000d6e80000)
  from space 4096K, 80% used [0x00000000d6e80000,0x00000000d71b9e98,0x00000000d7280000)
  to   space 4096K, 0% used [0x00000000d7280000,0x00000000d7280000,0x00000000d7680000)
 ParOldGen       total 68608K, used 16K [0x0000000080000000, 0x0000000084300000, 0x00000000d5580000)
  object space 68608K, 0% used [0x0000000080000000,0x0000000080004000,0x0000000084300000)
 Metaspace       used 7950K, committed 8192K, reserved 1114112K
  class space    used 828K, committed 960K, reserved 1048576K

Card table byte_map: [0x00000259f7350000,0x00000259f7760000] _byte_map_base: 0x00000259f6f50000

Marking Bits: (ParMarkBitMap*) 0x00007ffbec292460
 Begin Bits: [0x00000259fae60000, 0x00000259fce60000)
 End Bits:   [0x00000259fce60000, 0x00000259fee60000)

Polling page: 0x00000259f5800000

Metaspace:

Usage:
  Non-class:      6.95 MB used.
      Class:    828.34 KB used.
       Both:      7.76 MB used.

Virtual space:
  Non-class space:       64.00 MB reserved,       7.06 MB ( 11%) committed,  1 nodes.
      Class space:        1.00 GB reserved,     960.00 KB ( <1%) committed,  1 nodes.
             Both:        1.06 GB reserved,       8.00 MB ( <1%) committed. 

Chunk freelists:
   Non-Class:  8.81 MB
       Class:  14.91 MB
        Both:  23.72 MB

MaxMetaspaceSize: unlimited
CompressedClassSpaceSize: 1.00 GB
Initial GC threshold: 21.00 MB
Current GC threshold: 21.00 MB
CDS: on
 - commit_granule_bytes: 65536.
 - commit_granule_words: 8192.
 - virtual_space_node_default_size: 8388608.
 - enlarge_chunks_in_place: 1.
 - use_allocation_guard: 0.


Internal statistics:

num_allocs_failed_limit: 0.
num_arena_births: 228.
num_arena_deaths: 0.
num_vsnodes_births: 2.
num_vsnodes_deaths: 0.
num_space_committed: 128.
num_space_uncommitted: 0.
num_chunks_returned_to_freelist: 0.
num_chunks_taken_from_freelist: 426.
num_chunk_merges: 0.
num_chunk_splits: 271.
num_chunks_enlarged: 175.
num_inconsistent_stats: 0.

CodeHeap 'non-profiled nmethods': size=120000Kb used=739Kb max_used=739Kb free=119260Kb
 bounds [0x0000025987ad0000, 0x0000025987d40000, 0x000002598f000000]
CodeHeap 'profiled nmethods': size=120000Kb used=3155Kb max_used=3155Kb free=116844Kb
 bounds [0x0000025980000000, 0x0000025980320000, 0x0000025987530000]
CodeHeap 'non-nmethods': size=5760Kb used=1216Kb max_used=1234Kb free=4543Kb
 bounds [0x0000025987530000, 0x00000259877a0000, 0x0000025987ad0000]
CodeCache: size=245760Kb, used=5110Kb, max_used=5128Kb, free=240647Kb
 total_blobs=2242, nmethods=1759, adapters=390, full_count=0
Compilation: enabled, stopped_count=0, restarted_count=0

Compilation events (20 events):
Event: 6.864 Thread 0x00000259d08a7390 1743       3       org.eclipse.osgi.framework.eventmgr.CopyOnWriteIdentityMap$Snapshot$SnapshotIterator::hasNext (15 bytes)
Event: 6.864 Thread 0x00000259d08a7390 nmethod 1743 0x000002598030bf90 code [0x000002598030c140, 0x000002598030c2b8]
Event: 6.867 Thread 0x00000259f7a6c090 1744       4       java.util.StringTokenizer::scanToken (179 bytes)
Event: 6.869 Thread 0x00000259d08a7390 1745       1       org.eclipse.osgi.internal.framework.BundleContextImpl::getBundleImpl (5 bytes)
Event: 6.870 Thread 0x00000259d08a7390 nmethod 1745 0x0000025987b87590 code [0x0000025987b87720, 0x0000025987b877e8]
Event: 6.872 Thread 0x00000259f7a6c090 nmethod 1744 0x0000025987b87890 code [0x0000025987b87aa0, 0x0000025987b88088]
Event: 6.874 Thread 0x00000259d08a7390 1747   !   3       java.util.zip.ZipFile$CleanableResource::getInflater (47 bytes)
Event: 6.874 Thread 0x00000259d08a7390 nmethod 1747 0x000002598030c390 code [0x000002598030c580, 0x000002598030ca90]
Event: 6.874 Thread 0x00000259d08a7390 1748       3       java.util.zip.ZipFile$InflaterCleanupAction::run (12 bytes)
Event: 6.874 Thread 0x00000259d08a7390 nmethod 1748 0x000002598030cc90 code [0x000002598030ce40, 0x000002598030cf90]
Event: 6.874 Thread 0x00000259d08a7390 1749   !   3       java.util.zip.ZipFile$CleanableResource::releaseInflater (53 bytes)
Event: 6.874 Thread 0x00000259d08a7390 nmethod 1749 0x000002598030d090 code [0x000002598030d280, 0x000002598030d6b8]
Event: 6.874 Thread 0x00000259d08a7390 1750   !   3       java.util.zip.Inflater::reset (64 bytes)
Event: 6.875 Thread 0x00000259d08a7390 nmethod 1750 0x000002598030d890 code [0x000002598030da60, 0x000002598030dd68]
Event: 9.925 Thread 0x00000259d08a7390 1751   !   3       java.net.URL::getURLStreamHandler (191 bytes)
Event: 9.925 Thread 0x00000259f7a6c090 1754       4       java.lang.StringLatin1::inflate (34 bytes)
Event: 10.928 Thread 0x00000259d08a7390 nmethod 1751 0x000002598030df10 code [0x000002598030e1c0, 0x000002598030efe8]
Event: 10.928 Thread 0x00000259d08a7390 1759       3       java.io.WinNTFileSystem::normalizePrefix (132 bytes)
Event: 13.935 Thread 0x00000259d08a7390 nmethod 1759 0x000002598030f490 code [0x000002598030f8a0, 0x0000025980311848]
Event: 13.935 Thread 0x00000259d08a7390 1761       3       java.net.URL::toExternalForm (9 bytes)

GC Heap History (2 events):
Event: 2.957 GC heap before
{Heap before GC invocations=1 (full 0):
 PSYoungGen      total 29696K, used 25600K [0x00000000d5580000, 0x00000000d7680000, 0x0000000100000000)
  eden space 25600K, 100% used [0x00000000d5580000,0x00000000d6e80000,0x00000000d6e80000)
  from space 4096K, 0% used [0x00000000d7280000,0x00000000d7280000,0x00000000d7680000)
  to   space 4096K, 0% used [0x00000000d6e80000,0x00000000d6e80000,0x00000000d7280000)
 ParOldGen       total 68608K, used 0K [0x0000000080000000, 0x0000000084300000, 0x00000000d5580000)
  object space 68608K, 0% used [0x0000000080000000,0x0000000080000000,0x0000000084300000)
 Metaspace       used 4342K, committed 4608K, reserved 1114112K
  class space    used 472K, committed 576K, reserved 1048576K
}
Event: 2.980 GC heap after
{Heap after GC invocations=1 (full 0):
 PSYoungGen      total 29696K, used 3303K [0x00000000d5580000, 0x00000000d7680000, 0x0000000100000000)
  eden space 25600K, 0% used [0x00000000d5580000,0x00000000d5580000,0x00000000d6e80000)
  from space 4096K, 80% used [0x00000000d6e80000,0x00000000d71b9e98,0x00000000d7280000)
  to   space 4096K, 0% used [0x00000000d7280000,0x00000000d7280000,0x00000000d7680000)
 ParOldGen       total 68608K, used 16K [0x0000000080000000, 0x0000000084300000, 0x00000000d5580000)
  object space 68608K, 0% used [0x0000000080000000,0x0000000080004000,0x0000000084300000)
 Metaspace       used 4342K, committed 4608K, reserved 1114112K
  class space    used 472K, committed 576K, reserved 1048576K
}

Dll operation events (8 events):
Event: 0.686 Loaded shared library c:\Users\Kavis\.vscode\extensions\redhat.java-1.52.0-win32-x64\jre\21.0.9-win32-x86_64\bin\java.dll
Event: 1.048 Loaded shared library c:\Users\Kavis\.vscode\extensions\redhat.java-1.52.0-win32-x64\jre\21.0.9-win32-x86_64\bin\zip.dll
Event: 1.094 Loaded shared library C:\Users\Kavis\.vscode\extensions\redhat.java-1.52.0-win32-x64\jre\21.0.9-win32-x86_64\bin\instrument.dll
Event: 1.212 Loaded shared library C:\Users\Kavis\.vscode\extensions\redhat.java-1.52.0-win32-x64\jre\21.0.9-win32-x86_64\bin\net.dll
Event: 1.337 Loaded shared library C:\Users\Kavis\.vscode\extensions\redhat.java-1.52.0-win32-x64\jre\21.0.9-win32-x86_64\bin\nio.dll
Event: 1.346 Loaded shared library C:\Users\Kavis\.vscode\extensions\redhat.java-1.52.0-win32-x64\jre\21.0.9-win32-x86_64\bin\zip.dll
Event: 1.393 Loaded shared library C:\Users\Kavis\.vscode\extensions\redhat.java-1.52.0-win32-x64\jre\21.0.9-win32-x86_64\bin\jimage.dll
Event: 1.637 Loaded shared library c:\Users\Kavis\.vscode\extensions\redhat.java-1.52.0-win32-x64\jre\21.0.9-win32-x86_64\bin\verify.dll

Deoptimization events (20 events):
Event: 6.773 Thread 0x00000259f79b3640 DEOPT PACKING pc=0x0000025987b67c08 sp=0x000000976e6fe370
Event: 6.773 Thread 0x00000259f79b3640 DEOPT UNPACKING pc=0x0000025987583aa2 sp=0x000000976e6fe298 mode 2
Event: 6.774 Thread 0x00000259f79b3640 Uncommon trap: trap_request=0xffffffde fr.pc=0x0000025987b022b8 relative=0x0000000000000478
Event: 6.774 Thread 0x00000259f79b3640 Uncommon trap: reason=class_check action=maybe_recompile pc=0x0000025987b022b8 method=java.util.HashMap.putVal(ILjava/lang/Object;Ljava/lang/Object;ZZ)Ljava/lang/Object; @ 253 c2
Event: 6.774 Thread 0x00000259f79b3640 DEOPT PACKING pc=0x0000025987b022b8 sp=0x000000976e6fe1d0
Event: 6.774 Thread 0x00000259f79b3640 DEOPT UNPACKING pc=0x0000025987583aa2 sp=0x000000976e6fe190 mode 2
Event: 6.838 Thread 0x00000259f79b3640 Uncommon trap: trap_request=0xffffff45 fr.pc=0x0000025987b72c5c relative=0x00000000000000bc
Event: 6.838 Thread 0x00000259f79b3640 Uncommon trap: reason=unstable_if action=reinterpret pc=0x0000025987b72c5c method=java.util.LinkedHashMap.afterNodeAccess(Ljava/util/HashMap$Node;)V @ 19 c2
Event: 6.838 Thread 0x00000259f79b3640 DEOPT PACKING pc=0x0000025987b72c5c sp=0x000000976e6fce50
Event: 6.838 Thread 0x00000259f79b3640 DEOPT UNPACKING pc=0x0000025987583aa2 sp=0x000000976e6fcdb8 mode 2
Event: 6.840 Thread 0x00000259f79b3640 DEOPT PACKING pc=0x000002598017ce08 sp=0x000000976e6fc520
Event: 6.840 Thread 0x00000259f79b3640 DEOPT UNPACKING pc=0x0000025987584242 sp=0x000000976e6fb9a0 mode 0
Event: 6.841 Thread 0x00000259f79b3640 DEOPT PACKING pc=0x000002598017ce08 sp=0x000000976e6fc830
Event: 6.841 Thread 0x00000259f79b3640 DEOPT UNPACKING pc=0x0000025987584242 sp=0x000000976e6fbcb0 mode 0
Event: 6.842 Thread 0x00000259f79b3640 DEOPT PACKING pc=0x000002598017ce08 sp=0x000000976e6fc780
Event: 6.842 Thread 0x00000259f79b3640 DEOPT UNPACKING pc=0x0000025987584242 sp=0x000000976e6fbc00 mode 0
Event: 6.842 Thread 0x00000259f79b3640 DEOPT PACKING pc=0x000002598017ce08 sp=0x000000976e6fca80
Event: 6.842 Thread 0x00000259f79b3640 DEOPT UNPACKING pc=0x0000025987584242 sp=0x000000976e6fbf00 mode 0
Event: 13.935 Thread 0x00000259f79b3640 DEOPT PACKING pc=0x00000259800b9cb9 sp=0x000000976e6fe920
Event: 13.935 Thread 0x00000259f79b3640 DEOPT UNPACKING pc=0x0000025987584242 sp=0x000000976e6fde20 mode 0

Classes loaded (20 events):
Event: 6.833 Loading class java/security/KeyStoreException
Event: 6.833 Loading class java/security/KeyStoreException done
Event: 6.863 Loading class java/util/LinkedList$Node
Event: 6.864 Loading class java/util/LinkedList$Node done
Event: 6.864 Loading class java/util/LinkedList$ListItr
Event: 6.864 Loading class java/util/LinkedList$ListItr done
Event: 6.865 Loading class java/lang/Thread$Builder$OfPlatform
Event: 6.865 Loading class java/lang/Thread$Builder
Event: 6.865 Loading class java/lang/Thread$Builder done
Event: 6.865 Loading class java/lang/Thread$Builder$OfPlatform done
Event: 6.865 Loading class java/lang/Thread$Builder$OfVirtual
Event: 6.865 Loading class java/lang/Thread$Builder$OfVirtual done
Event: 6.872 Loading class sun/nio/fs/WindowsChannelFactory
Event: 6.872 Loading class sun/nio/fs/WindowsChannelFactory done
Event: 6.872 Loading class sun/nio/fs/WindowsChannelFactory$1
Event: 6.872 Loading class sun/nio/fs/WindowsChannelFactory$1 done
Event: 6.872 Loading class sun/nio/fs/WindowsChannelFactory$Flags
Event: 6.873 Loading class sun/nio/fs/WindowsChannelFactory$Flags done
Event: 6.873 Loading class sun/nio/ch/FileChannelImpl$Closer
Event: 6.873 Loading class sun/nio/ch/FileChannelImpl$Closer done

Classes unloaded (0 events):
No events

Classes redefined (0 events):
No events

Internal exceptions (20 events):
Event: 2.541 Thread 0x00000259f79b3640 Exception <a 'java/lang/NoSuchMethodError'{0x00000000d6600598}: 'java.lang.Object java.lang.invoke.DirectMethodHandle$Holder.invokeInterface(java.lang.Object, java.lang.Object, int)'> (0x00000000d6600598) 
thrown [s\src\hotspot\share\interpreter\linkResolver.cpp, line 773]
Event: 2.825 Thread 0x00000259f79b3640 Exception <a 'java/lang/NoSuchMethodError'{0x00000000d6a66a10}: 'java.lang.ClassLoader java.lang.ClassLoader.getPlatformClassLoader(java.lang.Class)'> (0x00000000d6a66a10) 
thrown [s\src\hotspot\share\interpreter\linkResolver.cpp, line 773]
Event: 2.984 Thread 0x00000259f79b3640 Exception <a 'java/lang/ClassNotFoundException'{0x00000000d5585890}: sun/net/www/protocol/c/Handler> (0x00000000d5585890) 
thrown [s\src\hotspot\share\classfile\systemDictionary.cpp, line 312]
Event: 2.985 Thread 0x00000259f79b3640 Exception <a 'java/lang/ClassNotFoundException'{0x00000000d5586c08}: sun/net/www/protocol/c/Handler> (0x00000000d5586c08) 
thrown [s\src\hotspot\share\classfile\systemDictionary.cpp, line 312]
Event: 2.985 Thread 0x00000259f79b3640 Exception <a 'java/lang/ClassNotFoundException'{0x00000000d5587da8}: sun/net/www/protocol/c/Handler> (0x00000000d5587da8) 
thrown [s\src\hotspot\share\classfile\systemDictionary.cpp, line 312]
Event: 3.004 Thread 0x00000259f79b3640 Exception <a 'java/io/FileNotFoundException'{0x00000000d55b1950}> (0x00000000d55b1950) 
thrown [s\src\hotspot\share\prims\jni.cpp, line 520]
Event: 3.084 Thread 0x00000259f79b3640 Implicit null exception at 0x0000025987b2b829 to 0x0000025987b2c09c
Event: 3.085 Thread 0x00000259f79b3640 Implicit null exception at 0x0000025987b30f1a to 0x0000025987b31120
Event: 3.086 Thread 0x00000259f79b3640 Exception <a 'java/lang/NoSuchMethodError'{0x00000000d56e2bf8}: 'void java.lang.invoke.DirectMethodHandle$Holder.invokeStatic(java.lang.Object, java.lang.Object, java.lang.Object, java.lang.Object)'> (0x00000000d56e2bf8) 
thrown [s\src\hotspot\share\interpreter\linkResolver.cpp, line 773]
Event: 3.089 Thread 0x00000259f79b3640 Implicit null exception at 0x0000025987b3481a to 0x0000025987b34a24
Event: 3.089 Thread 0x00000259f79b3640 Implicit null exception at 0x0000025987b2fdbd to 0x0000025987b2fe41
Event: 3.337 Thread 0x00000259f79b3640 Exception <a 'java/lang/NoSuchMethodError'{0x00000000d59cde10}: 'void java.lang.invoke.DirectMethodHandle$Holder.invokeSpecial(java.lang.Object, java.lang.Object, java.lang.Object)'> (0x00000000d59cde10) 
thrown [s\src\hotspot\share\interpreter\linkResolver.cpp, line 773]
Event: 4.615 Thread 0x00000259f79b3640 Exception <a 'java/lang/NoSuchMethodError'{0x00000000d6447818}: 'int java.lang.invoke.DirectMethodHandle$Holder.invokeVirtual(java.lang.Object, java.lang.Object)'> (0x00000000d6447818) 
thrown [s\src\hotspot\share\interpreter\linkResolver.cpp, line 773]
Event: 4.671 Thread 0x00000259f79b3640 Exception <a 'java/lang/NoSuchMethodError'{0x00000000d65be998}: 'int java.lang.invoke.DirectMethodHandle$Holder.invokeStaticInit(java.lang.Object, java.lang.Object, java.lang.Object, java.lang.Object)'> (0x00000000d65be998) 
thrown [s\src\hotspot\share\interpreter\linkResolver.cpp, line 773]
Event: 4.672 Thread 0x00000259f79b3640 Exception <a 'java/lang/IncompatibleClassChangeError'{0x00000000d65c6da0}: Found class java.lang.Object, but interface was expected> (0x00000000d65c6da0) 
thrown [s\src\hotspot\share\interpreter\linkResolver.cpp, line 840]
Event: 4.672 Thread 0x00000259f79b3640 Exception <a 'java/lang/NoSuchMethodError'{0x00000000d65cd350}: 'void java.lang.invoke.DirectMethodHandle$Holder.invokeStaticInit(java.lang.Object, java.lang.Object)'> (0x00000000d65cd350) 
thrown [s\src\hotspot\share\interpreter\linkResolver.cpp, line 773]
Event: 4.673 Thread 0x00000259f79b3640 Exception <a 'java/lang/NoSuchMethodError'{0x00000000d65d84e8}: 'int java.lang.invoke.DirectMethodHandle$Holder.invokeStaticInit(java.lang.Object, java.lang.Object)'> (0x00000000d65d84e8) 
thrown [s\src\hotspot\share\interpreter\linkResolver.cpp, line 773]
Event: 5.737 Thread 0x00000259f79b3640 Exception <a 'java/lang/NoSuchMethodError'{0x00000000d681d8a8}: 'java.lang.Object java.lang.invoke.DirectMethodHandle$Holder.newInvokeSpecial(java.lang.Object, int, java.lang.Object)'> (0x00000000d681d8a8) 
thrown [s\src\hotspot\share\interpreter\linkResolver.cpp, line 773]
Event: 6.806 Thread 0x00000259f79b3640 Exception <a 'java/lang/ClassNotFoundException'{0x00000000d6a36a20}: sun/net/www/protocol/plurl/Handler> (0x00000000d6a36a20) 
thrown [s\src\hotspot\share\classfile\systemDictionary.cpp, line 312]
Event: 6.806 Thread 0x00000259f79b3640 Exception <a 'java/lang/ClassNotFoundException'{0x00000000d6a378a0}: sun/net/www/protocol/plurl/Handler> (0x00000000d6a378a0) 
thrown [s\src\hotspot\share\classfile\systemDictionary.cpp, line 312]

ZGC Phase Switch (0 events):
No events

VM Operations (20 events):
Event: 2.283 Executing VM operation: HandshakeAllThreads (Deoptimize)
Event: 2.283 Executing VM operation: HandshakeAllThreads (Deoptimize) done
Event: 2.957 Executing VM operation: ParallelGCFailedAllocation (Allocation Failure)
Event: 2.980 Executing VM operation: ParallelGCFailedAllocation (Allocation Failure) done
Event: 3.983 Executing VM operation: Cleanup
Event: 3.983 Executing VM operation: Cleanup done
Event: 4.696 Executing VM operation: HandshakeAllThreads (Deoptimize)
Event: 4.696 Executing VM operation: HandshakeAllThreads (Deoptimize) done
Event: 4.712 Executing VM operation: HandshakeAllThreads (Deoptimize)
Event: 4.712 Executing VM operation: HandshakeAllThreads (Deoptimize) done
Event: 5.720 Executing VM operation: Cleanup
Event: 5.720 Executing VM operation: Cleanup done
Event: 6.722 Executing VM operation: Cleanup
Event: 6.768 Executing VM operation: Cleanup done
Event: 6.785 Executing VM operation: HandshakeAllThreads (Deoptimize)
Event: 6.785 Executing VM operation: HandshakeAllThreads (Deoptimize) done
Event: 6.801 Executing VM operation: HandshakeAllThreads (Deoptimize)
Event: 6.801 Executing VM operation: HandshakeAllThreads (Deoptimize) done
Event: 7.815 Executing VM operation: Cleanup
Event: 7.815 Executing VM operation: Cleanup done

Memory protections (0 events):
No events

Nmethod flushes (0 events):
No events

Events (16 events):
Event: 0.820 Thread 0x00000259f79b3640 Thread added: 0x00000259f79b3640
Event: 0.865 Thread 0x00000259f79b3640 Thread added: 0x00000259f7a55380
Event: 0.865 Thread 0x00000259f79b3640 Thread added: 0x00000259f7a56f40
Event: 0.867 Thread 0x00000259f79b3640 Thread added: 0x00000259f7a5a090
Event: 0.867 Thread 0x00000259f79b3640 Thread added: 0x00000259f7a5ace0
Event: 0.867 Thread 0x00000259f79b3640 Thread added: 0x00000259f7a5ed00
Event: 0.867 Thread 0x00000259f79b3640 Thread added: 0x00000259f7a5f880
Event: 0.867 Thread 0x00000259f79b3640 Thread added: 0x00000259f7a6c090
Event: 0.867 Thread 0x00000259f79b3640 Thread added: 0x00000259d08a7390
Event: 1.062 Thread 0x00000259d08a7390 Thread added: 0x00000259d0a234d0
Event: 1.099 Thread 0x00000259f79b3640 Thread added: 0x00000259d0b36de0
Event: 1.349 Thread 0x00000259d0a234d0 Thread exited: 0x00000259d0a234d0
Event: 1.855 Thread 0x00000259f79b3640 Thread added: 0x00000259d0bf01c0
Event: 3.397 Thread 0x00000259d08a7390 Thread added: 0x00000259d63764f0
Event: 4.681 Thread 0x00000259f79b3640 Thread added: 0x00000259d66456b0
Event: 5.736 Thread 0x00000259d63764f0 Thread exited: 0x00000259d63764f0


Dynamic libraries:
0x00007ff6f8d30000 - 0x00007ff6f8d3e000 	c:\Users\Kavis\.vscode\extensions\redhat.java-1.52.0-win32-x64\jre\21.0.9-win32-x86_64\bin\java.exe
0x00007ffc46d20000 - 0x00007ffc46f87000 	C:\WINDOWS\SYSTEM32\ntdll.dll
0x00007ffc45f90000 - 0x00007ffc46059000 	C:\WINDOWS\System32\KERNEL32.DLL
0x00007ffc445d0000 - 0x00007ffc449bf000 	C:\WINDOWS\System32\KERNELBASE.dll
0x00007ffc43e70000 - 0x00007ffc43fbb000 	C:\WINDOWS\System32\ucrtbase.dll
0x00007ffc02a50000 - 0x00007ffc02a6e000 	c:\Users\Kavis\.vscode\extensions\redhat.java-1.52.0-win32-x64\jre\21.0.9-win32-x86_64\bin\VCRUNTIME140.dll
0x00007ffc31ce0000 - 0x00007ffc31cf8000 	c:\Users\Kavis\.vscode\extensions\redhat.java-1.52.0-win32-x64\jre\21.0.9-win32-x86_64\bin\jli.dll
0x00007ffc44b40000 - 0x00007ffc44d05000 	C:\WINDOWS\System32\USER32.dll
0x00007ffc44a90000 - 0x00007ffc44ab7000 	C:\WINDOWS\System32\win32u.dll
0x00007ffc24ac0000 - 0x00007ffc24d53000 	C:\WINDOWS\WinSxS\amd64_microsoft.windows.common-controls_6595b64144ccf1df_6.0.26100.7309_none_3e05feeae336a044\COMCTL32.dll
0x00007ffc46cb0000 - 0x00007ffc46cdb000 	C:\WINDOWS\System32\GDI32.dll
0x00007ffc44d90000 - 0x00007ffc44e39000 	C:\WINDOWS\System32\msvcrt.dll
0x00007ffc43fc0000 - 0x00007ffc440ec000 	C:\WINDOWS\System32\gdi32full.dll
0x00007ffc44270000 - 0x00007ffc44313000 	C:\WINDOWS\System32\msvcp_win.dll
0x00007ffc46440000 - 0x00007ffc46471000 	C:\WINDOWS\System32\IMM32.DLL
0x00007ffc32630000 - 0x00007ffc3263c000 	c:\Users\Kavis\.vscode\extensions\redhat.java-1.52.0-win32-x64\jre\21.0.9-win32-x86_64\bin\vcruntime140_1.dll
0x00007ffc0f720000 - 0x00007ffc0f7ad000 	c:\Users\Kavis\.vscode\extensions\redhat.java-1.52.0-win32-x64\jre\21.0.9-win32-x86_64\bin\msvcp140.dll
0x00007ffbeb5d0000 - 0x00007ffbec370000 	c:\Users\Kavis\.vscode\extensions\redhat.java-1.52.0-win32-x64\jre\21.0.9-win32-x86_64\bin\server\jvm.dll
0x00007ffc45a40000 - 0x00007ffc45af4000 	C:\WINDOWS\System32\ADVAPI32.dll
0x00007ffc45170000 - 0x00007ffc45216000 	C:\WINDOWS\System32\sechost.dll
0x00007ffc45040000 - 0x00007ffc45158000 	C:\WINDOWS\System32\RPCRT4.dll
0x00007ffc44ac0000 - 0x00007ffc44b34000 	C:\WINDOWS\System32\WS2_32.dll
0x00007ffc43cd0000 - 0x00007ffc43d2e000 	C:\WINDOWS\SYSTEM32\POWRPROF.dll
0x00007ffc38910000 - 0x00007ffc38945000 	C:\WINDOWS\SYSTEM32\WINMM.dll
0x00007ffc3c330000 - 0x00007ffc3c33b000 	C:\WINDOWS\SYSTEM32\VERSION.dll
0x00007ffc43cb0000 - 0x00007ffc43cc4000 	C:\WINDOWS\SYSTEM32\UMPDC.dll
0x00007ffc42c20000 - 0x00007ffc42c3b000 	C:\WINDOWS\SYSTEM32\kernel.appcore.dll
0x00007ffc2e2c0000 - 0x00007ffc2e2ca000 	c:\Users\Kavis\.vscode\extensions\redhat.java-1.52.0-win32-x64\jre\21.0.9-win32-x86_64\bin\jimage.dll
0x00007ffc41570000 - 0x00007ffc417b2000 	C:\WINDOWS\SYSTEM32\DBGHELP.DLL
0x00007ffc46770000 - 0x00007ffc46af6000 	C:\WINDOWS\System32\combase.dll
0x00007ffc44f60000 - 0x00007ffc45036000 	C:\WINDOWS\System32\OLEAUT32.dll
0x00007ffc20ef0000 - 0x00007ffc20f2c000 	C:\WINDOWS\SYSTEM32\dbgcore.DLL
0x00007ffc44490000 - 0x00007ffc44535000 	C:\WINDOWS\System32\bcryptPrimitives.dll
0x00007ffc2e2b0000 - 0x00007ffc2e2bf000 	c:\Users\Kavis\.vscode\extensions\redhat.java-1.52.0-win32-x64\jre\21.0.9-win32-x86_64\bin\instrument.dll
0x00007ffc15500000 - 0x00007ffc15520000 	c:\Users\Kavis\.vscode\extensions\redhat.java-1.52.0-win32-x64\jre\21.0.9-win32-x86_64\bin\java.dll
0x00007ffc45220000 - 0x00007ffc45973000 	C:\WINDOWS\System32\SHELL32.dll
0x00007ffc44320000 - 0x00007ffc4448a000 	C:\WINDOWS\System32\wintypes.dll
0x00007ffc41a50000 - 0x00007ffc422ae000 	C:\WINDOWS\SYSTEM32\windows.storage.dll
0x00007ffc46bb0000 - 0x00007ffc46ca5000 	C:\WINDOWS\System32\SHCORE.dll
0x00007ffc46080000 - 0x00007ffc460e6000 	C:\WINDOWS\System32\shlwapi.dll
0x00007ffc43d90000 - 0x00007ffc43db9000 	C:\WINDOWS\SYSTEM32\profapi.dll
0x00007ffc14800000 - 0x00007ffc14818000 	c:\Users\Kavis\.vscode\extensions\redhat.java-1.52.0-win32-x64\jre\21.0.9-win32-x86_64\bin\zip.dll
0x00007ffc2ab80000 - 0x00007ffc2ab90000 	C:\Users\Kavis\.vscode\extensions\redhat.java-1.52.0-win32-x64\jre\21.0.9-win32-x86_64\bin\net.dll
0x00007ffc3a7a0000 - 0x00007ffc3a8c8000 	C:\WINDOWS\SYSTEM32\WINHTTP.dll
0x00007ffc43190000 - 0x00007ffc431fb000 	C:\WINDOWS\system32\mswsock.dll
0x00007ffc10b90000 - 0x00007ffc10ba6000 	C:\Users\Kavis\.vscode\extensions\redhat.java-1.52.0-win32-x64\jre\21.0.9-win32-x86_64\bin\nio.dll
0x00007ffc1fcc0000 - 0x00007ffc1fcd0000 	c:\Users\Kavis\.vscode\extensions\redhat.java-1.52.0-win32-x64\jre\21.0.9-win32-x86_64\bin\verify.dll

JVMTI agents:
c:\Users\Kavis\.vscode\extensions\redhat.java-1.52.0-win32-x64\lombok\lombok-1.18.39-4050.jar path:c:\Users\Kavis\.vscode\extensions\redhat.java-1.52.0-win32-x64\jre\21.0.9-win32-x86_64\bin\instrument.dll, loaded, initialized, instrumentlib options:none

dbghelp: loaded successfully - version: 4.0.5 - missing functions: none
symbol engine: initialized successfully - sym options: 0x614 - pdb path: .;c:\Users\Kavis\.vscode\extensions\redhat.java-1.52.0-win32-x64\jre\21.0.9-win32-x86_64\bin;C:\WINDOWS\SYSTEM32;C:\WINDOWS\WinSxS\amd64_microsoft.windows.common-controls_6595b64144ccf1df_6.0.26100.7309_none_3e05feeae336a044;c:\Users\Kavis\.vscode\extensions\redhat.java-1.52.0-win32-x64\jre\21.0.9-win32-x86_64\bin\server

VM Arguments:
jvm_args: --add-modules=ALL-SYSTEM --add-opens=java.base/java.util=ALL-UNNAMED --add-opens=java.base/java.lang=ALL-UNNAMED --add-opens=java.base/sun.nio.fs=ALL-UNNAMED -Declipse.application=org.eclipse.jdt.ls.core.id1 -Dosgi.bundles.defaultStartLevel=4 -Declipse.product=org.eclipse.jdt.ls.core.product -Djava.import.generatesMetadataFilesAtProjectRoot=false -DDetectVMInstallationsJob.disabled=true -Dfile.encoding=utf8 -XX:+UseParallelGC -XX:GCTimeRatio=4 -XX:AdaptiveSizePolicyWeight=90 -Dsun.zip.disableMemoryMapping=true -Xmx2G -Xms100m -Xlog:disable -javaagent:c:\Users\Kavis\.vscode\extensions\redhat.java-1.52.0-win32-x64\lombok\lombok-1.18.39-4050.jar -XX:+HeapDumpOnOutOfMemoryError -XX:HeapDumpPath=c:\Users\Kavis\AppData\Roaming\Code\User\workspaceStorage\ad1adb9262e567f18e865202dfb941a7\redhat.java -Daether.dependencyCollector.impl=bf 
java_command: c:\Users\Kavis\.vscode\extensions\redhat.java-1.52.0-win32-x64\server\plugins\org.eclipse.equinox.launcher_1.7.100.v20251111-0406.jar -configuration c:\Users\Kavis\AppData\Roaming\Code\User\globalStorage\redhat.java\1.52.0\config_win -data c:\Users\Kavis\AppData\Roaming\Code\User\workspaceStorage\ad1adb9262e567f18e865202dfb941a7\redhat.java\jdt_ws --pipe=\\.\pipe\lsp-9b29e242de247b6bfabb05af54aa4db0-sock
java_class_path (initial): c:\Users\Kavis\.vscode\extensions\redhat.java-1.52.0-win32-x64\server\plugins\org.eclipse.equinox.launcher_1.7.100.v20251111-0406.jar
Launcher Type: SUN_STANDARD

[Global flags]
    uintx AdaptiveSizePolicyWeight                 = 90                                        {product} {command line}
     intx CICompilerCount                          = 4                                         {product} {ergonomic}
    uintx GCTimeRatio                              = 4                                         {product} {command line}
     bool HeapDumpOnOutOfMemoryError               = true                                   {manageable} {command line}
    ccstr HeapDumpPath                             = c:\Users\Kavis\AppData\Roaming\Code\User\workspaceStorage\ad1adb9262e567f18e865202dfb941a7\redhat.java         {manageable} {command line}
   size_t InitialHeapSize                          = 104857600                                 {product} {command line}
   size_t MaxHeapSize                              = 2147483648                                {product} {command line}
   size_t MaxNewSize                               = 715653120                                 {product} {ergonomic}
   size_t MinHeapDeltaBytes                        = 524288                                    {product} {ergonomic}
   size_t MinHeapSize                              = 104857600                                 {product} {command line}
   size_t NewSize                                  = 34603008                                  {product} {ergonomic}
    uintx NonNMethodCodeHeapSize                   = 5839372                                {pd product} {ergonomic}
    uintx NonProfiledCodeHeapSize                  = 122909434                              {pd product} {ergonomic}
   size_t OldSize                                  = 70254592                                  {product} {ergonomic}
    uintx ProfiledCodeHeapSize                     = 122909434                              {pd product} {ergonomic}
    uintx ReservedCodeCacheSize                    = 251658240                              {pd product} {ergonomic}
     bool SegmentedCodeCache                       = true                                      {product} {ergonomic}
   size_t SoftMaxHeapSize                          = 2147483648                             {manageable} {ergonomic}
     bool UseCompressedOops                        = true                           {product lp64_product} {ergonomic}
     bool UseLargePagesIndividualAllocation        = false                                  {pd product} {ergonomic}
     bool UseParallelGC                            = true                                      {product} {command line}

Logging:
Log output configuration:
 #0: stdout all=off uptime,level,tags foldmultilines=false
 #1: stderr all=off uptime,level,tags foldmultilines=false

Release file:
JAVA_VERSION="21.0.9" 
MODULES="java.base java.compiler java.datatransfer java.xml java.prefs java.desktop java.instrument java.logging java.management java.security.sasl java.naming java.rmi java.management.rmi java.net.http java.scripting java.security.jgss java.transaction.xa java.sql java.sql.rowset java.xml.crypto java.se java.smartcardio jdk.accessibility jdk.internal.jvmstat jdk.attach jdk.charsets jdk.internal.opt jdk.zipfs jdk.compiler jdk.crypto.ec jdk.crypto.cryptoki jdk.crypto.mscapi jdk.dynalink jdk.internal.ed jdk.editpad jdk.hotspot.agent jdk.httpserver jdk.internal.le jdk.internal.vm.ci jdk.internal.vm.compiler jdk.internal.vm.compiler.management jdk.jartool jdk.javadoc jdk.jcmd jdk.management jdk.management.agent jdk.jconsole jdk.jdeps jdk.jdwp.agent jdk.jdi jdk.jfr jdk.jshell jdk.jsobject jdk.jstatd jdk.localedata jdk.management.jfr jdk.naming.dns jdk.naming.rmi jdk.net jdk.nio.mapmode jdk.random jdk.sctp jdk.security.auth jdk.security.jgss jdk.unsupported jdk.unsupported.desktop jdk.xml.dom" 

Environment Variables:
JAVA_HOME=C:\Program Files\Java\jdk-21
PATH=C:\Program Files\Common Files\Oracle\Java\javapath;C:\Python313\Scripts\;C:\Python313\;C:\Program Files\Eclipse Adoptium\jdk-17.0.15.6-hotspot\bin;C:\Program Files\Python312\Scripts\;C:\Program Files\Python312\;C:\WINDOWS\system32;C:\WINDOWS;C:\WINDOWS\System32\Wbem;C:\WINDOWS\System32\WindowsPowerShell\v1.0\;C:\WINDOWS\System32\OpenSSH\;C:\Program Files\dotnet\;C:\ProgramData\chocolatey\bin;C:\Program Files (x86)\NVIDIA Corporation\PhysX\Common;C:\Program Files\Microsoft\Web Platform Installer\;C:\Program Files (x86)\Microsoft ASP.NET\ASP.NET Web Pages\v1.0\;C:\Program Files\Microsoft SQL Server\110\Tools\Binn\;C:\Program Files\Microsoft SQL Server\120\Tools\Binn\;C:\Program Files\Microsoft SQL Server\130\Tools\Binn\;C:\Program Files\Git\cmd;C:\Program Files\Microsoft SQL Server\150\Tools\Binn\;C:\WINDOWS\system32;C:\WINDOWS;C:\WINDOWS\System32\Wbem;C:\WINDOWS\System32\WindowsPowerShell\v1.0\;C:\WINDOWS\System32\OpenSSH\;C:\Program Files\NVIDIA Corporation\NVIDIA App\NvDLISR;C:\Program Files\CMake\bin;C:\php;C:\Program Files\CodeBlocks\MinGW\bin;C:\NASM;C:\Program Files\Docker\Docker\resources\bin;C:\flutter\bin;C:\adb\platform-tools;C:\apache-cassandra-3.11.10\bin;C:\Program Files\MongoDB\Server\8.0\bin;C:\Python313\Scripts\;C:\Python313\;C:\Program Files\Python312\Scripts\;C:\Program Files\Python312\;C:\WINDOWS\system32;C:\WINDOWS;C:\WINDOWS\System32\Wbem;C:\WINDOWS\System32\WindowsPowerShell\v1.0\;C:\WINDOWS\System32\OpenSSH\;C:\Program Files\dotnet\;C:\ProgramData\chocolatey\bin;C:\Program Files (x86)\NVIDIA Corporation\PhysX\Common;C:\Program Files\Microsoft\Web Platform Installer\;C:\Program Files (x86)\Microsoft ASP.NET\ASP.NET Web Pages\v1.0\;C:\Program Files\Microsoft SQL Server\110\Tools\Binn\;C:\Program Files\Microsoft SQL Server\120\Tools\Binn\;C:\Program Files\Microsoft SQL Server\130\Tools\Binn\;C:\Program Files\Git\cmd;C:\Program Files\Microsoft SQL Server\150\Tools\Binn\;C:\WINDOWS\system32;C:\WINDOWS;C:\WINDOWS\System32\Wbem;C:\WINDOWS\System32\WindowsPowerShell\v1.0\;C:\WINDOWS\System32\OpenSSH\;C:\Program Files\NVIDIA Corporation\NVIDIA App\NvDLISR;C:\Program Files\CMake\bi;C:\Users\Kavis\AppData\Local\ipinfo;C:\Program Files\Java\jdk-21\bin;C:\Program Files\apache-maven-3.9.11\bin;C:\Users\Kavis\AppData\Local\Pub\Cache\bin;C:\Program Files\nvm;C:\Program Files\nodejs;C:\Program Files\nvm;C:\Program Files\Microsoft SQL Server\170\Tools\Binn\;C:\Program Files\Microsoft SQL Server\Client SDK\ODBC\170\Tools\Binn\;C:\Program Files\Eclipse Adoptium\jdk-21.0.8.9-hotspot\bin;C:\Python313\Scripts\;C:\Python313\;C:\Program Files\Eclipse Adoptium\jdk-17.0.15.6-hotspot\bin;C:\Program Files\Python312\Scripts\;C:\Program Files\Python312\;C:\WINDOWS\system32;C:\WINDOWS;C:\WINDOWS\System32\Wbem;C:\WINDOWS\System32\WindowsPowerShell\v1.0\;C:\WINDOWS\System32\OpenSSH\;C:\Program Files\dotnet\;C:\ProgramData\chocolatey\bin;C:\Program Files (x86)\NVIDIA Corporation\PhysX\Common;C:\Program Files\Microsoft\Web Platform Installer\;C:\Program Files (x86)\Microsoft ASP.NET\ASP.NET Web Pages\v1.0\;C:\Program Files\Microsoft SQL Server\110\Tools\Binn\;C:\Program Files\Microsoft SQL Server\120\Tools\Binn\;C:\Program Files\Microsoft SQL Server\130\Tools\Binn\;C:\Program Files\Git\cmd;C:\Program Files\Microsoft SQL Server\150\Tools\Binn\;C:\WINDOWS\system32;C:\WINDOWS;C:\WINDOWS\System32\Wbem;C:\WINDOWS\System32\WindowsPowerShell\v1.0\;C:\WINDOWS\System32\OpenSSH\;C:\Program Files\NVIDIA Corporation\NVIDIA App\NvDLISR;C:\Program Files\CMake\bi;C:\Users\Kavis\AppData\Local\GitHubDesktop\bin;C:\Program Files\nvm;C:\Program Files\nodejs;C:\Users\Kavis\.dotnet\tools
USERNAME=Kavis
OS=Windows_NT
PROCESSOR_IDENTIFIER=Intel64 Family 6 Model 154 Stepping 4, GenuineIntel
TMP=C:\Users\Kavis\AppData\Local\Temp
TEMP=C:\Users\Kavis\AppData\Local\Temp




Periodic native trim disabled

---------------  S Y S T E M  ---------------

OS:
 Windows 11 , 64 bit Build 26100 (10.0.26100.7623)
OS uptime: 5 days 12:01 hours
Hyper-V role detected

CPU: total 12 (initial active 12) (6 cores per cpu, 2 threads per core) family 6 model 154 stepping 4 microcode 0x423, cx8, cmov, fxsr, ht, mmx, 3dnowpref, sse, sse2, sse3, ssse3, sse4.1, sse4.2, popcnt, lzcnt, tsc, tscinvbit, avx, avx2, aes, erms, clmul, bmi1, bmi2, adx, sha, fma, vzeroupper, clflush, clflushopt, clwb, hv, serialize, rdtscp, rdpid, fsrm, f16c, cet_ibt, cet_ss
Processor Information for processor 0
  Max Mhz: 1300, Current Mhz: 1300, Mhz Limit: 1300
Processor Information for processor 1
  Max Mhz: 1300, Current Mhz: 1300, Mhz Limit: 1300
Processor Information for processor 2
  Max Mhz: 1300, Current Mhz: 1300, Mhz Limit: 1300
Processor Information for processor 3
  Max Mhz: 1300, Current Mhz: 1300, Mhz Limit: 1300
Processor Information for processor 4
  Max Mhz: 1300, Current Mhz: 900, Mhz Limit: 897
Processor Information for processor 5
  Max Mhz: 1300, Current Mhz: 900, Mhz Limit: 897
Processor Information for processor 6
  Max Mhz: 1300, Current Mhz: 900, Mhz Limit: 897
Processor Information for processor 7
  Max Mhz: 1300, Current Mhz: 900, Mhz Limit: 897
Processor Information for processor 8
  Max Mhz: 1300, Current Mhz: 900, Mhz Limit: 897
Processor Information for processor 9
  Max Mhz: 1300, Current Mhz: 900, Mhz Limit: 897
Processor Information for processor 10
  Max Mhz: 1300, Current Mhz: 900, Mhz Limit: 897
Processor Information for processor 11
  Max Mhz: 1300, Current Mhz: 900, Mhz Limit: 897

Memory: 4k page, system-wide physical 7896M (478M free)
TotalPageFile size 17896M (AvailPageFile size 0M)
current process WorkingSet (physical memory assigned to process): 83M, peak: 87M
current process commit charge ("private bytes"): 240M, peak: 245M

vm_info: OpenJDK 64-Bit Server VM (21.0.9+10-LTS) for windows-amd64 JRE (21.0.9+10-LTS), built on 2025-10-21T00:00:00Z by "admin" with unknown MS VC++:1942

END.
