#
# There is insufficient memory for the Java Runtime Environment to continue.
# Native memory allocation (malloc) failed to allocate 2305264 bytes. Error detail: Chunk::new
# Possible reasons:
#   The system is out of physical RAM or swap space
#   This process is running with CompressedOops enabled, and the Java Heap may be blocking the growth of the native heap
# Possible solutions:
#   Reduce memory load on the system
#   Increase physical memory or swap space
#   Check if swap backing store is full
#   Decrease Java heap size (-Xmx/-Xms)
#   Decrease number of Java threads
#   Decrease Java thread stack sizes (-Xss)
#   Set larger code cache with -XX:ReservedCodeCacheSize=
#   JVM is running with Unscaled Compressed Oops mode in which the Java heap is
#     placed in the first 4GB address space. The Java Heap base address is the
#     maximum limit for the native heap growth. Please use -XX:HeapBaseMinAddress
#     to set the Java Heap base and to place the Java Heap above 4GB virtual address.
# This output file may be truncated or incomplete.
#
#  Out of Memory Error (arena.cpp:168), pid=21344, tid=18368
#
# JRE version: OpenJDK Runtime Environment Temurin-21.0.9+10 (21.0.9+10) (build 21.0.9+10-LTS)
# Java VM: OpenJDK 64-Bit Server VM Temurin-21.0.9+10 (21.0.9+10-LTS, mixed mode, sharing, tiered, compressed oops, compressed class ptrs, parallel gc, windows-amd64)
# No core dump will be written. Minidumps are not enabled by default on client versions of Windows
#

---------------  S U M M A R Y ------------

Command Line: --add-modules=ALL-SYSTEM --add-opens=java.base/java.util=ALL-UNNAMED --add-opens=java.base/java.lang=ALL-UNNAMED --add-opens=java.base/sun.nio.fs=ALL-UNNAMED -Declipse.application=org.eclipse.jdt.ls.core.id1 -Dosgi.bundles.defaultStartLevel=4 -Declipse.product=org.eclipse.jdt.ls.core.product -Djava.import.generatesMetadataFilesAtProjectRoot=false -DDetectVMInstallationsJob.disabled=true -Dfile.encoding=utf8 -XX:+UseParallelGC -XX:GCTimeRatio=4 -XX:AdaptiveSizePolicyWeight=90 -Dsun.zip.disableMemoryMapping=true -Xmx2G -Xms100m -Xlog:disable -javaagent:c:\Users\Kavis\.vscode\extensions\redhat.java-1.51.0-win32-x64\lombok\lombok-1.18.39-4050.jar c:\Users\Kavis\.vscode\extensions\redhat.java-1.51.0-win32-x64\server\plugins\org.eclipse.equinox.launcher_1.7.100.v20251111-0406.jar -configuration c:\Users\Kavis\AppData\Roaming\Code\User\globalStorage\redhat.java\1.51.0\config_ss_win -data c:\Users\Kavis\AppData\Roaming\Code\User\workspaceStorage\ad1adb9262e567f18e865202dfb941a7\redhat.java\ss_ws --pipe=\\.\pipe\lsp-3b788cffe58ed2be3a9f310f82f95653-sock

Host: 12th Gen Intel(R) Core(TM) i5-1235U, 12 cores, 7G,  Windows 11 , 64 bit Build 26100 (10.0.26100.7623)
Time: Thu Jan 22 01:46:41 2026 Sri Lanka Standard Time elapsed time: 7.323369 seconds (0d 0h 0m 7s)

---------------  T H R E A D  ---------------

Current thread (0x000001c55ed97090):  JavaThread "C2 CompilerThread1" daemon [_thread_in_native, id=18368, stack(0x0000001c7b000000,0x0000001c7b100000) (1024K)]


Current CompileTask:
C2:7323 2731       4       org.lombokweb.asm.ClassReader::readMethod (1070 bytes)

Stack: [0x0000001c7b000000,0x0000001c7b100000]
Native frames: (J=compiled Java code, j=interpreted, Vv=VM code, C=native code)
V  [jvm.dll+0x6d6e29]
V  [jvm.dll+0x8b4b76]
V  [jvm.dll+0x8b712e]
V  [jvm.dll+0x8b7813]
V  [jvm.dll+0x283d86]
V  [jvm.dll+0xc66ed]
V  [jvm.dll+0xc6c31]
V  [jvm.dll+0x3be53b]
V  [jvm.dll+0x1e3d59]
V  [jvm.dll+0x24c0f3]
V  [jvm.dll+0x24b580]
V  [jvm.dll+0x1cb13e]
V  [jvm.dll+0x25b29d]
V  [jvm.dll+0x25982a]
V  [jvm.dll+0x3f7ea6]
V  [jvm.dll+0x85e9ad]
V  [jvm.dll+0x6d565d]
C  [ucrtbase.dll+0x37b0]
C  [KERNEL32.DLL+0x2e8d7]
C  [ntdll.dll+0x8c53c]


---------------  P R O C E S S  ---------------

Threads class SMR info:
_java_thread_list=0x000001c55eb9b6c0, length=20, elements={
0x000001c57d1c3ba0, 0x000001c51633e7f0, 0x000001c57d265280, 0x000001c57d26bde0,
0x000001c57d270d50, 0x000001c57d2717a0, 0x000001c57d2721f0, 0x000001c57d273020,
0x000001c5589028f0, 0x000001c558a95840, 0x000001c558c79690, 0x000001c55e8db430,
0x000001c55e4ad6a0, 0x000001c55e3ebfd0, 0x000001c55eb04af0, 0x000001c55e9ae7f0,
0x000001c55ec209c0, 0x000001c55ec3c3b0, 0x000001c55ec3cde0, 0x000001c55ed97090
}

Java Threads: ( => current thread )
  0x000001c57d1c3ba0 JavaThread "main"                              [_thread_blocked, id=5628, stack(0x0000001c79100000,0x0000001c79200000) (1024K)]
  0x000001c51633e7f0 JavaThread "Reference Handler"          daemon [_thread_blocked, id=2868, stack(0x0000001c79500000,0x0000001c79600000) (1024K)]
  0x000001c57d265280 JavaThread "Finalizer"                  daemon [_thread_blocked, id=18424, stack(0x0000001c79600000,0x0000001c79700000) (1024K)]
  0x000001c57d26bde0 JavaThread "Signal Dispatcher"          daemon [_thread_blocked, id=5508, stack(0x0000001c79700000,0x0000001c79800000) (1024K)]
  0x000001c57d270d50 JavaThread "Attach Listener"            daemon [_thread_blocked, id=3588, stack(0x0000001c79800000,0x0000001c79900000) (1024K)]
  0x000001c57d2717a0 JavaThread "Service Thread"             daemon [_thread_blocked, id=9904, stack(0x0000001c79900000,0x0000001c79a00000) (1024K)]
  0x000001c57d2721f0 JavaThread "Monitor Deflation Thread"   daemon [_thread_blocked, id=10344, stack(0x0000001c79a00000,0x0000001c79b00000) (1024K)]
  0x000001c57d273020 JavaThread "C2 CompilerThread0"         daemon [_thread_in_native, id=18360, stack(0x0000001c79b00000,0x0000001c79c00000) (1024K)]
  0x000001c5589028f0 JavaThread "C1 CompilerThread0"         daemon [_thread_in_native, id=9156, stack(0x0000001c79c00000,0x0000001c79d00000) (1024K)]
  0x000001c558a95840 JavaThread "Common-Cleaner"             daemon [_thread_blocked, id=13892, stack(0x0000001c79e00000,0x0000001c79f00000) (1024K)]
  0x000001c558c79690 JavaThread "Notification Thread"        daemon [_thread_blocked, id=15608, stack(0x0000001c79f00000,0x0000001c7a000000) (1024K)]
  0x000001c55e8db430 JavaThread "Active Thread: Equinox Container: 3a6817b6-2a66-42ed-bd97-b56820323dc8"        [_thread_blocked, id=21088, stack(0x0000001c7a600000,0x0000001c7a700000) (1024K)]
  0x000001c55e4ad6a0 JavaThread "Framework Event Dispatcher: Equinox Container: 3a6817b6-2a66-42ed-bd97-b56820323dc8" daemon [_thread_blocked, id=364, stack(0x0000001c7a700000,0x0000001c7a800000) (1024K)]
  0x000001c55e3ebfd0 JavaThread "Start Level: Equinox Container: 3a6817b6-2a66-42ed-bd97-b56820323dc8" daemon [_thread_in_vm, id=4972, stack(0x0000001c7a800000,0x0000001c7a900000) (1024K)]
  0x000001c55eb04af0 JavaThread "SCR Component Actor"        daemon [_thread_blocked, id=20876, stack(0x0000001c7aa00000,0x0000001c7ab00000) (1024K)]
  0x000001c55e9ae7f0 JavaThread "Worker-JM"                         [_thread_blocked, id=14076, stack(0x0000001c7ab00000,0x0000001c7ac00000) (1024K)]
  0x000001c55ec209c0 JavaThread "JNA Cleaner"                daemon [_thread_blocked, id=20128, stack(0x0000001c79d00000,0x0000001c79e00000) (1024K)]
  0x000001c55ec3c3b0 JavaThread "Worker-0"                          [_thread_blocked, id=20176, stack(0x0000001c7ae00000,0x0000001c7af00000) (1024K)]
  0x000001c55ec3cde0 JavaThread "Worker-1"                          [_thread_blocked, id=11392, stack(0x0000001c7af00000,0x0000001c7b000000) (1024K)]
=>0x000001c55ed97090 JavaThread "C2 CompilerThread1"         daemon [_thread_in_native, id=18368, stack(0x0000001c7b000000,0x0000001c7b100000) (1024K)]
Total: 20

Other Threads:
  0x000001c57d2639f0 VMThread "VM Thread"                           [id=18052, stack(0x0000001c79400000,0x0000001c79500000) (1024K)]
  0x000001c51621ca00 WatcherThread "VM Periodic Task Thread"        [id=3196, stack(0x0000001c79300000,0x0000001c79400000) (1024K)]
  0x000001c57d1e1460 WorkerThread "GC Thread#0"                     [id=16564, stack(0x0000001c79200000,0x0000001c79300000) (1024K)]
  0x000001c55e3180f0 WorkerThread "GC Thread#1"                     [id=18928, stack(0x0000001c7a000000,0x0000001c7a100000) (1024K)]
  0x000001c55e6a6520 WorkerThread "GC Thread#2"                     [id=19764, stack(0x0000001c7a100000,0x0000001c7a200000) (1024K)]
  0x000001c55e6a68c0 WorkerThread "GC Thread#3"                     [id=1340, stack(0x0000001c7a200000,0x0000001c7a300000) (1024K)]
  0x000001c55ea50460 WorkerThread "GC Thread#4"                     [id=21420, stack(0x0000001c7a300000,0x0000001c7a400000) (1024K)]
  0x000001c55ea50800 WorkerThread "GC Thread#5"                     [id=6012, stack(0x0000001c7a400000,0x0000001c7a500000) (1024K)]
  0x000001c55ea50ba0 WorkerThread "GC Thread#6"                     [id=16824, stack(0x0000001c7a500000,0x0000001c7a600000) (1024K)]
  0x000001c55e4c01b0 WorkerThread "GC Thread#7"                     [id=11228, stack(0x0000001c7a900000,0x0000001c7aa00000) (1024K)]
  0x000001c55eacedf0 WorkerThread "GC Thread#8"                     [id=18764, stack(0x0000001c7ac00000,0x0000001c7ad00000) (1024K)]
  0x000001c55eacd830 WorkerThread "GC Thread#9"                     [id=9740, stack(0x0000001c7ad00000,0x0000001c7ae00000) (1024K)]
Total: 12

Threads with active compile tasks:
C2 CompilerThread0  7344 3027       4       java.lang.StringLatin1::compareToCI (108 bytes)
C1 CompilerThread0  7344 3020       2       java.lang.String$CaseInsensitiveComparator::compare (68 bytes)
C2 CompilerThread1  7344 2731       4       org.lombokweb.asm.ClassReader::readMethod (1070 bytes)
Total: 3

VM state: not at safepoint (normal execution)

VM Mutex/Monitor currently owned by a thread:  ([mutex/lock_event])
[0x00007ff825dcc070] MethodCompileQueue_lock - owner thread: 0x0000000000000000

Heap address: 0x0000000080000000, size: 2048 MB, Compressed Oops mode: 32-bit

CDS archive(s) mapped at: [0x000001c517000000-0x000001c517ba0000-0x000001c517ba0000), size 12189696, SharedBaseAddress: 0x000001c517000000, ArchiveRelocationMode: 1.
Compressed class space mapped at: 0x000001c518000000-0x000001c558000000, reserved size: 1073741824
Narrow klass base: 0x000001c517000000, Narrow klass shift: 0, Narrow klass range: 0x100000000

GC Precious Log:
 CardTable entry size: 512
 CPUs: 12 total, 12 available
 Memory: 7896M
 Large Page Support: Disabled
 NUMA Support: Disabled
 Compressed Oops: Enabled (32-bit)
 Alignments: Space 512K, Generation 512K, Heap 2M
 Heap Min Capacity: 100M
 Heap Initial Capacity: 100M
 Heap Max Capacity: 2G
 Pre-touch: Disabled
 Parallel Workers: 10

Heap:
 PSYoungGen      total 27648K, used 11173K [0x00000000d5580000, 0x00000000d7480000, 0x0000000100000000)
  eden space 24576K, 34% used [0x00000000d5580000,0x00000000d5de2330,0x00000000d6d80000)
  from space 3072K, 84% used [0x00000000d6e80000,0x00000000d7107470,0x00000000d7180000)
  to   space 3072K, 0% used [0x00000000d7180000,0x00000000d7180000,0x00000000d7480000)
 ParOldGen       total 68608K, used 9887K [0x0000000080000000, 0x0000000084300000, 0x00000000d5580000)
  object space 68608K, 14% used [0x0000000080000000,0x00000000809a7dd0,0x0000000084300000)
 Metaspace       used 24560K, committed 25280K, reserved 1114112K
  class space    used 2373K, committed 2688K, reserved 1048576K

Card table byte_map: [0x000001c57cb60000,0x000001c57cf70000] _byte_map_base: 0x000001c57c760000

Marking Bits: (ParMarkBitMap*) 0x00007ff825dd2460
 Begin Bits: [0x000001c512140000, 0x000001c514140000)
 End Bits:   [0x000001c514140000, 0x000001c516140000)

Polling page: 0x000001c57afb0000

Metaspace:

Usage:
  Non-class:     21.67 MB used.
      Class:      2.32 MB used.
       Both:     23.99 MB used.

Virtual space:
  Non-class space:       64.00 MB reserved,      22.06 MB ( 34%) committed,  1 nodes.
      Class space:        1.00 GB reserved,       2.62 MB ( <1%) committed,  1 nodes.
             Both:        1.06 GB reserved,      24.69 MB (  2%) committed. 

Chunk freelists:
   Non-Class:  9.69 MB
       Class:  13.36 MB
        Both:  23.05 MB

MaxMetaspaceSize: unlimited
CompressedClassSpaceSize: 1.00 GB
Initial GC threshold: 21.00 MB
Current GC threshold: 35.00 MB
CDS: on
 - commit_granule_bytes: 65536.
 - commit_granule_words: 8192.
 - virtual_space_node_default_size: 8388608.
 - enlarge_chunks_in_place: 1.
 - use_allocation_guard: 0.


Internal statistics:

num_allocs_failed_limit: 3.
num_arena_births: 522.
num_arena_deaths: 14.
num_vsnodes_births: 2.
num_vsnodes_deaths: 0.
num_space_committed: 395.
num_space_uncommitted: 0.
num_chunks_returned_to_freelist: 17.
num_chunks_taken_from_freelist: 1432.
num_chunk_merges: 9.
num_chunk_splits: 933.
num_chunks_enlarged: 607.
num_inconsistent_stats: 0.

CodeHeap 'non-profiled nmethods': size=120000Kb used=1386Kb max_used=1386Kb free=118614Kb
 bounds [0x000001c50ac10000, 0x000001c50ae80000, 0x000001c512140000]
CodeHeap 'profiled nmethods': size=120000Kb used=5823Kb max_used=5823Kb free=114177Kb
 bounds [0x000001c503140000, 0x000001c5036f0000, 0x000001c50a670000]
CodeHeap 'non-nmethods': size=5760Kb used=1322Kb max_used=1339Kb free=4437Kb
 bounds [0x000001c50a670000, 0x000001c50a8e0000, 0x000001c50ac10000]
CodeCache: size=245760Kb, used=8531Kb, max_used=8548Kb, free=237228Kb
 total_blobs=3637, nmethods=3024, adapters=519, full_count=0
Compilation: enabled, stopped_count=0, restarted_count=0

Compilation events (20 events):
Event: 6.319 Thread 0x000001c5589028f0 3003       3       com.sun.org.apache.xerces.internal.util.XMLChar::isName (23 bytes)
Event: 6.319 Thread 0x000001c5589028f0 nmethod 3003 0x000001c5036e6310 code [0x000001c5036e64c0, 0x000001c5036e6668]
Event: 6.319 Thread 0x000001c5589028f0 3002       3       com.sun.org.apache.xerces.internal.dom.NodeImpl::isOwned (16 bytes)
Event: 6.319 Thread 0x000001c5589028f0 nmethod 3002 0x000001c5036e6710 code [0x000001c5036e68a0, 0x000001c5036e6a08]
Event: 6.319 Thread 0x000001c5589028f0 3000       1       com.sun.org.apache.xerces.internal.dom.ParentNode::ownerDocument (5 bytes)
Event: 6.320 Thread 0x000001c5589028f0 nmethod 3000 0x000001c50ad68d10 code [0x000001c50ad68ea0, 0x000001c50ad68f68]
Event: 6.320 Thread 0x000001c5589028f0 3004       3       com.sun.org.apache.xerces.internal.dom.NodeImpl::needsSyncData (15 bytes)
Event: 6.320 Thread 0x000001c5589028f0 nmethod 3004 0x000001c5036e6a90 code [0x000001c5036e6c20, 0x000001c5036e6d88]
Event: 6.320 Thread 0x000001c5589028f0 3001       3       com.sun.org.apache.xerces.internal.util.XMLChar::isNameStart (22 bytes)
Event: 6.320 Thread 0x000001c5589028f0 nmethod 3001 0x000001c5036e6e10 code [0x000001c5036e6fc0, 0x000001c5036e7168]
Event: 6.320 Thread 0x000001c5589028f0 3005       1       com.sun.org.apache.xerces.internal.dom.DocumentImpl::getMutationEvents (5 bytes)
Event: 6.320 Thread 0x000001c5589028f0 nmethod 3005 0x000001c50ad69010 code [0x000001c50ad691a0, 0x000001c50ad69270]
Event: 6.320 Thread 0x000001c5589028f0 3006       1       com.sun.org.apache.xerces.internal.dom.AttrImpl::getNodeType (2 bytes)
Event: 6.320 Thread 0x000001c5589028f0 nmethod 3006 0x000001c50ad69310 code [0x000001c50ad694a0, 0x000001c50ad69568]
Event: 6.320 Thread 0x000001c5589028f0 3007       3       java.util.HashMap::afterNodeRemoval (1 bytes)
Event: 6.320 Thread 0x000001c5589028f0 nmethod 3007 0x000001c5036e7210 code [0x000001c5036e73a0, 0x000001c5036e74a8]
Event: 6.656 Thread 0x000001c5589028f0 3008       3       org.eclipse.core.runtime.Path::equals (127 bytes)
Event: 6.656 Thread 0x000001c5589028f0 nmethod 3008 0x000001c5036e7510 code [0x000001c5036e7740, 0x000001c5036e7eb8]
Event: 6.656 Thread 0x000001c5589028f0 3009       1       java.util.concurrent.atomic.AtomicReference::set (6 bytes)
Event: 6.657 Thread 0x000001c5589028f0 nmethod 3009 0x000001c50ad69610 code [0x000001c50ad697a0, 0x000001c50ad69888]

GC Heap History (16 events):
Event: 3.521 GC heap before
{Heap before GC invocations=1 (full 0):
 PSYoungGen      total 29696K, used 25600K [0x00000000d5580000, 0x00000000d7680000, 0x0000000100000000)
  eden space 25600K, 100% used [0x00000000d5580000,0x00000000d6e80000,0x00000000d6e80000)
  from space 4096K, 0% used [0x00000000d7280000,0x00000000d7280000,0x00000000d7680000)
  to   space 4096K, 0% used [0x00000000d6e80000,0x00000000d6e80000,0x00000000d7280000)
 ParOldGen       total 68608K, used 0K [0x0000000080000000, 0x0000000084300000, 0x00000000d5580000)
  object space 68608K, 0% used [0x0000000080000000,0x0000000080000000,0x0000000084300000)
 Metaspace       used 4374K, committed 4608K, reserved 1114112K
  class space    used 474K, committed 576K, reserved 1048576K
}
Event: 3.526 GC heap after
{Heap after GC invocations=1 (full 0):
 PSYoungGen      total 29696K, used 3287K [0x00000000d5580000, 0x00000000d7680000, 0x0000000100000000)
  eden space 25600K, 0% used [0x00000000d5580000,0x00000000d5580000,0x00000000d6e80000)
  from space 4096K, 80% used [0x00000000d6e80000,0x00000000d71b5ea8,0x00000000d7280000)
  to   space 4096K, 0% used [0x00000000d7280000,0x00000000d7280000,0x00000000d7680000)
 ParOldGen       total 68608K, used 16K [0x0000000080000000, 0x0000000084300000, 0x00000000d5580000)
  object space 68608K, 0% used [0x0000000080000000,0x0000000080004000,0x0000000084300000)
 Metaspace       used 4374K, committed 4608K, reserved 1114112K
  class space    used 474K, committed 576K, reserved 1048576K
}
Event: 4.024 GC heap before
{Heap before GC invocations=2 (full 0):
 PSYoungGen      total 29696K, used 28887K [0x00000000d5580000, 0x00000000d7680000, 0x0000000100000000)
  eden space 25600K, 100% used [0x00000000d5580000,0x00000000d6e80000,0x00000000d6e80000)
  from space 4096K, 80% used [0x00000000d6e80000,0x00000000d71b5ea8,0x00000000d7280000)
  to   space 4096K, 0% used [0x00000000d7280000,0x00000000d7280000,0x00000000d7680000)
 ParOldGen       total 68608K, used 16K [0x0000000080000000, 0x0000000084300000, 0x00000000d5580000)
  object space 68608K, 0% used [0x0000000080000000,0x0000000080004000,0x0000000084300000)
 Metaspace       used 8131K, committed 8384K, reserved 1114112K
  class space    used 863K, committed 960K, reserved 1048576K
}
Event: 4.029 GC heap after
{Heap after GC invocations=2 (full 0):
 PSYoungGen      total 29696K, used 4091K [0x00000000d5580000, 0x00000000d7680000, 0x0000000100000000)
  eden space 25600K, 0% used [0x00000000d5580000,0x00000000d5580000,0x00000000d6e80000)
  from space 4096K, 99% used [0x00000000d7280000,0x00000000d767efe8,0x00000000d7680000)
  to   space 4096K, 0% used [0x00000000d6e80000,0x00000000d6e80000,0x00000000d7280000)
 ParOldGen       total 68608K, used 1115K [0x0000000080000000, 0x0000000084300000, 0x00000000d5580000)
  object space 68608K, 1% used [0x0000000080000000,0x0000000080116f80,0x0000000084300000)
 Metaspace       used 8131K, committed 8384K, reserved 1114112K
  class space    used 863K, committed 960K, reserved 1048576K
}
Event: 4.423 GC heap before
{Heap before GC invocations=3 (full 0):
 PSYoungGen      total 29696K, used 29691K [0x00000000d5580000, 0x00000000d7680000, 0x0000000100000000)
  eden space 25600K, 100% used [0x00000000d5580000,0x00000000d6e80000,0x00000000d6e80000)
  from space 4096K, 99% used [0x00000000d7280000,0x00000000d767efe8,0x00000000d7680000)
  to   space 4096K, 0% used [0x00000000d6e80000,0x00000000d6e80000,0x00000000d7280000)
 ParOldGen       total 68608K, used 1115K [0x0000000080000000, 0x0000000084300000, 0x00000000d5580000)
  object space 68608K, 1% used [0x0000000080000000,0x0000000080116f80,0x0000000084300000)
 Metaspace       used 12931K, committed 13440K, reserved 1114112K
  class space    used 1369K, committed 1600K, reserved 1048576K
}
Event: 4.427 GC heap after
{Heap after GC invocations=3 (full 0):
 PSYoungGen      total 29696K, used 4079K [0x00000000d5580000, 0x00000000d7680000, 0x0000000100000000)
  eden space 25600K, 0% used [0x00000000d5580000,0x00000000d5580000,0x00000000d6e80000)
  from space 4096K, 99% used [0x00000000d6e80000,0x00000000d727bf40,0x00000000d7280000)
  to   space 4096K, 0% used [0x00000000d7280000,0x00000000d7280000,0x00000000d7680000)
 ParOldGen       total 68608K, used 2914K [0x0000000080000000, 0x0000000084300000, 0x00000000d5580000)
  object space 68608K, 4% used [0x0000000080000000,0x00000000802d8a40,0x0000000084300000)
 Metaspace       used 12931K, committed 13440K, reserved 1114112K
  class space    used 1369K, committed 1600K, reserved 1048576K
}
Event: 5.562 GC heap before
{Heap before GC invocations=4 (full 0):
 PSYoungGen      total 29696K, used 29679K [0x00000000d5580000, 0x00000000d7680000, 0x0000000100000000)
  eden space 25600K, 100% used [0x00000000d5580000,0x00000000d6e80000,0x00000000d6e80000)
  from space 4096K, 99% used [0x00000000d6e80000,0x00000000d727bf40,0x00000000d7280000)
  to   space 4096K, 0% used [0x00000000d7280000,0x00000000d7280000,0x00000000d7680000)
 ParOldGen       total 68608K, used 2914K [0x0000000080000000, 0x0000000084300000, 0x00000000d5580000)
  object space 68608K, 4% used [0x0000000080000000,0x00000000802d8a40,0x0000000084300000)
 Metaspace       used 16780K, committed 17472K, reserved 1114112K
  class space    used 1757K, committed 2048K, reserved 1048576K
}
Event: 5.567 GC heap after
{Heap after GC invocations=4 (full 0):
 PSYoungGen      total 29696K, used 4088K [0x00000000d5580000, 0x00000000d7680000, 0x0000000100000000)
  eden space 25600K, 0% used [0x00000000d5580000,0x00000000d5580000,0x00000000d6e80000)
  from space 4096K, 99% used [0x00000000d7280000,0x00000000d767e228,0x00000000d7680000)
  to   space 4096K, 0% used [0x00000000d6e80000,0x00000000d6e80000,0x00000000d7280000)
 ParOldGen       total 68608K, used 5586K [0x0000000080000000, 0x0000000084300000, 0x00000000d5580000)
  object space 68608K, 8% used [0x0000000080000000,0x0000000080574b08,0x0000000084300000)
 Metaspace       used 16780K, committed 17472K, reserved 1114112K
  class space    used 1757K, committed 2048K, reserved 1048576K
}
Event: 5.823 GC heap before
{Heap before GC invocations=5 (full 0):
 PSYoungGen      total 29696K, used 29688K [0x00000000d5580000, 0x00000000d7680000, 0x0000000100000000)
  eden space 25600K, 100% used [0x00000000d5580000,0x00000000d6e80000,0x00000000d6e80000)
  from space 4096K, 99% used [0x00000000d7280000,0x00000000d767e228,0x00000000d7680000)
  to   space 4096K, 0% used [0x00000000d6e80000,0x00000000d6e80000,0x00000000d7280000)
 ParOldGen       total 68608K, used 5586K [0x0000000080000000, 0x0000000084300000, 0x00000000d5580000)
  object space 68608K, 8% used [0x0000000080000000,0x0000000080574b08,0x0000000084300000)
 Metaspace       used 20039K, committed 20672K, reserved 1114112K
  class space    used 1993K, committed 2240K, reserved 1048576K
}
Event: 5.827 GC heap after
{Heap after GC invocations=5 (full 0):
 PSYoungGen      total 29184K, used 4065K [0x00000000d5580000, 0x00000000d7900000, 0x0000000100000000)
  eden space 25088K, 0% used [0x00000000d5580000,0x00000000d5580000,0x00000000d6e00000)
  from space 4096K, 99% used [0x00000000d6e80000,0x00000000d7278408,0x00000000d7280000)
  to   space 5632K, 0% used [0x00000000d7380000,0x00000000d7380000,0x00000000d7900000)
 ParOldGen       total 68608K, used 5804K [0x0000000080000000, 0x0000000084300000, 0x00000000d5580000)
  object space 68608K, 8% used [0x0000000080000000,0x00000000805ab0c8,0x0000000084300000)
 Metaspace       used 20039K, committed 20672K, reserved 1114112K
  class space    used 1993K, committed 2240K, reserved 1048576K
}
Event: 5.879 GC heap before
{Heap before GC invocations=6 (full 0):
 PSYoungGen      total 29184K, used 11851K [0x00000000d5580000, 0x00000000d7900000, 0x0000000100000000)
  eden space 25088K, 31% used [0x00000000d5580000,0x00000000d5d1ab88,0x00000000d6e00000)
  from space 4096K, 99% used [0x00000000d6e80000,0x00000000d7278408,0x00000000d7280000)
  to   space 5632K, 0% used [0x00000000d7380000,0x00000000d7380000,0x00000000d7900000)
 ParOldGen       total 68608K, used 5804K [0x0000000080000000, 0x0000000084300000, 0x00000000d5580000)
  object space 68608K, 8% used [0x0000000080000000,0x00000000805ab0c8,0x0000000084300000)
 Metaspace       used 20904K, committed 21504K, reserved 1114112K
  class space    used 2061K, committed 2304K, reserved 1048576K
}
Event: 5.888 GC heap after
{Heap after GC invocations=6 (full 0):
 PSYoungGen      total 30208K, used 4885K [0x00000000d5580000, 0x00000000d7880000, 0x0000000100000000)
  eden space 25088K, 0% used [0x00000000d5580000,0x00000000d5580000,0x00000000d6e00000)
  from space 5120K, 95% used [0x00000000d7380000,0x00000000d78457a8,0x00000000d7880000)
  to   space 5120K, 0% used [0x00000000d6e80000,0x00000000d6e80000,0x00000000d7380000)
 ParOldGen       total 68608K, used 5804K [0x0000000080000000, 0x0000000084300000, 0x00000000d5580000)
  object space 68608K, 8% used [0x0000000080000000,0x00000000805ab0c8,0x0000000084300000)
 Metaspace       used 20904K, committed 21504K, reserved 1114112K
  class space    used 2061K, committed 2304K, reserved 1048576K
}
Event: 5.888 GC heap before
{Heap before GC invocations=7 (full 1):
 PSYoungGen      total 30208K, used 4885K [0x00000000d5580000, 0x00000000d7880000, 0x0000000100000000)
  eden space 25088K, 0% used [0x00000000d5580000,0x00000000d5580000,0x00000000d6e00000)
  from space 5120K, 95% used [0x00000000d7380000,0x00000000d78457a8,0x00000000d7880000)
  to   space 5120K, 0% used [0x00000000d6e80000,0x00000000d6e80000,0x00000000d7380000)
 ParOldGen       total 68608K, used 5804K [0x0000000080000000, 0x0000000084300000, 0x00000000d5580000)
  object space 68608K, 8% used [0x0000000080000000,0x00000000805ab0c8,0x0000000084300000)
 Metaspace       used 20904K, committed 21504K, reserved 1114112K
  class space    used 2061K, committed 2304K, reserved 1048576K
}
Event: 5.907 GC heap after
{Heap after GC invocations=7 (full 1):
 PSYoungGen      total 30208K, used 0K [0x00000000d5580000, 0x00000000d7880000, 0x0000000100000000)
  eden space 25088K, 0% used [0x00000000d5580000,0x00000000d5580000,0x00000000d6e00000)
  from space 5120K, 0% used [0x00000000d7380000,0x00000000d7380000,0x00000000d7880000)
  to   space 5120K, 0% used [0x00000000d6e80000,0x00000000d6e80000,0x00000000d7380000)
 ParOldGen       total 68608K, used 9879K [0x0000000080000000, 0x0000000084300000, 0x00000000d5580000)
  object space 68608K, 14% used [0x0000000080000000,0x00000000809a5dd0,0x0000000084300000)
 Metaspace       used 20891K, committed 21504K, reserved 1114112K
  class space    used 2058K, committed 2304K, reserved 1048576K
}
Event: 6.191 GC heap before
{Heap before GC invocations=8 (full 1):
 PSYoungGen      total 30208K, used 25088K [0x00000000d5580000, 0x00000000d7880000, 0x0000000100000000)
  eden space 25088K, 100% used [0x00000000d5580000,0x00000000d6e00000,0x00000000d6e00000)
  from space 5120K, 0% used [0x00000000d7380000,0x00000000d7380000,0x00000000d7880000)
  to   space 5120K, 0% used [0x00000000d6e80000,0x00000000d6e80000,0x00000000d7380000)
 ParOldGen       total 68608K, used 9879K [0x0000000080000000, 0x0000000084300000, 0x00000000d5580000)
  object space 68608K, 14% used [0x0000000080000000,0x00000000809a5dd0,0x0000000084300000)
 Metaspace       used 23075K, committed 23808K, reserved 1114112K
  class space    used 2240K, committed 2560K, reserved 1048576K
}
Event: 6.193 GC heap after
{Heap after GC invocations=8 (full 1):
 PSYoungGen      total 27648K, used 2589K [0x00000000d5580000, 0x00000000d7480000, 0x0000000100000000)
  eden space 24576K, 0% used [0x00000000d5580000,0x00000000d5580000,0x00000000d6d80000)
  from space 3072K, 84% used [0x00000000d6e80000,0x00000000d7107470,0x00000000d7180000)
  to   space 3072K, 0% used [0x00000000d7180000,0x00000000d7180000,0x00000000d7480000)
 ParOldGen       total 68608K, used 9887K [0x0000000080000000, 0x0000000084300000, 0x00000000d5580000)
  object space 68608K, 14% used [0x0000000080000000,0x00000000809a7dd0,0x0000000084300000)
 Metaspace       used 23075K, committed 23808K, reserved 1114112K
  class space    used 2240K, committed 2560K, reserved 1048576K
}

Dll operation events (10 events):
Event: 0.043 Loaded shared library c:\Users\Kavis\.vscode\extensions\redhat.java-1.51.0-win32-x64\jre\21.0.9-win32-x86_64\bin\java.dll
Event: 0.282 Loaded shared library c:\Users\Kavis\.vscode\extensions\redhat.java-1.51.0-win32-x64\jre\21.0.9-win32-x86_64\bin\zip.dll
Event: 0.313 Loaded shared library C:\Users\Kavis\.vscode\extensions\redhat.java-1.51.0-win32-x64\jre\21.0.9-win32-x86_64\bin\instrument.dll
Event: 0.318 Loaded shared library C:\Users\Kavis\.vscode\extensions\redhat.java-1.51.0-win32-x64\jre\21.0.9-win32-x86_64\bin\net.dll
Event: 0.321 Loaded shared library C:\Users\Kavis\.vscode\extensions\redhat.java-1.51.0-win32-x64\jre\21.0.9-win32-x86_64\bin\nio.dll
Event: 0.326 Loaded shared library C:\Users\Kavis\.vscode\extensions\redhat.java-1.51.0-win32-x64\jre\21.0.9-win32-x86_64\bin\zip.dll
Event: 0.345 Loaded shared library C:\Users\Kavis\.vscode\extensions\redhat.java-1.51.0-win32-x64\jre\21.0.9-win32-x86_64\bin\jimage.dll
Event: 0.431 Loaded shared library c:\Users\Kavis\.vscode\extensions\redhat.java-1.51.0-win32-x64\jre\21.0.9-win32-x86_64\bin\verify.dll
Event: 4.010 Loaded shared library C:\Users\Kavis\AppData\Roaming\Code\User\globalStorage\redhat.java\1.51.0\config_ss_win\org.eclipse.equinox.launcher\org.eclipse.equinox.launcher.win32.win32.x86_64_1.2.1400.v20250801-0854\eclipse_11916.dll
Event: 5.399 Loaded shared library C:\Users\Kavis\AppData\Local\Temp\jna-72270570\jna8651742228557730159.dll

Deoptimization events (20 events):
Event: 6.221 Thread 0x000001c55e3ebfd0 Uncommon trap: trap_request=0xffffffc6 fr.pc=0x000001c50acc1954 relative=0x0000000000000a74
Event: 6.221 Thread 0x000001c55e3ebfd0 Uncommon trap: reason=bimorphic_or_optimized_type_check action=maybe_recompile pc=0x000001c50acc1954 method=java.util.HashMap.putVal(ILjava/lang/Object;Ljava/lang/Object;ZZ)Ljava/lang/Object; @ 152 c2
Event: 6.221 Thread 0x000001c55e3ebfd0 DEOPT PACKING pc=0x000001c50acc1954 sp=0x0000001c7a8fe070
Event: 6.221 Thread 0x000001c55e3ebfd0 DEOPT UNPACKING pc=0x000001c50a6c3aa2 sp=0x0000001c7a8fdf78 mode 2
Event: 6.221 Thread 0x000001c55e3ebfd0 Uncommon trap: trap_request=0xffffffc6 fr.pc=0x000001c50acc18fc relative=0x0000000000000a1c
Event: 6.221 Thread 0x000001c55e3ebfd0 Uncommon trap: reason=bimorphic_or_optimized_type_check action=maybe_recompile pc=0x000001c50acc18fc method=java.util.HashMap.putVal(ILjava/lang/Object;Ljava/lang/Object;ZZ)Ljava/lang/Object; @ 56 c2
Event: 6.221 Thread 0x000001c55e3ebfd0 DEOPT PACKING pc=0x000001c50acc18fc sp=0x0000001c7a8fe070
Event: 6.221 Thread 0x000001c55e3ebfd0 DEOPT UNPACKING pc=0x000001c50a6c3aa2 sp=0x0000001c7a8fdf70 mode 2
Event: 6.236 Thread 0x000001c55e3ebfd0 Uncommon trap: trap_request=0xffffff45 fr.pc=0x000001c50ad5c5a8 relative=0x0000000000000a88
Event: 6.236 Thread 0x000001c55e3ebfd0 Uncommon trap: reason=unstable_if action=reinterpret pc=0x000001c50ad5c5a8 method=java.util.regex.Pattern$BmpCharPropertyGreedy.match(Ljava/util/regex/Matcher;ILjava/lang/CharSequence;)Z @ 12 c2
Event: 6.236 Thread 0x000001c55e3ebfd0 DEOPT PACKING pc=0x000001c50ad5c5a8 sp=0x0000001c7a8fdc00
Event: 6.236 Thread 0x000001c55e3ebfd0 DEOPT UNPACKING pc=0x000001c50a6c3aa2 sp=0x0000001c7a8fdae8 mode 2
Event: 6.307 Thread 0x000001c55e3ebfd0 Uncommon trap: trap_request=0xffffffde fr.pc=0x000001c50ad5f7d8 relative=0x0000000000000818
Event: 6.307 Thread 0x000001c55e3ebfd0 Uncommon trap: reason=class_check action=maybe_recompile pc=0x000001c50ad5f7d8 method=java.util.HashMap.putVal(ILjava/lang/Object;Ljava/lang/Object;ZZ)Ljava/lang/Object; @ 91 c2
Event: 6.307 Thread 0x000001c55e3ebfd0 DEOPT PACKING pc=0x000001c50ad5f7d8 sp=0x0000001c7a8fdd90
Event: 6.307 Thread 0x000001c55e3ebfd0 DEOPT UNPACKING pc=0x000001c50a6c3aa2 sp=0x0000001c7a8fdc80 mode 2
Event: 6.307 Thread 0x000001c55e3ebfd0 Uncommon trap: trap_request=0xffffffde fr.pc=0x000001c50ad5f7d8 relative=0x0000000000000818
Event: 6.307 Thread 0x000001c55e3ebfd0 Uncommon trap: reason=class_check action=maybe_recompile pc=0x000001c50ad5f7d8 method=java.util.HashMap.putVal(ILjava/lang/Object;Ljava/lang/Object;ZZ)Ljava/lang/Object; @ 91 c2
Event: 6.307 Thread 0x000001c55e3ebfd0 DEOPT PACKING pc=0x000001c50ad5f7d8 sp=0x0000001c7a8fdd90
Event: 6.307 Thread 0x000001c55e3ebfd0 DEOPT UNPACKING pc=0x000001c50a6c3aa2 sp=0x0000001c7a8fdc80 mode 2

Classes loaded (20 events):
Event: 6.305 Loading class java/util/ResourceBundle$Control$2
Event: 6.305 Loading class java/util/ResourceBundle$Control$2 done
Event: 6.315 Loading class javax/xml/transform/TransformerException
Event: 6.316 Loading class javax/xml/transform/TransformerException done
Event: 6.316 Loading class javax/xml/transform/Result
Event: 6.316 Loading class javax/xml/transform/Result done
Event: 6.316 Loading class javax/xml/transform/Source
Event: 6.316 Loading class javax/xml/transform/Source done
Event: 6.316 Loading class javax/xml/transform/stream/StreamResult
Event: 6.317 Loading class javax/xml/transform/stream/StreamResult done
Event: 6.319 Loading class javax/xml/transform/TransformerFactory
Event: 6.319 Loading class javax/xml/transform/TransformerFactory done
Event: 6.319 Loading class javax/xml/transform/FactoryFinder
Event: 6.319 Loading class javax/xml/transform/FactoryFinder done
Event: 6.319 Loading class javax/xml/transform/FactoryFinder$1
Event: 6.320 Loading class javax/xml/transform/FactoryFinder$1 done
Event: 6.320 Loading class com/sun/org/apache/xalan/internal/xsltc/trax/TransformerFactoryImpl
Event: 6.321 Loading class com/sun/org/apache/xalan/internal/xsltc/compiler/SourceLoader
Event: 6.321 Loading class com/sun/org/apache/xalan/internal/xsltc/compiler/SourceLoader done
Event: 6.321 Loading class javax/xml/transform/sax/SAXTransformerFactory

Classes unloaded (7 events):
Event: 5.892 Thread 0x000001c57d2639f0 Unloading class 0x000001c51818d400 'java/lang/invoke/LambdaForm$MH+0x000001c51818d400'
Event: 5.893 Thread 0x000001c57d2639f0 Unloading class 0x000001c51818d000 'java/lang/invoke/LambdaForm$MH+0x000001c51818d000'
Event: 5.893 Thread 0x000001c57d2639f0 Unloading class 0x000001c51818cc00 'java/lang/invoke/LambdaForm$MH+0x000001c51818cc00'
Event: 5.893 Thread 0x000001c57d2639f0 Unloading class 0x000001c51818c800 'java/lang/invoke/LambdaForm$MH+0x000001c51818c800'
Event: 5.893 Thread 0x000001c57d2639f0 Unloading class 0x000001c51818c400 'java/lang/invoke/LambdaForm$BMH+0x000001c51818c400'
Event: 5.893 Thread 0x000001c57d2639f0 Unloading class 0x000001c51818c000 'java/lang/invoke/LambdaForm$DMH+0x000001c51818c000'
Event: 5.893 Thread 0x000001c57d2639f0 Unloading class 0x000001c51818ac00 'java/lang/invoke/LambdaForm$DMH+0x000001c51818ac00'

Classes redefined (0 events):
No events

Internal exceptions (20 events):
Event: 5.454 Thread 0x000001c55e3ebfd0 Exception <a 'java/lang/NoSuchMethodError'{0x00000000d674d630}: 'java.lang.Object java.lang.invoke.DirectMethodHandle$Holder.invokeSpecial(java.lang.Object, java.lang.Object, java.lang.Object, java.lang.Object, long)'> (0x00000000d674d630) 
thrown [s\src\hotspot\share\interpreter\linkResolver.cpp, line 773]
Event: 5.455 Thread 0x000001c55e3ebfd0 Exception <a 'java/lang/NoSuchMethodError'{0x00000000d6751250}: 'java.lang.Object java.lang.invoke.Invokers$Holder.linkToTargetMethod(java.lang.Object, java.lang.Object, long, java.lang.Object)'> (0x00000000d6751250) 
thrown [s\src\hotspot\share\interpreter\linkResolver.cpp, line 773]
Event: 5.463 Thread 0x000001c55e3ebfd0 Exception <a 'java/lang/NoSuchMethodError'{0x00000000d67c3338}: 'int java.lang.invoke.DirectMethodHandle$Holder.invokeStaticInit(java.lang.Object, java.lang.Object, java.lang.Object)'> (0x00000000d67c3338) 
thrown [s\src\hotspot\share\interpreter\linkResolver.cpp, line 773]
Event: 5.471 Thread 0x000001c55e3ebfd0 Exception <a 'java/lang/IncompatibleClassChangeError'{0x00000000d6852060}: Found class java.lang.Object, but interface was expected> (0x00000000d6852060) 
thrown [s\src\hotspot\share\interpreter\linkResolver.cpp, line 840]
Event: 5.474 Thread 0x000001c55e3ebfd0 Exception <a 'java/lang/NoSuchMethodError'{0x00000000d6864e20}: 'java.lang.Object java.lang.invoke.DirectMethodHandle$Holder.invokeSpecial(java.lang.Object, java.lang.Object, java.lang.Object, int, java.lang.Object, java.lang.Object)'> (0x00000000d6864e20) 
thrown [s\src\hotspot\share\interpreter\linkResolver.cpp, line 773]
Event: 5.475 Thread 0x000001c55e3ebfd0 Exception <a 'java/lang/NoSuchMethodError'{0x00000000d686c8f8}: 'java.lang.Object java.lang.invoke.DirectMethodHandle$Holder.newInvokeSpecial(java.lang.Object, java.lang.Object, java.lang.Object, int, java.lang.Object)'> (0x00000000d686c8f8) 
thrown [s\src\hotspot\share\interpreter\linkResolver.cpp, line 773]
Event: 5.475 Thread 0x000001c55e3ebfd0 Exception <a 'java/lang/NoSuchMethodError'{0x00000000d6870878}: 'java.lang.Object java.lang.invoke.DirectMethodHandle$Holder.invokeSpecial(java.lang.Object, java.lang.Object, java.lang.Object, java.lang.Object, int, java.lang.Object)'> (0x00000000d6870878) 
thrown [s\src\hotspot\share\interpreter\linkResolver.cpp, line 773]
Event: 5.475 Thread 0x000001c55e3ebfd0 Exception <a 'java/lang/NoSuchMethodError'{0x00000000d68743b8}: 'java.lang.Object java.lang.invoke.Invokers$Holder.linkToTargetMethod(java.lang.Object, java.lang.Object, int, java.lang.Object, java.lang.Object)'> (0x00000000d68743b8) 
thrown [s\src\hotspot\share\interpreter\linkResolver.cpp, line 773]
Event: 5.476 Thread 0x000001c55ec3c3b0 Exception <a 'java/lang/NoSuchMethodError'{0x00000000d6793310}: 'java.lang.Object java.lang.invoke.DirectMethodHandle$Holder.invokeSpecial(java.lang.Object, java.lang.Object, int, java.lang.Object, java.lang.Object)'> (0x00000000d6793310) 
thrown [s\src\hotspot\share\interpreter\linkResolver.cpp, line 773]
Event: 5.476 Thread 0x000001c55ec3c3b0 Exception <a 'java/lang/NoSuchMethodError'{0x00000000d679a048}: 'java.lang.Object java.lang.invoke.DirectMethodHandle$Holder.newInvokeSpecial(java.lang.Object, java.lang.Object, int, java.lang.Object)'> (0x00000000d679a048) 
thrown [s\src\hotspot\share\interpreter\linkResolver.cpp, line 773]
Event: 5.477 Thread 0x000001c55ec3c3b0 Exception <a 'java/lang/NoSuchMethodError'{0x00000000d679d928}: 'java.lang.Object java.lang.invoke.DirectMethodHandle$Holder.invokeSpecial(java.lang.Object, java.lang.Object, java.lang.Object, int, java.lang.Object)'> (0x00000000d679d928) 
thrown [s\src\hotspot\share\interpreter\linkResolver.cpp, line 773]
Event: 5.488 Thread 0x000001c55e3ebfd0 Exception <a 'java/lang/NoSuchMethodError'{0x00000000d69929f8}: 'void java.lang.invoke.DirectMethodHandle$Holder.invokeSpecial(java.lang.Object, java.lang.Object, java.lang.Object, java.lang.Object, java.lang.Object)'> (0x00000000d69929f8) 
thrown [s\src\hotspot\share\interpreter\linkResolver.cpp, line 773]
Event: 5.534 Thread 0x000001c55e3ebfd0 Exception <a 'java/lang/NoSuchMethodError'{0x00000000d6c5fff8}: 'double java.lang.invoke.DirectMethodHandle$Holder.invokeStatic(java.lang.Object, java.lang.Object)'> (0x00000000d6c5fff8) 
thrown [s\src\hotspot\share\interpreter\linkResolver.cpp, line 773]
Event: 5.535 Thread 0x000001c55e3ebfd0 Exception <a 'java/lang/NoSuchMethodError'{0x00000000d6c636b8}: 'double java.lang.invoke.DirectMethodHandle$Holder.invokeStaticInit(java.lang.Object, java.lang.Object)'> (0x00000000d6c636b8) 
thrown [s\src\hotspot\share\interpreter\linkResolver.cpp, line 773]
Event: 5.847 Thread 0x000001c55e3ebfd0 Implicit null exception at 0x000001c50ad41f75 to 0x000001c50ad42050
Event: 6.157 Thread 0x000001c55e3ebfd0 Exception <a 'java/lang/ClassNotFoundException'{0x00000000d6c1e988}: com/sun/org/apache/xerces/internal/impl/msg/spi/DOMMessagesProvider> (0x00000000d6c1e988) 
thrown [s\src\hotspot\share\classfile\systemDictionary.cpp, line 312]
Event: 6.158 Thread 0x000001c55e3ebfd0 Exception <a 'java/lang/ClassNotFoundException'{0x00000000d6c399e0}: com/sun/org/apache/xerces/internal/impl/msg/spi/XMLSerializerMessagesProvider> (0x00000000d6c399e0) 
thrown [s\src\hotspot\share\classfile\systemDictionary.cpp, line 312]
Event: 6.159 Thread 0x000001c55e3ebfd0 Exception <a 'java/lang/ClassNotFoundException'{0x00000000d6c46cb0}: com/sun/org/apache/xerces/internal/impl/msg/spi/XMLMessagesProvider> (0x00000000d6c46cb0) 
thrown [s\src\hotspot\share\classfile\systemDictionary.cpp, line 312]
Event: 6.187 Thread 0x000001c55e3ebfd0 Exception <a 'java/lang/NoSuchMethodError'{0x00000000d6ddfe00}: 'java.lang.Object java.lang.invoke.DirectMethodHandle$Holder.newInvokeSpecial(java.lang.Object, int, java.lang.Object, java.lang.Object)'> (0x00000000d6ddfe00) 
thrown [s\src\hotspot\share\interpreter\linkResolver.cpp, line 773]
Event: 6.230 Thread 0x000001c55e3ebfd0 Exception <a 'sun/nio/fs/WindowsException'{0x00000000d575bc00}> (0x00000000d575bc00) 
thrown [s\src\hotspot\share\prims\jni.cpp, line 520]

ZGC Phase Switch (0 events):
No events

VM Operations (20 events):
Event: 4.529 Executing VM operation: HandshakeAllThreads (Deoptimize) done
Event: 4.537 Executing VM operation: HandshakeAllThreads (Deoptimize)
Event: 4.537 Executing VM operation: HandshakeAllThreads (Deoptimize) done
Event: 4.558 Executing VM operation: HandshakeAllThreads (Deoptimize)
Event: 4.559 Executing VM operation: HandshakeAllThreads (Deoptimize) done
Event: 5.407 Executing VM operation: HandshakeAllThreads (Deoptimize)
Event: 5.407 Executing VM operation: HandshakeAllThreads (Deoptimize) done
Event: 5.562 Executing VM operation: ParallelGCFailedAllocation (Allocation Failure)
Event: 5.567 Executing VM operation: ParallelGCFailedAllocation (Allocation Failure) done
Event: 5.823 Executing VM operation: ParallelGCFailedAllocation (Allocation Failure)
Event: 5.827 Executing VM operation: ParallelGCFailedAllocation (Allocation Failure) done
Event: 5.879 Executing VM operation: CollectForMetadataAllocation (Metadata GC Threshold)
Event: 5.908 Executing VM operation: CollectForMetadataAllocation (Metadata GC Threshold) done
Event: 6.191 Executing VM operation: ParallelGCFailedAllocation (Allocation Failure)
Event: 6.193 Executing VM operation: ParallelGCFailedAllocation (Allocation Failure) done
Event: 6.219 Executing VM operation: HandshakeAllThreads (Deoptimize)
Event: 6.219 Executing VM operation: HandshakeAllThreads (Deoptimize) done
Event: 6.272 Executing VM operation: HandshakeAllThreads (Deoptimize)
Event: 6.272 Executing VM operation: HandshakeAllThreads (Deoptimize) done
Event: 7.272 Executing VM operation: Cleanup

Memory protections (0 events):
No events

Nmethod flushes (0 events):
No events

Events (20 events):
Event: 0.187 Thread 0x000001c57d1c3ba0 Thread added: 0x000001c5589028f0
Event: 0.298 Thread 0x000001c5589028f0 Thread added: 0x000001c558a76430
Event: 0.315 Thread 0x000001c57d1c3ba0 Thread added: 0x000001c558a95840
Event: 0.552 Thread 0x000001c57d1c3ba0 Thread added: 0x000001c558c79690
Event: 1.167 Thread 0x000001c558a76430 Thread exited: 0x000001c558a76430
Event: 2.365 Thread 0x000001c5589028f0 Thread added: 0x000001c55e282050
Event: 3.872 Thread 0x000001c57d1c3ba0 Thread added: 0x000001c55e8db430
Event: 3.995 Thread 0x000001c57d1c3ba0 Thread added: 0x000001c55e4ad6a0
Event: 3.999 Thread 0x000001c57d1c3ba0 Thread added: 0x000001c55e3ebfd0
Event: 4.113 Thread 0x000001c55e3ebfd0 Thread added: 0x000001c55eb04af0
Event: 4.322 Thread 0x000001c55e3ebfd0 Thread added: 0x000001c55e9ae7f0
Event: 4.707 Thread 0x000001c55e282050 Thread exited: 0x000001c55e282050
Event: 4.717 Thread 0x000001c5589028f0 Thread added: 0x000001c55ec209c0
Event: 5.405 Thread 0x000001c55ec209c0 Thread exited: 0x000001c55ec209c0
Event: 5.426 Thread 0x000001c55e3ebfd0 Thread added: 0x000001c55ec209c0
Event: 5.458 Thread 0x000001c55e3ebfd0 Thread added: 0x000001c55ec3c3b0
Event: 5.476 Thread 0x000001c55e3ebfd0 Thread added: 0x000001c55ec3cde0
Event: 5.537 Thread 0x000001c5589028f0 Thread added: 0x000001c55ed97090
Event: 6.171 Thread 0x000001c55e3ebfd0 Thread added: 0x000001c55f94fe00
Event: 6.254 Thread 0x000001c55f94fe00 Thread exited: 0x000001c55f94fe00


Dynamic libraries:
0x00007ff681310000 - 0x00007ff68131e000 	c:\Users\Kavis\.vscode\extensions\redhat.java-1.51.0-win32-x64\jre\21.0.9-win32-x86_64\bin\java.exe
0x00007ff89f100000 - 0x00007ff89f367000 	C:\WINDOWS\SYSTEM32\ntdll.dll
0x00007ff89e710000 - 0x00007ff89e7d9000 	C:\WINDOWS\System32\KERNEL32.DLL
0x00007ff89c250000 - 0x00007ff89c63f000 	C:\WINDOWS\System32\KERNELBASE.dll
0x00007ff89cba0000 - 0x00007ff89cceb000 	C:\WINDOWS\System32\ucrtbase.dll
0x00007ff887640000 - 0x00007ff887658000 	c:\Users\Kavis\.vscode\extensions\redhat.java-1.51.0-win32-x64\jre\21.0.9-win32-x86_64\bin\jli.dll
0x00007ff89cf30000 - 0x00007ff89d0f5000 	C:\WINDOWS\System32\USER32.dll
0x00007ff8826e0000 - 0x00007ff8826fe000 	c:\Users\Kavis\.vscode\extensions\redhat.java-1.51.0-win32-x64\jre\21.0.9-win32-x86_64\bin\VCRUNTIME140.dll
0x00007ff89ccf0000 - 0x00007ff89cd17000 	C:\WINDOWS\System32\win32u.dll
0x00007ff87d5f0000 - 0x00007ff87d883000 	C:\WINDOWS\WinSxS\amd64_microsoft.windows.common-controls_6595b64144ccf1df_6.0.26100.7309_none_3e05feeae336a044\COMCTL32.dll
0x00007ff89eea0000 - 0x00007ff89ef49000 	C:\WINDOWS\System32\msvcrt.dll
0x00007ff89efe0000 - 0x00007ff89f00b000 	C:\WINDOWS\System32\GDI32.dll
0x00007ff89c6e0000 - 0x00007ff89c80c000 	C:\WINDOWS\System32\gdi32full.dll
0x00007ff89c810000 - 0x00007ff89c8b3000 	C:\WINDOWS\System32\msvcp_win.dll
0x00007ff89d590000 - 0x00007ff89d5c1000 	C:\WINDOWS\System32\IMM32.DLL
0x00007ff88b350000 - 0x00007ff88b35c000 	c:\Users\Kavis\.vscode\extensions\redhat.java-1.51.0-win32-x64\jre\21.0.9-win32-x86_64\bin\vcruntime140_1.dll
0x00007ff867010000 - 0x00007ff86709d000 	c:\Users\Kavis\.vscode\extensions\redhat.java-1.51.0-win32-x64\jre\21.0.9-win32-x86_64\bin\msvcp140.dll
0x00007ff825110000 - 0x00007ff825eb0000 	c:\Users\Kavis\.vscode\extensions\redhat.java-1.51.0-win32-x64\jre\21.0.9-win32-x86_64\bin\server\jvm.dll
0x00007ff89e5c0000 - 0x00007ff89e674000 	C:\WINDOWS\System32\ADVAPI32.dll
0x00007ff89f010000 - 0x00007ff89f0b6000 	C:\WINDOWS\System32\sechost.dll
0x00007ff89e860000 - 0x00007ff89e978000 	C:\WINDOWS\System32\RPCRT4.dll
0x00007ff89e7e0000 - 0x00007ff89e854000 	C:\WINDOWS\System32\WS2_32.dll
0x00007ff89c0b0000 - 0x00007ff89c10e000 	C:\WINDOWS\SYSTEM32\POWRPROF.dll
0x00007ff891800000 - 0x00007ff891835000 	C:\WINDOWS\SYSTEM32\WINMM.dll
0x00007ff8896f0000 - 0x00007ff8896fb000 	C:\WINDOWS\SYSTEM32\VERSION.dll
0x00007ff89c090000 - 0x00007ff89c0a4000 	C:\WINDOWS\SYSTEM32\UMPDC.dll
0x00007ff89b000000 - 0x00007ff89b01b000 	C:\WINDOWS\SYSTEM32\kernel.appcore.dll
0x00007ff887ef0000 - 0x00007ff887efa000 	c:\Users\Kavis\.vscode\extensions\redhat.java-1.51.0-win32-x64\jre\21.0.9-win32-x86_64\bin\jimage.dll
0x00007ff899910000 - 0x00007ff899b52000 	C:\WINDOWS\SYSTEM32\DBGHELP.DLL
0x00007ff89e980000 - 0x00007ff89ed06000 	C:\WINDOWS\System32\combase.dll
0x00007ff89e230000 - 0x00007ff89e306000 	C:\WINDOWS\System32\OLEAUT32.dll
0x00007ff878bb0000 - 0x00007ff878bec000 	C:\WINDOWS\SYSTEM32\dbgcore.DLL
0x00007ff89c8c0000 - 0x00007ff89c965000 	C:\WINDOWS\System32\bcryptPrimitives.dll
0x00007ff887bd0000 - 0x00007ff887bdf000 	c:\Users\Kavis\.vscode\extensions\redhat.java-1.51.0-win32-x64\jre\21.0.9-win32-x86_64\bin\instrument.dll
0x00007ff8821b0000 - 0x00007ff8821d0000 	c:\Users\Kavis\.vscode\extensions\redhat.java-1.51.0-win32-x64\jre\21.0.9-win32-x86_64\bin\java.dll
0x00007ff89d8a0000 - 0x00007ff89dff3000 	C:\WINDOWS\System32\SHELL32.dll
0x00007ff89c970000 - 0x00007ff89cada000 	C:\WINDOWS\System32\wintypes.dll
0x00007ff899e30000 - 0x00007ff89a68e000 	C:\WINDOWS\SYSTEM32\windows.storage.dll
0x00007ff89e4b0000 - 0x00007ff89e5a5000 	C:\WINDOWS\System32\SHCORE.dll
0x00007ff89e690000 - 0x00007ff89e6f6000 	C:\WINDOWS\System32\shlwapi.dll
0x00007ff89c170000 - 0x00007ff89c199000 	C:\WINDOWS\SYSTEM32\profapi.dll
0x00007ff877400000 - 0x00007ff877418000 	c:\Users\Kavis\.vscode\extensions\redhat.java-1.51.0-win32-x64\jre\21.0.9-win32-x86_64\bin\zip.dll
0x00007ff887630000 - 0x00007ff887640000 	C:\Users\Kavis\.vscode\extensions\redhat.java-1.51.0-win32-x64\jre\21.0.9-win32-x86_64\bin\net.dll
0x00007ff8918b0000 - 0x00007ff8919d8000 	C:\WINDOWS\SYSTEM32\WINHTTP.dll
0x00007ff89b570000 - 0x00007ff89b5db000 	C:\WINDOWS\system32\mswsock.dll
0x00007ff86e8a0000 - 0x00007ff86e8b6000 	C:\Users\Kavis\.vscode\extensions\redhat.java-1.51.0-win32-x64\jre\21.0.9-win32-x86_64\bin\nio.dll
0x00007ff887540000 - 0x00007ff887550000 	c:\Users\Kavis\.vscode\extensions\redhat.java-1.51.0-win32-x64\jre\21.0.9-win32-x86_64\bin\verify.dll
0x00007ff866fc0000 - 0x00007ff867004000 	C:\Users\Kavis\AppData\Roaming\Code\User\globalStorage\redhat.java\1.51.0\config_ss_win\org.eclipse.equinox.launcher\org.eclipse.equinox.launcher.win32.win32.x86_64_1.2.1400.v20250801-0854\eclipse_11916.dll
0x00007ff89e310000 - 0x00007ff89e4a7000 	C:\WINDOWS\System32\ole32.dll
0x00007ff89b830000 - 0x00007ff89b84b000 	C:\WINDOWS\SYSTEM32\CRYPTSP.dll
0x00007ff89af60000 - 0x00007ff89af9a000 	C:\WINDOWS\system32\rsaenh.dll
0x00007ff89b620000 - 0x00007ff89b64b000 	C:\WINDOWS\SYSTEM32\USERENV.dll
0x00007ff89c140000 - 0x00007ff89c16a000 	C:\WINDOWS\SYSTEM32\bcrypt.dll
0x00007ff89b850000 - 0x00007ff89b85c000 	C:\WINDOWS\SYSTEM32\CRYPTBASE.dll
0x00007ff89ab40000 - 0x00007ff89ab74000 	C:\WINDOWS\SYSTEM32\IPHLPAPI.DLL
0x00007ff89ee90000 - 0x00007ff89ee9a000 	C:\WINDOWS\System32\NSI.dll
0x00007ff866c40000 - 0x00007ff866c89000 	C:\Users\Kavis\AppData\Local\Temp\jna-72270570\jna8651742228557730159.dll
0x00007ff89e5b0000 - 0x00007ff89e5b8000 	C:\WINDOWS\System32\PSAPI.DLL

JVMTI agents:
c:\Users\Kavis\.vscode\extensions\redhat.java-1.51.0-win32-x64\lombok\lombok-1.18.39-4050.jar path:c:\Users\Kavis\.vscode\extensions\redhat.java-1.51.0-win32-x64\jre\21.0.9-win32-x86_64\bin\instrument.dll, loaded, initialized, instrumentlib options:none

dbghelp: loaded successfully - version: 4.0.5 - missing functions: none
symbol engine: initialized successfully - sym options: 0x614 - pdb path: .;c:\Users\Kavis\.vscode\extensions\redhat.java-1.51.0-win32-x64\jre\21.0.9-win32-x86_64\bin;C:\WINDOWS\SYSTEM32;C:\WINDOWS\WinSxS\amd64_microsoft.windows.common-controls_6595b64144ccf1df_6.0.26100.7309_none_3e05feeae336a044;c:\Users\Kavis\.vscode\extensions\redhat.java-1.51.0-win32-x64\jre\21.0.9-win32-x86_64\bin\server;C:\Users\Kavis\AppData\Roaming\Code\User\globalStorage\redhat.java\1.51.0\config_ss_win\org.eclipse.equinox.launcher\org.eclipse.equinox.launcher.win32.win32.x86_64_1.2.1400.v20250801-0854;C:\Users\Kavis\AppData\Local\Temp\jna-72270570

VM Arguments:
jvm_args: --add-modules=ALL-SYSTEM --add-opens=java.base/java.util=ALL-UNNAMED --add-opens=java.base/java.lang=ALL-UNNAMED --add-opens=java.base/sun.nio.fs=ALL-UNNAMED -Declipse.application=org.eclipse.jdt.ls.core.id1 -Dosgi.bundles.defaultStartLevel=4 -Declipse.product=org.eclipse.jdt.ls.core.product -Djava.import.generatesMetadataFilesAtProjectRoot=false -DDetectVMInstallationsJob.disabled=true -Dfile.encoding=utf8 -XX:+UseParallelGC -XX:GCTimeRatio=4 -XX:AdaptiveSizePolicyWeight=90 -Dsun.zip.disableMemoryMapping=true -Xmx2G -Xms100m -Xlog:disable -javaagent:c:\Users\Kavis\.vscode\extensions\redhat.java-1.51.0-win32-x64\lombok\lombok-1.18.39-4050.jar 
java_command: c:\Users\Kavis\.vscode\extensions\redhat.java-1.51.0-win32-x64\server\plugins\org.eclipse.equinox.launcher_1.7.100.v20251111-0406.jar -configuration c:\Users\Kavis\AppData\Roaming\Code\User\globalStorage\redhat.java\1.51.0\config_ss_win -data c:\Users\Kavis\AppData\Roaming\Code\User\workspaceStorage\ad1adb9262e567f18e865202dfb941a7\redhat.java\ss_ws --pipe=\\.\pipe\lsp-3b788cffe58ed2be3a9f310f82f95653-sock
java_class_path (initial): c:\Users\Kavis\.vscode\extensions\redhat.java-1.51.0-win32-x64\server\plugins\org.eclipse.equinox.launcher_1.7.100.v20251111-0406.jar
Launcher Type: SUN_STANDARD

[Global flags]
    uintx AdaptiveSizePolicyWeight                 = 90                                        {product} {command line}
     intx CICompilerCount                          = 4                                         {product} {ergonomic}
    uintx GCTimeRatio                              = 4                                         {product} {command line}
   size_t InitialHeapSize                          = 104857600                                 {product} {command line}
   size_t MaxHeapSize                              = 2147483648                                {product} {command line}
   size_t MaxNewSize                               = 715653120                                 {product} {ergonomic}
   size_t MinHeapDeltaBytes                        = 524288                                    {product} {ergonomic}
   size_t MinHeapSize                              = 104857600                                 {product} {command line}
   size_t NewSize                                  = 34603008                                  {product} {ergonomic}
    uintx NonNMethodCodeHeapSize                   = 5839372                                {pd product} {ergonomic}
    uintx NonProfiledCodeHeapSize                  = 122909434                              {pd product} {ergonomic}
   size_t OldSize                                  = 70254592                                  {product} {ergonomic}
    uintx ProfiledCodeHeapSize                     = 122909434                              {pd product} {ergonomic}
    uintx ReservedCodeCacheSize                    = 251658240                              {pd product} {ergonomic}
     bool SegmentedCodeCache                       = true                                      {product} {ergonomic}
   size_t SoftMaxHeapSize                          = 2147483648                             {manageable} {ergonomic}
     bool UseCompressedOops                        = true                           {product lp64_product} {ergonomic}
     bool UseLargePagesIndividualAllocation        = false                                  {pd product} {ergonomic}
     bool UseParallelGC                            = true                                      {product} {command line}

Logging:
Log output configuration:
 #0: stdout all=off uptime,level,tags foldmultilines=false
 #1: stderr all=off uptime,level,tags foldmultilines=false

Release file:
JAVA_VERSION="21.0.9" 
MODULES="java.base java.compiler java.datatransfer java.xml java.prefs java.desktop java.instrument java.logging java.management java.security.sasl java.naming java.rmi java.management.rmi java.net.http java.scripting java.security.jgss java.transaction.xa java.sql java.sql.rowset java.xml.crypto java.se java.smartcardio jdk.accessibility jdk.internal.jvmstat jdk.attach jdk.charsets jdk.internal.opt jdk.zipfs jdk.compiler jdk.crypto.ec jdk.crypto.cryptoki jdk.crypto.mscapi jdk.dynalink jdk.internal.ed jdk.editpad jdk.hotspot.agent jdk.httpserver jdk.internal.le jdk.internal.vm.ci jdk.internal.vm.compiler jdk.internal.vm.compiler.management jdk.jartool jdk.javadoc jdk.jcmd jdk.management jdk.management.agent jdk.jconsole jdk.jdeps jdk.jdwp.agent jdk.jdi jdk.jfr jdk.jshell jdk.jsobject jdk.jstatd jdk.localedata jdk.management.jfr jdk.naming.dns jdk.naming.rmi jdk.net jdk.nio.mapmode jdk.random jdk.sctp jdk.security.auth jdk.security.jgss jdk.unsupported jdk.unsupported.desktop jdk.xml.dom" 

Environment Variables:
JAVA_HOME=C:\Program Files\Java\jdk-21
PATH=C:\Program Files\Common Files\Oracle\Java\javapath;C:\Python313\Scripts\;C:\Python313\;C:\Program Files\Eclipse Adoptium\jdk-17.0.15.6-hotspot\bin;C:\Program Files\Python312\Scripts\;C:\Program Files\Python312\;C:\WINDOWS\system32;C:\WINDOWS;C:\WINDOWS\System32\Wbem;C:\WINDOWS\System32\WindowsPowerShell\v1.0\;C:\WINDOWS\System32\OpenSSH\;C:\Program Files\dotnet\;C:\ProgramData\chocolatey\bin;C:\Program Files (x86)\NVIDIA Corporation\PhysX\Common;C:\Program Files\Microsoft\Web Platform Installer\;C:\Program Files (x86)\Microsoft ASP.NET\ASP.NET Web Pages\v1.0\;C:\Program Files\Microsoft SQL Server\110\Tools\Binn\;C:\Program Files\Microsoft SQL Server\120\Tools\Binn\;C:\Program Files\Microsoft SQL Server\130\Tools\Binn\;C:\Program Files\Git\cmd;C:\Program Files\Microsoft SQL Server\150\Tools\Binn\;C:\WINDOWS\system32;C:\WINDOWS;C:\WINDOWS\System32\Wbem;C:\WINDOWS\System32\WindowsPowerShell\v1.0\;C:\WINDOWS\System32\OpenSSH\;C:\Program Files\NVIDIA Corporation\NVIDIA App\NvDLISR;C:\Program Files\CMake\bin;C:\php;C:\Program Files\CodeBlocks\MinGW\bin;C:\NASM;C:\Program Files\Docker\Docker\resources\bin;C:\flutter\bin;C:\adb\platform-tools;C:\apache-cassandra-3.11.10\bin;C:\Program Files\MongoDB\Server\8.0\bin;C:\Python313\Scripts\;C:\Python313\;C:\Program Files\Python312\Scripts\;C:\Program Files\Python312\;C:\WINDOWS\system32;C:\WINDOWS;C:\WINDOWS\System32\Wbem;C:\WINDOWS\System32\WindowsPowerShell\v1.0\;C:\WINDOWS\System32\OpenSSH\;C:\Program Files\dotnet\;C:\ProgramData\chocolatey\bin;C:\Program Files (x86)\NVIDIA Corporation\PhysX\Common;C:\Program Files\Microsoft\Web Platform Installer\;C:\Program Files (x86)\Microsoft ASP.NET\ASP.NET Web Pages\v1.0\;C:\Program Files\Microsoft SQL Server\110\Tools\Binn\;C:\Program Files\Microsoft SQL Server\120\Tools\Binn\;C:\Program Files\Microsoft SQL Server\130\Tools\Binn\;C:\Program Files\Git\cmd;C:\Program Files\Microsoft SQL Server\150\Tools\Binn\;C:\WINDOWS\system32;C:\WINDOWS;C:\WINDOWS\System32\Wbem;C:\WINDOWS\System32\WindowsPowerShell\v1.0\;C:\WINDOWS\System32\OpenSSH\;C:\Program Files\NVIDIA Corporation\NVIDIA App\NvDLISR;C:\Program Files\CMake\bi;C:\Users\Kavis\AppData\Local\ipinfo;C:\Program Files\Java\jdk-21\bin;C:\Program Files\apache-maven-3.9.11\bin;C:\Users\Kavis\AppData\Local\Pub\Cache\bin;C:\Program Files\nvm;C:\Program Files\nodejs;C:\Program Files\nvm;C:\Program Files\Microsoft SQL Server\170\Tools\Binn\;C:\Program Files\Microsoft SQL Server\Client SDK\ODBC\170\Tools\Binn\;C:\Program Files\Eclipse Adoptium\jdk-21.0.8.9-hotspot\bin;C:\Python313\Scripts\;C:\Python313\;C:\Program Files\Eclipse Adoptium\jdk-17.0.15.6-hotspot\bin;C:\Program Files\Python312\Scripts\;C:\Program Files\Python312\;C:\WINDOWS\system32;C:\WINDOWS;C:\WINDOWS\System32\Wbem;C:\WINDOWS\System32\WindowsPowerShell\v1.0\;C:\WINDOWS\System32\OpenSSH\;C:\Program Files\dotnet\;C:\ProgramData\chocolatey\bin;C:\Program Files (x86)\NVIDIA Corporation\PhysX\Common;C:\Program Files\Microsoft\Web Platform Installer\;C:\Program Files (x86)\Microsoft ASP.NET\ASP.NET Web Pages\v1.0\;C:\Program Files\Microsoft SQL Server\110\Tools\Binn\;C:\Program Files\Microsoft SQL Server\120\Tools\Binn\;C:\Program Files\Microsoft SQL Server\130\Tools\Binn\;C:\Program Files\Git\cmd;C:\Program Files\Microsoft SQL Server\150\Tools\Binn\;C:\WINDOWS\system32;C:\WINDOWS;C:\WINDOWS\System32\Wbem;C:\WINDOWS\System32\WindowsPowerShell\v1.0\;C:\WINDOWS\System32\OpenSSH\;C:\Program Files\NVIDIA Corporation\NVIDIA App\NvDLISR;C:\Program Files\CMake\bi;C:\Users\Kavis\AppData\Local\GitHubDesktop\bin;C:\Program Files\nvm;C:\Program Files\nodejs;C:\Users\Kavis\.dotnet\tools
USERNAME=Kavis
OS=Windows_NT
PROCESSOR_IDENTIFIER=Intel64 Family 6 Model 154 Stepping 4, GenuineIntel
TMP=C:\Users\Kavis\AppData\Local\Temp
TEMP=C:\Users\Kavis\AppData\Local\Temp




Periodic native trim disabled

---------------  S Y S T E M  ---------------

OS:
 Windows 11 , 64 bit Build 26100 (10.0.26100.7623)
OS uptime: 0 days 7:51 hours
Hyper-V role detected

CPU: total 12 (initial active 12) (6 cores per cpu, 2 threads per core) family 6 model 154 stepping 4 microcode 0x423, cx8, cmov, fxsr, ht, mmx, 3dnowpref, sse, sse2, sse3, ssse3, sse4.1, sse4.2, popcnt, lzcnt, tsc, tscinvbit, avx, avx2, aes, erms, clmul, bmi1, bmi2, adx, sha, fma, vzeroupper, clflush, clflushopt, clwb, hv, serialize, rdtscp, rdpid, fsrm, f16c, cet_ibt, cet_ss
Processor Information for processor 0
  Max Mhz: 1300, Current Mhz: 1300, Mhz Limit: 1300
Processor Information for processor 1
  Max Mhz: 1300, Current Mhz: 1300, Mhz Limit: 1300
Processor Information for processor 2
  Max Mhz: 1300, Current Mhz: 1300, Mhz Limit: 1300
Processor Information for processor 3
  Max Mhz: 1300, Current Mhz: 1300, Mhz Limit: 1300
Processor Information for processor 4
  Max Mhz: 1300, Current Mhz: 900, Mhz Limit: 897
Processor Information for processor 5
  Max Mhz: 1300, Current Mhz: 900, Mhz Limit: 897
Processor Information for processor 6
  Max Mhz: 1300, Current Mhz: 900, Mhz Limit: 897
Processor Information for processor 7
  Max Mhz: 1300, Current Mhz: 900, Mhz Limit: 897
Processor Information for processor 8
  Max Mhz: 1300, Current Mhz: 900, Mhz Limit: 897
Processor Information for processor 9
  Max Mhz: 1300, Current Mhz: 900, Mhz Limit: 897
Processor Information for processor 10
  Max Mhz: 1300, Current Mhz: 900, Mhz Limit: 897
Processor Information for processor 11
  Max Mhz: 1300, Current Mhz: 900, Mhz Limit: 897

Memory: 4k page, system-wide physical 7896M (671M free)
TotalPageFile size 17896M (AvailPageFile size 26M)
current process WorkingSet (physical memory assigned to process): 152M, peak: 155M
current process commit charge ("private bytes"): 293M, peak: 295M

vm_info: OpenJDK 64-Bit Server VM (21.0.9+10-LTS) for windows-amd64 JRE (21.0.9+10-LTS), built on 2025-10-21T00:00:00Z by "admin" with unknown MS VC++:1942

END.
