#
# There is insufficient memory for the Java Runtime Environment to continue.
# Native memory allocation (malloc) failed to allocate 1863504 bytes. Error detail: Chunk::new
# Possible reasons:
#   The system is out of physical RAM or swap space
#   This process is running with CompressedOops enabled, and the Java Heap may be blocking the growth of the native heap
# Possible solutions:
#   Reduce memory load on the system
#   Increase physical memory or swap space
#   Check if swap backing store is full
#   Decrease Java heap size (-Xmx/-Xms)
#   Decrease number of Java threads
#   Decrease Java thread stack sizes (-Xss)
#   Set larger code cache with -XX:ReservedCodeCacheSize=
#   JVM is running with Unscaled Compressed Oops mode in which the Java heap is
#     placed in the first 4GB address space. The Java Heap base address is the
#     maximum limit for the native heap growth. Please use -XX:HeapBaseMinAddress
#     to set the Java Heap base and to place the Java Heap above 4GB virtual address.
# This output file may be truncated or incomplete.
#
#  Out of Memory Error (arena.cpp:168), pid=1620, tid=17376
#
# JRE version: OpenJDK Runtime Environment Temurin-21.0.9+10 (21.0.9+10) (build 21.0.9+10-LTS)
# Java VM: OpenJDK 64-Bit Server VM Temurin-21.0.9+10 (21.0.9+10-LTS, mixed mode, sharing, tiered, compressed oops, compressed class ptrs, parallel gc, windows-amd64)
# No core dump will be written. Minidumps are not enabled by default on client versions of Windows
#

---------------  S U M M A R Y ------------

Command Line: --add-modules=ALL-SYSTEM --add-opens=java.base/java.util=ALL-UNNAMED --add-opens=java.base/java.lang=ALL-UNNAMED --add-opens=java.base/sun.nio.fs=ALL-UNNAMED -Declipse.application=org.eclipse.jdt.ls.core.id1 -Dosgi.bundles.defaultStartLevel=4 -Declipse.product=org.eclipse.jdt.ls.core.product -Djava.import.generatesMetadataFilesAtProjectRoot=false -DDetectVMInstallationsJob.disabled=true -Dfile.encoding=utf8 -XX:+UseParallelGC -XX:GCTimeRatio=4 -XX:AdaptiveSizePolicyWeight=90 -Dsun.zip.disableMemoryMapping=true -Xmx2G -Xms100m -Xlog:disable -javaagent:c:\Users\Kavis\.vscode\extensions\redhat.java-1.51.0-win32-x64\lombok\lombok-1.18.39-4050.jar -XX:+HeapDumpOnOutOfMemoryError -XX:HeapDumpPath=c:\Users\Kavis\AppData\Roaming\Code\User\workspaceStorage\ad1adb9262e567f18e865202dfb941a7\redhat.java -Daether.dependencyCollector.impl=bf c:\Users\Kavis\.vscode\extensions\redhat.java-1.51.0-win32-x64\server\plugins\org.eclipse.equinox.launcher_1.7.100.v20251111-0406.jar -configuration c:\Users\Kavis\AppData\Roaming\Code\User\globalStorage\redhat.java\1.51.0\config_win -data c:\Users\Kavis\AppData\Roaming\Code\User\workspaceStorage\ad1adb9262e567f18e865202dfb941a7\redhat.java\jdt_ws --pipe=\\.\pipe\lsp-8dc9b7abee4b1067d796136d7dd0bf8e-sock

Host: 12th Gen Intel(R) Core(TM) i5-1235U, 12 cores, 7G,  Windows 11 , 64 bit Build 26100 (10.0.26100.7623)
Time: Thu Jan 22 00:16:26 2026 Sri Lanka Standard Time elapsed time: 5.702271 seconds (0d 0h 0m 5s)

---------------  T H R E A D  ---------------

Current thread (0x000002926568f240):  JavaThread "C2 CompilerThread0" daemon [_thread_in_native, id=17376, stack(0x000000a87bc00000,0x000000a87bd00000) (1024K)]


Current CompileTask:
C2:5702 5716   !   4       org.eclipse.osgi.internal.loader.BundleLoader::findClass0 (490 bytes)

Stack: [0x000000a87bc00000,0x000000a87bd00000]
Native frames: (J=compiled Java code, j=interpreted, Vv=VM code, C=native code)
V  [jvm.dll+0x6d6e29]
V  [jvm.dll+0x8b4b76]
V  [jvm.dll+0x8b712e]
V  [jvm.dll+0x8b7813]
V  [jvm.dll+0x283d86]
V  [jvm.dll+0xc66ed]
V  [jvm.dll+0xc6c31]
V  [jvm.dll+0x3be53b]
V  [jvm.dll+0x38ab92]
V  [jvm.dll+0x389fda]
V  [jvm.dll+0x24bfa0]
V  [jvm.dll+0x24b580]
V  [jvm.dll+0x1cb13e]
V  [jvm.dll+0x25b29d]
V  [jvm.dll+0x25982a]
V  [jvm.dll+0x3f7ea6]
V  [jvm.dll+0x85e9ad]
V  [jvm.dll+0x6d565d]
C  [ucrtbase.dll+0x37b0]
C  [KERNEL32.DLL+0x2e8d7]
C  [ntdll.dll+0x8c53c]


---------------  P R O C E S S  ---------------

Threads class SMR info:
_java_thread_list=0x000002926f7c7460, length=52, elements={
0x000002920c8e1c40, 0x000002920c984f70, 0x000002920c985d80, 0x000002920c992a60,
0x000002920c993910, 0x000002920c998970, 0x000002920c99e930, 0x000002926568f240,
0x0000029265692480, 0x00000292658ade40, 0x00000292659df2b0, 0x00000292656938f0,
0x0000029266d2f890, 0x000002926b0488e0, 0x000002926b03ad60, 0x0000029266c56110,
0x000002926b1bd7a0, 0x000002926b56e6a0, 0x000002926b2a2270, 0x000002926b29fb10,
0x000002926b2a0ec0, 0x000002926b2a2900, 0x000002926b2a01a0, 0x000002926b2a1550,
0x000002926b2a0830, 0x000002926b2a1be0, 0x000002926be1ec00, 0x000002926be20cd0,
0x000002926be1ffb0, 0x000002926be1e570, 0x000002926be1f290, 0x000002926be20640,
0x000002926be1d850, 0x000002926be1f920, 0x000002926be21360, 0x000002926be1dee0,
0x000002926be23430, 0x000002926be24e70, 0x000002926be23ac0, 0x000002926be22710,
0x000002926be22080, 0x000002926be247e0, 0x000002926be219f0, 0x000002926be22da0,
0x000002926be24150, 0x000002926d621c00, 0x000002926d622290, 0x000002926d622920,
0x000002926d620ee0, 0x000002926d621570, 0x000002926d622fb0, 0x000002926d61fb30
}

Java Threads: ( => current thread )
  0x000002920c8e1c40 JavaThread "main"                              [_thread_blocked, id=15504, stack(0x000000a87b200000,0x000000a87b300000) (1024K)]
  0x000002920c984f70 JavaThread "Reference Handler"          daemon [_thread_blocked, id=14148, stack(0x000000a87b600000,0x000000a87b700000) (1024K)]
  0x000002920c985d80 JavaThread "Finalizer"                  daemon [_thread_blocked, id=14656, stack(0x000000a87b700000,0x000000a87b800000) (1024K)]
  0x000002920c992a60 JavaThread "Signal Dispatcher"          daemon [_thread_blocked, id=3792, stack(0x000000a87b800000,0x000000a87b900000) (1024K)]
  0x000002920c993910 JavaThread "Attach Listener"            daemon [_thread_blocked, id=20424, stack(0x000000a87b900000,0x000000a87ba00000) (1024K)]
  0x000002920c998970 JavaThread "Service Thread"             daemon [_thread_blocked, id=13680, stack(0x000000a87ba00000,0x000000a87bb00000) (1024K)]
  0x000002920c99e930 JavaThread "Monitor Deflation Thread"   daemon [_thread_blocked, id=10664, stack(0x000000a87bb00000,0x000000a87bc00000) (1024K)]
=>0x000002926568f240 JavaThread "C2 CompilerThread0"         daemon [_thread_in_native, id=17376, stack(0x000000a87bc00000,0x000000a87bd00000) (1024K)]
  0x0000029265692480 JavaThread "C1 CompilerThread0"         daemon [_thread_in_native, id=14732, stack(0x000000a87bd00000,0x000000a87be00000) (1024K)]
  0x00000292658ade40 JavaThread "Common-Cleaner"             daemon [_thread_blocked, id=9664, stack(0x000000a87bf00000,0x000000a87c000000) (1024K)]
  0x00000292659df2b0 JavaThread "Notification Thread"        daemon [_thread_blocked, id=4016, stack(0x000000a87c000000,0x000000a87c100000) (1024K)]
  0x00000292656938f0 JavaThread "C2 CompilerThread1"         daemon [_thread_blocked, id=864, stack(0x000000a87be00000,0x000000a87bf00000) (1024K)]
  0x0000029266d2f890 JavaThread "Active Thread: Equinox Container: cb957fcb-7f7b-4fc5-afc7-c258df436157"        [_thread_blocked, id=12472, stack(0x000000a87c800000,0x000000a87c900000) (1024K)]
  0x000002926b0488e0 JavaThread "Refresh Thread: Equinox Container: cb957fcb-7f7b-4fc5-afc7-c258df436157" daemon [_thread_blocked, id=16128, stack(0x000000a87ca00000,0x000000a87cb00000) (1024K)]
  0x000002926b03ad60 JavaThread "Framework Event Dispatcher: Equinox Container: cb957fcb-7f7b-4fc5-afc7-c258df436157" daemon [_thread_blocked, id=9060, stack(0x000000a87cb00000,0x000000a87cc00000) (1024K)]
  0x0000029266c56110 JavaThread "Start Level: Equinox Container: cb957fcb-7f7b-4fc5-afc7-c258df436157" daemon [_thread_blocked, id=652, stack(0x000000a87cc00000,0x000000a87cd00000) (1024K)]
  0x000002926b1bd7a0 JavaThread "Bundle File Closer"         daemon [_thread_blocked, id=14188, stack(0x000000a87cf00000,0x000000a87d000000) (1024K)]
  0x000002926b56e6a0 JavaThread "SCR Component Actor"        daemon [_thread_blocked, id=3920, stack(0x000000a87d000000,0x000000a87d100000) (1024K)]
  0x000002926b2a2270 JavaThread "Worker-JM"                         [_thread_blocked, id=21328, stack(0x000000a87d100000,0x000000a87d200000) (1024K)]
  0x000002926b29fb10 JavaThread "JNA Cleaner"                daemon [_thread_blocked, id=20748, stack(0x000000a87c100000,0x000000a87c200000) (1024K)]
  0x000002926b2a0ec0 JavaThread "Worker-0"                          [_thread_blocked, id=15852, stack(0x000000a87d200000,0x000000a87d300000) (1024K)]
  0x000002926b2a2900 JavaThread "Worker-1"                          [_thread_blocked, id=14624, stack(0x000000a87d300000,0x000000a87d400000) (1024K)]
  0x000002926b2a01a0 JavaThread "Java indexing"              daemon [_thread_blocked, id=18428, stack(0x000000a87d400000,0x000000a87d500000) (1024K)]
  0x000002926b2a1550 JavaThread "Worker-2"                          [_thread_blocked, id=17184, stack(0x000000a87d800000,0x000000a87d900000) (1024K)]
  0x000002926b2a0830 JavaThread "Worker-3: Repository registry initialization"        [_thread_in_vm, id=16388, stack(0x000000a87d900000,0x000000a87da00000) (1024K)]
  0x000002926b2a1be0 JavaThread "Thread-1"                   daemon [_thread_in_native, id=17508, stack(0x000000a87da00000,0x000000a87db00000) (1024K)]
  0x000002926be1ec00 JavaThread "Thread-2"                   daemon [_thread_in_native, id=8640, stack(0x000000a87db00000,0x000000a87dc00000) (1024K)]
  0x000002926be20cd0 JavaThread "Thread-3"                   daemon [_thread_in_native, id=11596, stack(0x000000a87dc00000,0x000000a87dd00000) (1024K)]
  0x000002926be1ffb0 JavaThread "Thread-4"                   daemon [_thread_in_native, id=13208, stack(0x000000a87dd00000,0x000000a87de00000) (1024K)]
  0x000002926be1e570 JavaThread "Thread-5"                   daemon [_thread_in_native, id=6152, stack(0x000000a87de00000,0x000000a87df00000) (1024K)]
  0x000002926be1f290 JavaThread "Thread-6"                   daemon [_thread_in_native, id=10684, stack(0x000000a87df00000,0x000000a87e000000) (1024K)]
  0x000002926be20640 JavaThread "Thread-7"                   daemon [_thread_in_native, id=17772, stack(0x000000a87e000000,0x000000a87e100000) (1024K)]
  0x000002926be1d850 JavaThread "Thread-8"                   daemon [_thread_in_native, id=10164, stack(0x000000a87e100000,0x000000a87e200000) (1024K)]
  0x000002926be1f920 JavaThread "Thread-9"                   daemon [_thread_in_native, id=13108, stack(0x000000a87e200000,0x000000a87e300000) (1024K)]
  0x000002926be21360 JavaThread "Thread-10"                  daemon [_thread_in_native, id=16160, stack(0x000000a87e300000,0x000000a87e400000) (1024K)]
  0x000002926be1dee0 JavaThread "Thread-11"                  daemon [_thread_in_native, id=3984, stack(0x000000a87e400000,0x000000a87e500000) (1024K)]
  0x000002926be23430 JavaThread "Thread-12"                  daemon [_thread_in_native, id=3252, stack(0x000000a87e500000,0x000000a87e600000) (1024K)]
  0x000002926be24e70 JavaThread "Thread-13"                  daemon [_thread_in_native, id=3884, stack(0x000000a87e600000,0x000000a87e700000) (1024K)]
  0x000002926be23ac0 JavaThread "pool-2-thread-1"                   [_thread_blocked, id=19220, stack(0x000000a87e700000,0x000000a87e800000) (1024K)]
  0x000002926be22710 JavaThread "WorkspaceEventsHandler"            [_thread_blocked, id=16620, stack(0x000000a87e800000,0x000000a87e900000) (1024K)]
  0x000002926be22080 JavaThread "pool-1-thread-1"                   [_thread_blocked, id=1556, stack(0x000000a87e900000,0x000000a87ea00000) (1024K)]
  0x000002926be247e0 JavaThread "ForkJoinPool.commonPool-worker-1" daemon [_thread_blocked, id=19060, stack(0x000000a87ea00000,0x000000a87eb00000) (1024K)]
  0x000002926be219f0 JavaThread "ForkJoinPool.commonPool-worker-2" daemon [_thread_blocked, id=15516, stack(0x000000a87eb00000,0x000000a87ec00000) (1024K)]
  0x000002926be22da0 JavaThread "ForkJoinPool.commonPool-worker-3" daemon [_thread_blocked, id=1884, stack(0x000000a87ec00000,0x000000a87ed00000) (1024K)]
  0x000002926be24150 JavaThread "ForkJoinPool.commonPool-worker-4" daemon [_thread_blocked, id=12936, stack(0x000000a87ed00000,0x000000a87ee00000) (1024K)]
  0x000002926d621c00 JavaThread "ForkJoinPool.commonPool-worker-5" daemon [_thread_blocked, id=18764, stack(0x000000a87ee00000,0x000000a87ef00000) (1024K)]
  0x000002926d622290 JavaThread "ForkJoinPool.commonPool-worker-6" daemon [_thread_blocked, id=12328, stack(0x000000a87ef00000,0x000000a87f000000) (1024K)]
  0x000002926d622920 JavaThread "ForkJoinPool.commonPool-worker-7" daemon [_thread_blocked, id=15700, stack(0x000000a87f000000,0x000000a87f100000) (1024K)]
  0x000002926d620ee0 JavaThread "ForkJoinPool.commonPool-worker-9" daemon [_thread_blocked, id=8252, stack(0x000000a87f100000,0x000000a87f200000) (1024K)]
  0x000002926d621570 JavaThread "ForkJoinPool.commonPool-worker-8" daemon [_thread_blocked, id=2520, stack(0x000000a87f200000,0x000000a87f300000) (1024K)]
  0x000002926d622fb0 JavaThread "ForkJoinPool.commonPool-worker-10" daemon [_thread_blocked, id=10920, stack(0x000000a87f300000,0x000000a87f400000) (1024K)]
  0x000002926d61fb30 JavaThread "ForkJoinPool.commonPool-worker-11" daemon [_thread_blocked, id=10824, stack(0x000000a87f400000,0x000000a87f500000) (1024K)]
Total: 52

Other Threads:
  0x000002920c980960 VMThread "VM Thread"                           [id=14824, stack(0x000000a87b500000,0x000000a87b600000) (1024K)]
  0x000002920c76ca00 WatcherThread "VM Periodic Task Thread"        [id=5760, stack(0x000000a87b400000,0x000000a87b500000) (1024K)]
  0x000002920c9014d0 WorkerThread "GC Thread#0"                     [id=3684, stack(0x000000a87b300000,0x000000a87b400000) (1024K)]
  0x0000029266ab1c20 WorkerThread "GC Thread#1"                     [id=6472, stack(0x000000a87c200000,0x000000a87c300000) (1024K)]
  0x0000029266add800 WorkerThread "GC Thread#2"                     [id=17008, stack(0x000000a87c300000,0x000000a87c400000) (1024K)]
  0x0000029266addba0 WorkerThread "GC Thread#3"                     [id=19076, stack(0x000000a87c400000,0x000000a87c500000) (1024K)]
  0x0000029265a56610 WorkerThread "GC Thread#4"                     [id=2064, stack(0x000000a87c500000,0x000000a87c600000) (1024K)]
  0x0000029265a569b0 WorkerThread "GC Thread#5"                     [id=7800, stack(0x000000a87c600000,0x000000a87c700000) (1024K)]
  0x0000029265a56d50 WorkerThread "GC Thread#6"                     [id=5692, stack(0x000000a87c700000,0x000000a87c800000) (1024K)]
  0x000002926b369ac0 WorkerThread "GC Thread#7"                     [id=11592, stack(0x000000a87c900000,0x000000a87ca00000) (1024K)]
  0x000002926b039960 WorkerThread "GC Thread#8"                     [id=19324, stack(0x000000a87cd00000,0x000000a87ce00000) (1024K)]
  0x000002926b038e80 WorkerThread "GC Thread#9"                     [id=20868, stack(0x000000a87ce00000,0x000000a87cf00000) (1024K)]
Total: 12

Threads with active compile tasks:
C2 CompilerThread0  5723 5716   !   4       org.eclipse.osgi.internal.loader.BundleLoader::findClass0 (490 bytes)
C1 CompilerThread0  5723 5958       3       com.google.inject.internal.aop.BytecodeTasks::pushInteger (73 bytes)
Total: 2

VM state: not at safepoint (normal execution)

VM Mutex/Monitor currently owned by a thread: None

Heap address: 0x0000000080000000, size: 2048 MB, Compressed Oops mode: 32-bit

CDS archive(s) mapped at: [0x0000029224000000-0x0000029224ba0000-0x0000029224ba0000), size 12189696, SharedBaseAddress: 0x0000029224000000, ArchiveRelocationMode: 1.
Compressed class space mapped at: 0x0000029225000000-0x0000029265000000, reserved size: 1073741824
Narrow klass base: 0x0000029224000000, Narrow klass shift: 0, Narrow klass range: 0x100000000

GC Precious Log:
 CardTable entry size: 512
 CPUs: 12 total, 12 available
 Memory: 7896M
 Large Page Support: Disabled
 NUMA Support: Disabled
 Compressed Oops: Enabled (32-bit)
 Alignments: Space 512K, Generation 512K, Heap 2M
 Heap Min Capacity: 100M
 Heap Initial Capacity: 100M
 Heap Max Capacity: 2G
 Pre-touch: Disabled
 Parallel Workers: 10

Heap:
 PSYoungGen      total 23552K, used 4497K [0x00000000d5580000, 0x00000000d7400000, 0x0000000100000000)
  eden space 22016K, 13% used [0x00000000d5580000,0x00000000d587c7e8,0x00000000d6b00000)
  from space 1536K, 93% used [0x00000000d7280000,0x00000000d73e8000,0x00000000d7400000)
  to   space 2048K, 0% used [0x00000000d7000000,0x00000000d7000000,0x00000000d7200000)
 ParOldGen       total 68608K, used 28690K [0x0000000080000000, 0x0000000084300000, 0x00000000d5580000)
  object space 68608K, 41% used [0x0000000080000000,0x0000000081c04b28,0x0000000084300000)
 Metaspace       used 44048K, committed 45312K, reserved 1114112K
  class space    used 4789K, committed 5312K, reserved 1048576K

Card table byte_map: [0x000002920c280000,0x000002920c690000] _byte_map_base: 0x000002920be80000

Marking Bits: (ParMarkBitMap*) 0x00007ff826962460
 Begin Bits: [0x000002921ed90000, 0x0000029220d90000)
 End Bits:   [0x0000029220d90000, 0x0000029222d90000)

Polling page: 0x000002920a700000

Metaspace:

Usage:
  Non-class:     38.34 MB used.
      Class:      4.68 MB used.
       Both:     43.02 MB used.

Virtual space:
  Non-class space:       64.00 MB reserved,      39.06 MB ( 61%) committed,  1 nodes.
      Class space:        1.00 GB reserved,       5.19 MB ( <1%) committed,  1 nodes.
             Both:        1.06 GB reserved,      44.25 MB (  4%) committed. 

Chunk freelists:
   Non-Class:  8.47 MB
       Class:  10.84 MB
        Both:  19.31 MB

MaxMetaspaceSize: unlimited
CompressedClassSpaceSize: 1.00 GB
Initial GC threshold: 21.00 MB
Current GC threshold: 58.38 MB
CDS: on
 - commit_granule_bytes: 65536.
 - commit_granule_words: 8192.
 - virtual_space_node_default_size: 8388608.
 - enlarge_chunks_in_place: 1.
 - use_allocation_guard: 0.


Internal statistics:

num_allocs_failed_limit: 6.
num_arena_births: 968.
num_arena_deaths: 14.
num_vsnodes_births: 2.
num_vsnodes_deaths: 0.
num_space_committed: 708.
num_space_uncommitted: 0.
num_chunks_returned_to_freelist: 20.
num_chunks_taken_from_freelist: 2907.
num_chunk_merges: 12.
num_chunk_splits: 1835.
num_chunks_enlarged: 1080.
num_inconsistent_stats: 0.

CodeHeap 'non-profiled nmethods': size=120000Kb used=2746Kb max_used=2746Kb free=117253Kb
 bounds [0x00000292175b0000, 0x0000029217860000, 0x000002921eae0000]
CodeHeap 'profiled nmethods': size=120000Kb used=10932Kb max_used=10932Kb free=109067Kb
 bounds [0x000002920fae0000, 0x0000029210590000, 0x0000029217010000]
CodeHeap 'non-nmethods': size=5760Kb used=1363Kb max_used=1446Kb free=4396Kb
 bounds [0x0000029217010000, 0x0000029217280000, 0x00000292175b0000]
CodeCache: size=245760Kb, used=15041Kb, max_used=15124Kb, free=230716Kb
 total_blobs=6023, nmethods=5362, adapters=567, full_count=0
Compilation: enabled, stopped_count=0, restarted_count=0

Compilation events (20 events):
Event: 4.688 Thread 0x0000029265692480 nmethod 5928 0x0000029210570290 code [0x0000029210570440, 0x00000292105705e0]
Event: 4.688 Thread 0x0000029265692480 5927       3       java.util.TreeMap$ValueIterator::next (8 bytes)
Event: 4.688 Thread 0x0000029265692480 nmethod 5927 0x0000029210570690 code [0x0000029210570840, 0x0000029210570980]
Event: 4.688 Thread 0x0000029265692480 5929       3       java.util.LinkedHashSet::<init> (28 bytes)
Event: 4.688 Thread 0x0000029265692480 nmethod 5929 0x0000029210570a90 code [0x0000029210570cc0, 0x0000029210571168]
Event: 4.688 Thread 0x0000029265692480 5930       3       org.objectweb.asm.ByteVector::enlarge (73 bytes)
Event: 4.688 Thread 0x0000029265692480 nmethod 5930 0x0000029210571310 code [0x00000292105714e0, 0x00000292105718c8]
Event: 4.689 Thread 0x0000029265692480 5931       3       com.google.inject.internal.aop.ClassBuilding::canAccess (27 bytes)
Event: 4.689 Thread 0x0000029265692480 nmethod 5931 0x0000029210571a10 code [0x0000029210571bc0, 0x0000029210571e30]
Event: 4.689 Thread 0x0000029265692480 5932       3       com.google.common.collect.ImmutableList::copyIntoArray (36 bytes)
Event: 4.689 Thread 0x0000029265692480 nmethod 5932 0x0000029210571f10 code [0x00000292105720e0, 0x00000292105725c0]
Event: 4.689 Thread 0x0000029265692480 5933       3       org.objectweb.asm.Handler::getExceptionTableSize (10 bytes)
Event: 4.689 Thread 0x0000029265692480 nmethod 5933 0x0000029210572790 code [0x0000029210572940, 0x0000029210572b38]
Event: 4.690 Thread 0x0000029265692480 5935       3       com.google.common.collect.ImmutableCollection::toArray (67 bytes)
Event: 4.690 Thread 0x0000029265692480 nmethod 5935 0x0000029210572c90 code [0x0000029210572f20, 0x0000029210573ba0]
Event: 4.690 Thread 0x0000029265692480 5937       3       java.util.stream.AbstractPipeline::exactOutputSizeIfKnown (86 bytes)
Event: 4.690 Thread 0x0000029265692480 nmethod 5937 0x0000029210573f10 code [0x0000029210574100, 0x0000029210574758]
Event: 4.690 Thread 0x0000029265692480 5938       3       com.google.inject.TypeLiteral::resolveType (309 bytes)
Event: 4.692 Thread 0x0000029265692480 nmethod 5938 0x0000029210574a10 code [0x0000029210574de0, 0x0000029210576a50]
Event: 4.692 Thread 0x0000029265692480 5939       3       org.objectweb.asm.MethodWriter::visitMethodInsn (191 bytes)

GC Heap History (20 events):
Event: 3.020 GC heap before
{Heap before GC invocations=11 (full 1):
 PSYoungGen      total 26112K, used 24881K [0x00000000d5580000, 0x00000000d7380000, 0x0000000100000000)
  eden space 23552K, 100% used [0x00000000d5580000,0x00000000d6c80000,0x00000000d6c80000)
  from space 2560K, 51% used [0x00000000d6f80000,0x00000000d70cc570,0x00000000d7200000)
  to   space 1536K, 0% used [0x00000000d7200000,0x00000000d7200000,0x00000000d7380000)
 ParOldGen       total 68608K, used 13384K [0x0000000080000000, 0x0000000084300000, 0x00000000d5580000)
  object space 68608K, 19% used [0x0000000080000000,0x0000000080d12200,0x0000000084300000)
 Metaspace       used 27992K, committed 28992K, reserved 1114112K
  class space    used 2781K, committed 3200K, reserved 1048576K
}
Event: 3.022 GC heap after
{Heap after GC invocations=11 (full 1):
 PSYoungGen      total 24576K, used 1531K [0x00000000d5580000, 0x00000000d7400000, 0x0000000100000000)
  eden space 23040K, 0% used [0x00000000d5580000,0x00000000d5580000,0x00000000d6c00000)
  from space 1536K, 99% used [0x00000000d7200000,0x00000000d737eda0,0x00000000d7380000)
  to   space 4096K, 0% used [0x00000000d6c00000,0x00000000d6c00000,0x00000000d7000000)
 ParOldGen       total 68608K, used 15337K [0x0000000080000000, 0x0000000084300000, 0x00000000d5580000)
  object space 68608K, 22% used [0x0000000080000000,0x0000000080efa5e0,0x0000000084300000)
 Metaspace       used 27992K, committed 28992K, reserved 1114112K
  class space    used 2781K, committed 3200K, reserved 1048576K
}
Event: 3.272 GC heap before
{Heap before GC invocations=12 (full 1):
 PSYoungGen      total 24576K, used 24519K [0x00000000d5580000, 0x00000000d7400000, 0x0000000100000000)
  eden space 23040K, 99% used [0x00000000d5580000,0x00000000d6bf3190,0x00000000d6c00000)
  from space 1536K, 99% used [0x00000000d7200000,0x00000000d737eda0,0x00000000d7380000)
  to   space 4096K, 0% used [0x00000000d6c00000,0x00000000d6c00000,0x00000000d7000000)
 ParOldGen       total 68608K, used 15337K [0x0000000080000000, 0x0000000084300000, 0x00000000d5580000)
  object space 68608K, 22% used [0x0000000080000000,0x0000000080efa5e0,0x0000000084300000)
 Metaspace       used 31211K, committed 32320K, reserved 1114112K
  class space    used 3126K, committed 3584K, reserved 1048576K
}
Event: 3.275 GC heap after
{Heap after GC invocations=12 (full 1):
 PSYoungGen      total 25600K, used 2684K [0x00000000d5580000, 0x00000000d7280000, 0x0000000100000000)
  eden space 22528K, 0% used [0x00000000d5580000,0x00000000d5580000,0x00000000d6b80000)
  from space 3072K, 87% used [0x00000000d6c00000,0x00000000d6e9f3d8,0x00000000d6f00000)
  to   space 3072K, 0% used [0x00000000d6f80000,0x00000000d6f80000,0x00000000d7280000)
 ParOldGen       total 68608K, used 16842K [0x0000000080000000, 0x0000000084300000, 0x00000000d5580000)
  object space 68608K, 24% used [0x0000000080000000,0x0000000081072ba8,0x0000000084300000)
 Metaspace       used 31211K, committed 32320K, reserved 1114112K
  class space    used 3126K, committed 3584K, reserved 1048576K
}
Event: 3.424 GC heap before
{Heap before GC invocations=13 (full 1):
 PSYoungGen      total 25600K, used 25212K [0x00000000d5580000, 0x00000000d7280000, 0x0000000100000000)
  eden space 22528K, 100% used [0x00000000d5580000,0x00000000d6b80000,0x00000000d6b80000)
  from space 3072K, 87% used [0x00000000d6c00000,0x00000000d6e9f3d8,0x00000000d6f00000)
  to   space 3072K, 0% used [0x00000000d6f80000,0x00000000d6f80000,0x00000000d7280000)
 ParOldGen       total 68608K, used 16842K [0x0000000080000000, 0x0000000084300000, 0x00000000d5580000)
  object space 68608K, 24% used [0x0000000080000000,0x0000000081072ba8,0x0000000084300000)
 Metaspace       used 33919K, committed 35136K, reserved 1114112K
  class space    used 3468K, committed 3968K, reserved 1048576K
}
Event: 3.427 GC heap after
{Heap after GC invocations=13 (full 1):
 PSYoungGen      total 24576K, used 2160K [0x00000000d5580000, 0x00000000d7200000, 0x0000000100000000)
  eden space 22016K, 0% used [0x00000000d5580000,0x00000000d5580000,0x00000000d6b00000)
  from space 2560K, 84% used [0x00000000d6f80000,0x00000000d719c010,0x00000000d7200000)
  to   space 2560K, 0% used [0x00000000d6d00000,0x00000000d6d00000,0x00000000d6f80000)
 ParOldGen       total 68608K, used 18930K [0x0000000080000000, 0x0000000084300000, 0x00000000d5580000)
  object space 68608K, 27% used [0x0000000080000000,0x000000008127c968,0x0000000084300000)
 Metaspace       used 33919K, committed 35136K, reserved 1114112K
  class space    used 3468K, committed 3968K, reserved 1048576K
}
Event: 3.464 GC heap before
{Heap before GC invocations=14 (full 1):
 PSYoungGen      total 24576K, used 8654K [0x00000000d5580000, 0x00000000d7200000, 0x0000000100000000)
  eden space 22016K, 29% used [0x00000000d5580000,0x00000000d5bd7900,0x00000000d6b00000)
  from space 2560K, 84% used [0x00000000d6f80000,0x00000000d719c010,0x00000000d7200000)
  to   space 2560K, 0% used [0x00000000d6d00000,0x00000000d6d00000,0x00000000d6f80000)
 ParOldGen       total 68608K, used 18930K [0x0000000080000000, 0x0000000084300000, 0x00000000d5580000)
  object space 68608K, 27% used [0x0000000080000000,0x000000008127c968,0x0000000084300000)
 Metaspace       used 34669K, committed 35840K, reserved 1114112K
  class space    used 3548K, committed 4032K, reserved 1048576K
}
Event: 3.466 GC heap after
{Heap after GC invocations=14 (full 1):
 PSYoungGen      total 23040K, used 688K [0x00000000d5580000, 0x00000000d7000000, 0x0000000100000000)
  eden space 22016K, 0% used [0x00000000d5580000,0x00000000d5580000,0x00000000d6b00000)
  from space 1024K, 67% used [0x00000000d6d00000,0x00000000d6dac210,0x00000000d6e00000)
  to   space 1536K, 0% used [0x00000000d6e80000,0x00000000d6e80000,0x00000000d7000000)
 ParOldGen       total 68608K, used 20889K [0x0000000080000000, 0x0000000084300000, 0x00000000d5580000)
  object space 68608K, 30% used [0x0000000080000000,0x0000000081466550,0x0000000084300000)
 Metaspace       used 34669K, committed 35840K, reserved 1114112K
  class space    used 3548K, committed 4032K, reserved 1048576K
}
Event: 3.466 GC heap before
{Heap before GC invocations=15 (full 2):
 PSYoungGen      total 23040K, used 688K [0x00000000d5580000, 0x00000000d7000000, 0x0000000100000000)
  eden space 22016K, 0% used [0x00000000d5580000,0x00000000d5580000,0x00000000d6b00000)
  from space 1024K, 67% used [0x00000000d6d00000,0x00000000d6dac210,0x00000000d6e00000)
  to   space 1536K, 0% used [0x00000000d6e80000,0x00000000d6e80000,0x00000000d7000000)
 ParOldGen       total 68608K, used 20889K [0x0000000080000000, 0x0000000084300000, 0x00000000d5580000)
  object space 68608K, 30% used [0x0000000080000000,0x0000000081466550,0x0000000084300000)
 Metaspace       used 34669K, committed 35840K, reserved 1114112K
  class space    used 3548K, committed 4032K, reserved 1048576K
}
Event: 3.487 GC heap after
{Heap after GC invocations=15 (full 2):
 PSYoungGen      total 23040K, used 0K [0x00000000d5580000, 0x00000000d7000000, 0x0000000100000000)
  eden space 22016K, 0% used [0x00000000d5580000,0x00000000d5580000,0x00000000d6b00000)
  from space 1024K, 0% used [0x00000000d6d00000,0x00000000d6d00000,0x00000000d6e00000)
  to   space 1536K, 0% used [0x00000000d6e80000,0x00000000d6e80000,0x00000000d7000000)
 ParOldGen       total 68608K, used 20388K [0x0000000080000000, 0x0000000084300000, 0x00000000d5580000)
  object space 68608K, 29% used [0x0000000080000000,0x00000000813e93f0,0x0000000084300000)
 Metaspace       used 34669K, committed 35840K, reserved 1114112K
  class space    used 3548K, committed 4032K, reserved 1048576K
}
Event: 3.662 GC heap before
{Heap before GC invocations=16 (full 2):
 PSYoungGen      total 23040K, used 21994K [0x00000000d5580000, 0x00000000d7000000, 0x0000000100000000)
  eden space 22016K, 99% used [0x00000000d5580000,0x00000000d6afa898,0x00000000d6b00000)
  from space 1024K, 0% used [0x00000000d6d00000,0x00000000d6d00000,0x00000000d6e00000)
  to   space 1536K, 0% used [0x00000000d6e80000,0x00000000d6e80000,0x00000000d7000000)
 ParOldGen       total 68608K, used 20388K [0x0000000080000000, 0x0000000084300000, 0x00000000d5580000)
  object space 68608K, 29% used [0x0000000080000000,0x00000000813e93f0,0x0000000084300000)
 Metaspace       used 36221K, committed 37440K, reserved 1114112K
  class space    used 3716K, committed 4224K, reserved 1048576K
}
Event: 3.663 GC heap after
{Heap after GC invocations=16 (full 2):
 PSYoungGen      total 23552K, used 1376K [0x00000000d5580000, 0x00000000d7000000, 0x0000000100000000)
  eden space 22016K, 0% used [0x00000000d5580000,0x00000000d5580000,0x00000000d6b00000)
  from space 1536K, 89% used [0x00000000d6e80000,0x00000000d6fd8000,0x00000000d7000000)
  to   space 1536K, 0% used [0x00000000d6d00000,0x00000000d6d00000,0x00000000d6e80000)
 ParOldGen       total 68608K, used 20396K [0x0000000080000000, 0x0000000084300000, 0x00000000d5580000)
  object space 68608K, 29% used [0x0000000080000000,0x00000000813eb3f0,0x0000000084300000)
 Metaspace       used 36221K, committed 37440K, reserved 1114112K
  class space    used 3716K, committed 4224K, reserved 1048576K
}
Event: 3.823 GC heap before
{Heap before GC invocations=17 (full 2):
 PSYoungGen      total 23552K, used 23392K [0x00000000d5580000, 0x00000000d7000000, 0x0000000100000000)
  eden space 22016K, 100% used [0x00000000d5580000,0x00000000d6b00000,0x00000000d6b00000)
  from space 1536K, 89% used [0x00000000d6e80000,0x00000000d6fd8000,0x00000000d7000000)
  to   space 1536K, 0% used [0x00000000d6d00000,0x00000000d6d00000,0x00000000d6e80000)
 ParOldGen       total 68608K, used 20396K [0x0000000080000000, 0x0000000084300000, 0x00000000d5580000)
  object space 68608K, 29% used [0x0000000080000000,0x00000000813eb3f0,0x0000000084300000)
 Metaspace       used 37760K, committed 38976K, reserved 1114112K
  class space    used 3943K, committed 4480K, reserved 1048576K
}
Event: 3.827 GC heap after
{Heap after GC invocations=17 (full 2):
 PSYoungGen      total 23552K, used 1520K [0x00000000d5580000, 0x00000000d7c00000, 0x0000000100000000)
  eden space 22016K, 0% used [0x00000000d5580000,0x00000000d5580000,0x00000000d6b00000)
  from space 1536K, 98% used [0x00000000d6d00000,0x00000000d6e7c010,0x00000000d6e80000)
  to   space 8704K, 0% used [0x00000000d7380000,0x00000000d7380000,0x00000000d7c00000)
 ParOldGen       total 68608K, used 26130K [0x0000000080000000, 0x0000000084300000, 0x00000000d5580000)
  object space 68608K, 38% used [0x0000000080000000,0x00000000819848a8,0x0000000084300000)
 Metaspace       used 37760K, committed 38976K, reserved 1114112K
  class space    used 3943K, committed 4480K, reserved 1048576K
}
Event: 4.079 GC heap before
{Heap before GC invocations=18 (full 2):
 PSYoungGen      total 23552K, used 23509K [0x00000000d5580000, 0x00000000d7c00000, 0x0000000100000000)
  eden space 22016K, 99% used [0x00000000d5580000,0x00000000d6af9788,0x00000000d6b00000)
  from space 1536K, 98% used [0x00000000d6d00000,0x00000000d6e7c010,0x00000000d6e80000)
  to   space 8704K, 0% used [0x00000000d7380000,0x00000000d7380000,0x00000000d7c00000)
 ParOldGen       total 68608K, used 26130K [0x0000000080000000, 0x0000000084300000, 0x00000000d5580000)
  object space 68608K, 38% used [0x0000000080000000,0x00000000819848a8,0x0000000084300000)
 Metaspace       used 39248K, committed 40448K, reserved 1114112K
  class space    used 4160K, committed 4672K, reserved 1048576K
}
Event: 4.081 GC heap after
{Heap after GC invocations=18 (full 2):
 PSYoungGen      total 23552K, used 1045K [0x00000000d5580000, 0x00000000d7500000, 0x0000000100000000)
  eden space 22016K, 0% used [0x00000000d5580000,0x00000000d5580000,0x00000000d6b00000)
  from space 1536K, 68% used [0x00000000d7380000,0x00000000d7485540,0x00000000d7500000)
  to   space 3584K, 0% used [0x00000000d6e00000,0x00000000d6e00000,0x00000000d7180000)
 ParOldGen       total 68608K, used 27618K [0x0000000080000000, 0x0000000084300000, 0x00000000d5580000)
  object space 68608K, 40% used [0x0000000080000000,0x0000000081af8b28,0x0000000084300000)
 Metaspace       used 39248K, committed 40448K, reserved 1114112K
  class space    used 4160K, committed 4672K, reserved 1048576K
}
Event: 4.347 GC heap before
{Heap before GC invocations=19 (full 2):
 PSYoungGen      total 23552K, used 23061K [0x00000000d5580000, 0x00000000d7500000, 0x0000000100000000)
  eden space 22016K, 100% used [0x00000000d5580000,0x00000000d6b00000,0x00000000d6b00000)
  from space 1536K, 68% used [0x00000000d7380000,0x00000000d7485540,0x00000000d7500000)
  to   space 3584K, 0% used [0x00000000d6e00000,0x00000000d6e00000,0x00000000d7180000)
 ParOldGen       total 68608K, used 27618K [0x0000000080000000, 0x0000000084300000, 0x00000000d5580000)
  object space 68608K, 40% used [0x0000000080000000,0x0000000081af8b28,0x0000000084300000)
 Metaspace       used 41297K, committed 42496K, reserved 1114112K
  class space    used 4429K, committed 4928K, reserved 1048576K
}
Event: 4.349 GC heap after
{Heap after GC invocations=19 (full 2):
 PSYoungGen      total 25600K, used 731K [0x00000000d5580000, 0x00000000d7400000, 0x0000000100000000)
  eden space 22016K, 0% used [0x00000000d5580000,0x00000000d5580000,0x00000000d6b00000)
  from space 3584K, 20% used [0x00000000d6e00000,0x00000000d6eb6d68,0x00000000d7180000)
  to   space 1536K, 0% used [0x00000000d7280000,0x00000000d7280000,0x00000000d7400000)
 ParOldGen       total 68608K, used 28130K [0x0000000080000000, 0x0000000084300000, 0x00000000d5580000)
  object space 68608K, 41% used [0x0000000080000000,0x0000000081b78b28,0x0000000084300000)
 Metaspace       used 41297K, committed 42496K, reserved 1114112K
  class space    used 4429K, committed 4928K, reserved 1048576K
}
Event: 4.632 GC heap before
{Heap before GC invocations=20 (full 2):
 PSYoungGen      total 25600K, used 22747K [0x00000000d5580000, 0x00000000d7400000, 0x0000000100000000)
  eden space 22016K, 100% used [0x00000000d5580000,0x00000000d6b00000,0x00000000d6b00000)
  from space 3584K, 20% used [0x00000000d6e00000,0x00000000d6eb6d68,0x00000000d7180000)
  to   space 1536K, 0% used [0x00000000d7280000,0x00000000d7280000,0x00000000d7400000)
 ParOldGen       total 68608K, used 28130K [0x0000000080000000, 0x0000000084300000, 0x00000000d5580000)
  object space 68608K, 41% used [0x0000000080000000,0x0000000081b78b28,0x0000000084300000)
 Metaspace       used 43703K, committed 44992K, reserved 1114112K
  class space    used 4731K, committed 5248K, reserved 1048576K
}
Event: 4.634 GC heap after
{Heap after GC invocations=20 (full 2):
 PSYoungGen      total 23552K, used 1440K [0x00000000d5580000, 0x00000000d7400000, 0x0000000100000000)
  eden space 22016K, 0% used [0x00000000d5580000,0x00000000d5580000,0x00000000d6b00000)
  from space 1536K, 93% used [0x00000000d7280000,0x00000000d73e8000,0x00000000d7400000)
  to   space 2048K, 0% used [0x00000000d7000000,0x00000000d7000000,0x00000000d7200000)
 ParOldGen       total 68608K, used 28690K [0x0000000080000000, 0x0000000084300000, 0x00000000d5580000)
  object space 68608K, 41% used [0x0000000080000000,0x0000000081c04b28,0x0000000084300000)
 Metaspace       used 43703K, committed 44992K, reserved 1114112K
  class space    used 4731K, committed 5248K, reserved 1048576K
}

Dll operation events (10 events):
Event: 0.009 Loaded shared library c:\Users\Kavis\.vscode\extensions\redhat.java-1.51.0-win32-x64\jre\21.0.9-win32-x86_64\bin\java.dll
Event: 0.053 Loaded shared library c:\Users\Kavis\.vscode\extensions\redhat.java-1.51.0-win32-x64\jre\21.0.9-win32-x86_64\bin\zip.dll
Event: 0.065 Loaded shared library C:\Users\Kavis\.vscode\extensions\redhat.java-1.51.0-win32-x64\jre\21.0.9-win32-x86_64\bin\instrument.dll
Event: 0.069 Loaded shared library C:\Users\Kavis\.vscode\extensions\redhat.java-1.51.0-win32-x64\jre\21.0.9-win32-x86_64\bin\net.dll
Event: 0.071 Loaded shared library C:\Users\Kavis\.vscode\extensions\redhat.java-1.51.0-win32-x64\jre\21.0.9-win32-x86_64\bin\nio.dll
Event: 0.072 Loaded shared library C:\Users\Kavis\.vscode\extensions\redhat.java-1.51.0-win32-x64\jre\21.0.9-win32-x86_64\bin\zip.dll
Event: 0.082 Loaded shared library C:\Users\Kavis\.vscode\extensions\redhat.java-1.51.0-win32-x64\jre\21.0.9-win32-x86_64\bin\jimage.dll
Event: 0.122 Loaded shared library c:\Users\Kavis\.vscode\extensions\redhat.java-1.51.0-win32-x64\jre\21.0.9-win32-x86_64\bin\verify.dll
Event: 1.043 Loaded shared library C:\Users\Kavis\AppData\Roaming\Code\User\globalStorage\redhat.java\1.51.0\config_win\org.eclipse.equinox.launcher\org.eclipse.equinox.launcher.win32.win32.x86_64_1.2.1400.v20250801-0854\eclipse_11916.dll
Event: 2.153 Loaded shared library C:\Users\Kavis\AppData\Local\Temp\jna-72270570\jna8797210392366691792.dll

Deoptimization events (20 events):
Event: 4.556 Thread 0x000002926b2a0830 DEOPT PACKING pc=0x00000292177bab34 sp=0x000000a87d9fdce0
Event: 4.556 Thread 0x000002926b2a0830 DEOPT UNPACKING pc=0x0000029217063aa2 sp=0x000000a87d9fdc70 mode 2
Event: 4.556 Thread 0x000002926b2a0830 Uncommon trap: trap_request=0xffffffde fr.pc=0x00000292177bab34 relative=0x0000000000000614
Event: 4.556 Thread 0x000002926b2a0830 Uncommon trap: reason=class_check action=maybe_recompile pc=0x00000292177bab34 method=java.util.TreeMap.put(Ljava/lang/Object;Ljava/lang/Object;Z)Ljava/lang/Object; @ 118 c2
Event: 4.556 Thread 0x000002926b2a0830 DEOPT PACKING pc=0x00000292177bab34 sp=0x000000a87d9fdce0
Event: 4.556 Thread 0x000002926b2a0830 DEOPT UNPACKING pc=0x0000029217063aa2 sp=0x000000a87d9fdc70 mode 2
Event: 4.561 Thread 0x000002926b2a0830 Uncommon trap: trap_request=0xfffffff4 fr.pc=0x000002921760cf18 relative=0x0000000000000358
Event: 4.561 Thread 0x000002926b2a0830 Uncommon trap: reason=null_check action=make_not_entrant pc=0x000002921760cf18 method=sun.invoke.util.VerifyType.isNullConversion(Ljava/lang/Class;Ljava/lang/Class;Z)Z @ 67 c2
Event: 4.561 Thread 0x000002926b2a0830 DEOPT PACKING pc=0x000002921760cf18 sp=0x000000a87d9fc7d0
Event: 4.561 Thread 0x000002926b2a0830 DEOPT UNPACKING pc=0x0000029217063aa2 sp=0x000000a87d9fc750 mode 2
Event: 4.564 Thread 0x000002926b2a0830 Uncommon trap: trap_request=0xffffff45 fr.pc=0x0000029217702e04 relative=0x00000000000002a4
Event: 4.564 Thread 0x000002926b2a0830 Uncommon trap: reason=unstable_if action=reinterpret pc=0x0000029217702e04 method=java.lang.ClassLoader.checkName(Ljava/lang/String;)Z @ 1 c2
Event: 4.564 Thread 0x000002926b2a0830 DEOPT PACKING pc=0x0000029217702e04 sp=0x000000a87d9fdac0
Event: 4.564 Thread 0x000002926b2a0830 DEOPT UNPACKING pc=0x0000029217063aa2 sp=0x000000a87d9fda58 mode 2
Event: 4.564 Thread 0x000002926b2a0830 Uncommon trap: trap_request=0xffffff45 fr.pc=0x000002921766b1c8 relative=0x0000000000000f88
Event: 4.564 Thread 0x000002926b2a0830 Uncommon trap: reason=unstable_if action=reinterpret pc=0x000002921766b1c8 method=lombok.patcher.ScriptManager$OurClassFileTransformer.transform(Ljava/lang/ClassLoader;Ljava/lang/String;Ljava/lang/Class;Ljava/security/ProtectionDomain;[B)[B @ 1 c2
Event: 4.564 Thread 0x000002926b2a0830 DEOPT PACKING pc=0x000002921766b1c8 sp=0x000000a87d9fc740
Event: 4.564 Thread 0x000002926b2a0830 DEOPT UNPACKING pc=0x0000029217063aa2 sp=0x000000a87d9fc6c0 mode 2
Event: 4.594 Thread 0x000002926b2a0830 DEOPT PACKING pc=0x000002921050dbbc sp=0x000000a87d9fc4a0
Event: 4.594 Thread 0x000002926b2a0830 DEOPT UNPACKING pc=0x0000029217064242 sp=0x000000a87d9fb9c0 mode 0

Classes loaded (20 events):
Event: 3.949 Loading class java/lang/foreign/MemorySegment
Event: 3.949 Loading class java/lang/foreign/MemorySegment done
Event: 4.195 Loading class sun/reflect/annotation/AnnotatedTypeFactory$AnnotatedParameterizedTypeImpl
Event: 4.195 Loading class java/lang/reflect/AnnotatedParameterizedType
Event: 4.196 Loading class java/lang/reflect/AnnotatedParameterizedType done
Event: 4.196 Loading class sun/reflect/annotation/AnnotatedTypeFactory$AnnotatedParameterizedTypeImpl done
Event: 4.293 Loading class sun/reflect/generics/scope/ConstructorScope
Event: 4.294 Loading class sun/reflect/generics/scope/ConstructorScope done
Event: 4.294 Loading class sun/reflect/generics/tree/VoidDescriptor
Event: 4.294 Loading class sun/reflect/generics/tree/VoidDescriptor done
Event: 4.413 Loading class java/util/concurrent/CompletionService
Event: 4.413 Loading class java/util/concurrent/CompletionService done
Event: 4.454 Loading class java/nio/channels/ServerSocketChannel
Event: 4.454 Loading class java/nio/channels/ServerSocketChannel done
Event: 4.551 Loading class java/lang/ExceptionInInitializerError
Event: 4.551 Loading class java/lang/ExceptionInInitializerError done
Event: 4.551 Loading class sun/misc/Unsafe
Event: 4.552 Loading class sun/misc/Unsafe done
Event: 4.563 Loading class jdk/internal/org/objectweb/asm/ClassReader
Event: 4.564 Loading class jdk/internal/org/objectweb/asm/ClassReader done

Classes unloaded (7 events):
Event: 2.552 Thread 0x000002920c980960 Unloading class 0x00000292251ab400 'java/lang/invoke/LambdaForm$MH+0x00000292251ab400'
Event: 2.552 Thread 0x000002920c980960 Unloading class 0x00000292251ab000 'java/lang/invoke/LambdaForm$MH+0x00000292251ab000'
Event: 2.552 Thread 0x000002920c980960 Unloading class 0x00000292251aac00 'java/lang/invoke/LambdaForm$MH+0x00000292251aac00'
Event: 2.552 Thread 0x000002920c980960 Unloading class 0x00000292251aa800 'java/lang/invoke/LambdaForm$MH+0x00000292251aa800'
Event: 2.552 Thread 0x000002920c980960 Unloading class 0x00000292251aa400 'java/lang/invoke/LambdaForm$BMH+0x00000292251aa400'
Event: 2.552 Thread 0x000002920c980960 Unloading class 0x00000292251aa000 'java/lang/invoke/LambdaForm$DMH+0x00000292251aa000'
Event: 2.552 Thread 0x000002920c980960 Unloading class 0x00000292251a8c00 'java/lang/invoke/LambdaForm$DMH+0x00000292251a8c00'

Classes redefined (0 events):
No events

Internal exceptions (20 events):
Event: 3.541 Thread 0x000002926b2a2900 Exception <a 'java/io/FileNotFoundException'{0x00000000d5aabb58}> (0x00000000d5aabb58) 
thrown [s\src\hotspot\share\prims\jni.cpp, line 520]
Event: 3.543 Thread 0x000002926b2a2900 Exception <a 'java/lang/NoSuchMethodError'{0x00000000d5ad5980}: 'java.lang.Object java.lang.invoke.DirectMethodHandle$Holder.newInvokeSpecial(java.lang.Object, java.lang.Object, java.lang.Object, int)'> (0x00000000d5ad5980) 
thrown [s\src\hotspot\share\interpreter\linkResolver.cpp, line 773]
Event: 3.544 Thread 0x000002926b2a2900 Exception <a 'java/lang/NoSuchMethodError'{0x00000000d5ad95f8}: 'java.lang.Object java.lang.invoke.DirectMethodHandle$Holder.invokeSpecial(java.lang.Object, java.lang.Object, java.lang.Object, java.lang.Object, int)'> (0x00000000d5ad95f8) 
thrown [s\src\hotspot\share\interpreter\linkResolver.cpp, line 773]
Event: 3.544 Thread 0x000002926b2a2900 Exception <a 'java/lang/NoSuchMethodError'{0x00000000d5adcaa0}: 'java.lang.Object java.lang.invoke.Invokers$Holder.linkToTargetMethod(java.lang.Object, java.lang.Object, int, java.lang.Object)'> (0x00000000d5adcaa0) 
thrown [s\src\hotspot\share\interpreter\linkResolver.cpp, line 773]
Event: 3.546 Thread 0x000002926b2a2900 Exception <a 'java/lang/NoSuchMethodError'{0x00000000d5b11288}: 'void java.lang.invoke.DirectMethodHandle$Holder.invokeStaticInit(java.lang.Object, java.lang.Object, java.lang.Object)'> (0x00000000d5b11288) 
thrown [s\src\hotspot\share\interpreter\linkResolver.cpp, line 773]
Event: 3.660 Thread 0x000002926b2a0830 Exception <a 'java/lang/NoSuchMethodError'{0x00000000d6ad6020}: 'java.lang.Object java.lang.invoke.DirectMethodHandle$Holder.invokeSpecialIFC(java.lang.Object, java.lang.Object, java.lang.Object, java.lang.Object)'> (0x00000000d6ad6020) 
thrown [s\src\hotspot\share\interpreter\linkResolver.cpp, line 773]
Event: 3.687 Thread 0x000002926b2a2900 Exception <a 'java/io/FileNotFoundException'{0x00000000d57705f8}> (0x00000000d57705f8) 
thrown [s\src\hotspot\share\prims\jni.cpp, line 520]
Event: 3.687 Thread 0x000002926b2a2900 Exception <a 'java/io/FileNotFoundException'{0x00000000d5771340}> (0x00000000d5771340) 
thrown [s\src\hotspot\share\prims\jni.cpp, line 520]
Event: 3.754 Thread 0x000002926be22080 Exception <a 'java/io/FileNotFoundException'{0x00000000d655c5a0}> (0x00000000d655c5a0) 
thrown [s\src\hotspot\share\prims\jni.cpp, line 520]
Event: 3.776 Thread 0x000002926be22080 Exception <a 'java/lang/NoSuchMethodError'{0x00000000d67da410}: 'java.lang.Object java.lang.invoke.DirectMethodHandle$Holder.invokeStatic(java.lang.Object, int, java.lang.Object, java.lang.Object)'> (0x00000000d67da410) 
thrown [s\src\hotspot\share\interpreter\linkResolver.cpp, line 773]
Event: 3.776 Thread 0x000002926be22080 Exception <a 'java/lang/NoSuchMethodError'{0x00000000d67ddc10}: 'java.lang.Object java.lang.invoke.DelegatingMethodHandle$Holder.delegate(java.lang.Object, int, java.lang.Object, java.lang.Object)'> (0x00000000d67ddc10) 
thrown [s\src\hotspot\share\interpreter\linkResolver.cpp, line 773]
Event: 3.777 Thread 0x000002926be22080 Implicit null exception at 0x00000292177a04f6 to 0x00000292177a0818
Event: 3.779 Thread 0x000002926be22080 Exception <a 'java/lang/NoSuchMethodError'{0x00000000d67fb6b8}: 'int java.lang.invoke.Invokers$Holder.linkToTargetMethod(java.lang.Object, java.lang.Object, java.lang.Object)'> (0x00000000d67fb6b8) 
thrown [s\src\hotspot\share\interpreter\linkResolver.cpp, line 773]
Event: 3.839 Thread 0x000002926b2a0ec0 Exception <a 'java/lang/NoSuchMethodError'{0x00000000d56f1d08}: 'int java.lang.invoke.DirectMethodHandle$Holder.invokeSpecialIFC(java.lang.Object, java.lang.Object, java.lang.Object, java.lang.Object)'> (0x00000000d56f1d08) 
thrown [s\src\hotspot\share\interpreter\linkResolver.cpp, line 773]
Event: 3.921 Thread 0x000002926b2a0830 Exception <a 'java/lang/NoClassDefFoundError'{0x00000000d5c03598}: javax/enterprise/inject/Typed> (0x00000000d5c03598) 
thrown [s\src\hotspot\share\classfile\systemDictionary.cpp, line 301]
Event: 4.552 Thread 0x000002926b2a0830 Exception <a 'java/lang/ExceptionInInitializerError'{0x00000000d65fa938}> (0x00000000d65fa938) 
thrown [s\src\hotspot\share\oops\instanceKlass.cpp, line 1220]
Event: 4.561 Thread 0x000002926b2a0830 Implicit null exception at 0x000002921760cc83 to 0x000002921760cf04
Event: 4.564 Thread 0x000002926b2a0830 Implicit null exception at 0x0000029217702b7e to 0x0000029217702df0
Event: 4.564 Thread 0x000002926b2a0830 Implicit null exception at 0x000002921766a29c to 0x000002921766b1b8
Event: 4.565 Thread 0x000002926b2a0830 Exception <a 'java/lang/NoSuchMethodError'{0x00000000d66b3968}: 'java.lang.Object java.lang.invoke.Invokers$Holder.invokeExact_MT(java.lang.Object, int, java.lang.Object)'> (0x00000000d66b3968) 
thrown [s\src\hotspot\share\interpreter\linkResolver.cpp, line 773]

ZGC Phase Switch (0 events):
No events

VM Operations (20 events):
Event: 3.663 Executing VM operation: ParallelGCFailedAllocation (Allocation Failure) done
Event: 3.744 Executing VM operation: HandshakeAllThreads (Deoptimize)
Event: 3.744 Executing VM operation: HandshakeAllThreads (Deoptimize) done
Event: 3.823 Executing VM operation: ParallelGCFailedAllocation (Allocation Failure)
Event: 3.827 Executing VM operation: ParallelGCFailedAllocation (Allocation Failure) done
Event: 3.914 Executing VM operation: HandshakeAllThreads (Deoptimize)
Event: 3.914 Executing VM operation: HandshakeAllThreads (Deoptimize) done
Event: 4.079 Executing VM operation: ParallelGCFailedAllocation (Allocation Failure)
Event: 4.081 Executing VM operation: ParallelGCFailedAllocation (Allocation Failure) done
Event: 4.252 Executing VM operation: HandshakeAllThreads (Deoptimize)
Event: 4.252 Executing VM operation: HandshakeAllThreads (Deoptimize) done
Event: 4.347 Executing VM operation: ParallelGCFailedAllocation (Allocation Failure)
Event: 4.349 Executing VM operation: ParallelGCFailedAllocation (Allocation Failure) done
Event: 4.423 Executing VM operation: HandshakeAllThreads (Deoptimize)
Event: 4.424 Executing VM operation: HandshakeAllThreads (Deoptimize) done
Event: 4.597 Executing VM operation: HandshakeAllThreads (Deoptimize)
Event: 4.597 Executing VM operation: HandshakeAllThreads (Deoptimize) done
Event: 4.632 Executing VM operation: ParallelGCFailedAllocation (Allocation Failure)
Event: 4.634 Executing VM operation: ParallelGCFailedAllocation (Allocation Failure) done
Event: 5.638 Executing VM operation: Cleanup

Memory protections (0 events):
No events

Nmethod flushes (20 events):
Event: 3.476 Thread 0x000002920c980960 flushing  nmethod 0x00000292100bd110
Event: 3.476 Thread 0x000002920c980960 flushing  nmethod 0x00000292100cb790
Event: 3.476 Thread 0x000002920c980960 flushing  nmethod 0x000002921010a690
Event: 3.476 Thread 0x000002920c980960 flushing  nmethod 0x000002921010c190
Event: 3.476 Thread 0x000002920c980960 flushing  nmethod 0x000002921010ca90
Event: 3.476 Thread 0x000002920c980960 flushing  nmethod 0x000002921010dc90
Event: 3.476 Thread 0x000002920c980960 flushing  nmethod 0x000002921010e490
Event: 3.476 Thread 0x000002920c980960 flushing  nmethod 0x000002921010ec10
Event: 3.476 Thread 0x000002920c980960 flushing  nmethod 0x000002921010f990
Event: 3.476 Thread 0x000002920c980960 flushing  nmethod 0x0000029210111390
Event: 3.476 Thread 0x000002920c980960 flushing  nmethod 0x0000029210112090
Event: 3.476 Thread 0x000002920c980960 flushing  nmethod 0x0000029210114610
Event: 3.476 Thread 0x000002920c980960 flushing  nmethod 0x000002921011ee10
Event: 3.476 Thread 0x000002920c980960 flushing  nmethod 0x000002921013cc90
Event: 3.476 Thread 0x000002920c980960 flushing  nmethod 0x000002921014e790
Event: 3.476 Thread 0x000002920c980960 flushing  nmethod 0x0000029210150a10
Event: 3.476 Thread 0x000002920c980960 flushing  nmethod 0x00000292101c9190
Event: 3.476 Thread 0x000002920c980960 flushing  nmethod 0x0000029210211990
Event: 3.476 Thread 0x000002920c980960 flushing  nmethod 0x0000029210211e10
Event: 3.476 Thread 0x000002920c980960 flushing  nmethod 0x000002921022ca90

Events (20 events):
Event: 3.315 Thread 0x000002920c8e1c40 Thread added: 0x000002926be1d850
Event: 3.315 Thread 0x000002920c8e1c40 Thread added: 0x000002926be1f920
Event: 3.315 Thread 0x000002920c8e1c40 Thread added: 0x000002926be21360
Event: 3.315 Thread 0x000002920c8e1c40 Thread added: 0x000002926be1dee0
Event: 3.315 Thread 0x000002920c8e1c40 Thread added: 0x000002926be23430
Event: 3.315 Thread 0x000002920c8e1c40 Thread added: 0x000002926be24e70
Event: 3.336 Thread 0x000002920c8e1c40 Thread added: 0x000002926be23ac0
Event: 3.514 Thread 0x000002920c8e1c40 Thread added: 0x000002926be22710
Event: 3.514 Thread 0x000002920c8e1c40 Thread added: 0x000002926be22080
Event: 3.689 Thread 0x000002926b2a2900 Thread added: 0x000002926be247e0
Event: 3.690 Thread 0x000002926b2a2900 Thread added: 0x000002926be219f0
Event: 3.690 Thread 0x000002926be247e0 Thread added: 0x000002926be22da0
Event: 3.690 Thread 0x000002926be219f0 Thread added: 0x000002926be24150
Event: 3.690 Thread 0x000002926be22da0 Thread added: 0x000002926d621c00
Event: 3.691 Thread 0x000002926d621c00 Thread added: 0x000002926d622290
Event: 3.691 Thread 0x000002926be24150 Thread added: 0x000002926d622920
Event: 3.691 Thread 0x000002926be219f0 Thread added: 0x000002926d620ee0
Event: 3.691 Thread 0x000002926d621c00 Thread added: 0x000002926d621570
Event: 3.692 Thread 0x000002926d622920 Thread added: 0x000002926d622fb0
Event: 3.692 Thread 0x000002926d622290 Thread added: 0x000002926d61fb30


Dynamic libraries:
0x00007ff7e2fe0000 - 0x00007ff7e2fee000 	c:\Users\Kavis\.vscode\extensions\redhat.java-1.51.0-win32-x64\jre\21.0.9-win32-x86_64\bin\java.exe
0x00007ff89f100000 - 0x00007ff89f367000 	C:\WINDOWS\SYSTEM32\ntdll.dll
0x00007ff89e710000 - 0x00007ff89e7d9000 	C:\WINDOWS\System32\KERNEL32.DLL
0x00007ff89c250000 - 0x00007ff89c63f000 	C:\WINDOWS\System32\KERNELBASE.dll
0x00007ff89cba0000 - 0x00007ff89cceb000 	C:\WINDOWS\System32\ucrtbase.dll
0x00007ff887b80000 - 0x00007ff887b9e000 	c:\Users\Kavis\.vscode\extensions\redhat.java-1.51.0-win32-x64\jre\21.0.9-win32-x86_64\bin\VCRUNTIME140.dll
0x00007ff887650000 - 0x00007ff887668000 	c:\Users\Kavis\.vscode\extensions\redhat.java-1.51.0-win32-x64\jre\21.0.9-win32-x86_64\bin\jli.dll
0x00007ff89cf30000 - 0x00007ff89d0f5000 	C:\WINDOWS\System32\USER32.dll
0x00007ff87d5f0000 - 0x00007ff87d883000 	C:\WINDOWS\WinSxS\amd64_microsoft.windows.common-controls_6595b64144ccf1df_6.0.26100.7309_none_3e05feeae336a044\COMCTL32.dll
0x00007ff89ccf0000 - 0x00007ff89cd17000 	C:\WINDOWS\System32\win32u.dll
0x00007ff89eea0000 - 0x00007ff89ef49000 	C:\WINDOWS\System32\msvcrt.dll
0x00007ff89efe0000 - 0x00007ff89f00b000 	C:\WINDOWS\System32\GDI32.dll
0x00007ff89c6e0000 - 0x00007ff89c80c000 	C:\WINDOWS\System32\gdi32full.dll
0x00007ff89c810000 - 0x00007ff89c8b3000 	C:\WINDOWS\System32\msvcp_win.dll
0x00007ff89d590000 - 0x00007ff89d5c1000 	C:\WINDOWS\System32\IMM32.DLL
0x00007ff88b6c0000 - 0x00007ff88b6cc000 	c:\Users\Kavis\.vscode\extensions\redhat.java-1.51.0-win32-x64\jre\21.0.9-win32-x86_64\bin\vcruntime140_1.dll
0x00007ff859dd0000 - 0x00007ff859e5d000 	c:\Users\Kavis\.vscode\extensions\redhat.java-1.51.0-win32-x64\jre\21.0.9-win32-x86_64\bin\msvcp140.dll
0x00007ff825ca0000 - 0x00007ff826a40000 	c:\Users\Kavis\.vscode\extensions\redhat.java-1.51.0-win32-x64\jre\21.0.9-win32-x86_64\bin\server\jvm.dll
0x00007ff89e5c0000 - 0x00007ff89e674000 	C:\WINDOWS\System32\ADVAPI32.dll
0x00007ff89f010000 - 0x00007ff89f0b6000 	C:\WINDOWS\System32\sechost.dll
0x00007ff89e860000 - 0x00007ff89e978000 	C:\WINDOWS\System32\RPCRT4.dll
0x00007ff89e7e0000 - 0x00007ff89e854000 	C:\WINDOWS\System32\WS2_32.dll
0x00007ff8896f0000 - 0x00007ff8896fb000 	C:\WINDOWS\SYSTEM32\VERSION.dll
0x00007ff89c0b0000 - 0x00007ff89c10e000 	C:\WINDOWS\SYSTEM32\POWRPROF.dll
0x00007ff891800000 - 0x00007ff891835000 	C:\WINDOWS\SYSTEM32\WINMM.dll
0x00007ff89c090000 - 0x00007ff89c0a4000 	C:\WINDOWS\SYSTEM32\UMPDC.dll
0x00007ff89b000000 - 0x00007ff89b01b000 	C:\WINDOWS\SYSTEM32\kernel.appcore.dll
0x00007ff88b350000 - 0x00007ff88b35a000 	c:\Users\Kavis\.vscode\extensions\redhat.java-1.51.0-win32-x64\jre\21.0.9-win32-x86_64\bin\jimage.dll
0x00007ff899910000 - 0x00007ff899b52000 	C:\WINDOWS\SYSTEM32\DBGHELP.DLL
0x00007ff89e980000 - 0x00007ff89ed06000 	C:\WINDOWS\System32\combase.dll
0x00007ff89e230000 - 0x00007ff89e306000 	C:\WINDOWS\System32\OLEAUT32.dll
0x00007ff878bb0000 - 0x00007ff878bec000 	C:\WINDOWS\SYSTEM32\dbgcore.DLL
0x00007ff89c8c0000 - 0x00007ff89c965000 	C:\WINDOWS\System32\bcryptPrimitives.dll
0x00007ff887ef0000 - 0x00007ff887eff000 	c:\Users\Kavis\.vscode\extensions\redhat.java-1.51.0-win32-x64\jre\21.0.9-win32-x86_64\bin\instrument.dll
0x00007ff887630000 - 0x00007ff887650000 	c:\Users\Kavis\.vscode\extensions\redhat.java-1.51.0-win32-x64\jre\21.0.9-win32-x86_64\bin\java.dll
0x00007ff89d8a0000 - 0x00007ff89dff3000 	C:\WINDOWS\System32\SHELL32.dll
0x00007ff89c970000 - 0x00007ff89cada000 	C:\WINDOWS\System32\wintypes.dll
0x00007ff899e30000 - 0x00007ff89a68e000 	C:\WINDOWS\SYSTEM32\windows.storage.dll
0x00007ff89e4b0000 - 0x00007ff89e5a5000 	C:\WINDOWS\System32\SHCORE.dll
0x00007ff89e690000 - 0x00007ff89e6f6000 	C:\WINDOWS\System32\shlwapi.dll
0x00007ff89c170000 - 0x00007ff89c199000 	C:\WINDOWS\SYSTEM32\profapi.dll
0x00007ff8873f0000 - 0x00007ff887408000 	c:\Users\Kavis\.vscode\extensions\redhat.java-1.51.0-win32-x64\jre\21.0.9-win32-x86_64\bin\zip.dll
0x00007ff887540000 - 0x00007ff887550000 	C:\Users\Kavis\.vscode\extensions\redhat.java-1.51.0-win32-x64\jre\21.0.9-win32-x86_64\bin\net.dll
0x00007ff8918b0000 - 0x00007ff8919d8000 	C:\WINDOWS\SYSTEM32\WINHTTP.dll
0x00007ff89b570000 - 0x00007ff89b5db000 	C:\WINDOWS\system32\mswsock.dll
0x00007ff885a40000 - 0x00007ff885a56000 	C:\Users\Kavis\.vscode\extensions\redhat.java-1.51.0-win32-x64\jre\21.0.9-win32-x86_64\bin\nio.dll
0x00007ff8873e0000 - 0x00007ff8873f0000 	c:\Users\Kavis\.vscode\extensions\redhat.java-1.51.0-win32-x64\jre\21.0.9-win32-x86_64\bin\verify.dll
0x00007ff855a40000 - 0x00007ff855a84000 	C:\Users\Kavis\AppData\Roaming\Code\User\globalStorage\redhat.java\1.51.0\config_win\org.eclipse.equinox.launcher\org.eclipse.equinox.launcher.win32.win32.x86_64_1.2.1400.v20250801-0854\eclipse_11916.dll
0x00007ff89e310000 - 0x00007ff89e4a7000 	C:\WINDOWS\System32\ole32.dll
0x00007ff89b830000 - 0x00007ff89b84b000 	C:\WINDOWS\SYSTEM32\CRYPTSP.dll
0x00007ff89af60000 - 0x00007ff89af9a000 	C:\WINDOWS\system32\rsaenh.dll
0x00007ff89b620000 - 0x00007ff89b64b000 	C:\WINDOWS\SYSTEM32\USERENV.dll
0x00007ff89c140000 - 0x00007ff89c16a000 	C:\WINDOWS\SYSTEM32\bcrypt.dll
0x00007ff89b850000 - 0x00007ff89b85c000 	C:\WINDOWS\SYSTEM32\CRYPTBASE.dll
0x00007ff89ab40000 - 0x00007ff89ab74000 	C:\WINDOWS\SYSTEM32\IPHLPAPI.DLL
0x00007ff89ee90000 - 0x00007ff89ee9a000 	C:\WINDOWS\System32\NSI.dll
0x00007ff853650000 - 0x00007ff853699000 	C:\Users\Kavis\AppData\Local\Temp\jna-72270570\jna8797210392366691792.dll
0x00007ff89e5b0000 - 0x00007ff89e5b8000 	C:\WINDOWS\System32\PSAPI.DLL
0x00007ff893750000 - 0x00007ff89376e000 	C:\WINDOWS\SYSTEM32\dhcpcsvc6.DLL
0x00007ff8932e0000 - 0x00007ff893303000 	C:\WINDOWS\SYSTEM32\dhcpcsvc.DLL

JVMTI agents:
c:\Users\Kavis\.vscode\extensions\redhat.java-1.51.0-win32-x64\lombok\lombok-1.18.39-4050.jar path:c:\Users\Kavis\.vscode\extensions\redhat.java-1.51.0-win32-x64\jre\21.0.9-win32-x86_64\bin\instrument.dll, loaded, initialized, instrumentlib options:none

dbghelp: loaded successfully - version: 4.0.5 - missing functions: none
symbol engine: initialized successfully - sym options: 0x614 - pdb path: .;c:\Users\Kavis\.vscode\extensions\redhat.java-1.51.0-win32-x64\jre\21.0.9-win32-x86_64\bin;C:\WINDOWS\SYSTEM32;C:\WINDOWS\WinSxS\amd64_microsoft.windows.common-controls_6595b64144ccf1df_6.0.26100.7309_none_3e05feeae336a044;c:\Users\Kavis\.vscode\extensions\redhat.java-1.51.0-win32-x64\jre\21.0.9-win32-x86_64\bin\server;C:\Users\Kavis\AppData\Roaming\Code\User\globalStorage\redhat.java\1.51.0\config_win\org.eclipse.equinox.launcher\org.eclipse.equinox.launcher.win32.win32.x86_64_1.2.1400.v20250801-0854;C:\Users\Kavis\AppData\Local\Temp\jna-72270570

VM Arguments:
jvm_args: --add-modules=ALL-SYSTEM --add-opens=java.base/java.util=ALL-UNNAMED --add-opens=java.base/java.lang=ALL-UNNAMED --add-opens=java.base/sun.nio.fs=ALL-UNNAMED -Declipse.application=org.eclipse.jdt.ls.core.id1 -Dosgi.bundles.defaultStartLevel=4 -Declipse.product=org.eclipse.jdt.ls.core.product -Djava.import.generatesMetadataFilesAtProjectRoot=false -DDetectVMInstallationsJob.disabled=true -Dfile.encoding=utf8 -XX:+UseParallelGC -XX:GCTimeRatio=4 -XX:AdaptiveSizePolicyWeight=90 -Dsun.zip.disableMemoryMapping=true -Xmx2G -Xms100m -Xlog:disable -javaagent:c:\Users\Kavis\.vscode\extensions\redhat.java-1.51.0-win32-x64\lombok\lombok-1.18.39-4050.jar -XX:+HeapDumpOnOutOfMemoryError -XX:HeapDumpPath=c:\Users\Kavis\AppData\Roaming\Code\User\workspaceStorage\ad1adb9262e567f18e865202dfb941a7\redhat.java -Daether.dependencyCollector.impl=bf 
java_command: c:\Users\Kavis\.vscode\extensions\redhat.java-1.51.0-win32-x64\server\plugins\org.eclipse.equinox.launcher_1.7.100.v20251111-0406.jar -configuration c:\Users\Kavis\AppData\Roaming\Code\User\globalStorage\redhat.java\1.51.0\config_win -data c:\Users\Kavis\AppData\Roaming\Code\User\workspaceStorage\ad1adb9262e567f18e865202dfb941a7\redhat.java\jdt_ws --pipe=\\.\pipe\lsp-8dc9b7abee4b1067d796136d7dd0bf8e-sock
java_class_path (initial): c:\Users\Kavis\.vscode\extensions\redhat.java-1.51.0-win32-x64\server\plugins\org.eclipse.equinox.launcher_1.7.100.v20251111-0406.jar
Launcher Type: SUN_STANDARD

[Global flags]
    uintx AdaptiveSizePolicyWeight                 = 90                                        {product} {command line}
     intx CICompilerCount                          = 4                                         {product} {ergonomic}
    uintx GCTimeRatio                              = 4                                         {product} {command line}
     bool HeapDumpOnOutOfMemoryError               = true                                   {manageable} {command line}
    ccstr HeapDumpPath                             = c:\Users\Kavis\AppData\Roaming\Code\User\workspaceStorage\ad1adb9262e567f18e865202dfb941a7\redhat.java         {manageable} {command line}
   size_t InitialHeapSize                          = 104857600                                 {product} {command line}
   size_t MaxHeapSize                              = 2147483648                                {product} {command line}
   size_t MaxNewSize                               = 715653120                                 {product} {ergonomic}
   size_t MinHeapDeltaBytes                        = 524288                                    {product} {ergonomic}
   size_t MinHeapSize                              = 104857600                                 {product} {command line}
   size_t NewSize                                  = 34603008                                  {product} {ergonomic}
    uintx NonNMethodCodeHeapSize                   = 5839372                                {pd product} {ergonomic}
    uintx NonProfiledCodeHeapSize                  = 122909434                              {pd product} {ergonomic}
   size_t OldSize                                  = 70254592                                  {product} {ergonomic}
    uintx ProfiledCodeHeapSize                     = 122909434                              {pd product} {ergonomic}
    uintx ReservedCodeCacheSize                    = 251658240                              {pd product} {ergonomic}
     bool SegmentedCodeCache                       = true                                      {product} {ergonomic}
   size_t SoftMaxHeapSize                          = 2147483648                             {manageable} {ergonomic}
     bool UseCompressedOops                        = true                           {product lp64_product} {ergonomic}
     bool UseLargePagesIndividualAllocation        = false                                  {pd product} {ergonomic}
     bool UseParallelGC                            = true                                      {product} {command line}

Logging:
Log output configuration:
 #0: stdout all=off uptime,level,tags foldmultilines=false
 #1: stderr all=off uptime,level,tags foldmultilines=false

Release file:
JAVA_VERSION="21.0.9" 
MODULES="java.base java.compiler java.datatransfer java.xml java.prefs java.desktop java.instrument java.logging java.management java.security.sasl java.naming java.rmi java.management.rmi java.net.http java.scripting java.security.jgss java.transaction.xa java.sql java.sql.rowset java.xml.crypto java.se java.smartcardio jdk.accessibility jdk.internal.jvmstat jdk.attach jdk.charsets jdk.internal.opt jdk.zipfs jdk.compiler jdk.crypto.ec jdk.crypto.cryptoki jdk.crypto.mscapi jdk.dynalink jdk.internal.ed jdk.editpad jdk.hotspot.agent jdk.httpserver jdk.internal.le jdk.internal.vm.ci jdk.internal.vm.compiler jdk.internal.vm.compiler.management jdk.jartool jdk.javadoc jdk.jcmd jdk.management jdk.management.agent jdk.jconsole jdk.jdeps jdk.jdwp.agent jdk.jdi jdk.jfr jdk.jshell jdk.jsobject jdk.jstatd jdk.localedata jdk.management.jfr jdk.naming.dns jdk.naming.rmi jdk.net jdk.nio.mapmode jdk.random jdk.sctp jdk.security.auth jdk.security.jgss jdk.unsupported jdk.unsupported.desktop jdk.xml.dom" 

Environment Variables:
JAVA_HOME=C:\Program Files\Java\jdk-21
PATH=C:\Program Files\Common Files\Oracle\Java\javapath;C:\Python313\Scripts\;C:\Python313\;C:\Program Files\Eclipse Adoptium\jdk-17.0.15.6-hotspot\bin;C:\Program Files\Python312\Scripts\;C:\Program Files\Python312\;C:\WINDOWS\system32;C:\WINDOWS;C:\WINDOWS\System32\Wbem;C:\WINDOWS\System32\WindowsPowerShell\v1.0\;C:\WINDOWS\System32\OpenSSH\;C:\Program Files\dotnet\;C:\ProgramData\chocolatey\bin;C:\Program Files (x86)\NVIDIA Corporation\PhysX\Common;C:\Program Files\Microsoft\Web Platform Installer\;C:\Program Files (x86)\Microsoft ASP.NET\ASP.NET Web Pages\v1.0\;C:\Program Files\Microsoft SQL Server\110\Tools\Binn\;C:\Program Files\Microsoft SQL Server\120\Tools\Binn\;C:\Program Files\Microsoft SQL Server\130\Tools\Binn\;C:\Program Files\Git\cmd;C:\Program Files\Microsoft SQL Server\150\Tools\Binn\;C:\WINDOWS\system32;C:\WINDOWS;C:\WINDOWS\System32\Wbem;C:\WINDOWS\System32\WindowsPowerShell\v1.0\;C:\WINDOWS\System32\OpenSSH\;C:\Program Files\NVIDIA Corporation\NVIDIA App\NvDLISR;C:\Program Files\CMake\bin;C:\php;C:\Program Files\CodeBlocks\MinGW\bin;C:\NASM;C:\Program Files\Docker\Docker\resources\bin;C:\flutter\bin;C:\adb\platform-tools;C:\apache-cassandra-3.11.10\bin;C:\Program Files\MongoDB\Server\8.0\bin;C:\Python313\Scripts\;C:\Python313\;C:\Program Files\Python312\Scripts\;C:\Program Files\Python312\;C:\WINDOWS\system32;C:\WINDOWS;C:\WINDOWS\System32\Wbem;C:\WINDOWS\System32\WindowsPowerShell\v1.0\;C:\WINDOWS\System32\OpenSSH\;C:\Program Files\dotnet\;C:\ProgramData\chocolatey\bin;C:\Program Files (x86)\NVIDIA Corporation\PhysX\Common;C:\Program Files\Microsoft\Web Platform Installer\;C:\Program Files (x86)\Microsoft ASP.NET\ASP.NET Web Pages\v1.0\;C:\Program Files\Microsoft SQL Server\110\Tools\Binn\;C:\Program Files\Microsoft SQL Server\120\Tools\Binn\;C:\Program Files\Microsoft SQL Server\130\Tools\Binn\;C:\Program Files\Git\cmd;C:\Program Files\Microsoft SQL Server\150\Tools\Binn\;C:\WINDOWS\system32;C:\WINDOWS;C:\WINDOWS\System32\Wbem;C:\WINDOWS\System32\WindowsPowerShell\v1.0\;C:\WINDOWS\System32\OpenSSH\;C:\Program Files\NVIDIA Corporation\NVIDIA App\NvDLISR;C:\Program Files\CMake\bi;C:\Users\Kavis\AppData\Local\ipinfo;C:\Program Files\Java\jdk-21\bin;C:\Program Files\apache-maven-3.9.11\bin;C:\Users\Kavis\AppData\Local\Pub\Cache\bin;C:\Program Files\nvm;C:\Program Files\nodejs;C:\Program Files\nvm;C:\Program Files\Microsoft SQL Server\170\Tools\Binn\;C:\Program Files\Microsoft SQL Server\Client SDK\ODBC\170\Tools\Binn\;C:\Program Files\Eclipse Adoptium\jdk-21.0.8.9-hotspot\bin;C:\Python313\Scripts\;C:\Python313\;C:\Program Files\Eclipse Adoptium\jdk-17.0.15.6-hotspot\bin;C:\Program Files\Python312\Scripts\;C:\Program Files\Python312\;C:\WINDOWS\system32;C:\WINDOWS;C:\WINDOWS\System32\Wbem;C:\WINDOWS\System32\WindowsPowerShell\v1.0\;C:\WINDOWS\System32\OpenSSH\;C:\Program Files\dotnet\;C:\ProgramData\chocolatey\bin;C:\Program Files (x86)\NVIDIA Corporation\PhysX\Common;C:\Program Files\Microsoft\Web Platform Installer\;C:\Program Files (x86)\Microsoft ASP.NET\ASP.NET Web Pages\v1.0\;C:\Program Files\Microsoft SQL Server\110\Tools\Binn\;C:\Program Files\Microsoft SQL Server\120\Tools\Binn\;C:\Program Files\Microsoft SQL Server\130\Tools\Binn\;C:\Program Files\Git\cmd;C:\Program Files\Microsoft SQL Server\150\Tools\Binn\;C:\WINDOWS\system32;C:\WINDOWS;C:\WINDOWS\System32\Wbem;C:\WINDOWS\System32\WindowsPowerShell\v1.0\;C:\WINDOWS\System32\OpenSSH\;C:\Program Files\NVIDIA Corporation\NVIDIA App\NvDLISR;C:\Program Files\CMake\bi;C:\Users\Kavis\AppData\Local\GitHubDesktop\bin;C:\Program Files\nvm;C:\Program Files\nodejs;C:\Users\Kavis\.dotnet\tools
USERNAME=Kavis
OS=Windows_NT
PROCESSOR_IDENTIFIER=Intel64 Family 6 Model 154 Stepping 4, GenuineIntel
TMP=C:\Users\Kavis\AppData\Local\Temp
TEMP=C:\Users\Kavis\AppData\Local\Temp




Periodic native trim disabled

---------------  S Y S T E M  ---------------

OS:
 Windows 11 , 64 bit Build 26100 (10.0.26100.7623)
OS uptime: 0 days 6:21 hours
Hyper-V role detected

CPU: total 12 (initial active 12) (6 cores per cpu, 2 threads per core) family 6 model 154 stepping 4 microcode 0x423, cx8, cmov, fxsr, ht, mmx, 3dnowpref, sse, sse2, sse3, ssse3, sse4.1, sse4.2, popcnt, lzcnt, tsc, tscinvbit, avx, avx2, aes, erms, clmul, bmi1, bmi2, adx, sha, fma, vzeroupper, clflush, clflushopt, clwb, hv, serialize, rdtscp, rdpid, fsrm, f16c, cet_ibt, cet_ss
Processor Information for processor 0
  Max Mhz: 1300, Current Mhz: 1300, Mhz Limit: 1300
Processor Information for processor 1
  Max Mhz: 1300, Current Mhz: 1300, Mhz Limit: 1300
Processor Information for processor 2
  Max Mhz: 1300, Current Mhz: 1300, Mhz Limit: 1300
Processor Information for processor 3
  Max Mhz: 1300, Current Mhz: 1300, Mhz Limit: 1300
Processor Information for processor 4
  Max Mhz: 1300, Current Mhz: 900, Mhz Limit: 897
Processor Information for processor 5
  Max Mhz: 1300, Current Mhz: 900, Mhz Limit: 897
Processor Information for processor 6
  Max Mhz: 1300, Current Mhz: 900, Mhz Limit: 897
Processor Information for processor 7
  Max Mhz: 1300, Current Mhz: 900, Mhz Limit: 897
Processor Information for processor 8
  Max Mhz: 1300, Current Mhz: 900, Mhz Limit: 897
Processor Information for processor 9
  Max Mhz: 1300, Current Mhz: 900, Mhz Limit: 897
Processor Information for processor 10
  Max Mhz: 1300, Current Mhz: 900, Mhz Limit: 897
Processor Information for processor 11
  Max Mhz: 1300, Current Mhz: 900, Mhz Limit: 897

Memory: 4k page, system-wide physical 7896M (644M free)
TotalPageFile size 17896M (AvailPageFile size 70M)
current process WorkingSet (physical memory assigned to process): 204M, peak: 251M
current process commit charge ("private bytes"): 326M, peak: 373M

vm_info: OpenJDK 64-Bit Server VM (21.0.9+10-LTS) for windows-amd64 JRE (21.0.9+10-LTS), built on 2025-10-21T00:00:00Z by "admin" with unknown MS VC++:1942

END.
