#
# There is insufficient memory for the Java Runtime Environment to continue.
# Native memory allocation (malloc) failed to allocate 32744 bytes. Error detail: Chunk::new
# Possible reasons:
#   The system is out of physical RAM or swap space
#   This process is running with CompressedOops enabled, and the Java Heap may be blocking the growth of the native heap
# Possible solutions:
#   Reduce memory load on the system
#   Increase physical memory or swap space
#   Check if swap backing store is full
#   Decrease Java heap size (-Xmx/-Xms)
#   Decrease number of Java threads
#   Decrease Java thread stack sizes (-Xss)
#   Set larger code cache with -XX:ReservedCodeCacheSize=
#   JVM is running with Unscaled Compressed Oops mode in which the Java heap is
#     placed in the first 4GB address space. The Java Heap base address is the
#     maximum limit for the native heap growth. Please use -XX:HeapBaseMinAddress
#     to set the Java Heap base and to place the Java Heap above 4GB virtual address.
# This output file may be truncated or incomplete.
#
#  Out of Memory Error (arena.cpp:168), pid=18008, tid=3004
#
# JRE version: OpenJDK Runtime Environment Temurin-21.0.9+10 (21.0.9+10) (build 21.0.9+10-LTS)
# Java VM: OpenJDK 64-Bit Server VM Temurin-21.0.9+10 (21.0.9+10-LTS, mixed mode, sharing, tiered, compressed oops, compressed class ptrs, parallel gc, windows-amd64)
# No core dump will be written. Minidumps are not enabled by default on client versions of Windows
#

---------------  S U M M A R Y ------------

Command Line: --add-modules=ALL-SYSTEM --add-opens=java.base/java.util=ALL-UNNAMED --add-opens=java.base/java.lang=ALL-UNNAMED --add-opens=java.base/sun.nio.fs=ALL-UNNAMED -Declipse.application=org.eclipse.jdt.ls.core.id1 -Dosgi.bundles.defaultStartLevel=4 -Declipse.product=org.eclipse.jdt.ls.core.product -Djava.import.generatesMetadataFilesAtProjectRoot=false -DDetectVMInstallationsJob.disabled=true -Dfile.encoding=utf8 -XX:+UseParallelGC -XX:GCTimeRatio=4 -XX:AdaptiveSizePolicyWeight=90 -Dsun.zip.disableMemoryMapping=true -Xmx2G -Xms100m -Xlog:disable -javaagent:c:\Users\Kavis\.vscode\extensions\redhat.java-1.51.0-win32-x64\lombok\lombok-1.18.39-4050.jar -XX:+HeapDumpOnOutOfMemoryError -XX:HeapDumpPath=c:\Users\Kavis\AppData\Roaming\Code\User\workspaceStorage\ad1adb9262e567f18e865202dfb941a7\redhat.java -Daether.dependencyCollector.impl=bf c:\Users\Kavis\.vscode\extensions\redhat.java-1.51.0-win32-x64\server\plugins\org.eclipse.equinox.launcher_1.7.100.v20251111-0406.jar -configuration c:\Users\Kavis\AppData\Roaming\Code\User\globalStorage\redhat.java\1.51.0\config_win -data c:\Users\Kavis\AppData\Roaming\Code\User\workspaceStorage\ad1adb9262e567f18e865202dfb941a7\redhat.java\jdt_ws --pipe=\\.\pipe\lsp-a6728d6484f3fa5791419cf73b0f0c62-sock

Host: 12th Gen Intel(R) Core(TM) i5-1235U, 12 cores, 7G,  Windows 11 , 64 bit Build 26100 (10.0.26100.7623)
Time: Thu Jan 22 02:05:11 2026 Sri Lanka Standard Time elapsed time: 14.002002 seconds (0d 0h 0m 14s)

---------------  T H R E A D  ---------------

Current thread (0x000001d7f70bc390):  JavaThread "C2 CompilerThread0" daemon [_thread_in_native, id=3004, stack(0x0000002887c00000,0x0000002887d00000) (1024K)]


Current CompileTask:
C2:14002 4088       4       org.eclipse.osgi.internal.loader.classpath.ClasspathEntry::findEntry (56 bytes)

Stack: [0x0000002887c00000,0x0000002887d00000]
Native frames: (J=compiled Java code, j=interpreted, Vv=VM code, C=native code)
V  [jvm.dll+0x6d6e29]
V  [jvm.dll+0x8b4b76]
V  [jvm.dll+0x8b712e]
V  [jvm.dll+0x8b7813]
V  [jvm.dll+0x283d86]
V  [jvm.dll+0xc66ed]
V  [jvm.dll+0xc6c31]
V  [jvm.dll+0xc6815]
V  [jvm.dll+0x89dbdc]
V  [jvm.dll+0x5ed2a8]
V  [jvm.dll+0x5ec969]
V  [jvm.dll+0x5ec1ce]
V  [jvm.dll+0x5ec1e1]
V  [jvm.dll+0x5fe593]
V  [jvm.dll+0x255557]
V  [jvm.dll+0x24db6a]
V  [jvm.dll+0x24b482]
V  [jvm.dll+0x1cb13e]
V  [jvm.dll+0x25b29d]
V  [jvm.dll+0x25982a]
V  [jvm.dll+0x3f7ea6]
V  [jvm.dll+0x85e9ad]
V  [jvm.dll+0x6d565d]
C  [ucrtbase.dll+0x37b0]
C  [KERNEL32.DLL+0x2e8d7]
C  [ntdll.dll+0x8c53c]


---------------  P R O C E S S  ---------------

Threads class SMR info:
_java_thread_list=0x000001d7d574a980, length=23, elements={
0x000001d7f7002b00, 0x000001d7f70a93a0, 0x000001d7feaad0f0, 0x000001d7f70af580,
0x000001d7f70b0250, 0x000001d7f70b1a60, 0x000001d7f70b72d0, 0x000001d7f70bc390,
0x000001d7d0045040, 0x000001d7d027ca30, 0x000001d7d0373930, 0x000001d7d03e8f30,
0x000001d7d56b60a0, 0x000001d7d56adfc0, 0x000001d7d575aea0, 0x000001d7d5a84a90,
0x000001d7d5c86c90, 0x000001d7d5db8db0, 0x000001d7d5db9ad0, 0x000001d7d5ddfed0,
0x000001d7d5dba160, 0x000001d7d5db8090, 0x000001d7d5db7a00
}

Java Threads: ( => current thread )
  0x000001d7f7002b00 JavaThread "main"                              [_thread_blocked, id=22292, stack(0x0000002887200000,0x0000002887300000) (1024K)]
  0x000001d7f70a93a0 JavaThread "Reference Handler"          daemon [_thread_blocked, id=14456, stack(0x0000002887600000,0x0000002887700000) (1024K)]
  0x000001d7feaad0f0 JavaThread "Finalizer"                  daemon [_thread_blocked, id=22312, stack(0x0000002887700000,0x0000002887800000) (1024K)]
  0x000001d7f70af580 JavaThread "Signal Dispatcher"          daemon [_thread_blocked, id=12936, stack(0x0000002887800000,0x0000002887900000) (1024K)]
  0x000001d7f70b0250 JavaThread "Attach Listener"            daemon [_thread_blocked, id=12092, stack(0x0000002887900000,0x0000002887a00000) (1024K)]
  0x000001d7f70b1a60 JavaThread "Service Thread"             daemon [_thread_blocked, id=20204, stack(0x0000002887a00000,0x0000002887b00000) (1024K)]
  0x000001d7f70b72d0 JavaThread "Monitor Deflation Thread"   daemon [_thread_blocked, id=22384, stack(0x0000002887b00000,0x0000002887c00000) (1024K)]
=>0x000001d7f70bc390 JavaThread "C2 CompilerThread0"         daemon [_thread_in_native, id=3004, stack(0x0000002887c00000,0x0000002887d00000) (1024K)]
  0x000001d7d0045040 JavaThread "C1 CompilerThread0"         daemon [_thread_blocked, id=2608, stack(0x0000002887d00000,0x0000002887e00000) (1024K)]
  0x000001d7d027ca30 JavaThread "Common-Cleaner"             daemon [_thread_blocked, id=22668, stack(0x0000002887f00000,0x0000002888000000) (1024K)]
  0x000001d7d0373930 JavaThread "Notification Thread"        daemon [_thread_blocked, id=22688, stack(0x0000002888000000,0x0000002888100000) (1024K)]
  0x000001d7d03e8f30 JavaThread "Active Thread: Equinox Container: 99d54771-98ec-4d21-8be9-86cd0d724f19"        [_thread_blocked, id=22652, stack(0x0000002887e00000,0x0000002887f00000) (1024K)]
  0x000001d7d56b60a0 JavaThread "Refresh Thread: Equinox Container: 99d54771-98ec-4d21-8be9-86cd0d724f19" daemon [_thread_blocked, id=22772, stack(0x0000002888900000,0x0000002888a00000) (1024K)]
  0x000001d7d56adfc0 JavaThread "Framework Event Dispatcher: Equinox Container: 99d54771-98ec-4d21-8be9-86cd0d724f19" daemon [_thread_blocked, id=1448, stack(0x0000002888a00000,0x0000002888b00000) (1024K)]
  0x000001d7d575aea0 JavaThread "Start Level: Equinox Container: 99d54771-98ec-4d21-8be9-86cd0d724f19" daemon [_thread_in_native, id=12912, stack(0x0000002888b00000,0x0000002888c00000) (1024K)]
  0x000001d7d5a84a90 JavaThread "Bundle File Closer"         daemon [_thread_blocked, id=23548, stack(0x0000002888e00000,0x0000002888f00000) (1024K)]
  0x000001d7d5c86c90 JavaThread "SCR Component Actor"        daemon [_thread_blocked, id=2288, stack(0x0000002888f00000,0x0000002889000000) (1024K)]
  0x000001d7d5db8db0 JavaThread "Worker-JM"                         [_thread_blocked, id=22948, stack(0x0000002889100000,0x0000002889200000) (1024K)]
  0x000001d7d5db9ad0 JavaThread "JNA Cleaner"                daemon [_thread_blocked, id=23496, stack(0x0000002888800000,0x0000002888900000) (1024K)]
  0x000001d7d5ddfed0 JavaThread "C2 CompilerThread1"         daemon [_thread_in_native, id=16420, stack(0x0000002889000000,0x0000002889100000) (1024K)]
  0x000001d7d5dba160 JavaThread "Worker-0: Repository registry initialization"        [_thread_in_native, id=17804, stack(0x0000002889200000,0x0000002889300000) (1024K)]
  0x000001d7d5db8090 JavaThread "Worker-1"                          [_thread_blocked, id=22656, stack(0x0000002889300000,0x0000002889400000) (1024K)]
  0x000001d7d5db7a00 JavaThread "Worker-2"                          [_thread_blocked, id=23268, stack(0x0000002889400000,0x0000002889500000) (1024K)]
Total: 23

Other Threads:
  0x000001d7fea94960 VMThread "VM Thread"                           [id=6356, stack(0x0000002887500000,0x0000002887600000) (1024K)]
  0x000001d7fe98ca00 WatcherThread "VM Periodic Task Thread"        [id=5152, stack(0x0000002887400000,0x0000002887500000) (1024K)]
  0x000001d7f70204b0 WorkerThread "GC Thread#0"                     [id=22320, stack(0x0000002887300000,0x0000002887400000) (1024K)]
  0x000001d7d56ebd50 WorkerThread "GC Thread#1"                     [id=23388, stack(0x0000002888100000,0x0000002888200000) (1024K)]
  0x000001d7d53415f0 WorkerThread "GC Thread#2"                     [id=21964, stack(0x0000002888200000,0x0000002888300000) (1024K)]
  0x000001d7d5341990 WorkerThread "GC Thread#3"                     [id=15884, stack(0x0000002888300000,0x0000002888400000) (1024K)]
  0x000001d7d56e0740 WorkerThread "GC Thread#4"                     [id=1548, stack(0x0000002888400000,0x0000002888500000) (1024K)]
  0x000001d7d56e0ae0 WorkerThread "GC Thread#5"                     [id=23536, stack(0x0000002888500000,0x0000002888600000) (1024K)]
  0x000001d7d56e0e80 WorkerThread "GC Thread#6"                     [id=23408, stack(0x0000002888600000,0x0000002888700000) (1024K)]
  0x000001d7d56db250 WorkerThread "GC Thread#7"                     [id=7020, stack(0x0000002888700000,0x0000002888800000) (1024K)]
  0x000001d7d56aa7e0 WorkerThread "GC Thread#8"                     [id=19984, stack(0x0000002888c00000,0x0000002888d00000) (1024K)]
  0x000001d7d56aa0a0 WorkerThread "GC Thread#9"                     [id=2600, stack(0x0000002888d00000,0x0000002888e00000) (1024K)]
Total: 12

Threads with active compile tasks:
C2 CompilerThread0  15032 4088       4       org.eclipse.osgi.internal.loader.classpath.ClasspathEntry::findEntry (56 bytes)
C2 CompilerThread1  15032 4062   !   4       org.eclipse.osgi.internal.loader.classpath.ClasspathManager::findClassImpl (328 bytes)
Total: 2

VM state: not at safepoint (normal execution)

VM Mutex/Monitor currently owned by a thread: None

Heap address: 0x0000000080000000, size: 2048 MB, Compressed Oops mode: 32-bit

CDS archive(s) mapped at: [0x000001d78f000000-0x000001d78fba0000-0x000001d78fba0000), size 12189696, SharedBaseAddress: 0x000001d78f000000, ArchiveRelocationMode: 1.
Compressed class space mapped at: 0x000001d790000000-0x000001d7d0000000, reserved size: 1073741824
Narrow klass base: 0x000001d78f000000, Narrow klass shift: 0, Narrow klass range: 0x100000000

GC Precious Log:
 CardTable entry size: 512
 CPUs: 12 total, 12 available
 Memory: 7896M
 Large Page Support: Disabled
 NUMA Support: Disabled
 Compressed Oops: Enabled (32-bit)
 Alignments: Space 512K, Generation 512K, Heap 2M
 Heap Min Capacity: 100M
 Heap Initial Capacity: 100M
 Heap Max Capacity: 2G
 Pre-touch: Disabled
 Parallel Workers: 10

Heap:
 PSYoungGen      total 27648K, used 17940K [0x00000000d5580000, 0x00000000d7600000, 0x0000000100000000)
  eden space 24064K, 60% used [0x00000000d5580000,0x00000000d63cfc38,0x00000000d6d00000)
  from space 3584K, 91% used [0x00000000d7280000,0x00000000d75b5500,0x00000000d7600000)
  to   space 4096K, 0% used [0x00000000d6e00000,0x00000000d6e00000,0x00000000d7200000)
 ParOldGen       total 68608K, used 13372K [0x0000000080000000, 0x0000000084300000, 0x00000000d5580000)
  object space 68608K, 19% used [0x0000000080000000,0x0000000080d0f2e0,0x0000000084300000)
 Metaspace       used 25005K, committed 25984K, reserved 1114112K
  class space    used 2541K, committed 2944K, reserved 1048576K

Card table byte_map: [0x000001d7f69a0000,0x000001d7f6db0000] _byte_map_base: 0x000001d7f65a0000

Marking Bits: (ParMarkBitMap*) 0x00007ff825dd2460
 Begin Bits: [0x000001d7fa4b0000, 0x000001d7fc4b0000)
 End Bits:   [0x000001d7fc4b0000, 0x000001d7fe4b0000)

Polling page: 0x000001d7f4c50000

Metaspace:

Usage:
  Non-class:     21.94 MB used.
      Class:      2.48 MB used.
       Both:     24.42 MB used.

Virtual space:
  Non-class space:       64.00 MB reserved,      22.50 MB ( 35%) committed,  1 nodes.
      Class space:        1.00 GB reserved,       2.88 MB ( <1%) committed,  1 nodes.
             Both:        1.06 GB reserved,      25.38 MB (  2%) committed. 

Chunk freelists:
   Non-Class:  8.67 MB
       Class:  13.03 MB
        Both:  21.70 MB

MaxMetaspaceSize: unlimited
CompressedClassSpaceSize: 1.00 GB
Initial GC threshold: 21.00 MB
Current GC threshold: 35.00 MB
CDS: on
 - commit_granule_bytes: 65536.
 - commit_granule_words: 8192.
 - virtual_space_node_default_size: 8388608.
 - enlarge_chunks_in_place: 1.
 - use_allocation_guard: 0.


Internal statistics:

num_allocs_failed_limit: 3.
num_arena_births: 824.
num_arena_deaths: 14.
num_vsnodes_births: 2.
num_vsnodes_deaths: 0.
num_space_committed: 406.
num_space_uncommitted: 0.
num_chunks_returned_to_freelist: 17.
num_chunks_taken_from_freelist: 1878.
num_chunk_merges: 8.
num_chunk_splits: 1179.
num_chunks_enlarged: 692.
num_inconsistent_stats: 0.

CodeHeap 'non-profiled nmethods': size=120000Kb used=1873Kb max_used=1873Kb free=118127Kb
 bounds [0x000001d787ad0000, 0x000001d787d40000, 0x000001d78f000000]
CodeHeap 'profiled nmethods': size=120000Kb used=8455Kb max_used=8455Kb free=111545Kb
 bounds [0x000001d780000000, 0x000001d780850000, 0x000001d787530000]
CodeHeap 'non-nmethods': size=5760Kb used=1292Kb max_used=1338Kb free=4467Kb
 bounds [0x000001d787530000, 0x000001d7877a0000, 0x000001d787ad0000]
CodeCache: size=245760Kb, used=11620Kb, max_used=11666Kb, free=234139Kb
 total_blobs=4668, nmethods=4095, adapters=479, full_count=0
Compilation: enabled, stopped_count=0, restarted_count=0

Compilation events (20 events):
Event: 11.957 Thread 0x000001d7d0045040 4083       3       org.lombokweb.asm.MethodVisitor::visitInsn (16 bytes)
Event: 11.957 Thread 0x000001d7d0045040 nmethod 4083 0x000001d780836190 code [0x000001d780836340, 0x000001d780836548]
Event: 11.962 Thread 0x000001d7d0045040 4084   !   3       org.eclipse.osgi.internal.loader.BundleLoader::findClass0 (490 bytes)
Event: 11.964 Thread 0x000001d7f70bc390 4085   !   4       java.io.RandomAccessFile::seek (42 bytes)
Event: 11.965 Thread 0x000001d7f70bc390 nmethod 4085 0x000001d787ca2e90 code [0x000001d787ca3040, 0x000001d787ca31b8]
Event: 11.965 Thread 0x000001d7d0045040 nmethod 4084 0x000001d780836610 code [0x000001d780836ea0, 0x000001d78083b628]
Event: 11.968 Thread 0x000001d7f70bc390 4086       4       java.lang.AbstractStringBuilder::append (77 bytes)
Event: 11.973 Thread 0x000001d7f70bc390 nmethod 4086 0x000001d787ca3390 code [0x000001d787ca3580, 0x000001d787ca3b48]
Event: 11.974 Thread 0x000001d7f70bc390 4087       4       java.lang.Character::codePointAt (51 bytes)
Event: 11.975 Thread 0x000001d7d0045040 4089       3       org.lombokweb.asm.MethodVisitor::visitLabel (16 bytes)
Event: 11.975 Thread 0x000001d7d0045040 nmethod 4089 0x000001d78083ce90 code [0x000001d78083d040, 0x000001d78083d248]
Event: 11.975 Thread 0x000001d7d0045040 4090       3       org.lombokweb.asm.ByteVector::put11 (52 bytes)
Event: 11.975 Thread 0x000001d7d0045040 nmethod 4090 0x000001d78083d310 code [0x000001d78083d4c0, 0x000001d78083d6c8]
Event: 11.976 Thread 0x000001d7d0045040 4091       3       org.lombokweb.asm.SymbolTable::addConstantFieldref (10 bytes)
Event: 11.976 Thread 0x000001d7d0045040 nmethod 4091 0x000001d78083d810 code [0x000001d78083d9c0, 0x000001d78083db18]
Event: 11.976 Thread 0x000001d7f70bc390 nmethod 4087 0x000001d787ca3e10 code [0x000001d787ca3fc0, 0x000001d787ca4190]
Event: 11.976 Thread 0x000001d7f70bc390 4088       4       org.eclipse.osgi.internal.loader.classpath.ClasspathEntry::findEntry (56 bytes)
Event: 11.976 Thread 0x000001d7d0045040 4092       3       org.lombokweb.asm.MethodVisitor::visitLineNumber (17 bytes)
Event: 11.976 Thread 0x000001d7d0045040 nmethod 4092 0x000001d78083dc10 code [0x000001d78083ddc0, 0x000001d78083dfc8]
Event: 12.177 Thread 0x000001d7d0045040 4093       3       java.util.concurrent.locks.AbstractQueuedSynchronizer::tryAcquireSharedNanos (62 bytes)

GC Heap History (18 events):
Event: 0.718 GC heap before
{Heap before GC invocations=1 (full 0):
 PSYoungGen      total 29696K, used 25600K [0x00000000d5580000, 0x00000000d7680000, 0x0000000100000000)
  eden space 25600K, 100% used [0x00000000d5580000,0x00000000d6e80000,0x00000000d6e80000)
  from space 4096K, 0% used [0x00000000d7280000,0x00000000d7280000,0x00000000d7680000)
  to   space 4096K, 0% used [0x00000000d6e80000,0x00000000d6e80000,0x00000000d7280000)
 ParOldGen       total 68608K, used 0K [0x0000000080000000, 0x0000000084300000, 0x00000000d5580000)
  object space 68608K, 0% used [0x0000000080000000,0x0000000080000000,0x0000000084300000)
 Metaspace       used 4324K, committed 4544K, reserved 1114112K
  class space    used 472K, committed 576K, reserved 1048576K
}
Event: 0.725 GC heap after
{Heap after GC invocations=1 (full 0):
 PSYoungGen      total 29696K, used 3303K [0x00000000d5580000, 0x00000000d7680000, 0x0000000100000000)
  eden space 25600K, 0% used [0x00000000d5580000,0x00000000d5580000,0x00000000d6e80000)
  from space 4096K, 80% used [0x00000000d6e80000,0x00000000d71b9e98,0x00000000d7280000)
  to   space 4096K, 0% used [0x00000000d7280000,0x00000000d7280000,0x00000000d7680000)
 ParOldGen       total 68608K, used 16K [0x0000000080000000, 0x0000000084300000, 0x00000000d5580000)
  object space 68608K, 0% used [0x0000000080000000,0x0000000080004000,0x0000000084300000)
 Metaspace       used 4324K, committed 4544K, reserved 1114112K
  class space    used 472K, committed 576K, reserved 1048576K
}
Event: 1.741 GC heap before
{Heap before GC invocations=2 (full 0):
 PSYoungGen      total 29696K, used 28903K [0x00000000d5580000, 0x00000000d7680000, 0x0000000100000000)
  eden space 25600K, 100% used [0x00000000d5580000,0x00000000d6e80000,0x00000000d6e80000)
  from space 4096K, 80% used [0x00000000d6e80000,0x00000000d71b9e98,0x00000000d7280000)
  to   space 4096K, 0% used [0x00000000d7280000,0x00000000d7280000,0x00000000d7680000)
 ParOldGen       total 68608K, used 16K [0x0000000080000000, 0x0000000084300000, 0x00000000d5580000)
  object space 68608K, 0% used [0x0000000080000000,0x0000000080004000,0x0000000084300000)
 Metaspace       used 7975K, committed 8256K, reserved 1114112K
  class space    used 829K, committed 960K, reserved 1048576K
}
Event: 1.752 GC heap after
{Heap after GC invocations=2 (full 0):
 PSYoungGen      total 29696K, used 4086K [0x00000000d5580000, 0x00000000d7680000, 0x0000000100000000)
  eden space 25600K, 0% used [0x00000000d5580000,0x00000000d5580000,0x00000000d6e80000)
  from space 4096K, 99% used [0x00000000d7280000,0x00000000d767d810,0x00000000d7680000)
  to   space 4096K, 0% used [0x00000000d6e80000,0x00000000d6e80000,0x00000000d7280000)
 ParOldGen       total 68608K, used 2061K [0x0000000080000000, 0x0000000084300000, 0x00000000d5580000)
  object space 68608K, 3% used [0x0000000080000000,0x00000000802035f0,0x0000000084300000)
 Metaspace       used 7975K, committed 8256K, reserved 1114112K
  class space    used 829K, committed 960K, reserved 1048576K
}
Event: 2.366 GC heap before
{Heap before GC invocations=3 (full 0):
 PSYoungGen      total 29696K, used 29536K [0x00000000d5580000, 0x00000000d7680000, 0x0000000100000000)
  eden space 25600K, 99% used [0x00000000d5580000,0x00000000d6e5a9d8,0x00000000d6e80000)
  from space 4096K, 99% used [0x00000000d7280000,0x00000000d767d810,0x00000000d7680000)
  to   space 4096K, 0% used [0x00000000d6e80000,0x00000000d6e80000,0x00000000d7280000)
 ParOldGen       total 68608K, used 2061K [0x0000000080000000, 0x0000000084300000, 0x00000000d5580000)
  object space 68608K, 3% used [0x0000000080000000,0x00000000802035f0,0x0000000084300000)
 Metaspace       used 9423K, committed 9728K, reserved 1114112K
  class space    used 1006K, committed 1152K, reserved 1048576K
}
Event: 2.376 GC heap after
{Heap after GC invocations=3 (full 0):
 PSYoungGen      total 29696K, used 4070K [0x00000000d5580000, 0x00000000d7680000, 0x0000000100000000)
  eden space 25600K, 0% used [0x00000000d5580000,0x00000000d5580000,0x00000000d6e80000)
  from space 4096K, 99% used [0x00000000d6e80000,0x00000000d7279a20,0x00000000d7280000)
  to   space 4096K, 0% used [0x00000000d7280000,0x00000000d7280000,0x00000000d7680000)
 ParOldGen       total 68608K, used 4827K [0x0000000080000000, 0x0000000084300000, 0x00000000d5580000)
  object space 68608K, 7% used [0x0000000080000000,0x00000000804b6ef8,0x0000000084300000)
 Metaspace       used 9423K, committed 9728K, reserved 1114112K
  class space    used 1006K, committed 1152K, reserved 1048576K
}
Event: 3.997 GC heap before
{Heap before GC invocations=4 (full 0):
 PSYoungGen      total 29696K, used 29670K [0x00000000d5580000, 0x00000000d7680000, 0x0000000100000000)
  eden space 25600K, 100% used [0x00000000d5580000,0x00000000d6e80000,0x00000000d6e80000)
  from space 4096K, 99% used [0x00000000d6e80000,0x00000000d7279a20,0x00000000d7280000)
  to   space 4096K, 0% used [0x00000000d7280000,0x00000000d7280000,0x00000000d7680000)
 ParOldGen       total 68608K, used 4827K [0x0000000080000000, 0x0000000084300000, 0x00000000d5580000)
  object space 68608K, 7% used [0x0000000080000000,0x00000000804b6ef8,0x0000000084300000)
 Metaspace       used 11636K, committed 12032K, reserved 1114112K
  class space    used 1228K, committed 1408K, reserved 1048576K
}
Event: 4.001 GC heap after
{Heap after GC invocations=4 (full 0):
 PSYoungGen      total 29696K, used 4090K [0x00000000d5580000, 0x00000000d7680000, 0x0000000100000000)
  eden space 25600K, 0% used [0x00000000d5580000,0x00000000d5580000,0x00000000d6e80000)
  from space 4096K, 99% used [0x00000000d7280000,0x00000000d767e970,0x00000000d7680000)
  to   space 4096K, 0% used [0x00000000d6e80000,0x00000000d6e80000,0x00000000d7280000)
 ParOldGen       total 68608K, used 6768K [0x0000000080000000, 0x0000000084300000, 0x00000000d5580000)
  object space 68608K, 9% used [0x0000000080000000,0x000000008069c210,0x0000000084300000)
 Metaspace       used 11636K, committed 12032K, reserved 1114112K
  class space    used 1228K, committed 1408K, reserved 1048576K
}
Event: 5.573 GC heap before
{Heap before GC invocations=5 (full 0):
 PSYoungGen      total 29696K, used 29690K [0x00000000d5580000, 0x00000000d7680000, 0x0000000100000000)
  eden space 25600K, 100% used [0x00000000d5580000,0x00000000d6e80000,0x00000000d6e80000)
  from space 4096K, 99% used [0x00000000d7280000,0x00000000d767e970,0x00000000d7680000)
  to   space 4096K, 0% used [0x00000000d6e80000,0x00000000d6e80000,0x00000000d7280000)
 ParOldGen       total 68608K, used 6768K [0x0000000080000000, 0x0000000084300000, 0x00000000d5580000)
  object space 68608K, 9% used [0x0000000080000000,0x000000008069c210,0x0000000084300000)
 Metaspace       used 15547K, committed 16064K, reserved 1114112K
  class space    used 1615K, committed 1856K, reserved 1048576K
}
Event: 5.576 GC heap after
{Heap after GC invocations=5 (full 0):
 PSYoungGen      total 29184K, used 4072K [0x00000000d5580000, 0x00000000d7900000, 0x0000000100000000)
  eden space 25088K, 0% used [0x00000000d5580000,0x00000000d5580000,0x00000000d6e00000)
  from space 4096K, 99% used [0x00000000d6e80000,0x00000000d727a3e0,0x00000000d7280000)
  to   space 5632K, 0% used [0x00000000d7380000,0x00000000d7380000,0x00000000d7900000)
 ParOldGen       total 68608K, used 7880K [0x0000000080000000, 0x0000000084300000, 0x00000000d5580000)
  object space 68608K, 11% used [0x0000000080000000,0x00000000807b2220,0x0000000084300000)
 Metaspace       used 15547K, committed 16064K, reserved 1114112K
  class space    used 1615K, committed 1856K, reserved 1048576K
}
Event: 10.323 GC heap before
{Heap before GC invocations=6 (full 0):
 PSYoungGen      total 29184K, used 29160K [0x00000000d5580000, 0x00000000d7900000, 0x0000000100000000)
  eden space 25088K, 100% used [0x00000000d5580000,0x00000000d6e00000,0x00000000d6e00000)
  from space 4096K, 99% used [0x00000000d6e80000,0x00000000d727a3e0,0x00000000d7280000)
  to   space 5632K, 0% used [0x00000000d7380000,0x00000000d7380000,0x00000000d7900000)
 ParOldGen       total 68608K, used 7880K [0x0000000080000000, 0x0000000084300000, 0x00000000d5580000)
  object space 68608K, 11% used [0x0000000080000000,0x00000000807b2220,0x0000000084300000)
 Metaspace       used 18681K, committed 19456K, reserved 1114112K
  class space    used 1962K, committed 2240K, reserved 1048576K
}
Event: 10.327 GC heap after
{Heap after GC invocations=6 (full 0):
 PSYoungGen      total 29696K, used 5116K [0x00000000d5580000, 0x00000000d7880000, 0x0000000100000000)
  eden space 24576K, 0% used [0x00000000d5580000,0x00000000d5580000,0x00000000d6d80000)
  from space 5120K, 99% used [0x00000000d7380000,0x00000000d787f2e8,0x00000000d7880000)
  to   space 5632K, 0% used [0x00000000d6d80000,0x00000000d6d80000,0x00000000d7300000)
 ParOldGen       total 68608K, used 7888K [0x0000000080000000, 0x0000000084300000, 0x00000000d5580000)
  object space 68608K, 11% used [0x0000000080000000,0x00000000807b4220,0x0000000084300000)
 Metaspace       used 18681K, committed 19456K, reserved 1114112K
  class space    used 1962K, committed 2240K, reserved 1048576K
}
Event: 10.583 GC heap before
{Heap before GC invocations=7 (full 0):
 PSYoungGen      total 29696K, used 24590K [0x00000000d5580000, 0x00000000d7880000, 0x0000000100000000)
  eden space 24576K, 79% used [0x00000000d5580000,0x00000000d68847d8,0x00000000d6d80000)
  from space 5120K, 99% used [0x00000000d7380000,0x00000000d787f2e8,0x00000000d7880000)
  to   space 5632K, 0% used [0x00000000d6d80000,0x00000000d6d80000,0x00000000d7300000)
 ParOldGen       total 68608K, used 7888K [0x0000000080000000, 0x0000000084300000, 0x00000000d5580000)
  object space 68608K, 11% used [0x0000000080000000,0x00000000807b4220,0x0000000084300000)
 Metaspace       used 20664K, committed 21504K, reserved 1114112K
  class space    used 2204K, committed 2560K, reserved 1048576K
}
Event: 10.588 GC heap after
{Heap after GC invocations=7 (full 0):
 PSYoungGen      total 29184K, used 4489K [0x00000000d5580000, 0x00000000d7780000, 0x0000000100000000)
  eden space 24576K, 0% used [0x00000000d5580000,0x00000000d5580000,0x00000000d6d80000)
  from space 4608K, 97% used [0x00000000d6d80000,0x00000000d71e24e0,0x00000000d7200000)
  to   space 5120K, 0% used [0x00000000d7280000,0x00000000d7280000,0x00000000d7780000)
 ParOldGen       total 68608K, used 9493K [0x0000000080000000, 0x0000000084300000, 0x00000000d5580000)
  object space 68608K, 13% used [0x0000000080000000,0x00000000809457d0,0x0000000084300000)
 Metaspace       used 20664K, committed 21504K, reserved 1114112K
  class space    used 2204K, committed 2560K, reserved 1048576K
}
Event: 10.588 GC heap before
{Heap before GC invocations=8 (full 1):
 PSYoungGen      total 29184K, used 4489K [0x00000000d5580000, 0x00000000d7780000, 0x0000000100000000)
  eden space 24576K, 0% used [0x00000000d5580000,0x00000000d5580000,0x00000000d6d80000)
  from space 4608K, 97% used [0x00000000d6d80000,0x00000000d71e24e0,0x00000000d7200000)
  to   space 5120K, 0% used [0x00000000d7280000,0x00000000d7280000,0x00000000d7780000)
 ParOldGen       total 68608K, used 9493K [0x0000000080000000, 0x0000000084300000, 0x00000000d5580000)
  object space 68608K, 13% used [0x0000000080000000,0x00000000809457d0,0x0000000084300000)
 Metaspace       used 20664K, committed 21504K, reserved 1114112K
  class space    used 2204K, committed 2560K, reserved 1048576K
}
Event: 10.616 GC heap after
{Heap after GC invocations=8 (full 1):
 PSYoungGen      total 29184K, used 0K [0x00000000d5580000, 0x00000000d7780000, 0x0000000100000000)
  eden space 24576K, 0% used [0x00000000d5580000,0x00000000d5580000,0x00000000d6d80000)
  from space 4608K, 0% used [0x00000000d6d80000,0x00000000d6d80000,0x00000000d7200000)
  to   space 5120K, 0% used [0x00000000d7280000,0x00000000d7280000,0x00000000d7780000)
 ParOldGen       total 68608K, used 13364K [0x0000000080000000, 0x0000000084300000, 0x00000000d5580000)
  object space 68608K, 19% used [0x0000000080000000,0x0000000080d0d2e0,0x0000000084300000)
 Metaspace       used 20651K, committed 21504K, reserved 1114112K
  class space    used 2200K, committed 2560K, reserved 1048576K
}
Event: 10.819 GC heap before
{Heap before GC invocations=9 (full 1):
 PSYoungGen      total 29184K, used 24576K [0x00000000d5580000, 0x00000000d7780000, 0x0000000100000000)
  eden space 24576K, 100% used [0x00000000d5580000,0x00000000d6d80000,0x00000000d6d80000)
  from space 4608K, 0% used [0x00000000d6d80000,0x00000000d6d80000,0x00000000d7200000)
  to   space 5120K, 0% used [0x00000000d7280000,0x00000000d7280000,0x00000000d7780000)
 ParOldGen       total 68608K, used 13364K [0x0000000080000000, 0x0000000084300000, 0x00000000d5580000)
  object space 68608K, 19% used [0x0000000080000000,0x0000000080d0d2e0,0x0000000084300000)
 Metaspace       used 22529K, committed 23488K, reserved 1114112K
  class space    used 2364K, committed 2752K, reserved 1048576K
}
Event: 10.821 GC heap after
{Heap after GC invocations=9 (full 1):
 PSYoungGen      total 27648K, used 3285K [0x00000000d5580000, 0x00000000d7600000, 0x0000000100000000)
  eden space 24064K, 0% used [0x00000000d5580000,0x00000000d5580000,0x00000000d6d00000)
  from space 3584K, 91% used [0x00000000d7280000,0x00000000d75b5500,0x00000000d7600000)
  to   space 4096K, 0% used [0x00000000d6e00000,0x00000000d6e00000,0x00000000d7200000)
 ParOldGen       total 68608K, used 13372K [0x0000000080000000, 0x0000000084300000, 0x00000000d5580000)
  object space 68608K, 19% used [0x0000000080000000,0x0000000080d0f2e0,0x0000000084300000)
 Metaspace       used 22529K, committed 23488K, reserved 1114112K
  class space    used 2364K, committed 2752K, reserved 1048576K
}

Dll operation events (10 events):
Event: 0.010 Loaded shared library c:\Users\Kavis\.vscode\extensions\redhat.java-1.51.0-win32-x64\jre\21.0.9-win32-x86_64\bin\java.dll
Event: 0.073 Loaded shared library c:\Users\Kavis\.vscode\extensions\redhat.java-1.51.0-win32-x64\jre\21.0.9-win32-x86_64\bin\zip.dll
Event: 0.100 Loaded shared library C:\Users\Kavis\.vscode\extensions\redhat.java-1.51.0-win32-x64\jre\21.0.9-win32-x86_64\bin\instrument.dll
Event: 0.106 Loaded shared library C:\Users\Kavis\.vscode\extensions\redhat.java-1.51.0-win32-x64\jre\21.0.9-win32-x86_64\bin\net.dll
Event: 0.109 Loaded shared library C:\Users\Kavis\.vscode\extensions\redhat.java-1.51.0-win32-x64\jre\21.0.9-win32-x86_64\bin\nio.dll
Event: 0.113 Loaded shared library C:\Users\Kavis\.vscode\extensions\redhat.java-1.51.0-win32-x64\jre\21.0.9-win32-x86_64\bin\zip.dll
Event: 0.140 Loaded shared library C:\Users\Kavis\.vscode\extensions\redhat.java-1.51.0-win32-x64\jre\21.0.9-win32-x86_64\bin\jimage.dll
Event: 0.236 Loaded shared library c:\Users\Kavis\.vscode\extensions\redhat.java-1.51.0-win32-x64\jre\21.0.9-win32-x86_64\bin\verify.dll
Event: 1.794 Loaded shared library C:\Users\Kavis\AppData\Roaming\Code\User\globalStorage\redhat.java\1.51.0\config_win\org.eclipse.equinox.launcher\org.eclipse.equinox.launcher.win32.win32.x86_64_1.2.1400.v20250801-0854\eclipse_11916.dll
Event: 7.970 Loaded shared library C:\Users\Kavis\AppData\Local\Temp\jna-72270570\jna1894042149810035670.dll

Deoptimization events (20 events):
Event: 11.933 Thread 0x000001d7d5dba160 Uncommon trap: trap_request=0xffffffde fr.pc=0x000001d787c991b8 relative=0x00000000000000f8
Event: 11.933 Thread 0x000001d7d5dba160 Uncommon trap: reason=class_check action=maybe_recompile pc=0x000001d787c991b8 method=java.lang.Character.codePointAt(Ljava/lang/CharSequence;I)I @ 2 c2
Event: 11.933 Thread 0x000001d7d5dba160 DEOPT PACKING pc=0x000001d787c991b8 sp=0x00000028892fec10
Event: 11.933 Thread 0x000001d7d5dba160 DEOPT UNPACKING pc=0x000001d787583aa2 sp=0x00000028892feb98 mode 2
Event: 11.933 Thread 0x000001d7d5dba160 Uncommon trap: trap_request=0xffffffde fr.pc=0x000001d787c991b8 relative=0x00000000000000f8
Event: 11.933 Thread 0x000001d7d5dba160 Uncommon trap: reason=class_check action=maybe_recompile pc=0x000001d787c991b8 method=java.lang.Character.codePointAt(Ljava/lang/CharSequence;I)I @ 2 c2
Event: 11.933 Thread 0x000001d7d5dba160 DEOPT PACKING pc=0x000001d787c991b8 sp=0x00000028892fec10
Event: 11.933 Thread 0x000001d7d5dba160 DEOPT UNPACKING pc=0x000001d787583aa2 sp=0x00000028892feb98 mode 2
Event: 11.933 Thread 0x000001d7d5dba160 Uncommon trap: trap_request=0xffffffde fr.pc=0x000001d787c991b8 relative=0x00000000000000f8
Event: 11.933 Thread 0x000001d7d5dba160 Uncommon trap: reason=class_check action=maybe_recompile pc=0x000001d787c991b8 method=java.lang.Character.codePointAt(Ljava/lang/CharSequence;I)I @ 2 c2
Event: 11.934 Thread 0x000001d7d5dba160 DEOPT PACKING pc=0x000001d787c991b8 sp=0x00000028892fec10
Event: 11.934 Thread 0x000001d7d5dba160 DEOPT UNPACKING pc=0x000001d787583aa2 sp=0x00000028892feb98 mode 2
Event: 11.934 Thread 0x000001d7d5dba160 Uncommon trap: trap_request=0xffffff76 fr.pc=0x000001d787c52d04 relative=0x0000000000000384
Event: 11.934 Thread 0x000001d7d5dba160 Uncommon trap: reason=predicate action=maybe_recompile pc=0x000001d787c52d04 method=java.util.regex.Pattern$BmpCharPropertyGreedy.match(Ljava/util/regex/Matcher;ILjava/lang/CharSequence;)Z @ 12 c2
Event: 11.934 Thread 0x000001d7d5dba160 DEOPT PACKING pc=0x000001d787c52d04 sp=0x00000028892feb50
Event: 11.934 Thread 0x000001d7d5dba160 DEOPT UNPACKING pc=0x000001d787583aa2 sp=0x00000028892feaf8 mode 2
Event: 11.946 Thread 0x000001d7d5dba160 Uncommon trap: trap_request=0xffffff45 fr.pc=0x000001d787ca2860 relative=0x00000000000000c0
Event: 11.946 Thread 0x000001d7d5dba160 Uncommon trap: reason=unstable_if action=reinterpret pc=0x000001d787ca2860 method=org.codehaus.plexus.util.xml.pull.MXParser.more()C @ 8 c2
Event: 11.946 Thread 0x000001d7d5dba160 DEOPT PACKING pc=0x000001d787ca2860 sp=0x00000028892fee10
Event: 11.946 Thread 0x000001d7d5dba160 DEOPT UNPACKING pc=0x000001d787583aa2 sp=0x00000028892feda0 mode 2

Classes loaded (20 events):
Event: 10.750 Loading class java/net/SocketException
Event: 10.750 Loading class java/net/SocketException done
Event: 10.750 Loading class java/net/UnknownHostException
Event: 10.750 Loading class java/net/UnknownHostException done
Event: 10.750 Loading class java/net/ProtocolException
Event: 10.750 Loading class java/net/ProtocolException done
Event: 10.763 Loading class java/lang/ThreadLocal$SuppliedThreadLocal
Event: 10.763 Loading class java/lang/ThreadLocal$SuppliedThreadLocal done
Event: 10.769 Loading class java/io/FileWriter
Event: 10.769 Loading class java/io/FileWriter done
Event: 10.828 Loading class java/lang/NegativeArraySizeException
Event: 10.828 Loading class java/lang/NegativeArraySizeException done
Event: 11.933 Loading class java/io/FileReader
Event: 11.933 Loading class java/io/FileReader done
Event: 11.972 Loading class java/util/concurrent/atomic/AtomicReferenceFieldUpdater
Event: 11.972 Loading class java/util/concurrent/atomic/AtomicReferenceFieldUpdater done
Event: 11.972 Loading class java/util/concurrent/atomic/AtomicReferenceFieldUpdater$AtomicReferenceFieldUpdaterImpl
Event: 11.972 Loading class java/util/concurrent/atomic/AtomicReferenceFieldUpdater$AtomicReferenceFieldUpdaterImpl done
Event: 11.972 Loading class java/util/concurrent/atomic/AtomicReferenceFieldUpdater$AtomicReferenceFieldUpdaterImpl$1
Event: 11.973 Loading class java/util/concurrent/atomic/AtomicReferenceFieldUpdater$AtomicReferenceFieldUpdaterImpl$1 done

Classes unloaded (7 events):
Event: 10.595 Thread 0x000001d7fea94960 Unloading class 0x000001d7901a4800 'java/lang/invoke/LambdaForm$MH+0x000001d7901a4800'
Event: 10.595 Thread 0x000001d7fea94960 Unloading class 0x000001d7901a4400 'java/lang/invoke/LambdaForm$MH+0x000001d7901a4400'
Event: 10.595 Thread 0x000001d7fea94960 Unloading class 0x000001d7901a4000 'java/lang/invoke/LambdaForm$MH+0x000001d7901a4000'
Event: 10.595 Thread 0x000001d7fea94960 Unloading class 0x000001d7901a3c00 'java/lang/invoke/LambdaForm$MH+0x000001d7901a3c00'
Event: 10.595 Thread 0x000001d7fea94960 Unloading class 0x000001d7901a3800 'java/lang/invoke/LambdaForm$BMH+0x000001d7901a3800'
Event: 10.595 Thread 0x000001d7fea94960 Unloading class 0x000001d7901a3400 'java/lang/invoke/LambdaForm$DMH+0x000001d7901a3400'
Event: 10.595 Thread 0x000001d7fea94960 Unloading class 0x000001d7901a2000 'java/lang/invoke/LambdaForm$DMH+0x000001d7901a2000'

Classes redefined (0 events):
No events

Internal exceptions (20 events):
Event: 10.540 Thread 0x000001d7d575aea0 Exception <a 'java/lang/NoSuchMethodError'{0x00000000d66c8258}: 'int java.lang.invoke.DirectMethodHandle$Holder.invokeVirtual(java.lang.Object, java.lang.Object, java.lang.Object)'> (0x00000000d66c8258) 
thrown [s\src\hotspot\share\interpreter\linkResolver.cpp, line 773]
Event: 10.541 Thread 0x000001d7d575aea0 Exception <a 'java/lang/NoSuchMethodError'{0x00000000d66cd1f0}: 'int java.lang.invoke.DirectMethodHandle$Holder.invokeStaticInit(java.lang.Object, int, int)'> (0x00000000d66cd1f0) 
thrown [s\src\hotspot\share\interpreter\linkResolver.cpp, line 773]
Event: 10.541 Thread 0x000001d7d575aea0 Exception <a 'java/lang/NoSuchMethodError'{0x00000000d66d5578}: 'int java.lang.invoke.DirectMethodHandle$Holder.invokeStaticInit(java.lang.Object, long, long)'> (0x00000000d66d5578) 
thrown [s\src\hotspot\share\interpreter\linkResolver.cpp, line 773]
Event: 10.542 Thread 0x000001d7d575aea0 Exception <a 'java/lang/NoSuchMethodError'{0x00000000d66dd370}: 'int java.lang.invoke.DirectMethodHandle$Holder.invokeStaticInit(java.lang.Object, float, float)'> (0x00000000d66dd370) 
thrown [s\src\hotspot\share\interpreter\linkResolver.cpp, line 773]
Event: 10.542 Thread 0x000001d7d575aea0 Exception <a 'java/lang/NoSuchMethodError'{0x00000000d66e4d20}: 'int java.lang.invoke.DirectMethodHandle$Holder.invokeStaticInit(java.lang.Object, double, double)'> (0x00000000d66e4d20) 
thrown [s\src\hotspot\share\interpreter\linkResolver.cpp, line 773]
Event: 10.542 Thread 0x000001d7d575aea0 Exception <a 'java/lang/NoSuchMethodError'{0x00000000d66ea138}: 'int java.lang.invoke.DirectMethodHandle$Holder.invokeStatic(java.lang.Object, long)'> (0x00000000d66ea138) 
thrown [s\src\hotspot\share\interpreter\linkResolver.cpp, line 773]
Event: 10.544 Thread 0x000001d7d575aea0 Exception <a 'java/lang/NoSuchMethodError'{0x00000000d66fbcd0}: 'int java.lang.invoke.DirectMethodHandle$Holder.invokeSpecial(java.lang.Object, java.lang.Object, int, int)'> (0x00000000d66fbcd0) 
thrown [s\src\hotspot\share\interpreter\linkResolver.cpp, line 773]
Event: 10.545 Thread 0x000001d7d575aea0 Exception <a 'java/lang/NoSuchMethodError'{0x00000000d670a460}: 'int java.lang.invoke.Invokers$Holder.linkToTargetMethod(java.lang.Object, java.lang.Object)'> (0x00000000d670a460) 
thrown [s\src\hotspot\share\interpreter\linkResolver.cpp, line 773]
Event: 10.571 Thread 0x000001d7d575aea0 Exception <a 'java/lang/NoSuchMethodError'{0x00000000d67ee300}: 'java.lang.Object java.lang.invoke.Invokers$Holder.invoke_MT(java.lang.Object, java.lang.Object, java.lang.Object, java.lang.Object, java.lang.Object, java.lang.Object, java.lang.Object, java.lang.Object, java.lang.Object, java.lang.Object, java.lang.Object)'> (0x00000000d67ee300) 
thrown [s\src\hotspot\share\interpreter\linkResolver.cpp, line 773]
Event: 10.620 Thread 0x000001d7d575aea0 Exception <a 'java/lang/NoSuchMethodError'{0x00000000d5581cb8}: 'java.lang.Object java.lang.invoke.Invokers$Holder.invoke_MT(java.lang.Object, java.lang.Object, java.lang.Object, java.lang.Object, java.lang.Object, java.lang.Object, java.lang.Object, java.lang.Object, java.lang.Object, java.lang.Object)'> (0x00000000d5581cb8) 
thrown [s\src\hotspot\share\interpreter\linkResolver.cpp, line 773]
Event: 10.630 Thread 0x000001d7d575aea0 Exception <a 'java/lang/NoSuchMethodError'{0x00000000d562eb18}: 'java.lang.Object java.lang.invoke.DirectMethodHandle$Holder.newInvokeSpecial(java.lang.Object, java.lang.Object, java.lang.Object, java.lang.Object, java.lang.Object, java.lang.Object, java.lang.Object)'> (0x00000000d562eb18) 
thrown [s\src\hotspot\share\interpreter\linkResolver.cpp, line 773]
Event: 10.635 Thread 0x000001d7d575aea0 Exception <a 'java/lang/NoSuchMethodError'{0x00000000d56a6550}: 'java.lang.Object java.lang.invoke.Invokers$Holder.invoker(java.lang.Object, java.lang.Object, java.lang.Object, java.lang.Object, java.lang.Object, java.lang.Object, java.lang.Object, java.lang.Object, java.lang.Object, java.lang.Object, java.lang.Object, java.lang.Object, java.lang.Object)'> (0x00000000d56a6550) 
thrown [s\src\hotspot\share\interpreter\linkResolver.cpp, line 773]
Event: 10.636 Thread 0x000001d7d575aea0 Exception <a 'java/lang/NoSuchMethodError'{0x00000000d56b09e8}: 'java.lang.Object java.lang.invoke.DelegatingMethodHandle$Holder.delegate(java.lang.Object, java.lang.Object, java.lang.Object, java.lang.Object, java.lang.Object, java.lang.Object, java.lang.Object, java.lang.Object, java.lang.Object, java.lang.Object, java.lang.Object, java.lang.Object, java.lang.Object)'> (0x00000000d56b09e8) 
thrown [s\src\hotspot\share\interpreter\linkResolver.cpp, line 773]
Event: 10.642 Thread 0x000001d7d575aea0 Exception <a 'java/lang/NoSuchMethodError'{0x00000000d571c680}: static Lorg/eclipse/m2e/core/internal/lifecyclemapping/model/PluginExecutionMetadata;.<clinit>()V> (0x00000000d571c680) 
thrown [s\src\hotspot\share\prims\jni.cpp, line 1111]
Event: 10.642 Thread 0x000001d7d575aea0 Implicit null exception at 0x000001d787c23da4 to 0x000001d787c247d4
Event: 10.647 Thread 0x000001d7d575aea0 Exception <a 'java/lang/NoSuchMethodError'{0x00000000d577c2c0}: static Lorg/eclipse/m2e/core/internal/lifecyclemapping/model/PluginExecutionFilter;.<clinit>()V> (0x00000000d577c2c0) 
thrown [s\src\hotspot\share\prims\jni.cpp, line 1111]
Event: 10.650 Thread 0x000001d7d575aea0 Exception <a 'java/lang/NoSuchMethodError'{0x00000000d57b20d0}: static Lorg/eclipse/m2e/core/internal/project/registry/MavenProjectFacade$MavenProjectConfiguration;.<clinit>()V> (0x00000000d57b20d0) 
thrown [s\src\hotspot\share\prims\jni.cpp, line 1111]
Event: 10.715 Thread 0x000001d7d575aea0 Exception <a 'java/lang/NoSuchMethodError'{0x00000000d5d21bc0}: 'double java.lang.invoke.DirectMethodHandle$Holder.invokeStatic(java.lang.Object, java.lang.Object)'> (0x00000000d5d21bc0) 
thrown [s\src\hotspot\share\interpreter\linkResolver.cpp, line 773]
Event: 10.715 Thread 0x000001d7d575aea0 Exception <a 'java/lang/NoSuchMethodError'{0x00000000d5d25280}: 'double java.lang.invoke.DirectMethodHandle$Holder.invokeStaticInit(java.lang.Object, java.lang.Object)'> (0x00000000d5d25280) 
thrown [s\src\hotspot\share\interpreter\linkResolver.cpp, line 773]
Event: 11.954 Thread 0x000001d7d5dba160 Exception <a 'java/lang/NoSuchMethodError'{0x00000000d5f4bcd8}: 'java.lang.Object java.lang.invoke.DirectMethodHandle$Holder.invokeSpecialIFC(java.lang.Object, java.lang.Object, java.lang.Object, java.lang.Object)'> (0x00000000d5f4bcd8) 
thrown [s\src\hotspot\share\interpreter\linkResolver.cpp, line 773]

ZGC Phase Switch (0 events):
No events

VM Operations (20 events):
Event: 10.006 Executing VM operation: Cleanup done
Event: 10.171 Executing VM operation: HandshakeAllThreads (Deoptimize)
Event: 10.171 Executing VM operation: HandshakeAllThreads (Deoptimize) done
Event: 10.203 Executing VM operation: HandshakeAllThreads (Deoptimize)
Event: 10.203 Executing VM operation: HandshakeAllThreads (Deoptimize) done
Event: 10.212 Executing VM operation: HandshakeAllThreads (Deoptimize)
Event: 10.212 Executing VM operation: HandshakeAllThreads (Deoptimize) done
Event: 10.323 Executing VM operation: ParallelGCFailedAllocation (Allocation Failure)
Event: 10.327 Executing VM operation: ParallelGCFailedAllocation (Allocation Failure) done
Event: 10.530 Executing VM operation: HandshakeAllThreads (Deoptimize)
Event: 10.531 Executing VM operation: HandshakeAllThreads (Deoptimize) done
Event: 10.583 Executing VM operation: CollectForMetadataAllocation (Metadata GC Threshold)
Event: 10.616 Executing VM operation: CollectForMetadataAllocation (Metadata GC Threshold) done
Event: 10.819 Executing VM operation: ParallelGCFailedAllocation (Allocation Failure)
Event: 10.821 Executing VM operation: ParallelGCFailedAllocation (Allocation Failure) done
Event: 11.834 Executing VM operation: Cleanup
Event: 11.834 Executing VM operation: Cleanup done
Event: 11.903 Executing VM operation: HandshakeAllThreads (Deoptimize)
Event: 11.927 Executing VM operation: HandshakeAllThreads (Deoptimize) done
Event: 12.931 Executing VM operation: Cleanup

Memory protections (0 events):
No events

Nmethod flushes (0 events):
No events

Events (20 events):
Event: 0.084 Thread 0x000001d7d0045040 Thread added: 0x000001d7d022e830
Event: 0.102 Thread 0x000001d7f7002b00 Thread added: 0x000001d7d027ca30
Event: 0.338 Thread 0x000001d7f7002b00 Thread added: 0x000001d7d0373930
Event: 0.946 Thread 0x000001d7d022e830 Thread exited: 0x000001d7d022e830
Event: 1.397 Thread 0x000001d7f7002b00 Thread added: 0x000001d7d03e8f30
Event: 1.756 Thread 0x000001d7d0045040 Thread added: 0x000001d7d56b5730
Event: 1.777 Thread 0x000001d7f7002b00 Thread added: 0x000001d7d56b60a0
Event: 1.853 Thread 0x000001d7d56b60a0 Thread added: 0x000001d7d56adfc0
Event: 1.860 Thread 0x000001d7f7002b00 Thread added: 0x000001d7d575aea0
Event: 2.453 Thread 0x000001d7d575aea0 Thread added: 0x000001d7d5a84a90
Event: 3.965 Thread 0x000001d7d575aea0 Thread added: 0x000001d7d5c86c90
Event: 4.062 Thread 0x000001d7d0045040 Thread added: 0x000001d7d5d3d310
Event: 4.316 Thread 0x000001d7d575aea0 Thread added: 0x000001d7d5db8db0
Event: 4.799 Thread 0x000001d7d5d3d310 Thread exited: 0x000001d7d5d3d310
Event: 5.573 Thread 0x000001d7d56b5730 Thread exited: 0x000001d7d56b5730
Event: 9.003 Thread 0x000001d7d575aea0 Thread added: 0x000001d7d5db9ad0
Event: 9.033 Thread 0x000001d7d0045040 Thread added: 0x000001d7d5ddfed0
Event: 10.066 Thread 0x000001d7d575aea0 Thread added: 0x000001d7d5dba160
Event: 10.096 Thread 0x000001d7d575aea0 Thread added: 0x000001d7d5db8090
Event: 11.869 Thread 0x000001d7d5dba160 Thread added: 0x000001d7d5db7a00


Dynamic libraries:
0x00007ff681310000 - 0x00007ff68131e000 	c:\Users\Kavis\.vscode\extensions\redhat.java-1.51.0-win32-x64\jre\21.0.9-win32-x86_64\bin\java.exe
0x00007ff89f100000 - 0x00007ff89f367000 	C:\WINDOWS\SYSTEM32\ntdll.dll
0x00007ff89e710000 - 0x00007ff89e7d9000 	C:\WINDOWS\System32\KERNEL32.DLL
0x00007ff89c250000 - 0x00007ff89c63f000 	C:\WINDOWS\System32\KERNELBASE.dll
0x00007ff89cba0000 - 0x00007ff89cceb000 	C:\WINDOWS\System32\ucrtbase.dll
0x00007ff8826e0000 - 0x00007ff8826fe000 	c:\Users\Kavis\.vscode\extensions\redhat.java-1.51.0-win32-x64\jre\21.0.9-win32-x86_64\bin\VCRUNTIME140.dll
0x00007ff887640000 - 0x00007ff887658000 	c:\Users\Kavis\.vscode\extensions\redhat.java-1.51.0-win32-x64\jre\21.0.9-win32-x86_64\bin\jli.dll
0x00007ff89cf30000 - 0x00007ff89d0f5000 	C:\WINDOWS\System32\USER32.dll
0x00007ff89ccf0000 - 0x00007ff89cd17000 	C:\WINDOWS\System32\win32u.dll
0x00007ff87d5f0000 - 0x00007ff87d883000 	C:\WINDOWS\WinSxS\amd64_microsoft.windows.common-controls_6595b64144ccf1df_6.0.26100.7309_none_3e05feeae336a044\COMCTL32.dll
0x00007ff89efe0000 - 0x00007ff89f00b000 	C:\WINDOWS\System32\GDI32.dll
0x00007ff89eea0000 - 0x00007ff89ef49000 	C:\WINDOWS\System32\msvcrt.dll
0x00007ff89c6e0000 - 0x00007ff89c80c000 	C:\WINDOWS\System32\gdi32full.dll
0x00007ff89c810000 - 0x00007ff89c8b3000 	C:\WINDOWS\System32\msvcp_win.dll
0x00007ff89d590000 - 0x00007ff89d5c1000 	C:\WINDOWS\System32\IMM32.DLL
0x00007ff88b350000 - 0x00007ff88b35c000 	c:\Users\Kavis\.vscode\extensions\redhat.java-1.51.0-win32-x64\jre\21.0.9-win32-x86_64\bin\vcruntime140_1.dll
0x00007ff867010000 - 0x00007ff86709d000 	c:\Users\Kavis\.vscode\extensions\redhat.java-1.51.0-win32-x64\jre\21.0.9-win32-x86_64\bin\msvcp140.dll
0x00007ff825110000 - 0x00007ff825eb0000 	c:\Users\Kavis\.vscode\extensions\redhat.java-1.51.0-win32-x64\jre\21.0.9-win32-x86_64\bin\server\jvm.dll
0x00007ff89e5c0000 - 0x00007ff89e674000 	C:\WINDOWS\System32\ADVAPI32.dll
0x00007ff89f010000 - 0x00007ff89f0b6000 	C:\WINDOWS\System32\sechost.dll
0x00007ff89e860000 - 0x00007ff89e978000 	C:\WINDOWS\System32\RPCRT4.dll
0x00007ff89e7e0000 - 0x00007ff89e854000 	C:\WINDOWS\System32\WS2_32.dll
0x00007ff89c0b0000 - 0x00007ff89c10e000 	C:\WINDOWS\SYSTEM32\POWRPROF.dll
0x00007ff891800000 - 0x00007ff891835000 	C:\WINDOWS\SYSTEM32\WINMM.dll
0x00007ff8896f0000 - 0x00007ff8896fb000 	C:\WINDOWS\SYSTEM32\VERSION.dll
0x00007ff89c090000 - 0x00007ff89c0a4000 	C:\WINDOWS\SYSTEM32\UMPDC.dll
0x00007ff89b000000 - 0x00007ff89b01b000 	C:\WINDOWS\SYSTEM32\kernel.appcore.dll
0x00007ff887ef0000 - 0x00007ff887efa000 	c:\Users\Kavis\.vscode\extensions\redhat.java-1.51.0-win32-x64\jre\21.0.9-win32-x86_64\bin\jimage.dll
0x00007ff899910000 - 0x00007ff899b52000 	C:\WINDOWS\SYSTEM32\DBGHELP.DLL
0x00007ff89e980000 - 0x00007ff89ed06000 	C:\WINDOWS\System32\combase.dll
0x00007ff89e230000 - 0x00007ff89e306000 	C:\WINDOWS\System32\OLEAUT32.dll
0x00007ff878bb0000 - 0x00007ff878bec000 	C:\WINDOWS\SYSTEM32\dbgcore.DLL
0x00007ff89c8c0000 - 0x00007ff89c965000 	C:\WINDOWS\System32\bcryptPrimitives.dll
0x00007ff887bd0000 - 0x00007ff887bdf000 	c:\Users\Kavis\.vscode\extensions\redhat.java-1.51.0-win32-x64\jre\21.0.9-win32-x86_64\bin\instrument.dll
0x00007ff8821b0000 - 0x00007ff8821d0000 	c:\Users\Kavis\.vscode\extensions\redhat.java-1.51.0-win32-x64\jre\21.0.9-win32-x86_64\bin\java.dll
0x00007ff89d8a0000 - 0x00007ff89dff3000 	C:\WINDOWS\System32\SHELL32.dll
0x00007ff89c970000 - 0x00007ff89cada000 	C:\WINDOWS\System32\wintypes.dll
0x00007ff899e30000 - 0x00007ff89a68e000 	C:\WINDOWS\SYSTEM32\windows.storage.dll
0x00007ff89e4b0000 - 0x00007ff89e5a5000 	C:\WINDOWS\System32\SHCORE.dll
0x00007ff89e690000 - 0x00007ff89e6f6000 	C:\WINDOWS\System32\shlwapi.dll
0x00007ff89c170000 - 0x00007ff89c199000 	C:\WINDOWS\SYSTEM32\profapi.dll
0x00007ff877400000 - 0x00007ff877418000 	c:\Users\Kavis\.vscode\extensions\redhat.java-1.51.0-win32-x64\jre\21.0.9-win32-x86_64\bin\zip.dll
0x00007ff887630000 - 0x00007ff887640000 	C:\Users\Kavis\.vscode\extensions\redhat.java-1.51.0-win32-x64\jre\21.0.9-win32-x86_64\bin\net.dll
0x00007ff8918b0000 - 0x00007ff8919d8000 	C:\WINDOWS\SYSTEM32\WINHTTP.dll
0x00007ff89b570000 - 0x00007ff89b5db000 	C:\WINDOWS\system32\mswsock.dll
0x00007ff86e8a0000 - 0x00007ff86e8b6000 	C:\Users\Kavis\.vscode\extensions\redhat.java-1.51.0-win32-x64\jre\21.0.9-win32-x86_64\bin\nio.dll
0x00007ff8876a0000 - 0x00007ff8876b0000 	c:\Users\Kavis\.vscode\extensions\redhat.java-1.51.0-win32-x64\jre\21.0.9-win32-x86_64\bin\verify.dll
0x00007ff885ac0000 - 0x00007ff885b04000 	C:\Users\Kavis\AppData\Roaming\Code\User\globalStorage\redhat.java\1.51.0\config_win\org.eclipse.equinox.launcher\org.eclipse.equinox.launcher.win32.win32.x86_64_1.2.1400.v20250801-0854\eclipse_11916.dll
0x00007ff89e310000 - 0x00007ff89e4a7000 	C:\WINDOWS\System32\ole32.dll
0x00007ff89b830000 - 0x00007ff89b84b000 	C:\WINDOWS\SYSTEM32\CRYPTSP.dll
0x00007ff89af60000 - 0x00007ff89af9a000 	C:\WINDOWS\system32\rsaenh.dll
0x00007ff89b620000 - 0x00007ff89b64b000 	C:\WINDOWS\SYSTEM32\USERENV.dll
0x00007ff89c140000 - 0x00007ff89c16a000 	C:\WINDOWS\SYSTEM32\bcrypt.dll
0x00007ff89b850000 - 0x00007ff89b85c000 	C:\WINDOWS\SYSTEM32\CRYPTBASE.dll
0x00007ff89ab40000 - 0x00007ff89ab74000 	C:\WINDOWS\SYSTEM32\IPHLPAPI.DLL
0x00007ff89ee90000 - 0x00007ff89ee9a000 	C:\WINDOWS\System32\NSI.dll
0x00007ff866f80000 - 0x00007ff866fc9000 	C:\Users\Kavis\AppData\Local\Temp\jna-72270570\jna1894042149810035670.dll
0x00007ff89e5b0000 - 0x00007ff89e5b8000 	C:\WINDOWS\System32\PSAPI.DLL

JVMTI agents:
c:\Users\Kavis\.vscode\extensions\redhat.java-1.51.0-win32-x64\lombok\lombok-1.18.39-4050.jar path:c:\Users\Kavis\.vscode\extensions\redhat.java-1.51.0-win32-x64\jre\21.0.9-win32-x86_64\bin\instrument.dll, loaded, initialized, instrumentlib options:none

dbghelp: loaded successfully - version: 4.0.5 - missing functions: none
symbol engine: initialized successfully - sym options: 0x614 - pdb path: .;c:\Users\Kavis\.vscode\extensions\redhat.java-1.51.0-win32-x64\jre\21.0.9-win32-x86_64\bin;C:\WINDOWS\SYSTEM32;C:\WINDOWS\WinSxS\amd64_microsoft.windows.common-controls_6595b64144ccf1df_6.0.26100.7309_none_3e05feeae336a044;c:\Users\Kavis\.vscode\extensions\redhat.java-1.51.0-win32-x64\jre\21.0.9-win32-x86_64\bin\server;C:\Users\Kavis\AppData\Roaming\Code\User\globalStorage\redhat.java\1.51.0\config_win\org.eclipse.equinox.launcher\org.eclipse.equinox.launcher.win32.win32.x86_64_1.2.1400.v20250801-0854;C:\Users\Kavis\AppData\Local\Temp\jna-72270570

VM Arguments:
jvm_args: --add-modules=ALL-SYSTEM --add-opens=java.base/java.util=ALL-UNNAMED --add-opens=java.base/java.lang=ALL-UNNAMED --add-opens=java.base/sun.nio.fs=ALL-UNNAMED -Declipse.application=org.eclipse.jdt.ls.core.id1 -Dosgi.bundles.defaultStartLevel=4 -Declipse.product=org.eclipse.jdt.ls.core.product -Djava.import.generatesMetadataFilesAtProjectRoot=false -DDetectVMInstallationsJob.disabled=true -Dfile.encoding=utf8 -XX:+UseParallelGC -XX:GCTimeRatio=4 -XX:AdaptiveSizePolicyWeight=90 -Dsun.zip.disableMemoryMapping=true -Xmx2G -Xms100m -Xlog:disable -javaagent:c:\Users\Kavis\.vscode\extensions\redhat.java-1.51.0-win32-x64\lombok\lombok-1.18.39-4050.jar -XX:+HeapDumpOnOutOfMemoryError -XX:HeapDumpPath=c:\Users\Kavis\AppData\Roaming\Code\User\workspaceStorage\ad1adb9262e567f18e865202dfb941a7\redhat.java -Daether.dependencyCollector.impl=bf 
java_command: c:\Users\Kavis\.vscode\extensions\redhat.java-1.51.0-win32-x64\server\plugins\org.eclipse.equinox.launcher_1.7.100.v20251111-0406.jar -configuration c:\Users\Kavis\AppData\Roaming\Code\User\globalStorage\redhat.java\1.51.0\config_win -data c:\Users\Kavis\AppData\Roaming\Code\User\workspaceStorage\ad1adb9262e567f18e865202dfb941a7\redhat.java\jdt_ws --pipe=\\.\pipe\lsp-a6728d6484f3fa5791419cf73b0f0c62-sock
java_class_path (initial): c:\Users\Kavis\.vscode\extensions\redhat.java-1.51.0-win32-x64\server\plugins\org.eclipse.equinox.launcher_1.7.100.v20251111-0406.jar
Launcher Type: SUN_STANDARD

[Global flags]
    uintx AdaptiveSizePolicyWeight                 = 90                                        {product} {command line}
     intx CICompilerCount                          = 4                                         {product} {ergonomic}
    uintx GCTimeRatio                              = 4                                         {product} {command line}
     bool HeapDumpOnOutOfMemoryError               = true                                   {manageable} {command line}
    ccstr HeapDumpPath                             = c:\Users\Kavis\AppData\Roaming\Code\User\workspaceStorage\ad1adb9262e567f18e865202dfb941a7\redhat.java         {manageable} {command line}
   size_t InitialHeapSize                          = 104857600                                 {product} {command line}
   size_t MaxHeapSize                              = 2147483648                                {product} {command line}
   size_t MaxNewSize                               = 715653120                                 {product} {ergonomic}
   size_t MinHeapDeltaBytes                        = 524288                                    {product} {ergonomic}
   size_t MinHeapSize                              = 104857600                                 {product} {command line}
   size_t NewSize                                  = 34603008                                  {product} {ergonomic}
    uintx NonNMethodCodeHeapSize                   = 5839372                                {pd product} {ergonomic}
    uintx NonProfiledCodeHeapSize                  = 122909434                              {pd product} {ergonomic}
   size_t OldSize                                  = 70254592                                  {product} {ergonomic}
    uintx ProfiledCodeHeapSize                     = 122909434                              {pd product} {ergonomic}
    uintx ReservedCodeCacheSize                    = 251658240                              {pd product} {ergonomic}
     bool SegmentedCodeCache                       = true                                      {product} {ergonomic}
   size_t SoftMaxHeapSize                          = 2147483648                             {manageable} {ergonomic}
     bool UseCompressedOops                        = true                           {product lp64_product} {ergonomic}
     bool UseLargePagesIndividualAllocation        = false                                  {pd product} {ergonomic}
     bool UseParallelGC                            = true                                      {product} {command line}

Logging:
Log output configuration:
 #0: stdout all=off uptime,level,tags foldmultilines=false
 #1: stderr all=off uptime,level,tags foldmultilines=false

Release file:
JAVA_VERSION="21.0.9" 
MODULES="java.base java.compiler java.datatransfer java.xml java.prefs java.desktop java.instrument java.logging java.management java.security.sasl java.naming java.rmi java.management.rmi java.net.http java.scripting java.security.jgss java.transaction.xa java.sql java.sql.rowset java.xml.crypto java.se java.smartcardio jdk.accessibility jdk.internal.jvmstat jdk.attach jdk.charsets jdk.internal.opt jdk.zipfs jdk.compiler jdk.crypto.ec jdk.crypto.cryptoki jdk.crypto.mscapi jdk.dynalink jdk.internal.ed jdk.editpad jdk.hotspot.agent jdk.httpserver jdk.internal.le jdk.internal.vm.ci jdk.internal.vm.compiler jdk.internal.vm.compiler.management jdk.jartool jdk.javadoc jdk.jcmd jdk.management jdk.management.agent jdk.jconsole jdk.jdeps jdk.jdwp.agent jdk.jdi jdk.jfr jdk.jshell jdk.jsobject jdk.jstatd jdk.localedata jdk.management.jfr jdk.naming.dns jdk.naming.rmi jdk.net jdk.nio.mapmode jdk.random jdk.sctp jdk.security.auth jdk.security.jgss jdk.unsupported jdk.unsupported.desktop jdk.xml.dom" 

Environment Variables:
JAVA_HOME=C:\Program Files\Java\jdk-21
PATH=C:\Program Files\Common Files\Oracle\Java\javapath;C:\Python313\Scripts\;C:\Python313\;C:\Program Files\Eclipse Adoptium\jdk-17.0.15.6-hotspot\bin;C:\Program Files\Python312\Scripts\;C:\Program Files\Python312\;C:\WINDOWS\system32;C:\WINDOWS;C:\WINDOWS\System32\Wbem;C:\WINDOWS\System32\WindowsPowerShell\v1.0\;C:\WINDOWS\System32\OpenSSH\;C:\Program Files\dotnet\;C:\ProgramData\chocolatey\bin;C:\Program Files (x86)\NVIDIA Corporation\PhysX\Common;C:\Program Files\Microsoft\Web Platform Installer\;C:\Program Files (x86)\Microsoft ASP.NET\ASP.NET Web Pages\v1.0\;C:\Program Files\Microsoft SQL Server\110\Tools\Binn\;C:\Program Files\Microsoft SQL Server\120\Tools\Binn\;C:\Program Files\Microsoft SQL Server\130\Tools\Binn\;C:\Program Files\Git\cmd;C:\Program Files\Microsoft SQL Server\150\Tools\Binn\;C:\WINDOWS\system32;C:\WINDOWS;C:\WINDOWS\System32\Wbem;C:\WINDOWS\System32\WindowsPowerShell\v1.0\;C:\WINDOWS\System32\OpenSSH\;C:\Program Files\NVIDIA Corporation\NVIDIA App\NvDLISR;C:\Program Files\CMake\bin;C:\php;C:\Program Files\CodeBlocks\MinGW\bin;C:\NASM;C:\Program Files\Docker\Docker\resources\bin;C:\flutter\bin;C:\adb\platform-tools;C:\apache-cassandra-3.11.10\bin;C:\Program Files\MongoDB\Server\8.0\bin;C:\Python313\Scripts\;C:\Python313\;C:\Program Files\Python312\Scripts\;C:\Program Files\Python312\;C:\WINDOWS\system32;C:\WINDOWS;C:\WINDOWS\System32\Wbem;C:\WINDOWS\System32\WindowsPowerShell\v1.0\;C:\WINDOWS\System32\OpenSSH\;C:\Program Files\dotnet\;C:\ProgramData\chocolatey\bin;C:\Program Files (x86)\NVIDIA Corporation\PhysX\Common;C:\Program Files\Microsoft\Web Platform Installer\;C:\Program Files (x86)\Microsoft ASP.NET\ASP.NET Web Pages\v1.0\;C:\Program Files\Microsoft SQL Server\110\Tools\Binn\;C:\Program Files\Microsoft SQL Server\120\Tools\Binn\;C:\Program Files\Microsoft SQL Server\130\Tools\Binn\;C:\Program Files\Git\cmd;C:\Program Files\Microsoft SQL Server\150\Tools\Binn\;C:\WINDOWS\system32;C:\WINDOWS;C:\WINDOWS\System32\Wbem;C:\WINDOWS\System32\WindowsPowerShell\v1.0\;C:\WINDOWS\System32\OpenSSH\;C:\Program Files\NVIDIA Corporation\NVIDIA App\NvDLISR;C:\Program Files\CMake\bi;C:\Users\Kavis\AppData\Local\ipinfo;C:\Program Files\Java\jdk-21\bin;C:\Program Files\apache-maven-3.9.11\bin;C:\Users\Kavis\AppData\Local\Pub\Cache\bin;C:\Program Files\nvm;C:\Program Files\nodejs;C:\Program Files\nvm;C:\Program Files\Microsoft SQL Server\170\Tools\Binn\;C:\Program Files\Microsoft SQL Server\Client SDK\ODBC\170\Tools\Binn\;C:\Program Files\Eclipse Adoptium\jdk-21.0.8.9-hotspot\bin;C:\Python313\Scripts\;C:\Python313\;C:\Program Files\Eclipse Adoptium\jdk-17.0.15.6-hotspot\bin;C:\Program Files\Python312\Scripts\;C:\Program Files\Python312\;C:\WINDOWS\system32;C:\WINDOWS;C:\WINDOWS\System32\Wbem;C:\WINDOWS\System32\WindowsPowerShell\v1.0\;C:\WINDOWS\System32\OpenSSH\;C:\Program Files\dotnet\;C:\ProgramData\chocolatey\bin;C:\Program Files (x86)\NVIDIA Corporation\PhysX\Common;C:\Program Files\Microsoft\Web Platform Installer\;C:\Program Files (x86)\Microsoft ASP.NET\ASP.NET Web Pages\v1.0\;C:\Program Files\Microsoft SQL Server\110\Tools\Binn\;C:\Program Files\Microsoft SQL Server\120\Tools\Binn\;C:\Program Files\Microsoft SQL Server\130\Tools\Binn\;C:\Program Files\Git\cmd;C:\Program Files\Microsoft SQL Server\150\Tools\Binn\;C:\WINDOWS\system32;C:\WINDOWS;C:\WINDOWS\System32\Wbem;C:\WINDOWS\System32\WindowsPowerShell\v1.0\;C:\WINDOWS\System32\OpenSSH\;C:\Program Files\NVIDIA Corporation\NVIDIA App\NvDLISR;C:\Program Files\CMake\bi;C:\Users\Kavis\AppData\Local\GitHubDesktop\bin;C:\Program Files\nvm;C:\Program Files\nodejs;C:\Users\Kavis\.dotnet\tools
USERNAME=Kavis
OS=Windows_NT
PROCESSOR_IDENTIFIER=Intel64 Family 6 Model 154 Stepping 4, GenuineIntel
TMP=C:\Users\Kavis\AppData\Local\Temp
TEMP=C:\Users\Kavis\AppData\Local\Temp




Periodic native trim disabled

---------------  S Y S T E M  ---------------

OS:
 Windows 11 , 64 bit Build 26100 (10.0.26100.7623)
OS uptime: 0 days 8:10 hours
Hyper-V role detected

CPU: total 12 (initial active 12) (6 cores per cpu, 2 threads per core) family 6 model 154 stepping 4 microcode 0x423, cx8, cmov, fxsr, ht, mmx, 3dnowpref, sse, sse2, sse3, ssse3, sse4.1, sse4.2, popcnt, lzcnt, tsc, tscinvbit, avx, avx2, aes, erms, clmul, bmi1, bmi2, adx, sha, fma, vzeroupper, clflush, clflushopt, clwb, hv, serialize, rdtscp, rdpid, fsrm, f16c, cet_ibt, cet_ss
Processor Information for processor 0
  Max Mhz: 1300, Current Mhz: 1300, Mhz Limit: 1300
Processor Information for processor 1
  Max Mhz: 1300, Current Mhz: 1300, Mhz Limit: 1300
Processor Information for processor 2
  Max Mhz: 1300, Current Mhz: 1300, Mhz Limit: 1300
Processor Information for processor 3
  Max Mhz: 1300, Current Mhz: 1300, Mhz Limit: 1300
Processor Information for processor 4
  Max Mhz: 1300, Current Mhz: 900, Mhz Limit: 897
Processor Information for processor 5
  Max Mhz: 1300, Current Mhz: 900, Mhz Limit: 897
Processor Information for processor 6
  Max Mhz: 1300, Current Mhz: 900, Mhz Limit: 897
Processor Information for processor 7
  Max Mhz: 1300, Current Mhz: 900, Mhz Limit: 897
Processor Information for processor 8
  Max Mhz: 1300, Current Mhz: 900, Mhz Limit: 897
Processor Information for processor 9
  Max Mhz: 1300, Current Mhz: 900, Mhz Limit: 897
Processor Information for processor 10
  Max Mhz: 1300, Current Mhz: 900, Mhz Limit: 897
Processor Information for processor 11
  Max Mhz: 1300, Current Mhz: 900, Mhz Limit: 897

Memory: 4k page, system-wide physical 7896M (956M free)
TotalPageFile size 17896M (AvailPageFile size 12M)
current process WorkingSet (physical memory assigned to process): 154M, peak: 154M
current process commit charge ("private bytes"): 290M, peak: 290M

vm_info: OpenJDK 64-Bit Server VM (21.0.9+10-LTS) for windows-amd64 JRE (21.0.9+10-LTS), built on 2025-10-21T00:00:00Z by "admin" with unknown MS VC++:1942

END.
