#
# There is insufficient memory for the Java Runtime Environment to continue.
# Native memory allocation (malloc) failed to allocate 1048576 bytes. Error detail: AllocateHeap
# Possible reasons:
#   The system is out of physical RAM or swap space
#   This process is running with CompressedOops enabled, and the Java Heap may be blocking the growth of the native heap
# Possible solutions:
#   Reduce memory load on the system
#   Increase physical memory or swap space
#   Check if swap backing store is full
#   Decrease Java heap size (-Xmx/-Xms)
#   Decrease number of Java threads
#   Decrease Java thread stack sizes (-Xss)
#   Set larger code cache with -XX:ReservedCodeCacheSize=
#   JVM is running with Unscaled Compressed Oops mode in which the Java heap is
#     placed in the first 4GB address space. The Java Heap base address is the
#     maximum limit for the native heap growth. Please use -XX:HeapBaseMinAddress
#     to set the Java Heap base and to place the Java Heap above 4GB virtual address.
# This output file may be truncated or incomplete.
#
#  Out of Memory Error (allocation.cpp:44), pid=27360, tid=19676
#
# JRE version: OpenJDK Runtime Environment Temurin-21.0.9+10 (21.0.9+10) (build 21.0.9+10-LTS)
# Java VM: OpenJDK 64-Bit Server VM Temurin-21.0.9+10 (21.0.9+10-LTS, mixed mode, sharing, tiered, compressed oops, compressed class ptrs, parallel gc, windows-amd64)
# No core dump will be written. Minidumps are not enabled by default on client versions of Windows
#

---------------  S U M M A R Y ------------

Command Line: --add-modules=ALL-SYSTEM --add-opens=java.base/java.util=ALL-UNNAMED --add-opens=java.base/java.lang=ALL-UNNAMED --add-opens=java.base/sun.nio.fs=ALL-UNNAMED -Declipse.application=org.eclipse.jdt.ls.core.id1 -Dosgi.bundles.defaultStartLevel=4 -Declipse.product=org.eclipse.jdt.ls.core.product -Djava.import.generatesMetadataFilesAtProjectRoot=false -DDetectVMInstallationsJob.disabled=true -Dfile.encoding=utf8 -XX:+UseParallelGC -XX:GCTimeRatio=4 -XX:AdaptiveSizePolicyWeight=90 -Dsun.zip.disableMemoryMapping=true -Xmx2G -Xms100m -Xlog:disable -javaagent:c:\Users\Kavis\.vscode\extensions\redhat.java-1.52.0-win32-x64\lombok\lombok-1.18.39-4050.jar -XX:+HeapDumpOnOutOfMemoryError -XX:HeapDumpPath=c:\Users\Kavis\AppData\Roaming\Code\User\workspaceStorage\ad1adb9262e567f18e865202dfb941a7\redhat.java -Daether.dependencyCollector.impl=bf c:\Users\Kavis\.vscode\extensions\redhat.java-1.52.0-win32-x64\server\plugins\org.eclipse.equinox.launcher_1.7.100.v20251111-0406.jar -configuration c:\Users\Kavis\AppData\Roaming\Code\User\globalStorage\redhat.java\1.52.0\config_win -data c:\Users\Kavis\AppData\Roaming\Code\User\workspaceStorage\ad1adb9262e567f18e865202dfb941a7\redhat.java\jdt_ws --pipe=\\.\pipe\lsp-9dc8a8c2c1884ead8318ddade4400fe6-sock

Host: 12th Gen Intel(R) Core(TM) i5-1235U, 12 cores, 7G,  Windows 11 , 64 bit Build 26100 (10.0.26100.7623)
Time: Tue Feb 10 16:54:24 2026 Sri Lanka Standard Time elapsed time: 1035.831993 seconds (0d 0h 17m 15s)

---------------  T H R E A D  ---------------

Current thread (0x00000205fe0d2730):  JavaThread "Attach Listener" daemon [_thread_in_vm, id=19676, stack(0x00000026b0d00000,0x00000026b0e00000) (1024K)]

Stack: [0x00000026b0d00000,0x00000026b0e00000]
Native frames: (J=compiled Java code, j=interpreted, Vv=VM code, C=native code)
V  [jvm.dll+0x6d6e29]
V  [jvm.dll+0x8b4b76]
V  [jvm.dll+0x8b712e]
V  [jvm.dll+0x8b7813]
V  [jvm.dll+0x283d86]
V  [jvm.dll+0xc1277]
V  [jvm.dll+0x6d76d9]
V  [jvm.dll+0x133466]
V  [jvm.dll+0x3f7ea6]
V  [jvm.dll+0x85e9ad]
V  [jvm.dll+0x6d565d]
C  [ucrtbase.dll+0x37b0]
C  [KERNEL32.DLL+0x2e8d7]
C  [ntdll.dll+0x8c53c]


---------------  P R O C E S S  ---------------

Threads class SMR info:
_java_thread_list=0x00000205e10ae5a0, length=41, elements={
0x00000205fe025030, 0x00000205fe0cee30, 0x00000205fe0cf980, 0x00000205fe0d19b0,
0x00000205fe0d2730, 0x00000205fe0dc200, 0x00000205d87bacf0, 0x00000205fe0dde10,
0x00000205d87bc620, 0x00000205d89bb040, 0x00000205d8adf2c0, 0x00000205de04cfd0,
0x00000205d9f2a2f0, 0x00000205de0f2ef0, 0x00000205de02b930, 0x00000205de510fa0,
0x00000205d9e2af50, 0x00000205de5e1dd0, 0x00000205de5e2460, 0x00000205de5e4530,
0x00000205de5e3810, 0x00000205de5e2af0, 0x00000205de5e4bc0, 0x00000205e0bada50,
0x00000205e0bad3c0, 0x00000205e0bac010, 0x00000205e0bac6a0, 0x00000205e0bb01b0,
0x00000205e0bae770, 0x00000205e0bacd30, 0x00000205e0bb0ed0, 0x00000205e0bb1560,
0x00000205e0bb0840, 0x00000205e0bae0e0, 0x00000205e0bafb20, 0x00000205e0bb1bf0,
0x00000205e0bb2280, 0x00000205e0baee00, 0x00000205e1a7d1c0, 0x00000205e1a7aa60,
0x00000205e1a7be10
}

Java Threads: ( => current thread )
  0x00000205fe025030 JavaThread "main"                              [_thread_blocked, id=27840, stack(0x00000026b0600000,0x00000026b0700000) (1024K)]
  0x00000205fe0cee30 JavaThread "Reference Handler"          daemon [_thread_blocked, id=27600, stack(0x00000026b0a00000,0x00000026b0b00000) (1024K)]
  0x00000205fe0cf980 JavaThread "Finalizer"                  daemon [_thread_blocked, id=17152, stack(0x00000026b0b00000,0x00000026b0c00000) (1024K)]
  0x00000205fe0d19b0 JavaThread "Signal Dispatcher"          daemon [_thread_blocked, id=28412, stack(0x00000026b0c00000,0x00000026b0d00000) (1024K)]
=>0x00000205fe0d2730 JavaThread "Attach Listener"            daemon [_thread_in_vm, id=19676, stack(0x00000026b0d00000,0x00000026b0e00000) (1024K)]
  0x00000205fe0dc200 JavaThread "Service Thread"             daemon [_thread_blocked, id=28228, stack(0x00000026b0e00000,0x00000026b0f00000) (1024K)]
  0x00000205d87bacf0 JavaThread "Monitor Deflation Thread"   daemon [_thread_blocked, id=9312, stack(0x00000026b0f00000,0x00000026b1000000) (1024K)]
  0x00000205fe0dde10 JavaThread "C2 CompilerThread0"         daemon [_thread_blocked, id=24608, stack(0x00000026b1000000,0x00000026b1100000) (1024K)]
  0x00000205d87bc620 JavaThread "C1 CompilerThread0"         daemon [_thread_blocked, id=30284, stack(0x00000026b1100000,0x00000026b1200000) (1024K)]
  0x00000205d89bb040 JavaThread "Common-Cleaner"             daemon [_thread_blocked, id=15468, stack(0x00000026b1200000,0x00000026b1300000) (1024K)]
  0x00000205d8adf2c0 JavaThread "Notification Thread"        daemon [_thread_blocked, id=20860, stack(0x00000026b1400000,0x00000026b1500000) (1024K)]
  0x00000205de04cfd0 JavaThread "Active Thread: Equinox Container: 7560a815-4c84-4a01-b081-4effcbc19dc0"        [_thread_blocked, id=28312, stack(0x00000026b1b00000,0x00000026b1c00000) (1024K)]
  0x00000205d9f2a2f0 JavaThread "Refresh Thread: Equinox Container: 7560a815-4c84-4a01-b081-4effcbc19dc0" daemon [_thread_blocked, id=29084, stack(0x00000026b1d00000,0x00000026b1e00000) (1024K)]
  0x00000205de0f2ef0 JavaThread "Framework Event Dispatcher: Equinox Container: 7560a815-4c84-4a01-b081-4effcbc19dc0" daemon [_thread_blocked, id=30636, stack(0x00000026b1e00000,0x00000026b1f00000) (1024K)]
  0x00000205de02b930 JavaThread "Start Level: Equinox Container: 7560a815-4c84-4a01-b081-4effcbc19dc0" daemon [_thread_blocked, id=17800, stack(0x00000026b1f00000,0x00000026b2000000) (1024K)]
  0x00000205de510fa0 JavaThread "Bundle File Closer"         daemon [_thread_blocked, id=27804, stack(0x00000026b2200000,0x00000026b2300000) (1024K)]
  0x00000205d9e2af50 JavaThread "SCR Component Actor"        daemon [_thread_blocked, id=14348, stack(0x00000026b2300000,0x00000026b2400000) (1024K)]
  0x00000205de5e1dd0 JavaThread "Worker-JM"                         [_thread_blocked, id=10232, stack(0x00000026b2400000,0x00000026b2500000) (1024K)]
  0x00000205de5e2460 JavaThread "JNA Cleaner"                daemon [_thread_blocked, id=24180, stack(0x00000026b2500000,0x00000026b2600000) (1024K)]
  0x00000205de5e4530 JavaThread "Worker-0"                          [_thread_blocked, id=25220, stack(0x00000026b2600000,0x00000026b2700000) (1024K)]
  0x00000205de5e3810 JavaThread "Worker-1"                          [_thread_blocked, id=12292, stack(0x00000026b2700000,0x00000026b2800000) (1024K)]
  0x00000205de5e2af0 JavaThread "Java indexing"              daemon [_thread_blocked, id=20200, stack(0x00000026b2800000,0x00000026b2900000) (1024K)]
  0x00000205de5e4bc0 JavaThread "Thread-1"                   daemon [_thread_in_native, id=1248, stack(0x00000026b2d00000,0x00000026b2e00000) (1024K)]
  0x00000205e0bada50 JavaThread "Thread-2"                   daemon [_thread_in_native, id=15180, stack(0x00000026b2e00000,0x00000026b2f00000) (1024K)]
  0x00000205e0bad3c0 JavaThread "Thread-3"                   daemon [_thread_in_native, id=22744, stack(0x00000026b2f00000,0x00000026b3000000) (1024K)]
  0x00000205e0bac010 JavaThread "Thread-4"                   daemon [_thread_in_native, id=27900, stack(0x00000026b3000000,0x00000026b3100000) (1024K)]
  0x00000205e0bac6a0 JavaThread "Thread-5"                   daemon [_thread_in_native, id=28536, stack(0x00000026b3100000,0x00000026b3200000) (1024K)]
  0x00000205e0bb01b0 JavaThread "Thread-6"                   daemon [_thread_in_native, id=19044, stack(0x00000026b3200000,0x00000026b3300000) (1024K)]
  0x00000205e0bae770 JavaThread "Thread-7"                   daemon [_thread_in_native, id=10924, stack(0x00000026b3300000,0x00000026b3400000) (1024K)]
  0x00000205e0bacd30 JavaThread "Thread-8"                   daemon [_thread_in_native, id=9144, stack(0x00000026b3400000,0x00000026b3500000) (1024K)]
  0x00000205e0bb0ed0 JavaThread "Thread-9"                   daemon [_thread_in_native, id=28940, stack(0x00000026b3500000,0x00000026b3600000) (1024K)]
  0x00000205e0bb1560 JavaThread "Thread-10"                  daemon [_thread_in_native, id=18496, stack(0x00000026b3600000,0x00000026b3700000) (1024K)]
  0x00000205e0bb0840 JavaThread "Thread-11"                  daemon [_thread_in_native, id=24916, stack(0x00000026b3700000,0x00000026b3800000) (1024K)]
  0x00000205e0bae0e0 JavaThread "Thread-12"                  daemon [_thread_in_native, id=29044, stack(0x00000026b3800000,0x00000026b3900000) (1024K)]
  0x00000205e0bafb20 JavaThread "Thread-13"                  daemon [_thread_in_native, id=30580, stack(0x00000026b3900000,0x00000026b3a00000) (1024K)]
  0x00000205e0bb1bf0 JavaThread "pool-2-thread-1"                   [_thread_blocked, id=3200, stack(0x00000026b3a00000,0x00000026b3b00000) (1024K)]
  0x00000205e0bb2280 JavaThread "WorkspaceEventsHandler"            [_thread_blocked, id=30328, stack(0x00000026b3b00000,0x00000026b3c00000) (1024K)]
  0x00000205e0baee00 JavaThread "pool-1-thread-1"                   [_thread_blocked, id=29648, stack(0x00000026b3c00000,0x00000026b3d00000) (1024K)]
  0x00000205e1a7d1c0 JavaThread "ForkJoinPool.commonPool-worker-12" daemon [_thread_blocked, id=15080, stack(0x00000026b0300000,0x00000026b0400000) (1024K)]
  0x00000205e1a7aa60 JavaThread "ForkJoinPool.commonPool-worker-13" daemon [_thread_blocked, id=28184, stack(0x00000026b0400000,0x00000026b0500000) (1024K)]
  0x00000205e1a7be10 JavaThread "ForkJoinPool.commonPool-worker-14" daemon [_thread_blocked, id=6468, stack(0x00000026b0500000,0x00000026b0600000) (1024K)]
Total: 41

Other Threads:
  0x0000020596324960 VMThread "VM Thread"                           [id=13100, stack(0x00000026b0900000,0x00000026b0a00000) (1024K)]
  0x000002059621ca00 WatcherThread "VM Periodic Task Thread"        [id=5376, stack(0x00000026b0800000,0x00000026b0900000) (1024K)]
  0x00000205fe0428f0 WorkerThread "GC Thread#0"                     [id=16108, stack(0x00000026b0700000,0x00000026b0800000) (1024K)]
  0x00000205de17ded0 WorkerThread "GC Thread#1"                     [id=20684, stack(0x00000026b1500000,0x00000026b1600000) (1024K)]
  0x00000205de17e270 WorkerThread "GC Thread#2"                     [id=26780, stack(0x00000026b1600000,0x00000026b1700000) (1024K)]
  0x00000205de17ccb0 WorkerThread "GC Thread#3"                     [id=29012, stack(0x00000026b1700000,0x00000026b1800000) (1024K)]
  0x00000205de17db30 WorkerThread "GC Thread#4"                     [id=29356, stack(0x00000026b1800000,0x00000026b1900000) (1024K)]
  0x00000205de17e610 WorkerThread "GC Thread#5"                     [id=19084, stack(0x00000026b1900000,0x00000026b1a00000) (1024K)]
  0x00000205de17d050 WorkerThread "GC Thread#6"                     [id=30668, stack(0x00000026b1a00000,0x00000026b1b00000) (1024K)]
  0x00000205de17d790 WorkerThread "GC Thread#7"                     [id=5332, stack(0x00000026b1c00000,0x00000026b1d00000) (1024K)]
  0x00000205d9e3ea20 WorkerThread "GC Thread#8"                     [id=24344, stack(0x00000026b2000000,0x00000026b2100000) (1024K)]
  0x00000205d9e3f160 WorkerThread "GC Thread#9"                     [id=21412, stack(0x00000026b2100000,0x00000026b2200000) (1024K)]
Total: 12

Threads with active compile tasks:
Total: 0

VM state: not at safepoint (normal execution)

VM Mutex/Monitor currently owned by a thread: None

Heap address: 0x0000000080000000, size: 2048 MB, Compressed Oops mode: 32-bit

CDS archive(s) mapped at: [0x0000020597000000-0x0000020597ba0000-0x0000020597ba0000), size 12189696, SharedBaseAddress: 0x0000020597000000, ArchiveRelocationMode: 1.
Compressed class space mapped at: 0x0000020598000000-0x00000205d8000000, reserved size: 1073741824
Narrow klass base: 0x0000020597000000, Narrow klass shift: 0, Narrow klass range: 0x100000000

GC Precious Log:
 CardTable entry size: 512
 CPUs: 12 total, 12 available
 Memory: 7896M
 Large Page Support: Disabled
 NUMA Support: Disabled
 Compressed Oops: Enabled (32-bit)
 Alignments: Space 512K, Generation 512K, Heap 2M
 Heap Min Capacity: 100M
 Heap Initial Capacity: 100M
 Heap Max Capacity: 2G
 Pre-touch: Disabled
 Parallel Workers: 10

Heap:
 PSYoungGen      total 15360K, used 3677K [0x00000000d5580000, 0x00000000d6680000, 0x0000000100000000)
  eden space 13312K, 27% used [0x00000000d5580000,0x00000000d5917560,0x00000000d6280000)
  from space 2048K, 0% used [0x00000000d6280000,0x00000000d6280000,0x00000000d6480000)
  to   space 1536K, 0% used [0x00000000d6500000,0x00000000d6500000,0x00000000d6680000)
 ParOldGen       total 74752K, used 62490K [0x0000000080000000, 0x0000000084900000, 0x00000000d5580000)
  object space 74752K, 83% used [0x0000000080000000,0x0000000083d06858,0x0000000084900000)
 Metaspace       used 58845K, committed 60288K, reserved 1114112K
  class space    used 6321K, committed 6976K, reserved 1048576K

Card table byte_map: [0x00000205fd9c0000,0x00000205fddd0000] _byte_map_base: 0x00000205fd5c0000

Marking Bits: (ParMarkBitMap*) 0x00007ffbc5812460
 Begin Bits: [0x0000020592140000, 0x0000020594140000)
 End Bits:   [0x0000020594140000, 0x0000020596140000)

Polling page: 0x00000205fbde0000

Metaspace:

Usage:
  Non-class:     51.29 MB used.
      Class:      6.17 MB used.
       Both:     57.47 MB used.

Virtual space:
  Non-class space:       64.00 MB reserved,      52.06 MB ( 81%) committed,  1 nodes.
      Class space:        1.00 GB reserved,       6.81 MB ( <1%) committed,  1 nodes.
             Both:        1.06 GB reserved,      58.88 MB (  5%) committed. 

Chunk freelists:
   Non-Class:  11.31 MB
       Class:  9.05 MB
        Both:  20.36 MB

MaxMetaspaceSize: unlimited
CompressedClassSpaceSize: 1.00 GB
Initial GC threshold: 21.00 MB
Current GC threshold: 97.31 MB
CDS: on
 - commit_granule_bytes: 65536.
 - commit_granule_words: 8192.
 - virtual_space_node_default_size: 8388608.
 - enlarge_chunks_in_place: 1.
 - use_allocation_guard: 0.


Internal statistics:

num_allocs_failed_limit: 9.
num_arena_births: 1130.
num_arena_deaths: 22.
num_vsnodes_births: 2.
num_vsnodes_deaths: 0.
num_space_committed: 942.
num_space_uncommitted: 0.
num_chunks_returned_to_freelist: 35.
num_chunks_taken_from_freelist: 3877.
num_chunk_merges: 19.
num_chunk_splits: 2405.
num_chunks_enlarged: 1332.
num_inconsistent_stats: 0.

CodeHeap 'non-profiled nmethods': size=120000Kb used=5790Kb max_used=5803Kb free=114209Kb
 bounds [0x000002058ac10000, 0x000002058b1c0000, 0x0000020592140000]
CodeHeap 'profiled nmethods': size=120000Kb used=20520Kb max_used=21001Kb free=99479Kb
 bounds [0x0000020583140000, 0x00000205845d0000, 0x000002058a670000]
CodeHeap 'non-nmethods': size=5760Kb used=1409Kb max_used=1459Kb free=4350Kb
 bounds [0x000002058a670000, 0x000002058a8e0000, 0x000002058ac10000]
CodeCache: size=245760Kb, used=27719Kb, max_used=28263Kb, free=218038Kb
 total_blobs=10180, nmethods=9461, adapters=625, full_count=0
Compilation: enabled, stopped_count=0, restarted_count=0

Compilation events (20 events):
Event: 989.741 Thread 0x00000205d87bc620 10220       3       org.eclipse.jdt.internal.compiler.impl.IrritantSet::isSet (23 bytes)
Event: 989.741 Thread 0x00000205d87bc620 nmethod 10220 0x000002058356f090 code [0x000002058356f240, 0x000002058356f3e8]
Event: 989.741 Thread 0x00000205d87bc620 10219       1       org.eclipse.jdt.internal.core.CompilationUnit::getElementType (2 bytes)
Event: 989.742 Thread 0x00000205d87bc620 nmethod 10219 0x000002058adf1a10 code [0x000002058adf1ba0, 0x000002058adf1c68]
Event: 989.743 Thread 0x00000205d87bc620 10222   !   3       org.eclipse.jdt.internal.compiler.parser.Scanner::getNextToken0 (3068 bytes)
Event: 989.751 Thread 0x00000205fe0dde10 10225       4       java.lang.reflect.Field::copy (80 bytes)
Event: 989.752 Thread 0x00000205df882530 10226       4       java.lang.reflect.Field::<init> (50 bytes)
Event: 989.753 Thread 0x00000205df882530 nmethod 10226 0x000002058adf1690 code [0x000002058adf1820, 0x000002058adf1900]
Event: 989.755 Thread 0x00000205fe0dde10 nmethod 10225 0x000002058ad94790 code [0x000002058ad94920, 0x000002058ad94ac0]
Event: 989.760 Thread 0x00000205d87bc620 nmethod 10222 0x00000205845c2710 code [0x00000205845c33e0, 0x00000205845caf18]
Event: 989.762 Thread 0x00000205d87bc620 10228       3       jdk.internal.ref.PhantomCleanable::clear (12 bytes)
Event: 989.763 Thread 0x00000205d87bc620 nmethod 10228 0x000002058377ff90 code [0x0000020583780160, 0x0000020583780370]
Event: 989.763 Thread 0x00000205d87bc620 10227   !   3       lombok.eclipse.EclipseNode::$SWITCH_TABLE$lombok$core$AST$Kind (157 bytes)
Event: 989.764 Thread 0x00000205d87bc620 nmethod 10227 0x000002058327ae90 code [0x000002058327b0a0, 0x000002058327b740]
Event: 989.764 Thread 0x00000205d87bc620 10221       3       org.eclipse.jdt.internal.compiler.parser.Scanner::getNextToken (176 bytes)
Event: 989.766 Thread 0x00000205d87bc620 nmethod 10221 0x00000205833b6610 code [0x00000205833b68a0, 0x00000205833b7650]
Event: 989.766 Thread 0x00000205d87bc620 10223       3       org.eclipse.jdt.internal.compiler.parser.Scanner::addTokenToLookBack (137 bytes)
Event: 989.767 Thread 0x00000205d87bc620 nmethod 10223 0x00000205832eab90 code [0x00000205832eada0, 0x00000205832eb650]
Event: 989.767 Thread 0x00000205d87bc620 10224       1       lombok.eclipse.EclipseNode::getAst (5 bytes)
Event: 989.768 Thread 0x00000205d87bc620 nmethod 10224 0x000002058ad94490 code [0x000002058ad94620, 0x000002058ad946e8]

GC Heap History (20 events):
Event: 986.717 GC heap before
{Heap before GC invocations=73 (full 2):
 PSYoungGen      total 14848K, used 14752K [0x00000000d5580000, 0x00000000d6580000, 0x0000000100000000)
  eden space 14336K, 100% used [0x00000000d5580000,0x00000000d6380000,0x00000000d6380000)
  from space 512K, 81% used [0x00000000d6500000,0x00000000d6568000,0x00000000d6580000)
  to   space 512K, 0% used [0x00000000d6480000,0x00000000d6480000,0x00000000d6500000)
 ParOldGen       total 69632K, used 69392K [0x0000000080000000, 0x0000000084400000, 0x00000000d5580000)
  object space 69632K, 99% used [0x0000000080000000,0x00000000843c4340,0x0000000084400000)
 Metaspace       used 57082K, committed 58496K, reserved 1114112K
  class space    used 6165K, committed 6784K, reserved 1048576K
}
Event: 986.719 GC heap after
{Heap after GC invocations=73 (full 2):
 PSYoungGen      total 14848K, used 480K [0x00000000d5580000, 0x00000000d6580000, 0x0000000100000000)
  eden space 14336K, 0% used [0x00000000d5580000,0x00000000d5580000,0x00000000d6380000)
  from space 512K, 93% used [0x00000000d6480000,0x00000000d64f8000,0x00000000d6500000)
  to   space 512K, 0% used [0x00000000d6500000,0x00000000d6500000,0x00000000d6580000)
 ParOldGen       total 70144K, used 69728K [0x0000000080000000, 0x0000000084480000, 0x00000000d5580000)
  object space 70144K, 99% used [0x0000000080000000,0x0000000084418340,0x0000000084480000)
 Metaspace       used 57082K, committed 58496K, reserved 1114112K
  class space    used 6165K, committed 6784K, reserved 1048576K
}
Event: 986.784 GC heap before
{Heap before GC invocations=74 (full 2):
 PSYoungGen      total 14848K, used 14816K [0x00000000d5580000, 0x00000000d6580000, 0x0000000100000000)
  eden space 14336K, 100% used [0x00000000d5580000,0x00000000d6380000,0x00000000d6380000)
  from space 512K, 93% used [0x00000000d6480000,0x00000000d64f8000,0x00000000d6500000)
  to   space 512K, 0% used [0x00000000d6500000,0x00000000d6500000,0x00000000d6580000)
 ParOldGen       total 70144K, used 69728K [0x0000000080000000, 0x0000000084480000, 0x00000000d5580000)
  object space 70144K, 99% used [0x0000000080000000,0x0000000084418340,0x0000000084480000)
 Metaspace       used 57098K, committed 58560K, reserved 1114112K
  class space    used 6165K, committed 6784K, reserved 1048576K
}
Event: 986.786 GC heap after
{Heap after GC invocations=74 (full 2):
 PSYoungGen      total 14848K, used 480K [0x00000000d5580000, 0x00000000d6580000, 0x0000000100000000)
  eden space 14336K, 0% used [0x00000000d5580000,0x00000000d5580000,0x00000000d6380000)
  from space 512K, 93% used [0x00000000d6500000,0x00000000d6578000,0x00000000d6580000)
  to   space 512K, 0% used [0x00000000d6480000,0x00000000d6480000,0x00000000d6500000)
 ParOldGen       total 70144K, used 70056K [0x0000000080000000, 0x0000000084480000, 0x00000000d5580000)
  object space 70144K, 99% used [0x0000000080000000,0x000000008446a340,0x0000000084480000)
 Metaspace       used 57098K, committed 58560K, reserved 1114112K
  class space    used 6165K, committed 6784K, reserved 1048576K
}
Event: 986.837 GC heap before
{Heap before GC invocations=75 (full 2):
 PSYoungGen      total 14848K, used 14816K [0x00000000d5580000, 0x00000000d6580000, 0x0000000100000000)
  eden space 14336K, 100% used [0x00000000d5580000,0x00000000d6380000,0x00000000d6380000)
  from space 512K, 93% used [0x00000000d6500000,0x00000000d6578000,0x00000000d6580000)
  to   space 512K, 0% used [0x00000000d6480000,0x00000000d6480000,0x00000000d6500000)
 ParOldGen       total 70144K, used 70056K [0x0000000080000000, 0x0000000084480000, 0x00000000d5580000)
  object space 70144K, 99% used [0x0000000080000000,0x000000008446a340,0x0000000084480000)
 Metaspace       used 57105K, committed 58560K, reserved 1114112K
  class space    used 6165K, committed 6784K, reserved 1048576K
}
Event: 986.841 GC heap after
{Heap after GC invocations=75 (full 2):
 PSYoungGen      total 14848K, used 480K [0x00000000d5580000, 0x00000000d6580000, 0x0000000100000000)
  eden space 14336K, 0% used [0x00000000d5580000,0x00000000d5580000,0x00000000d6380000)
  from space 512K, 93% used [0x00000000d6480000,0x00000000d64f8000,0x00000000d6500000)
  to   space 512K, 0% used [0x00000000d6500000,0x00000000d6500000,0x00000000d6580000)
 ParOldGen       total 70656K, used 70368K [0x0000000080000000, 0x0000000084500000, 0x00000000d5580000)
  object space 70656K, 99% used [0x0000000080000000,0x00000000844b8340,0x0000000084500000)
 Metaspace       used 57105K, committed 58560K, reserved 1114112K
  class space    used 6165K, committed 6784K, reserved 1048576K
}
Event: 986.901 GC heap before
{Heap before GC invocations=76 (full 2):
 PSYoungGen      total 14848K, used 14816K [0x00000000d5580000, 0x00000000d6580000, 0x0000000100000000)
  eden space 14336K, 100% used [0x00000000d5580000,0x00000000d6380000,0x00000000d6380000)
  from space 512K, 93% used [0x00000000d6480000,0x00000000d64f8000,0x00000000d6500000)
  to   space 512K, 0% used [0x00000000d6500000,0x00000000d6500000,0x00000000d6580000)
 ParOldGen       total 70656K, used 70368K [0x0000000080000000, 0x0000000084500000, 0x00000000d5580000)
  object space 70656K, 99% used [0x0000000080000000,0x00000000844b8340,0x0000000084500000)
 Metaspace       used 57112K, committed 58560K, reserved 1114112K
  class space    used 6165K, committed 6784K, reserved 1048576K
}
Event: 986.905 GC heap after
{Heap after GC invocations=76 (full 2):
 PSYoungGen      total 14848K, used 512K [0x00000000d5580000, 0x00000000d6580000, 0x0000000100000000)
  eden space 14336K, 0% used [0x00000000d5580000,0x00000000d5580000,0x00000000d6380000)
  from space 512K, 100% used [0x00000000d6500000,0x00000000d6580000,0x00000000d6580000)
  to   space 1024K, 0% used [0x00000000d6380000,0x00000000d6380000,0x00000000d6480000)
 ParOldGen       total 71168K, used 70688K [0x0000000080000000, 0x0000000084580000, 0x00000000d5580000)
  object space 71168K, 99% used [0x0000000080000000,0x0000000084508340,0x0000000084580000)
 Metaspace       used 57112K, committed 58560K, reserved 1114112K
  class space    used 6165K, committed 6784K, reserved 1048576K
}
Event: 986.985 GC heap before
{Heap before GC invocations=77 (full 2):
 PSYoungGen      total 14848K, used 14848K [0x00000000d5580000, 0x00000000d6580000, 0x0000000100000000)
  eden space 14336K, 100% used [0x00000000d5580000,0x00000000d6380000,0x00000000d6380000)
  from space 512K, 100% used [0x00000000d6500000,0x00000000d6580000,0x00000000d6580000)
  to   space 1024K, 0% used [0x00000000d6380000,0x00000000d6380000,0x00000000d6480000)
 ParOldGen       total 71168K, used 70688K [0x0000000080000000, 0x0000000084580000, 0x00000000d5580000)
  object space 71168K, 99% used [0x0000000080000000,0x0000000084508340,0x0000000084580000)
 Metaspace       used 57119K, committed 58560K, reserved 1114112K
  class space    used 6165K, committed 6784K, reserved 1048576K
}
Event: 986.988 GC heap after
{Heap after GC invocations=77 (full 2):
 PSYoungGen      total 15360K, used 480K [0x00000000d5580000, 0x00000000d6580000, 0x0000000100000000)
  eden space 14336K, 0% used [0x00000000d5580000,0x00000000d5580000,0x00000000d6380000)
  from space 1024K, 46% used [0x00000000d6380000,0x00000000d63f8000,0x00000000d6480000)
  to   space 1024K, 0% used [0x00000000d6480000,0x00000000d6480000,0x00000000d6580000)
 ParOldGen       total 71168K, used 71144K [0x0000000080000000, 0x0000000084580000, 0x00000000d5580000)
  object space 71168K, 99% used [0x0000000080000000,0x000000008457a340,0x0000000084580000)
 Metaspace       used 57119K, committed 58560K, reserved 1114112K
  class space    used 6165K, committed 6784K, reserved 1048576K
}
Event: 987.047 GC heap before
{Heap before GC invocations=78 (full 2):
 PSYoungGen      total 15360K, used 14816K [0x00000000d5580000, 0x00000000d6580000, 0x0000000100000000)
  eden space 14336K, 100% used [0x00000000d5580000,0x00000000d6380000,0x00000000d6380000)
  from space 1024K, 46% used [0x00000000d6380000,0x00000000d63f8000,0x00000000d6480000)
  to   space 1024K, 0% used [0x00000000d6480000,0x00000000d6480000,0x00000000d6580000)
 ParOldGen       total 71168K, used 71144K [0x0000000080000000, 0x0000000084580000, 0x00000000d5580000)
  object space 71168K, 99% used [0x0000000080000000,0x000000008457a340,0x0000000084580000)
 Metaspace       used 57119K, committed 58560K, reserved 1114112K
  class space    used 6165K, committed 6784K, reserved 1048576K
}
Event: 987.053 GC heap after
{Heap after GC invocations=78 (full 2):
 PSYoungGen      total 14848K, used 480K [0x00000000d5580000, 0x00000000d6500000, 0x0000000100000000)
  eden space 14336K, 0% used [0x00000000d5580000,0x00000000d5580000,0x00000000d6380000)
  from space 512K, 93% used [0x00000000d6480000,0x00000000d64f8000,0x00000000d6500000)
  to   space 512K, 0% used [0x00000000d6400000,0x00000000d6400000,0x00000000d6480000)
 ParOldGen       total 72704K, used 72264K [0x0000000080000000, 0x0000000084700000, 0x00000000d5580000)
  object space 72704K, 99% used [0x0000000080000000,0x0000000084692340,0x0000000084700000)
 Metaspace       used 57119K, committed 58560K, reserved 1114112K
  class space    used 6165K, committed 6784K, reserved 1048576K
}
Event: 987.162 GC heap before
{Heap before GC invocations=79 (full 2):
 PSYoungGen      total 14848K, used 14816K [0x00000000d5580000, 0x00000000d6500000, 0x0000000100000000)
  eden space 14336K, 100% used [0x00000000d5580000,0x00000000d6380000,0x00000000d6380000)
  from space 512K, 93% used [0x00000000d6480000,0x00000000d64f8000,0x00000000d6500000)
  to   space 512K, 0% used [0x00000000d6400000,0x00000000d6400000,0x00000000d6480000)
 ParOldGen       total 72704K, used 72264K [0x0000000080000000, 0x0000000084700000, 0x00000000d5580000)
  object space 72704K, 99% used [0x0000000080000000,0x0000000084692340,0x0000000084700000)
 Metaspace       used 57173K, committed 58624K, reserved 1114112K
  class space    used 6168K, committed 6784K, reserved 1048576K
}
Event: 987.165 GC heap after
{Heap after GC invocations=79 (full 2):
 PSYoungGen      total 14848K, used 480K [0x00000000d5580000, 0x00000000d6500000, 0x0000000100000000)
  eden space 14336K, 0% used [0x00000000d5580000,0x00000000d5580000,0x00000000d6380000)
  from space 512K, 93% used [0x00000000d6400000,0x00000000d6478000,0x00000000d6480000)
  to   space 512K, 0% used [0x00000000d6480000,0x00000000d6480000,0x00000000d6500000)
 ParOldGen       total 72704K, used 72608K [0x0000000080000000, 0x0000000084700000, 0x00000000d5580000)
  object space 72704K, 99% used [0x0000000080000000,0x00000000846e8340,0x0000000084700000)
 Metaspace       used 57173K, committed 58624K, reserved 1114112K
  class space    used 6168K, committed 6784K, reserved 1048576K
}
Event: 987.356 GC heap before
{Heap before GC invocations=80 (full 2):
 PSYoungGen      total 14848K, used 14816K [0x00000000d5580000, 0x00000000d6500000, 0x0000000100000000)
  eden space 14336K, 100% used [0x00000000d5580000,0x00000000d6380000,0x00000000d6380000)
  from space 512K, 93% used [0x00000000d6400000,0x00000000d6478000,0x00000000d6480000)
  to   space 512K, 0% used [0x00000000d6480000,0x00000000d6480000,0x00000000d6500000)
 ParOldGen       total 72704K, used 72608K [0x0000000080000000, 0x0000000084700000, 0x00000000d5580000)
  object space 72704K, 99% used [0x0000000080000000,0x00000000846e8340,0x0000000084700000)
 Metaspace       used 57247K, committed 58688K, reserved 1114112K
  class space    used 6176K, committed 6784K, reserved 1048576K
}
Event: 987.361 GC heap after
{Heap after GC invocations=80 (full 2):
 PSYoungGen      total 13824K, used 512K [0x00000000d5580000, 0x00000000d6780000, 0x0000000100000000)
  eden space 13312K, 0% used [0x00000000d5580000,0x00000000d5580000,0x00000000d6280000)
  from space 512K, 100% used [0x00000000d6480000,0x00000000d6500000,0x00000000d6500000)
  to   space 2048K, 0% used [0x00000000d6280000,0x00000000d6280000,0x00000000d6480000)
 ParOldGen       total 73728K, used 73696K [0x0000000080000000, 0x0000000084800000, 0x00000000d5580000)
  object space 73728K, 99% used [0x0000000080000000,0x00000000847f8340,0x0000000084800000)
 Metaspace       used 57247K, committed 58688K, reserved 1114112K
  class space    used 6176K, committed 6784K, reserved 1048576K
}
Event: 987.989 GC heap before
{Heap before GC invocations=81 (full 2):
 PSYoungGen      total 13824K, used 9828K [0x00000000d5580000, 0x00000000d6780000, 0x0000000100000000)
  eden space 13312K, 69% used [0x00000000d5580000,0x00000000d5e99020,0x00000000d6280000)
  from space 512K, 100% used [0x00000000d6480000,0x00000000d6500000,0x00000000d6500000)
  to   space 2048K, 0% used [0x00000000d6280000,0x00000000d6280000,0x00000000d6480000)
 ParOldGen       total 73728K, used 73696K [0x0000000080000000, 0x0000000084800000, 0x00000000d5580000)
  object space 73728K, 99% used [0x0000000080000000,0x00000000847f8340,0x0000000084800000)
 Metaspace       used 58375K, committed 59776K, reserved 1114112K
  class space    used 6298K, committed 6912K, reserved 1048576K
}
Event: 987.994 GC heap after
{Heap after GC invocations=81 (full 2):
 PSYoungGen      total 15360K, used 1264K [0x00000000d5580000, 0x00000000d6680000, 0x0000000100000000)
  eden space 13312K, 0% used [0x00000000d5580000,0x00000000d5580000,0x00000000d6280000)
  from space 2048K, 61% used [0x00000000d6280000,0x00000000d63bc008,0x00000000d6480000)
  to   space 1536K, 0% used [0x00000000d6500000,0x00000000d6500000,0x00000000d6680000)
 ParOldGen       total 74752K, used 74256K [0x0000000080000000, 0x0000000084900000, 0x00000000d5580000)
  object space 74752K, 99% used [0x0000000080000000,0x0000000084884350,0x0000000084900000)
 Metaspace       used 58375K, committed 59776K, reserved 1114112K
  class space    used 6298K, committed 6912K, reserved 1048576K
}
Event: 987.994 GC heap before
{Heap before GC invocations=82 (full 3):
 PSYoungGen      total 15360K, used 1264K [0x00000000d5580000, 0x00000000d6680000, 0x0000000100000000)
  eden space 13312K, 0% used [0x00000000d5580000,0x00000000d5580000,0x00000000d6280000)
  from space 2048K, 61% used [0x00000000d6280000,0x00000000d63bc008,0x00000000d6480000)
  to   space 1536K, 0% used [0x00000000d6500000,0x00000000d6500000,0x00000000d6680000)
 ParOldGen       total 74752K, used 74256K [0x0000000080000000, 0x0000000084900000, 0x00000000d5580000)
  object space 74752K, 99% used [0x0000000080000000,0x0000000084884350,0x0000000084900000)
 Metaspace       used 58375K, committed 59776K, reserved 1114112K
  class space    used 6298K, committed 6912K, reserved 1048576K
}
Event: 989.500 GC heap after
{Heap after GC invocations=82 (full 3):
 PSYoungGen      total 15360K, used 0K [0x00000000d5580000, 0x00000000d6680000, 0x0000000100000000)
  eden space 13312K, 0% used [0x00000000d5580000,0x00000000d5580000,0x00000000d6280000)
  from space 2048K, 0% used [0x00000000d6280000,0x00000000d6280000,0x00000000d6480000)
  to   space 1536K, 0% used [0x00000000d6500000,0x00000000d6500000,0x00000000d6680000)
 ParOldGen       total 74752K, used 62490K [0x0000000080000000, 0x0000000084900000, 0x00000000d5580000)
  object space 74752K, 83% used [0x0000000080000000,0x0000000083d06858,0x0000000084900000)
 Metaspace       used 58368K, committed 59776K, reserved 1114112K
  class space    used 6296K, committed 6912K, reserved 1048576K
}

Dll operation events (10 events):
Event: 0.016 Loaded shared library c:\Users\Kavis\.vscode\extensions\redhat.java-1.52.0-win32-x64\jre\21.0.9-win32-x86_64\bin\java.dll
Event: 0.061 Loaded shared library c:\Users\Kavis\.vscode\extensions\redhat.java-1.52.0-win32-x64\jre\21.0.9-win32-x86_64\bin\zip.dll
Event: 0.076 Loaded shared library C:\Users\Kavis\.vscode\extensions\redhat.java-1.52.0-win32-x64\jre\21.0.9-win32-x86_64\bin\instrument.dll
Event: 0.081 Loaded shared library C:\Users\Kavis\.vscode\extensions\redhat.java-1.52.0-win32-x64\jre\21.0.9-win32-x86_64\bin\net.dll
Event: 0.085 Loaded shared library C:\Users\Kavis\.vscode\extensions\redhat.java-1.52.0-win32-x64\jre\21.0.9-win32-x86_64\bin\nio.dll
Event: 0.089 Loaded shared library C:\Users\Kavis\.vscode\extensions\redhat.java-1.52.0-win32-x64\jre\21.0.9-win32-x86_64\bin\zip.dll
Event: 0.108 Loaded shared library C:\Users\Kavis\.vscode\extensions\redhat.java-1.52.0-win32-x64\jre\21.0.9-win32-x86_64\bin\jimage.dll
Event: 0.202 Loaded shared library c:\Users\Kavis\.vscode\extensions\redhat.java-1.52.0-win32-x64\jre\21.0.9-win32-x86_64\bin\verify.dll
Event: 1.344 Loaded shared library C:\Users\Kavis\AppData\Roaming\Code\User\globalStorage\redhat.java\1.52.0\config_win\org.eclipse.equinox.launcher\org.eclipse.equinox.launcher.win32.win32.x86_64_1.2.1500.v20260121-1430\eclipse_11919.dll
Event: 2.605 Loaded shared library C:\Users\Kavis\AppData\Local\Temp\jna-72270570\jna13954228169921334841.dll

Deoptimization events (20 events):
Event: 987.877 Thread 0x00000205e1a7d1c0 Uncommon trap: trap_request=0xffffffbe fr.pc=0x000002058b1a2928 relative=0x0000000000000188
Event: 987.877 Thread 0x00000205e1a7d1c0 Uncommon trap: reason=profile_predicate action=maybe_recompile pc=0x000002058b1a2928 method=java.util.HashMap.keysToArray([Ljava/lang/Object;)[Ljava/lang/Object; @ 36 c2
Event: 987.877 Thread 0x00000205e1a7d1c0 DEOPT PACKING pc=0x000002058b1a2928 sp=0x00000026b03fde30
Event: 987.877 Thread 0x00000205e1a7d1c0 DEOPT UNPACKING pc=0x000002058a6c3aa2 sp=0x00000026b03fddb0 mode 2
Event: 987.984 Thread 0x00000205e1a7d1c0 Uncommon trap: trap_request=0xffffff76 fr.pc=0x000002058aee4938 relative=0x00000000000004f8
Event: 987.984 Thread 0x00000205e1a7d1c0 Uncommon trap: reason=predicate action=maybe_recompile pc=0x000002058aee4938 method=java.util.TimSort.binarySort([Ljava/lang/Object;IIILjava/util/Comparator;)V @ 34 c2
Event: 987.984 Thread 0x00000205e1a7d1c0 DEOPT PACKING pc=0x000002058aee4938 sp=0x00000026b03fddd0
Event: 987.984 Thread 0x00000205e1a7d1c0 DEOPT UNPACKING pc=0x000002058a6c3aa2 sp=0x00000026b03fdd70 mode 2
Event: 989.628 Thread 0x00000205e1a7d1c0 Uncommon trap: trap_request=0xffffff76 fr.pc=0x000002058b15ff50 relative=0x0000000000000390
Event: 989.628 Thread 0x00000205e1a7d1c0 Uncommon trap: reason=predicate action=maybe_recompile pc=0x000002058b15ff50 method=java.util.TimSort.reverseRange([Ljava/lang/Object;II)V @ 5 c2
Event: 989.628 Thread 0x00000205e1a7d1c0 DEOPT PACKING pc=0x000002058b15ff50 sp=0x00000026b03fdac0
Event: 989.628 Thread 0x00000205e1a7d1c0 DEOPT UNPACKING pc=0x000002058a6c3aa2 sp=0x00000026b03fd9d8 mode 2
Event: 989.738 Thread 0x00000205e1a7d1c0 Uncommon trap: trap_request=0xffffff76 fr.pc=0x000002058b1bad14 relative=0x0000000000000174
Event: 989.738 Thread 0x00000205e1a7d1c0 Uncommon trap: reason=predicate action=maybe_recompile pc=0x000002058b1bad14 method=java.util.HashMap.keysToArray([Ljava/lang/Object;)[Ljava/lang/Object; @ 48 c2
Event: 989.738 Thread 0x00000205e1a7d1c0 DEOPT PACKING pc=0x000002058b1bad14 sp=0x00000026b03fd8b0
Event: 989.738 Thread 0x00000205e1a7d1c0 DEOPT UNPACKING pc=0x000002058a6c3aa2 sp=0x00000026b03fd838 mode 2
Event: 989.757 Thread 0x00000205e1a7d1c0 Uncommon trap: trap_request=0xffffff45 fr.pc=0x000002058ac6a2bc relative=0x00000000000002fc
Event: 989.757 Thread 0x00000205e1a7d1c0 Uncommon trap: reason=unstable_if action=reinterpret pc=0x000002058ac6a2bc method=java.util.HashMap$HashIterator.<init>(Ljava/util/HashMap;)V @ 45 c2
Event: 989.757 Thread 0x00000205e1a7d1c0 DEOPT PACKING pc=0x000002058ac6a2bc sp=0x00000026b03fe140
Event: 989.757 Thread 0x00000205e1a7d1c0 DEOPT UNPACKING pc=0x000002058a6c3aa2 sp=0x00000026b03fe010 mode 2

Classes loaded (20 events):
Event: 31.237 Loading class sun/util/resources/OpenListResourceBundle
Event: 31.237 Loading class sun/util/resources/OpenListResourceBundle done
Event: 31.237 Loading class sun/util/resources/TimeZoneNamesBundle done
Event: 31.237 Loading class sun/util/resources/cldr/TimeZoneNames done
Event: 31.237 Loading class sun/util/resources/cldr/TimeZoneNames_en
Event: 31.239 Loading class sun/util/resources/cldr/TimeZoneNames_en done
Event: 31.239 Loading class sun/util/resources/cldr/TimeZoneNames_en_US
Event: 31.239 Loading class sun/util/resources/cldr/TimeZoneNames_en_US done
Event: 31.240 Loading class sun/util/cldr/CLDRBaseLocaleDataMetaInfo$TZCanonicalIDMapHolder
Event: 31.241 Loading class sun/util/cldr/CLDRBaseLocaleDataMetaInfo$TZCanonicalIDMapHolder done
Event: 31.243 Loading class sun/util/resources/TimeZoneNames
Event: 31.244 Loading class sun/util/resources/TimeZoneNames done
Event: 31.244 Loading class sun/util/resources/TimeZoneNames_en
Event: 31.244 Loading class sun/util/resources/TimeZoneNames_en done
Event: 987.870 Loading class java/util/stream/ReduceOps$4
Event: 987.872 Loading class java/util/stream/ReduceOps$4 done
Event: 987.872 Loading class java/util/stream/ReduceOps$4ReducingSink
Event: 987.872 Loading class java/util/stream/ReduceOps$4ReducingSink done
Event: 987.878 Loading class java/nio/file/Files$2
Event: 987.880 Loading class java/nio/file/Files$2 done

Classes unloaded (11 events):
Event: 3.319 Thread 0x0000020596324960 Unloading class 0x00000205981a4c00 'java/lang/invoke/LambdaForm$MH+0x00000205981a4c00'
Event: 3.319 Thread 0x0000020596324960 Unloading class 0x00000205981a4800 'java/lang/invoke/LambdaForm$MH+0x00000205981a4800'
Event: 3.319 Thread 0x0000020596324960 Unloading class 0x00000205981a4400 'java/lang/invoke/LambdaForm$MH+0x00000205981a4400'
Event: 3.319 Thread 0x0000020596324960 Unloading class 0x00000205981a4000 'java/lang/invoke/LambdaForm$MH+0x00000205981a4000'
Event: 3.319 Thread 0x0000020596324960 Unloading class 0x00000205981a3c00 'java/lang/invoke/LambdaForm$BMH+0x00000205981a3c00'
Event: 3.319 Thread 0x0000020596324960 Unloading class 0x00000205981a3800 'java/lang/invoke/LambdaForm$DMH+0x00000205981a3800'
Event: 3.319 Thread 0x0000020596324960 Unloading class 0x00000205981a2400 'java/lang/invoke/LambdaForm$DMH+0x00000205981a2400'
Event: 988.059 Thread 0x0000020596324960 Unloading class 0x00000205986a8400 'java/lang/invoke/LambdaForm$DMH+0x00000205986a8400'
Event: 988.059 Thread 0x0000020596324960 Unloading class 0x00000205986a8000 'java/lang/invoke/LambdaForm$DMH+0x00000205986a8000'
Event: 988.059 Thread 0x0000020596324960 Unloading class 0x00000205986a6c00 'java/lang/invoke/LambdaForm$DMH+0x00000205986a6c00'
Event: 988.059 Thread 0x0000020596324960 Unloading class 0x00000205986a6400 'java/lang/invoke/LambdaForm$DMH+0x00000205986a6400'

Classes redefined (0 events):
No events

Internal exceptions (20 events):
Event: 13.724 Thread 0x00000205e0bb2fa0 Exception <a 'sun/nio/fs/WindowsException'{0x00000000d5cb2460}> (0x00000000d5cb2460) 
thrown [s\src\hotspot\share\prims\jni.cpp, line 520]
Event: 13.877 Thread 0x00000205e0bb2fa0 Exception <a 'java/lang/NoSuchMethodError'{0x00000000d60a3bb8}: 'void java.lang.invoke.DirectMethodHandle$Holder.invokeStatic(java.lang.Object, java.lang.Object, java.lang.Object, int)'> (0x00000000d60a3bb8) 
thrown [s\src\hotspot\share\interpreter\linkResolver.cpp, line 773]
Event: 13.891 Thread 0x00000205e0bb2fa0 Exception <a 'java/lang/NoSuchMethodError'{0x00000000d61460b8}: 'void java.lang.invoke.DirectMethodHandle$Holder.invokeVirtual(java.lang.Object, java.lang.Object, int)'> (0x00000000d61460b8) 
thrown [s\src\hotspot\share\interpreter\linkResolver.cpp, line 773]
Event: 13.905 Thread 0x00000205de5e5250 Exception <a 'java/lang/NoSuchMethodError'{0x00000000d61c3fc8}: 'java.lang.Object java.lang.invoke.DirectMethodHandle$Holder.invokeVirtual(java.lang.Object, java.lang.Object, int)'> (0x00000000d61c3fc8) 
thrown [s\src\hotspot\share\interpreter\linkResolver.cpp, line 773]
Event: 14.605 Thread 0x00000205de5e5250 Exception <a 'java/lang/NoSuchMethodError'{0x00000000d5674fc8}: 'java.lang.Object java.lang.invoke.DirectMethodHandle$Holder.invokeStatic(java.lang.Object, java.lang.Object, int, java.lang.Object)'> (0x00000000d5674fc8) 
thrown [s\src\hotspot\share\interpreter\linkResolver.cpp, line 773]
Event: 14.605 Thread 0x00000205de5e5250 Exception <a 'java/lang/NoSuchMethodError'{0x00000000d567b5f8}: 'java.lang.Object java.lang.invoke.DirectMethodHandle$Holder.newInvokeSpecial(java.lang.Object, java.lang.Object, int)'> (0x00000000d567b5f8) 
thrown [s\src\hotspot\share\interpreter\linkResolver.cpp, line 773]
Event: 14.647 Thread 0x00000205e0bb2fa0 Exception <a 'java/lang/NoSuchMethodError'{0x00000000d5c9adb8}: 'void java.lang.invoke.DirectMethodHandle$Holder.invokeInterface(java.lang.Object, java.lang.Object)'> (0x00000000d5c9adb8) 
thrown [s\src\hotspot\share\interpreter\linkResolver.cpp, line 773]
Event: 14.661 Thread 0x00000205e1a80cd0 Exception <a 'java/lang/NoSuchMethodError'{0x00000000d5dc7fa8}: 'void java.lang.invoke.DirectMethodHandle$Holder.invokeSpecial(java.lang.Object, java.lang.Object, java.lang.Object, java.lang.Object, java.lang.Object, java.lang.Object, java.lang.Object, java.lang.Object)'> (0x00000000d5dc7fa8) 
thrown [s\src\hotspot\share\interpreter\linkResolver.cpp, line 773]
Event: 14.661 Thread 0x00000205e1a7e570 Exception <a 'java/lang/NoSuchMethodError'{0x00000000d5d87cf0}: 'void java.lang.invoke.DirectMethodHandle$Holder.invokeSpecial(java.lang.Object, java.lang.Object, java.lang.Object, java.lang.Object, java.lang.Object, java.lang.Object, java.lang.Object, java.lang.Object)'> (0x00000000d5d87cf0) 
thrown [s\src\hotspot\share\interpreter\linkResolver.cpp, line 773]
Event: 14.950 Thread 0x00000205e0bb2fa0 Implicit null exception at 0x000002058b08baa2 to 0x000002058b08bc58
Event: 14.950 Thread 0x00000205e0bb2fa0 Implicit null exception at 0x000002058b088e22 to 0x000002058b088fd8
Event: 15.085 Thread 0x00000205e0bb2fa0 Exception <a 'sun/nio/fs/WindowsException'{0x00000000d61dffd8}> (0x00000000d61dffd8) 
thrown [s\src\hotspot\share\prims\jni.cpp, line 520]
Event: 15.085 Thread 0x00000205e0bb2fa0 Exception <a 'sun/nio/fs/WindowsException'{0x00000000d61e08b8}> (0x00000000d61e08b8) 
thrown [s\src\hotspot\share\prims\jni.cpp, line 520]
Event: 28.764 Thread 0x00000205e0baee00 Exception <a 'java/lang/IncompatibleClassChangeError'{0x00000000d6155720}: Found class java.lang.Object, but interface was expected> (0x00000000d6155720) 
thrown [s\src\hotspot\share\interpreter\linkResolver.cpp, line 840]
Event: 985.192 Thread 0x00000205e1a7d1c0 Implicit null exception at 0x000002058b1289c8 to 0x000002058b1293d0
Event: 985.320 Thread 0x00000205e1a7d1c0 Implicit null exception at 0x000002058b120da8 to 0x000002058b121670
Event: 986.135 Thread 0x00000205e1a7d1c0 Exception <a 'java/lang/IncompatibleClassChangeError'{0x00000000d58efc88}: Found class java.lang.Object, but interface was expected> (0x00000000d58efc88) 
thrown [s\src\hotspot\share\interpreter\linkResolver.cpp, line 840]
Event: 986.476 Thread 0x00000205e1a7d1c0 Implicit null exception at 0x000002058af67ba6 to 0x000002058af68174
Event: 986.476 Thread 0x00000205e1a7d1c0 Implicit null exception at 0x000002058b12c801 to 0x000002058b12cdbc
Event: 987.884 Thread 0x00000205e1a7d1c0 Exception <a 'java/lang/NoSuchMethodError'{0x00000000d5bf3158}: 'int java.lang.invoke.DirectMethodHandle$Holder.invokeSpecialIFC(java.lang.Object, java.lang.Object, java.lang.Object)'> (0x00000000d5bf3158) 
thrown [s\src\hotspot\share\interpreter\linkResolver.cpp, line 773]

ZGC Phase Switch (0 events):
No events

VM Operations (20 events):
Event: 986.901 Executing VM operation: ParallelGCFailedAllocation (Allocation Failure)
Event: 986.905 Executing VM operation: ParallelGCFailedAllocation (Allocation Failure) done
Event: 986.985 Executing VM operation: ParallelGCFailedAllocation (Allocation Failure)
Event: 986.988 Executing VM operation: ParallelGCFailedAllocation (Allocation Failure) done
Event: 987.047 Executing VM operation: ParallelGCFailedAllocation (Allocation Failure)
Event: 987.053 Executing VM operation: ParallelGCFailedAllocation (Allocation Failure) done
Event: 987.162 Executing VM operation: ParallelGCFailedAllocation (Allocation Failure)
Event: 987.165 Executing VM operation: ParallelGCFailedAllocation (Allocation Failure) done
Event: 987.356 Executing VM operation: ParallelGCFailedAllocation (Allocation Failure)
Event: 987.361 Executing VM operation: ParallelGCFailedAllocation (Allocation Failure) done
Event: 987.875 Executing VM operation: HandshakeAllThreads (Deoptimize)
Event: 987.876 Executing VM operation: HandshakeAllThreads (Deoptimize) done
Event: 987.989 Executing VM operation: CollectForMetadataAllocation (Metadata GC Threshold)
Event: 989.500 Executing VM operation: CollectForMetadataAllocation (Metadata GC Threshold) done
Event: 990.507 Executing VM operation: Cleanup
Event: 990.507 Executing VM operation: Cleanup done
Event: 1022.636 Executing VM operation: HandshakeAllThreads (HandshakeForDeflation)
Event: 1022.636 Executing VM operation: HandshakeAllThreads (HandshakeForDeflation) done
Event: 1022.636 Executing VM operation: RendezvousGCThreads
Event: 1022.636 Executing VM operation: RendezvousGCThreads done

Memory protections (0 events):
No events

Nmethod flushes (20 events):
Event: 988.256 Thread 0x0000020596324960 flushing  nmethod 0x00000205839eca10
Event: 988.256 Thread 0x0000020596324960 flushing  nmethod 0x00000205839ed910
Event: 988.256 Thread 0x0000020596324960 flushing  nmethod 0x0000020583a03490
Event: 988.256 Thread 0x0000020596324960 flushing  nmethod 0x0000020583a03b90
Event: 988.256 Thread 0x0000020596324960 flushing  nmethod 0x0000020583a04190
Event: 988.256 Thread 0x0000020596324960 flushing  nmethod 0x0000020583a05010
Event: 988.256 Thread 0x0000020596324960 flushing  nmethod 0x0000020583a07110
Event: 988.256 Thread 0x0000020596324960 flushing  nmethod 0x0000020583a13090
Event: 988.256 Thread 0x0000020596324960 flushing  nmethod 0x0000020583a17110
Event: 988.256 Thread 0x0000020596324960 flushing  nmethod 0x0000020583a2e390
Event: 988.256 Thread 0x0000020596324960 flushing  nmethod 0x0000020583a3cd90
Event: 988.256 Thread 0x0000020596324960 flushing osr nmethod 0x0000020583a70410
Event: 988.256 Thread 0x0000020596324960 flushing  nmethod 0x0000020583aa0d10
Event: 988.256 Thread 0x0000020596324960 flushing  nmethod 0x0000020583aac390
Event: 988.256 Thread 0x0000020596324960 flushing  nmethod 0x0000020583aade90
Event: 988.256 Thread 0x0000020596324960 flushing  nmethod 0x0000020583abbf10
Event: 988.256 Thread 0x0000020596324960 flushing  nmethod 0x0000020583abc690
Event: 988.257 Thread 0x0000020596324960 flushing  nmethod 0x0000020583abca10
Event: 988.257 Thread 0x0000020596324960 flushing  nmethod 0x0000020583abcd90
Event: 988.257 Thread 0x0000020596324960 flushing  nmethod 0x0000020583ac0110

Events (20 events):
Event: 73.229 Thread 0x00000205de5e3ea0 Thread exited: 0x00000205de5e3ea0
Event: 74.672 Thread 0x00000205de5e5250 Thread exited: 0x00000205de5e5250
Event: 75.532 Thread 0x00000205e0bb2fa0 Thread exited: 0x00000205e0bb2fa0
Event: 135.545 Thread 0x00000205e1a7aa60 Thread exited: 0x00000205e1a7aa60
Event: 195.548 Thread 0x00000205e0bb2910 Thread exited: 0x00000205e0bb2910
Event: 255.563 Thread 0x00000205e1a7b0f0 Thread exited: 0x00000205e1a7b0f0
Event: 315.564 Thread 0x00000205e1a7d1c0 Thread exited: 0x00000205e1a7d1c0
Event: 375.566 Thread 0x00000205e0baf490 Thread exited: 0x00000205e0baf490
Event: 435.572 Thread 0x00000205e1a7c4a0 Thread exited: 0x00000205e1a7c4a0
Event: 495.589 Thread 0x00000205e1a7be10 Thread exited: 0x00000205e1a7be10
Event: 555.593 Thread 0x00000205e0bb3630 Thread exited: 0x00000205e0bb3630
Event: 615.599 Thread 0x00000205e1a7b780 Thread exited: 0x00000205e1a7b780
Event: 675.609 Thread 0x00000205e1a7cb30 Thread exited: 0x00000205e1a7cb30
Event: 984.484 Thread 0x00000205e0baee00 Thread added: 0x00000205e1a7d1c0
Event: 984.715 Thread 0x00000205e1a7d1c0 Thread added: 0x00000205e1a7aa60
Event: 984.719 Thread 0x00000205e1a7d1c0 Thread added: 0x00000205e1a7be10
Event: 984.883 Thread 0x00000205d87bc620 Thread added: 0x00000205e0727fb0
Event: 986.442 Thread 0x00000205e0727fb0 Thread exited: 0x00000205e0727fb0
Event: 986.465 Thread 0x00000205d87bc620 Thread added: 0x00000205df882530
Event: 994.772 Thread 0x00000205df882530 Thread exited: 0x00000205df882530


Dynamic libraries:
0x00007ff75c310000 - 0x00007ff75c31e000 	c:\Users\Kavis\.vscode\extensions\redhat.java-1.52.0-win32-x64\jre\21.0.9-win32-x86_64\bin\java.exe
0x00007ffc46d20000 - 0x00007ffc46f87000 	C:\WINDOWS\SYSTEM32\ntdll.dll
0x00007ffc45f90000 - 0x00007ffc46059000 	C:\WINDOWS\System32\KERNEL32.DLL
0x00007ffc445d0000 - 0x00007ffc449bf000 	C:\WINDOWS\System32\KERNELBASE.dll
0x00007ffc43e70000 - 0x00007ffc43fbb000 	C:\WINDOWS\System32\ucrtbase.dll
0x00007ffc168e0000 - 0x00007ffc168fe000 	c:\Users\Kavis\.vscode\extensions\redhat.java-1.52.0-win32-x64\jre\21.0.9-win32-x86_64\bin\VCRUNTIME140.dll
0x00007ffc2a0f0000 - 0x00007ffc2a108000 	c:\Users\Kavis\.vscode\extensions\redhat.java-1.52.0-win32-x64\jre\21.0.9-win32-x86_64\bin\jli.dll
0x00007ffc44b40000 - 0x00007ffc44d05000 	C:\WINDOWS\System32\USER32.dll
0x00007ffc24ac0000 - 0x00007ffc24d53000 	C:\WINDOWS\WinSxS\amd64_microsoft.windows.common-controls_6595b64144ccf1df_6.0.26100.7309_none_3e05feeae336a044\COMCTL32.dll
0x00007ffc44a90000 - 0x00007ffc44ab7000 	C:\WINDOWS\System32\win32u.dll
0x00007ffc44d90000 - 0x00007ffc44e39000 	C:\WINDOWS\System32\msvcrt.dll
0x00007ffc46cb0000 - 0x00007ffc46cdb000 	C:\WINDOWS\System32\GDI32.dll
0x00007ffc43fc0000 - 0x00007ffc440ec000 	C:\WINDOWS\System32\gdi32full.dll
0x00007ffc44270000 - 0x00007ffc44313000 	C:\WINDOWS\System32\msvcp_win.dll
0x00007ffc46440000 - 0x00007ffc46471000 	C:\WINDOWS\System32\IMM32.DLL
0x00007ffc32c40000 - 0x00007ffc32c4c000 	c:\Users\Kavis\.vscode\extensions\redhat.java-1.52.0-win32-x64\jre\21.0.9-win32-x86_64\bin\vcruntime140_1.dll
0x00007ffbf6a20000 - 0x00007ffbf6aad000 	c:\Users\Kavis\.vscode\extensions\redhat.java-1.52.0-win32-x64\jre\21.0.9-win32-x86_64\bin\msvcp140.dll
0x00007ffbc4b50000 - 0x00007ffbc58f0000 	c:\Users\Kavis\.vscode\extensions\redhat.java-1.52.0-win32-x64\jre\21.0.9-win32-x86_64\bin\server\jvm.dll
0x00007ffc45a40000 - 0x00007ffc45af4000 	C:\WINDOWS\System32\ADVAPI32.dll
0x00007ffc45170000 - 0x00007ffc45216000 	C:\WINDOWS\System32\sechost.dll
0x00007ffc45040000 - 0x00007ffc45158000 	C:\WINDOWS\System32\RPCRT4.dll
0x00007ffc44ac0000 - 0x00007ffc44b34000 	C:\WINDOWS\System32\WS2_32.dll
0x00007ffc38910000 - 0x00007ffc38945000 	C:\WINDOWS\SYSTEM32\WINMM.dll
0x00007ffc43cd0000 - 0x00007ffc43d2e000 	C:\WINDOWS\SYSTEM32\POWRPROF.dll
0x00007ffc3c330000 - 0x00007ffc3c33b000 	C:\WINDOWS\SYSTEM32\VERSION.dll
0x00007ffc43cb0000 - 0x00007ffc43cc4000 	C:\WINDOWS\SYSTEM32\UMPDC.dll
0x00007ffc42c20000 - 0x00007ffc42c3b000 	C:\WINDOWS\SYSTEM32\kernel.appcore.dll
0x00007ffc32880000 - 0x00007ffc3288a000 	c:\Users\Kavis\.vscode\extensions\redhat.java-1.52.0-win32-x64\jre\21.0.9-win32-x86_64\bin\jimage.dll
0x00007ffc41570000 - 0x00007ffc417b2000 	C:\WINDOWS\SYSTEM32\DBGHELP.DLL
0x00007ffc46770000 - 0x00007ffc46af6000 	C:\WINDOWS\System32\combase.dll
0x00007ffc44f60000 - 0x00007ffc45036000 	C:\WINDOWS\System32\OLEAUT32.dll
0x00007ffc20ef0000 - 0x00007ffc20f2c000 	C:\WINDOWS\SYSTEM32\dbgcore.DLL
0x00007ffc44490000 - 0x00007ffc44535000 	C:\WINDOWS\System32\bcryptPrimitives.dll
0x00007ffc32340000 - 0x00007ffc3234f000 	c:\Users\Kavis\.vscode\extensions\redhat.java-1.52.0-win32-x64\jre\21.0.9-win32-x86_64\bin\instrument.dll
0x00007ffc15500000 - 0x00007ffc15520000 	c:\Users\Kavis\.vscode\extensions\redhat.java-1.52.0-win32-x64\jre\21.0.9-win32-x86_64\bin\java.dll
0x00007ffc45220000 - 0x00007ffc45973000 	C:\WINDOWS\System32\SHELL32.dll
0x00007ffc44320000 - 0x00007ffc4448a000 	C:\WINDOWS\System32\wintypes.dll
0x00007ffc41a50000 - 0x00007ffc422ae000 	C:\WINDOWS\SYSTEM32\windows.storage.dll
0x00007ffc46bb0000 - 0x00007ffc46ca5000 	C:\WINDOWS\System32\SHCORE.dll
0x00007ffc46080000 - 0x00007ffc460e6000 	C:\WINDOWS\System32\shlwapi.dll
0x00007ffc43d90000 - 0x00007ffc43db9000 	C:\WINDOWS\SYSTEM32\profapi.dll
0x00007ffc0e9e0000 - 0x00007ffc0e9f8000 	c:\Users\Kavis\.vscode\extensions\redhat.java-1.52.0-win32-x64\jre\21.0.9-win32-x86_64\bin\zip.dll
0x00007ffc31eb0000 - 0x00007ffc31ec0000 	C:\Users\Kavis\.vscode\extensions\redhat.java-1.52.0-win32-x64\jre\21.0.9-win32-x86_64\bin\net.dll
0x00007ffc3a7a0000 - 0x00007ffc3a8c8000 	C:\WINDOWS\SYSTEM32\WINHTTP.dll
0x00007ffc43190000 - 0x00007ffc431fb000 	C:\WINDOWS\system32\mswsock.dll
0x00007ffc0e940000 - 0x00007ffc0e956000 	C:\Users\Kavis\.vscode\extensions\redhat.java-1.52.0-win32-x64\jre\21.0.9-win32-x86_64\bin\nio.dll
0x00007ffc31db0000 - 0x00007ffc31dc0000 	c:\Users\Kavis\.vscode\extensions\redhat.java-1.52.0-win32-x64\jre\21.0.9-win32-x86_64\bin\verify.dll
0x00007ffbfef90000 - 0x00007ffbfefd5000 	C:\Users\Kavis\AppData\Roaming\Code\User\globalStorage\redhat.java\1.52.0\config_win\org.eclipse.equinox.launcher\org.eclipse.equinox.launcher.win32.win32.x86_64_1.2.1500.v20260121-1430\eclipse_11919.dll
0x00007ffc465d0000 - 0x00007ffc46767000 	C:\WINDOWS\System32\ole32.dll
0x00007ffc43450000 - 0x00007ffc4346b000 	C:\WINDOWS\SYSTEM32\CRYPTSP.dll
0x00007ffc42b80000 - 0x00007ffc42bba000 	C:\WINDOWS\system32\rsaenh.dll
0x00007ffc43240000 - 0x00007ffc4326b000 	C:\WINDOWS\SYSTEM32\USERENV.dll
0x00007ffc43d60000 - 0x00007ffc43d8a000 	C:\WINDOWS\SYSTEM32\bcrypt.dll
0x00007ffc43470000 - 0x00007ffc4347c000 	C:\WINDOWS\SYSTEM32\CRYPTBASE.dll
0x00007ffc42610000 - 0x00007ffc42644000 	C:\WINDOWS\SYSTEM32\IPHLPAPI.DLL
0x00007ffc44ef0000 - 0x00007ffc44efa000 	C:\WINDOWS\System32\NSI.dll
0x00007ffbfc5f0000 - 0x00007ffbfc639000 	C:\Users\Kavis\AppData\Local\Temp\jna-72270570\jna13954228169921334841.dll
0x00007ffc45160000 - 0x00007ffc45168000 	C:\WINDOWS\System32\PSAPI.DLL
0x00007ffc3ab60000 - 0x00007ffc3ab7e000 	C:\WINDOWS\SYSTEM32\dhcpcsvc6.DLL
0x00007ffc3aaa0000 - 0x00007ffc3aac3000 	C:\WINDOWS\SYSTEM32\dhcpcsvc.DLL

JVMTI agents:
c:\Users\Kavis\.vscode\extensions\redhat.java-1.52.0-win32-x64\lombok\lombok-1.18.39-4050.jar path:c:\Users\Kavis\.vscode\extensions\redhat.java-1.52.0-win32-x64\jre\21.0.9-win32-x86_64\bin\instrument.dll, loaded, initialized, instrumentlib options:none

dbghelp: loaded successfully - version: 4.0.5 - missing functions: none
symbol engine: initialized successfully - sym options: 0x614 - pdb path: .;c:\Users\Kavis\.vscode\extensions\redhat.java-1.52.0-win32-x64\jre\21.0.9-win32-x86_64\bin;C:\WINDOWS\SYSTEM32;C:\WINDOWS\WinSxS\amd64_microsoft.windows.common-controls_6595b64144ccf1df_6.0.26100.7309_none_3e05feeae336a044;c:\Users\Kavis\.vscode\extensions\redhat.java-1.52.0-win32-x64\jre\21.0.9-win32-x86_64\bin\server;C:\Users\Kavis\AppData\Roaming\Code\User\globalStorage\redhat.java\1.52.0\config_win\org.eclipse.equinox.launcher\org.eclipse.equinox.launcher.win32.win32.x86_64_1.2.1500.v20260121-1430;C:\Users\Kavis\AppData\Local\Temp\jna-72270570

VM Arguments:
jvm_args: --add-modules=ALL-SYSTEM --add-opens=java.base/java.util=ALL-UNNAMED --add-opens=java.base/java.lang=ALL-UNNAMED --add-opens=java.base/sun.nio.fs=ALL-UNNAMED -Declipse.application=org.eclipse.jdt.ls.core.id1 -Dosgi.bundles.defaultStartLevel=4 -Declipse.product=org.eclipse.jdt.ls.core.product -Djava.import.generatesMetadataFilesAtProjectRoot=false -DDetectVMInstallationsJob.disabled=true -Dfile.encoding=utf8 -XX:+UseParallelGC -XX:GCTimeRatio=4 -XX:AdaptiveSizePolicyWeight=90 -Dsun.zip.disableMemoryMapping=true -Xmx2G -Xms100m -Xlog:disable -javaagent:c:\Users\Kavis\.vscode\extensions\redhat.java-1.52.0-win32-x64\lombok\lombok-1.18.39-4050.jar -XX:+HeapDumpOnOutOfMemoryError -XX:HeapDumpPath=c:\Users\Kavis\AppData\Roaming\Code\User\workspaceStorage\ad1adb9262e567f18e865202dfb941a7\redhat.java -Daether.dependencyCollector.impl=bf 
java_command: c:\Users\Kavis\.vscode\extensions\redhat.java-1.52.0-win32-x64\server\plugins\org.eclipse.equinox.launcher_1.7.100.v20251111-0406.jar -configuration c:\Users\Kavis\AppData\Roaming\Code\User\globalStorage\redhat.java\1.52.0\config_win -data c:\Users\Kavis\AppData\Roaming\Code\User\workspaceStorage\ad1adb9262e567f18e865202dfb941a7\redhat.java\jdt_ws --pipe=\\.\pipe\lsp-9dc8a8c2c1884ead8318ddade4400fe6-sock
java_class_path (initial): c:\Users\Kavis\.vscode\extensions\redhat.java-1.52.0-win32-x64\server\plugins\org.eclipse.equinox.launcher_1.7.100.v20251111-0406.jar
Launcher Type: SUN_STANDARD

[Global flags]
    uintx AdaptiveSizePolicyWeight                 = 90                                        {product} {command line}
     intx CICompilerCount                          = 4                                         {product} {ergonomic}
    uintx GCTimeRatio                              = 4                                         {product} {command line}
     bool HeapDumpOnOutOfMemoryError               = true                                   {manageable} {command line}
    ccstr HeapDumpPath                             = c:\Users\Kavis\AppData\Roaming\Code\User\workspaceStorage\ad1adb9262e567f18e865202dfb941a7\redhat.java         {manageable} {command line}
   size_t InitialHeapSize                          = 104857600                                 {product} {command line}
   size_t MaxHeapSize                              = 2147483648                                {product} {command line}
   size_t MaxNewSize                               = 715653120                                 {product} {ergonomic}
   size_t MinHeapDeltaBytes                        = 524288                                    {product} {ergonomic}
   size_t MinHeapSize                              = 104857600                                 {product} {command line}
   size_t NewSize                                  = 34603008                                  {product} {ergonomic}
    uintx NonNMethodCodeHeapSize                   = 5839372                                {pd product} {ergonomic}
    uintx NonProfiledCodeHeapSize                  = 122909434                              {pd product} {ergonomic}
   size_t OldSize                                  = 70254592                                  {product} {ergonomic}
    uintx ProfiledCodeHeapSize                     = 122909434                              {pd product} {ergonomic}
    uintx ReservedCodeCacheSize                    = 251658240                              {pd product} {ergonomic}
     bool SegmentedCodeCache                       = true                                      {product} {ergonomic}
   size_t SoftMaxHeapSize                          = 2147483648                             {manageable} {ergonomic}
     bool UseCompressedOops                        = true                           {product lp64_product} {ergonomic}
     bool UseLargePagesIndividualAllocation        = false                                  {pd product} {ergonomic}
     bool UseParallelGC                            = true                                      {product} {command line}

Logging:
Log output configuration:
 #0: stdout all=off uptime,level,tags foldmultilines=false
 #1: stderr all=off uptime,level,tags foldmultilines=false

Release file:
JAVA_VERSION="21.0.9" 
MODULES="java.base java.compiler java.datatransfer java.xml java.prefs java.desktop java.instrument java.logging java.management java.security.sasl java.naming java.rmi java.management.rmi java.net.http java.scripting java.security.jgss java.transaction.xa java.sql java.sql.rowset java.xml.crypto java.se java.smartcardio jdk.accessibility jdk.internal.jvmstat jdk.attach jdk.charsets jdk.internal.opt jdk.zipfs jdk.compiler jdk.crypto.ec jdk.crypto.cryptoki jdk.crypto.mscapi jdk.dynalink jdk.internal.ed jdk.editpad jdk.hotspot.agent jdk.httpserver jdk.internal.le jdk.internal.vm.ci jdk.internal.vm.compiler jdk.internal.vm.compiler.management jdk.jartool jdk.javadoc jdk.jcmd jdk.management jdk.management.agent jdk.jconsole jdk.jdeps jdk.jdwp.agent jdk.jdi jdk.jfr jdk.jshell jdk.jsobject jdk.jstatd jdk.localedata jdk.management.jfr jdk.naming.dns jdk.naming.rmi jdk.net jdk.nio.mapmode jdk.random jdk.sctp jdk.security.auth jdk.security.jgss jdk.unsupported jdk.unsupported.desktop jdk.xml.dom" 

Environment Variables:
JAVA_HOME=C:\Program Files\Java\jdk-21
PATH=C:\Program Files\Common Files\Oracle\Java\javapath;C:\Python313\Scripts\;C:\Python313\;C:\Program Files\Eclipse Adoptium\jdk-17.0.15.6-hotspot\bin;C:\Program Files\Python312\Scripts\;C:\Program Files\Python312\;C:\WINDOWS\system32;C:\WINDOWS;C:\WINDOWS\System32\Wbem;C:\WINDOWS\System32\WindowsPowerShell\v1.0\;C:\WINDOWS\System32\OpenSSH\;C:\Program Files\dotnet\;C:\ProgramData\chocolatey\bin;C:\Program Files (x86)\NVIDIA Corporation\PhysX\Common;C:\Program Files\Microsoft\Web Platform Installer\;C:\Program Files (x86)\Microsoft ASP.NET\ASP.NET Web Pages\v1.0\;C:\Program Files\Microsoft SQL Server\110\Tools\Binn\;C:\Program Files\Microsoft SQL Server\120\Tools\Binn\;C:\Program Files\Microsoft SQL Server\130\Tools\Binn\;C:\Program Files\Git\cmd;C:\Program Files\Microsoft SQL Server\150\Tools\Binn\;C:\WINDOWS\system32;C:\WINDOWS;C:\WINDOWS\System32\Wbem;C:\WINDOWS\System32\WindowsPowerShell\v1.0\;C:\WINDOWS\System32\OpenSSH\;C:\Program Files\NVIDIA Corporation\NVIDIA App\NvDLISR;C:\Program Files\CMake\bin;C:\php;C:\Program Files\CodeBlocks\MinGW\bin;C:\NASM;C:\Program Files\Docker\Docker\resources\bin;C:\flutter\bin;C:\adb\platform-tools;C:\apache-cassandra-3.11.10\bin;C:\Program Files\MongoDB\Server\8.0\bin;C:\Python313\Scripts\;C:\Python313\;C:\Program Files\Python312\Scripts\;C:\Program Files\Python312\;C:\WINDOWS\system32;C:\WINDOWS;C:\WINDOWS\System32\Wbem;C:\WINDOWS\System32\WindowsPowerShell\v1.0\;C:\WINDOWS\System32\OpenSSH\;C:\Program Files\dotnet\;C:\ProgramData\chocolatey\bin;C:\Program Files (x86)\NVIDIA Corporation\PhysX\Common;C:\Program Files\Microsoft\Web Platform Installer\;C:\Program Files (x86)\Microsoft ASP.NET\ASP.NET Web Pages\v1.0\;C:\Program Files\Microsoft SQL Server\110\Tools\Binn\;C:\Program Files\Microsoft SQL Server\120\Tools\Binn\;C:\Program Files\Microsoft SQL Server\130\Tools\Binn\;C:\Program Files\Git\cmd;C:\Program Files\Microsoft SQL Server\150\Tools\Binn\;C:\WINDOWS\system32;C:\WINDOWS;C:\WINDOWS\System32\Wbem;C:\WINDOWS\System32\WindowsPowerShell\v1.0\;C:\WINDOWS\System32\OpenSSH\;C:\Program Files\NVIDIA Corporation\NVIDIA App\NvDLISR;C:\Program Files\CMake\bi;C:\Users\Kavis\AppData\Local\ipinfo;C:\Program Files\Java\jdk-21\bin;C:\Program Files\apache-maven-3.9.11\bin;C:\Users\Kavis\AppData\Local\Pub\Cache\bin;C:\Program Files\nvm;C:\Program Files\nodejs;C:\Program Files\nvm;C:\Program Files\Microsoft SQL Server\170\Tools\Binn\;C:\Program Files\Microsoft SQL Server\Client SDK\ODBC\170\Tools\Binn\;C:\Program Files\Eclipse Adoptium\jdk-21.0.8.9-hotspot\bin;C:\Python313\Scripts\;C:\Python313\;C:\Program Files\Eclipse Adoptium\jdk-17.0.15.6-hotspot\bin;C:\Program Files\Python312\Scripts\;C:\Program Files\Python312\;C:\WINDOWS\system32;C:\WINDOWS;C:\WINDOWS\System32\Wbem;C:\WINDOWS\System32\WindowsPowerShell\v1.0\;C:\WINDOWS\System32\OpenSSH\;C:\Program Files\dotnet\;C:\ProgramData\chocolatey\bin;C:\Program Files (x86)\NVIDIA Corporation\PhysX\Common;C:\Program Files\Microsoft\Web Platform Installer\;C:\Program Files (x86)\Microsoft ASP.NET\ASP.NET Web Pages\v1.0\;C:\Program Files\Microsoft SQL Server\110\Tools\Binn\;C:\Program Files\Microsoft SQL Server\120\Tools\Binn\;C:\Program Files\Microsoft SQL Server\130\Tools\Binn\;C:\Program Files\Git\cmd;C:\Program Files\Microsoft SQL Server\150\Tools\Binn\;C:\WINDOWS\system32;C:\WINDOWS;C:\WINDOWS\System32\Wbem;C:\WINDOWS\System32\WindowsPowerShell\v1.0\;C:\WINDOWS\System32\OpenSSH\;C:\Program Files\NVIDIA Corporation\NVIDIA App\NvDLISR;C:\Program Files\CMake\bi;C:\Users\Kavis\AppData\Local\GitHubDesktop\bin;C:\Program Files\nvm;C:\Program Files\nodejs;C:\Users\Kavis\.dotnet\tools
USERNAME=Kavis
OS=Windows_NT
PROCESSOR_IDENTIFIER=Intel64 Family 6 Model 154 Stepping 4, GenuineIntel
TMP=C:\Users\Kavis\AppData\Local\Temp
TEMP=C:\Users\Kavis\AppData\Local\Temp




Periodic native trim disabled

---------------  S Y S T E M  ---------------

OS:
 Windows 11 , 64 bit Build 26100 (10.0.26100.7623)
OS uptime: 5 days 4:01 hours
Hyper-V role detected

CPU: total 12 (initial active 12) (6 cores per cpu, 2 threads per core) family 6 model 154 stepping 4 microcode 0x423, cx8, cmov, fxsr, ht, mmx, 3dnowpref, sse, sse2, sse3, ssse3, sse4.1, sse4.2, popcnt, lzcnt, tsc, tscinvbit, avx, avx2, aes, erms, clmul, bmi1, bmi2, adx, sha, fma, vzeroupper, clflush, clflushopt, clwb, hv, serialize, rdtscp, rdpid, fsrm, f16c, cet_ibt, cet_ss
Processor Information for processor 0
  Max Mhz: 1300, Current Mhz: 1300, Mhz Limit: 1300
Processor Information for processor 1
  Max Mhz: 1300, Current Mhz: 1300, Mhz Limit: 1300
Processor Information for processor 2
  Max Mhz: 1300, Current Mhz: 1300, Mhz Limit: 1300
Processor Information for processor 3
  Max Mhz: 1300, Current Mhz: 1300, Mhz Limit: 1300
Processor Information for processor 4
  Max Mhz: 1300, Current Mhz: 900, Mhz Limit: 897
Processor Information for processor 5
  Max Mhz: 1300, Current Mhz: 900, Mhz Limit: 897
Processor Information for processor 6
  Max Mhz: 1300, Current Mhz: 900, Mhz Limit: 897
Processor Information for processor 7
  Max Mhz: 1300, Current Mhz: 900, Mhz Limit: 897
Processor Information for processor 8
  Max Mhz: 1300, Current Mhz: 900, Mhz Limit: 897
Processor Information for processor 9
  Max Mhz: 1300, Current Mhz: 900, Mhz Limit: 897
Processor Information for processor 10
  Max Mhz: 1300, Current Mhz: 900, Mhz Limit: 897
Processor Information for processor 11
  Max Mhz: 1300, Current Mhz: 900, Mhz Limit: 897

Memory: 4k page, system-wide physical 7896M (499M free)
TotalPageFile size 17896M (AvailPageFile size 10M)
current process WorkingSet (physical memory assigned to process): 111M, peak: 280M
current process commit charge ("private bytes"): 337M, peak: 378M

vm_info: OpenJDK 64-Bit Server VM (21.0.9+10-LTS) for windows-amd64 JRE (21.0.9+10-LTS), built on 2025-10-21T00:00:00Z by "admin" with unknown MS VC++:1942

END.
