#
# There is insufficient memory for the Java Runtime Environment to continue.
# Native memory allocation (malloc) failed to allocate 1556816 bytes. Error detail: Chunk::new
# Possible reasons:
#   The system is out of physical RAM or swap space
#   This process is running with CompressedOops enabled, and the Java Heap may be blocking the growth of the native heap
# Possible solutions:
#   Reduce memory load on the system
#   Increase physical memory or swap space
#   Check if swap backing store is full
#   Decrease Java heap size (-Xmx/-Xms)
#   Decrease number of Java threads
#   Decrease Java thread stack sizes (-Xss)
#   Set larger code cache with -XX:ReservedCodeCacheSize=
#   JVM is running with Unscaled Compressed Oops mode in which the Java heap is
#     placed in the first 4GB address space. The Java Heap base address is the
#     maximum limit for the native heap growth. Please use -XX:HeapBaseMinAddress
#     to set the Java Heap base and to place the Java Heap above 4GB virtual address.
# This output file may be truncated or incomplete.
#
#  Out of Memory Error (arena.cpp:168), pid=11524, tid=25832
#
# JRE version: OpenJDK Runtime Environment Temurin-21.0.9+10 (21.0.9+10) (build 21.0.9+10-LTS)
# Java VM: OpenJDK 64-Bit Server VM Temurin-21.0.9+10 (21.0.9+10-LTS, mixed mode, sharing, tiered, compressed oops, compressed class ptrs, parallel gc, windows-amd64)
# No core dump will be written. Minidumps are not enabled by default on client versions of Windows
#

---------------  S U M M A R Y ------------

Command Line: --add-modules=ALL-SYSTEM --add-opens=java.base/java.util=ALL-UNNAMED --add-opens=java.base/java.lang=ALL-UNNAMED --add-opens=java.base/sun.nio.fs=ALL-UNNAMED -Declipse.application=org.eclipse.jdt.ls.core.id1 -Dosgi.bundles.defaultStartLevel=4 -Declipse.product=org.eclipse.jdt.ls.core.product -Djava.import.generatesMetadataFilesAtProjectRoot=false -DDetectVMInstallationsJob.disabled=true -Dfile.encoding=utf8 -XX:+UseParallelGC -XX:GCTimeRatio=4 -XX:AdaptiveSizePolicyWeight=90 -Dsun.zip.disableMemoryMapping=true -Xmx2G -Xms100m -Xlog:disable -javaagent:c:\Users\Kavis\.vscode\extensions\redhat.java-1.52.0-win32-x64\lombok\lombok-1.18.39-4050.jar c:\Users\Kavis\.vscode\extensions\redhat.java-1.52.0-win32-x64\server\plugins\org.eclipse.equinox.launcher_1.7.100.v20251111-0406.jar -configuration c:\Users\Kavis\AppData\Roaming\Code\User\globalStorage\redhat.java\1.52.0\config_ss_win -data c:\Users\Kavis\AppData\Roaming\Code\User\workspaceStorage\ad1adb9262e567f18e865202dfb941a7\redhat.java\ss_ws --pipe=\\.\pipe\lsp-9666ac5b2afd1002d3d1705f55711724-sock

Host: 12th Gen Intel(R) Core(TM) i5-1235U, 12 cores, 7G,  Windows 11 , 64 bit Build 26100 (10.0.26100.7623)
Time: Mon Feb  2 21:48:37 2026 Sri Lanka Standard Time elapsed time: 24.591049 seconds (0d 0h 0m 24s)

---------------  T H R E A D  ---------------

Current thread (0x00000234666dcee0):  JavaThread "C2 CompilerThread0" daemon [_thread_in_native, id=25832, stack(0x00000046a9f00000,0x00000046aa000000) (1024K)]


Current CompileTask:
C2:24591 2751       4       org.lombokweb.asm.ClassReader::readMethod (1070 bytes)

Stack: [0x00000046a9f00000,0x00000046aa000000]
Native frames: (J=compiled Java code, j=interpreted, Vv=VM code, C=native code)
V  [jvm.dll+0x6d6e29]
V  [jvm.dll+0x8b4b76]
V  [jvm.dll+0x8b712e]
V  [jvm.dll+0x8b7813]
V  [jvm.dll+0x283d86]
V  [jvm.dll+0xc66ed]
V  [jvm.dll+0xc6c31]
V  [jvm.dll+0x3be501]
V  [jvm.dll+0x38ab92]
V  [jvm.dll+0x389fda]
V  [jvm.dll+0x24bfa0]
V  [jvm.dll+0x24b580]
V  [jvm.dll+0x1cb13e]
V  [jvm.dll+0x25b29d]
V  [jvm.dll+0x25982a]
V  [jvm.dll+0x3f7ea6]
V  [jvm.dll+0x85e9ad]
V  [jvm.dll+0x6d565d]
C  [ucrtbase.dll+0x37b0]
C  [KERNEL32.DLL+0x2e8d7]
C  [ntdll.dll+0x8c53c]


---------------  P R O C E S S  ---------------

Threads class SMR info:
_java_thread_list=0x000002346c4e3770, length=20, elements={
0x000002344e9b9410, 0x000002344ea56fe0, 0x000002344ea59090, 0x000002344ea5bbe0,
0x000002344ea5e640, 0x000002344ea68f90, 0x00000234666b9cf0, 0x00000234666dcee0,
0x00000234666dd730, 0x00000234666b8fd0, 0x00000234666b8940, 0x00000234666b9660,
0x00000234666ba380, 0x00000234666b6f00, 0x00000234666b7590, 0x00000234666b7c20,
0x00000234666b82b0, 0x0000023467815f30, 0x0000023467813e60, 0x000002346c6ffce0
}

Java Threads: ( => current thread )
  0x000002344e9b9410 JavaThread "main"                              [_thread_blocked, id=4832, stack(0x00000046a9500000,0x00000046a9600000) (1024K)]
  0x000002344ea56fe0 JavaThread "Reference Handler"          daemon [_thread_blocked, id=3108, stack(0x00000046a9900000,0x00000046a9a00000) (1024K)]
  0x000002344ea59090 JavaThread "Finalizer"                  daemon [_thread_blocked, id=13872, stack(0x00000046a9a00000,0x00000046a9b00000) (1024K)]
  0x000002344ea5bbe0 JavaThread "Signal Dispatcher"          daemon [_thread_blocked, id=22592, stack(0x00000046a9b00000,0x00000046a9c00000) (1024K)]
  0x000002344ea5e640 JavaThread "Attach Listener"            daemon [_thread_blocked, id=23484, stack(0x00000046a9c00000,0x00000046a9d00000) (1024K)]
  0x000002344ea68f90 JavaThread "Service Thread"             daemon [_thread_blocked, id=1916, stack(0x00000046a9d00000,0x00000046a9e00000) (1024K)]
  0x00000234666b9cf0 JavaThread "Monitor Deflation Thread"   daemon [_thread_blocked, id=19252, stack(0x00000046a9e00000,0x00000046a9f00000) (1024K)]
=>0x00000234666dcee0 JavaThread "C2 CompilerThread0"         daemon [_thread_in_native, id=25832, stack(0x00000046a9f00000,0x00000046aa000000) (1024K)]
  0x00000234666dd730 JavaThread "C1 CompilerThread0"         daemon [_thread_blocked, id=23020, stack(0x00000046aa000000,0x00000046aa100000) (1024K)]
  0x00000234666b8fd0 JavaThread "Common-Cleaner"             daemon [_thread_blocked, id=18548, stack(0x00000046aa200000,0x00000046aa300000) (1024K)]
  0x00000234666b8940 JavaThread "Notification Thread"        daemon [_thread_blocked, id=21008, stack(0x00000046aa100000,0x00000046aa200000) (1024K)]
  0x00000234666b9660 JavaThread "Active Thread: Equinox Container: 00f82b9f-293a-4e8e-a97f-550886f9a073"        [_thread_blocked, id=25864, stack(0x00000046aaa00000,0x00000046aab00000) (1024K)]
  0x00000234666ba380 JavaThread "Framework Event Dispatcher: Equinox Container: 00f82b9f-293a-4e8e-a97f-550886f9a073" daemon [_thread_blocked, id=18880, stack(0x00000046aa300000,0x00000046aa400000) (1024K)]
  0x00000234666b6f00 JavaThread "Start Level: Equinox Container: 00f82b9f-293a-4e8e-a97f-550886f9a073" daemon [_thread_in_native, id=22368, stack(0x00000046aab00000,0x00000046aac00000) (1024K)]
  0x00000234666b7590 JavaThread "SCR Component Actor"        daemon [_thread_blocked, id=26344, stack(0x00000046aad00000,0x00000046aae00000) (1024K)]
  0x00000234666b7c20 JavaThread "Worker-JM"                         [_thread_blocked, id=15756, stack(0x00000046aaf00000,0x00000046ab000000) (1024K)]
  0x00000234666b82b0 JavaThread "JNA Cleaner"                daemon [_thread_blocked, id=19220, stack(0x00000046aae00000,0x00000046aaf00000) (1024K)]
  0x0000023467815f30 JavaThread "Worker-0"                          [_thread_blocked, id=18180, stack(0x00000046ab200000,0x00000046ab300000) (1024K)]
  0x0000023467813e60 JavaThread "Worker-1"                          [_thread_blocked, id=21976, stack(0x00000046ab300000,0x00000046ab400000) (1024K)]
  0x000002346c6ffce0 JavaThread "C2 CompilerThread1"         daemon [_thread_blocked, id=20940, stack(0x00000046ab400000,0x00000046ab500000) (1024K)]
Total: 20

Other Threads:
  0x000002344c533a60 VMThread "VM Thread"                           [id=21468, stack(0x00000046a9800000,0x00000046a9900000) (1024K)]
  0x000002344e83cb20 WatcherThread "VM Periodic Task Thread"        [id=26348, stack(0x00000046a9700000,0x00000046a9800000) (1024K)]
  0x000002344c532f80 WorkerThread "GC Thread#0"                     [id=24312, stack(0x00000046a9600000,0x00000046a9700000) (1024K)]
  0x000002344c534540 WorkerThread "GC Thread#1"                     [id=23260, stack(0x00000046aa400000,0x00000046aa500000) (1024K)]
  0x000002344c533320 WorkerThread "GC Thread#2"                     [id=26308, stack(0x00000046aa500000,0x00000046aa600000) (1024K)]
  0x0000023467991a30 WorkerThread "GC Thread#3"                     [id=19892, stack(0x00000046aa600000,0x00000046aa700000) (1024K)]
  0x00000234679928b0 WorkerThread "GC Thread#4"                     [id=22344, stack(0x00000046aa700000,0x00000046aa800000) (1024K)]
  0x0000023467992170 WorkerThread "GC Thread#5"                     [id=20376, stack(0x00000046aa800000,0x00000046aa900000) (1024K)]
  0x0000023467994210 WorkerThread "GC Thread#6"                     [id=23116, stack(0x00000046aa900000,0x00000046aaa00000) (1024K)]
  0x0000023467992c50 WorkerThread "GC Thread#7"                     [id=7580, stack(0x00000046aac00000,0x00000046aad00000) (1024K)]
  0x0000023467993730 WorkerThread "GC Thread#8"                     [id=11040, stack(0x00000046ab000000,0x00000046ab100000) (1024K)]
  0x0000023467994950 WorkerThread "GC Thread#9"                     [id=13744, stack(0x00000046ab100000,0x00000046ab200000) (1024K)]
Total: 12

Threads with active compile tasks:
C2 CompilerThread0  24626 2751       4       org.lombokweb.asm.ClassReader::readMethod (1070 bytes)
Total: 1

VM state: not at safepoint (normal execution)

VM Mutex/Monitor currently owned by a thread: None

Heap address: 0x0000000080000000, size: 2048 MB, Compressed Oops mode: 32-bit

CDS archive(s) mapped at: [0x0000023400000000-0x0000023400ba0000-0x0000023400ba0000), size 12189696, SharedBaseAddress: 0x0000023400000000, ArchiveRelocationMode: 1.
Compressed class space mapped at: 0x0000023401000000-0x0000023441000000, reserved size: 1073741824
Narrow klass base: 0x0000023400000000, Narrow klass shift: 0, Narrow klass range: 0x100000000

GC Precious Log:
 CardTable entry size: 512
 CPUs: 12 total, 12 available
 Memory: 7896M
 Large Page Support: Disabled
 NUMA Support: Disabled
 Compressed Oops: Enabled (32-bit)
 Alignments: Space 512K, Generation 512K, Heap 2M
 Heap Min Capacity: 100M
 Heap Initial Capacity: 100M
 Heap Max Capacity: 2G
 Pre-touch: Disabled
 Parallel Workers: 10

Heap:
 PSYoungGen      total 29696K, used 20108K [0x00000000d5580000, 0x00000000d7800000, 0x0000000100000000)
  eden space 25088K, 80% used [0x00000000d5580000,0x00000000d6923128,0x00000000d6e00000)
  from space 4608K, 0% used [0x00000000d7380000,0x00000000d7380000,0x00000000d7800000)
  to   space 4608K, 0% used [0x00000000d6f00000,0x00000000d6f00000,0x00000000d7380000)
 ParOldGen       total 68608K, used 9874K [0x0000000080000000, 0x0000000084300000, 0x00000000d5580000)
  object space 68608K, 14% used [0x0000000080000000,0x00000000809a4bf0,0x0000000084300000)
 Metaspace       used 22245K, committed 22912K, reserved 1114112K
  class space    used 2156K, committed 2432K, reserved 1048576K

Card table byte_map: [0x000002344e350000,0x000002344e760000] _byte_map_base: 0x000002344df50000

Marking Bits: (ParMarkBitMap*) 0x00007fff45f62460
 Begin Bits: [0x0000023460e60000, 0x0000023462e60000)
 End Bits:   [0x0000023462e60000, 0x0000023464e60000)

Polling page: 0x000002344c810000

Metaspace:

Usage:
  Non-class:     19.62 MB used.
      Class:      2.11 MB used.
       Both:     21.72 MB used.

Virtual space:
  Non-class space:       64.00 MB reserved,      20.00 MB ( 31%) committed,  1 nodes.
      Class space:        1.00 GB reserved,       2.38 MB ( <1%) committed,  1 nodes.
             Both:        1.06 GB reserved,      22.38 MB (  2%) committed. 

Chunk freelists:
   Non-Class:  11.56 MB
       Class:  13.46 MB
        Both:  25.02 MB

MaxMetaspaceSize: unlimited
CompressedClassSpaceSize: 1.00 GB
Initial GC threshold: 21.00 MB
Current GC threshold: 35.00 MB
CDS: on
 - commit_granule_bytes: 65536.
 - commit_granule_words: 8192.
 - virtual_space_node_default_size: 8388608.
 - enlarge_chunks_in_place: 1.
 - use_allocation_guard: 0.


Internal statistics:

num_allocs_failed_limit: 3.
num_arena_births: 510.
num_arena_deaths: 14.
num_vsnodes_births: 2.
num_vsnodes_deaths: 0.
num_space_committed: 358.
num_space_uncommitted: 0.
num_chunks_returned_to_freelist: 17.
num_chunks_taken_from_freelist: 1369.
num_chunk_merges: 9.
num_chunk_splits: 883.
num_chunks_enlarged: 570.
num_inconsistent_stats: 0.

CodeHeap 'non-profiled nmethods': size=120000Kb used=1233Kb max_used=1233Kb free=118766Kb
 bounds [0x0000023459680000, 0x00000234598f0000, 0x0000023460bb0000]
CodeHeap 'profiled nmethods': size=120000Kb used=5441Kb max_used=5441Kb free=114558Kb
 bounds [0x0000023451bb0000, 0x0000023452110000, 0x00000234590e0000]
CodeHeap 'non-nmethods': size=5760Kb used=1318Kb max_used=1333Kb free=4441Kb
 bounds [0x00000234590e0000, 0x0000023459350000, 0x0000023459680000]
CodeCache: size=245760Kb, used=7992Kb, max_used=8007Kb, free=237765Kb
 total_blobs=3415, nmethods=2813, adapters=508, full_count=0
Compilation: enabled, stopped_count=0, restarted_count=0

Compilation events (20 events):
Event: 23.473 Thread 0x00000234666dd730 nmethod 2784 0x00000234520ee090 code [0x00000234520ee240, 0x00000234520ee438]
Event: 23.502 Thread 0x00000234666dd730 2787       1       org.eclipse.core.internal.dtree.DataDeltaNode::isDelta (2 bytes)
Event: 23.502 Thread 0x00000234666dd730 nmethod 2787 0x00000234597afb90 code [0x00000234597afd20, 0x00000234597afde8]
Event: 23.502 Thread 0x00000234666dd730 2788       1       org.eclipse.core.internal.jobs.InternalJob::previous (5 bytes)
Event: 23.502 Thread 0x00000234666dd730 nmethod 2788 0x00000234597afe90 code [0x00000234597b0020, 0x00000234597b00e8]
Event: 23.508 Thread 0x00000234666dd730 2789   !   3       java.io.BufferedInputStream::read (69 bytes)
Event: 23.509 Thread 0x00000234666dd730 nmethod 2789 0x00000234520ee510 code [0x00000234520ee7a0, 0x00000234520ef3e0]
Event: 23.546 Thread 0x00000234666dd730 2791       3       java.net.URL::toString (5 bytes)
Event: 23.547 Thread 0x00000234666dd730 nmethod 2791 0x00000234520ef890 code [0x00000234520efa40, 0x00000234520efc80]
Event: 23.547 Thread 0x00000234666dd730 2790       1       org.eclipse.osgi.internal.loader.EquinoxClassLoader::getDebug (5 bytes)
Event: 23.548 Thread 0x00000234666dd730 nmethod 2790 0x00000234597b0190 code [0x00000234597b0320, 0x00000234597b03e8]
Event: 23.570 Thread 0x00000234666dd730 2795 %     3       lombok.launch.PackageShader::apply @ 154 (252 bytes)
Event: 23.572 Thread 0x00000234666dd730 nmethod 2795% 0x00000234520efd90 code [0x00000234520f0020, 0x00000234520f1088]
Event: 23.573 Thread 0x000002346c6ffce0 2792       4       lombok.launch.ClassFileMetaData::decodeString (181 bytes)
Event: 23.589 Thread 0x00000234666dd730 2796       1       org.eclipse.osgi.internal.loader.classpath.ClasspathManager::getFragmentClasspaths (5 bytes)
Event: 23.589 Thread 0x00000234666dd730 nmethod 2796 0x00000234597b0490 code [0x00000234597b0620, 0x00000234597b06e8]
Event: 23.596 Thread 0x00000234666dd730 2797 %     3       lombok.launch.PackageShader::apply @ 76 (252 bytes)
Event: 23.598 Thread 0x00000234666dd730 nmethod 2797% 0x00000234520f1910 code [0x00000234520f1b80, 0x00000234520f29e0]
Event: 23.598 Thread 0x00000234666dd730 2798   !   3       java.lang.String::replace (258 bytes)
Event: 24.586 Thread 0x00000234666dd730 nmethod 2798 0x00000234520f3190 code [0x00000234520f3660, 0x00000234520f58c0]

GC Heap History (14 events):
Event: 3.307 GC heap before
{Heap before GC invocations=1 (full 0):
 PSYoungGen      total 29696K, used 25600K [0x00000000d5580000, 0x00000000d7680000, 0x0000000100000000)
  eden space 25600K, 100% used [0x00000000d5580000,0x00000000d6e80000,0x00000000d6e80000)
  from space 4096K, 0% used [0x00000000d7280000,0x00000000d7280000,0x00000000d7680000)
  to   space 4096K, 0% used [0x00000000d6e80000,0x00000000d6e80000,0x00000000d7280000)
 ParOldGen       total 68608K, used 0K [0x0000000080000000, 0x0000000084300000, 0x00000000d5580000)
  object space 68608K, 0% used [0x0000000080000000,0x0000000080000000,0x0000000084300000)
 Metaspace       used 4379K, committed 4608K, reserved 1114112K
  class space    used 474K, committed 576K, reserved 1048576K
}
Event: 3.321 GC heap after
{Heap after GC invocations=1 (full 0):
 PSYoungGen      total 29696K, used 3287K [0x00000000d5580000, 0x00000000d7680000, 0x0000000100000000)
  eden space 25600K, 0% used [0x00000000d5580000,0x00000000d5580000,0x00000000d6e80000)
  from space 4096K, 80% used [0x00000000d6e80000,0x00000000d71b5ea8,0x00000000d7280000)
  to   space 4096K, 0% used [0x00000000d7280000,0x00000000d7280000,0x00000000d7680000)
 ParOldGen       total 68608K, used 16K [0x0000000080000000, 0x0000000084300000, 0x00000000d5580000)
  object space 68608K, 0% used [0x0000000080000000,0x0000000080004000,0x0000000084300000)
 Metaspace       used 4379K, committed 4608K, reserved 1114112K
  class space    used 474K, committed 576K, reserved 1048576K
}
Event: 20.464 GC heap before
{Heap before GC invocations=2 (full 0):
 PSYoungGen      total 29696K, used 28887K [0x00000000d5580000, 0x00000000d7680000, 0x0000000100000000)
  eden space 25600K, 100% used [0x00000000d5580000,0x00000000d6e80000,0x00000000d6e80000)
  from space 4096K, 80% used [0x00000000d6e80000,0x00000000d71b5ea8,0x00000000d7280000)
  to   space 4096K, 0% used [0x00000000d7280000,0x00000000d7280000,0x00000000d7680000)
 ParOldGen       total 68608K, used 16K [0x0000000080000000, 0x0000000084300000, 0x00000000d5580000)
  object space 68608K, 0% used [0x0000000080000000,0x0000000080004000,0x0000000084300000)
 Metaspace       used 8202K, committed 8448K, reserved 1114112K
  class space    used 875K, committed 1024K, reserved 1048576K
}
Event: 20.472 GC heap after
{Heap after GC invocations=2 (full 0):
 PSYoungGen      total 29696K, used 4091K [0x00000000d5580000, 0x00000000d7680000, 0x0000000100000000)
  eden space 25600K, 0% used [0x00000000d5580000,0x00000000d5580000,0x00000000d6e80000)
  from space 4096K, 99% used [0x00000000d7280000,0x00000000d767efe8,0x00000000d7680000)
  to   space 4096K, 0% used [0x00000000d6e80000,0x00000000d6e80000,0x00000000d7280000)
 ParOldGen       total 68608K, used 1129K [0x0000000080000000, 0x0000000084300000, 0x00000000d5580000)
  object space 68608K, 1% used [0x0000000080000000,0x000000008011a6a8,0x0000000084300000)
 Metaspace       used 8202K, committed 8448K, reserved 1114112K
  class space    used 875K, committed 1024K, reserved 1048576K
}
Event: 21.263 GC heap before
{Heap before GC invocations=3 (full 0):
 PSYoungGen      total 29696K, used 29691K [0x00000000d5580000, 0x00000000d7680000, 0x0000000100000000)
  eden space 25600K, 100% used [0x00000000d5580000,0x00000000d6e80000,0x00000000d6e80000)
  from space 4096K, 99% used [0x00000000d7280000,0x00000000d767efe8,0x00000000d7680000)
  to   space 4096K, 0% used [0x00000000d6e80000,0x00000000d6e80000,0x00000000d7280000)
 ParOldGen       total 68608K, used 1129K [0x0000000080000000, 0x0000000084300000, 0x00000000d5580000)
  object space 68608K, 1% used [0x0000000080000000,0x000000008011a6a8,0x0000000084300000)
 Metaspace       used 13037K, committed 13568K, reserved 1114112K
  class space    used 1385K, committed 1600K, reserved 1048576K
}
Event: 21.269 GC heap after
{Heap after GC invocations=3 (full 0):
 PSYoungGen      total 29696K, used 4090K [0x00000000d5580000, 0x00000000d7680000, 0x0000000100000000)
  eden space 25600K, 0% used [0x00000000d5580000,0x00000000d5580000,0x00000000d6e80000)
  from space 4096K, 99% used [0x00000000d6e80000,0x00000000d727e848,0x00000000d7280000)
  to   space 4096K, 0% used [0x00000000d7280000,0x00000000d7280000,0x00000000d7680000)
 ParOldGen       total 68608K, used 2842K [0x0000000080000000, 0x0000000084300000, 0x00000000d5580000)
  object space 68608K, 4% used [0x0000000080000000,0x00000000802c6ac0,0x0000000084300000)
 Metaspace       used 13037K, committed 13568K, reserved 1114112K
  class space    used 1385K, committed 1600K, reserved 1048576K
}
Event: 22.545 GC heap before
{Heap before GC invocations=4 (full 0):
 PSYoungGen      total 29696K, used 29690K [0x00000000d5580000, 0x00000000d7680000, 0x0000000100000000)
  eden space 25600K, 100% used [0x00000000d5580000,0x00000000d6e80000,0x00000000d6e80000)
  from space 4096K, 99% used [0x00000000d6e80000,0x00000000d727e848,0x00000000d7280000)
  to   space 4096K, 0% used [0x00000000d7280000,0x00000000d7280000,0x00000000d7680000)
 ParOldGen       total 68608K, used 2842K [0x0000000080000000, 0x0000000084300000, 0x00000000d5580000)
  object space 68608K, 4% used [0x0000000080000000,0x00000000802c6ac0,0x0000000084300000)
 Metaspace       used 16939K, committed 17536K, reserved 1114112K
  class space    used 1785K, committed 2048K, reserved 1048576K
}
Event: 22.555 GC heap after
{Heap after GC invocations=4 (full 0):
 PSYoungGen      total 29696K, used 4065K [0x00000000d5580000, 0x00000000d7680000, 0x0000000100000000)
  eden space 25600K, 0% used [0x00000000d5580000,0x00000000d5580000,0x00000000d6e80000)
  from space 4096K, 99% used [0x00000000d7280000,0x00000000d7678580,0x00000000d7680000)
  to   space 4096K, 0% used [0x00000000d6e80000,0x00000000d6e80000,0x00000000d7280000)
 ParOldGen       total 68608K, used 5522K [0x0000000080000000, 0x0000000084300000, 0x00000000d5580000)
  object space 68608K, 8% used [0x0000000080000000,0x0000000080564880,0x0000000084300000)
 Metaspace       used 16939K, committed 17536K, reserved 1114112K
  class space    used 1785K, committed 2048K, reserved 1048576K
}
Event: 23.181 GC heap before
{Heap before GC invocations=5 (full 0):
 PSYoungGen      total 29696K, used 29665K [0x00000000d5580000, 0x00000000d7680000, 0x0000000100000000)
  eden space 25600K, 100% used [0x00000000d5580000,0x00000000d6e80000,0x00000000d6e80000)
  from space 4096K, 99% used [0x00000000d7280000,0x00000000d7678580,0x00000000d7680000)
  to   space 4096K, 0% used [0x00000000d6e80000,0x00000000d6e80000,0x00000000d7280000)
 ParOldGen       total 68608K, used 5522K [0x0000000080000000, 0x0000000084300000, 0x00000000d5580000)
  object space 68608K, 8% used [0x0000000080000000,0x0000000080564880,0x0000000084300000)
 Metaspace       used 20222K, committed 20928K, reserved 1114112K
  class space    used 2007K, committed 2304K, reserved 1048576K
}
Event: 23.186 GC heap after
{Heap after GC invocations=5 (full 0):
 PSYoungGen      total 29184K, used 4065K [0x00000000d5580000, 0x00000000d7900000, 0x0000000100000000)
  eden space 25088K, 0% used [0x00000000d5580000,0x00000000d5580000,0x00000000d6e00000)
  from space 4096K, 99% used [0x00000000d6e80000,0x00000000d7278580,0x00000000d7280000)
  to   space 5632K, 0% used [0x00000000d7380000,0x00000000d7380000,0x00000000d7900000)
 ParOldGen       total 68608K, used 5778K [0x0000000080000000, 0x0000000084300000, 0x00000000d5580000)
  object space 68608K, 8% used [0x0000000080000000,0x00000000805a4890,0x0000000084300000)
 Metaspace       used 20222K, committed 20928K, reserved 1114112K
  class space    used 2007K, committed 2304K, reserved 1048576K
}
Event: 23.261 GC heap before
{Heap before GC invocations=6 (full 0):
 PSYoungGen      total 29184K, used 11139K [0x00000000d5580000, 0x00000000d7900000, 0x0000000100000000)
  eden space 25088K, 28% used [0x00000000d5580000,0x00000000d5c68730,0x00000000d6e00000)
  from space 4096K, 99% used [0x00000000d6e80000,0x00000000d7278580,0x00000000d7280000)
  to   space 5632K, 0% used [0x00000000d7380000,0x00000000d7380000,0x00000000d7900000)
 ParOldGen       total 68608K, used 5778K [0x0000000080000000, 0x0000000084300000, 0x00000000d5580000)
  object space 68608K, 8% used [0x0000000080000000,0x00000000805a4890,0x0000000084300000)
 Metaspace       used 20829K, committed 21504K, reserved 1114112K
  class space    used 2067K, committed 2368K, reserved 1048576K
}
Event: 23.267 GC heap after
{Heap after GC invocations=6 (full 0):
 PSYoungGen      total 29696K, used 4473K [0x00000000d5580000, 0x00000000d7800000, 0x0000000100000000)
  eden space 25088K, 0% used [0x00000000d5580000,0x00000000d5580000,0x00000000d6e00000)
  from space 4608K, 97% used [0x00000000d7380000,0x00000000d77de400,0x00000000d7800000)
  to   space 4608K, 0% used [0x00000000d6f00000,0x00000000d6f00000,0x00000000d7380000)
 ParOldGen       total 68608K, used 5786K [0x0000000080000000, 0x0000000084300000, 0x00000000d5580000)
  object space 68608K, 8% used [0x0000000080000000,0x00000000805a6890,0x0000000084300000)
 Metaspace       used 20829K, committed 21504K, reserved 1114112K
  class space    used 2067K, committed 2368K, reserved 1048576K
}
Event: 23.267 GC heap before
{Heap before GC invocations=7 (full 1):
 PSYoungGen      total 29696K, used 4473K [0x00000000d5580000, 0x00000000d7800000, 0x0000000100000000)
  eden space 25088K, 0% used [0x00000000d5580000,0x00000000d5580000,0x00000000d6e00000)
  from space 4608K, 97% used [0x00000000d7380000,0x00000000d77de400,0x00000000d7800000)
  to   space 4608K, 0% used [0x00000000d6f00000,0x00000000d6f00000,0x00000000d7380000)
 ParOldGen       total 68608K, used 5786K [0x0000000080000000, 0x0000000084300000, 0x00000000d5580000)
  object space 68608K, 8% used [0x0000000080000000,0x00000000805a6890,0x0000000084300000)
 Metaspace       used 20829K, committed 21504K, reserved 1114112K
  class space    used 2067K, committed 2368K, reserved 1048576K
}
Event: 23.314 GC heap after
{Heap after GC invocations=7 (full 1):
 PSYoungGen      total 29696K, used 0K [0x00000000d5580000, 0x00000000d7800000, 0x0000000100000000)
  eden space 25088K, 0% used [0x00000000d5580000,0x00000000d5580000,0x00000000d6e00000)
  from space 4608K, 0% used [0x00000000d7380000,0x00000000d7380000,0x00000000d7800000)
  to   space 4608K, 0% used [0x00000000d6f00000,0x00000000d6f00000,0x00000000d7380000)
 ParOldGen       total 68608K, used 9874K [0x0000000080000000, 0x0000000084300000, 0x00000000d5580000)
  object space 68608K, 14% used [0x0000000080000000,0x00000000809a4bf0,0x0000000084300000)
 Metaspace       used 20816K, committed 21504K, reserved 1114112K
  class space    used 2063K, committed 2368K, reserved 1048576K
}

Dll operation events (10 events):
Event: 0.545 Loaded shared library c:\Users\Kavis\.vscode\extensions\redhat.java-1.52.0-win32-x64\jre\21.0.9-win32-x86_64\bin\java.dll
Event: 0.864 Loaded shared library c:\Users\Kavis\.vscode\extensions\redhat.java-1.52.0-win32-x64\jre\21.0.9-win32-x86_64\bin\zip.dll
Event: 0.910 Loaded shared library C:\Users\Kavis\.vscode\extensions\redhat.java-1.52.0-win32-x64\jre\21.0.9-win32-x86_64\bin\instrument.dll
Event: 1.022 Loaded shared library C:\Users\Kavis\.vscode\extensions\redhat.java-1.52.0-win32-x64\jre\21.0.9-win32-x86_64\bin\net.dll
Event: 1.115 Loaded shared library C:\Users\Kavis\.vscode\extensions\redhat.java-1.52.0-win32-x64\jre\21.0.9-win32-x86_64\bin\nio.dll
Event: 1.120 Loaded shared library C:\Users\Kavis\.vscode\extensions\redhat.java-1.52.0-win32-x64\jre\21.0.9-win32-x86_64\bin\zip.dll
Event: 1.158 Loaded shared library C:\Users\Kavis\.vscode\extensions\redhat.java-1.52.0-win32-x64\jre\21.0.9-win32-x86_64\bin\jimage.dll
Event: 1.379 Loaded shared library c:\Users\Kavis\.vscode\extensions\redhat.java-1.52.0-win32-x64\jre\21.0.9-win32-x86_64\bin\verify.dll
Event: 20.551 Loaded shared library C:\Users\Kavis\AppData\Roaming\Code\User\globalStorage\redhat.java\1.52.0\config_ss_win\org.eclipse.equinox.launcher\org.eclipse.equinox.launcher.win32.win32.x86_64_1.2.1500.v20260121-1430\eclipse_11919.dll
Event: 22.081 Loaded shared library C:\Users\Kavis\AppData\Local\Temp\jna-72270570\jna156734849626853490.dll

Deoptimization events (20 events):
Event: 22.480 Thread 0x00000234666b6f00 Uncommon trap: trap_request=0xffffffde fr.pc=0x000002345976fd94 relative=0x00000000000003b4
Event: 22.480 Thread 0x00000234666b6f00 Uncommon trap: reason=class_check action=maybe_recompile pc=0x000002345976fd94 method=java.util.regex.Pattern$BmpCharPropertyGreedy.match(Ljava/util/regex/Matcher;ILjava/lang/CharSequence;)Z @ 70 c2
Event: 22.480 Thread 0x00000234666b6f00 DEOPT PACKING pc=0x000002345976fd94 sp=0x00000046aabef620
Event: 22.480 Thread 0x00000234666b6f00 DEOPT UNPACKING pc=0x0000023459133aa2 sp=0x00000046aabef5c8 mode 2
Event: 22.481 Thread 0x00000234666b6f00 Uncommon trap: trap_request=0xffffffde fr.pc=0x000002345976fd94 relative=0x00000000000003b4
Event: 22.481 Thread 0x00000234666b6f00 Uncommon trap: reason=class_check action=maybe_recompile pc=0x000002345976fd94 method=java.util.regex.Pattern$BmpCharPropertyGreedy.match(Ljava/util/regex/Matcher;ILjava/lang/CharSequence;)Z @ 70 c2
Event: 22.481 Thread 0x00000234666b6f00 DEOPT PACKING pc=0x000002345976fd94 sp=0x00000046aabef7e0
Event: 22.481 Thread 0x00000234666b6f00 DEOPT UNPACKING pc=0x0000023459133aa2 sp=0x00000046aabef788 mode 2
Event: 22.481 Thread 0x00000234666b6f00 Uncommon trap: trap_request=0xffffffde fr.pc=0x000002345976fd94 relative=0x00000000000003b4
Event: 22.481 Thread 0x00000234666b6f00 Uncommon trap: reason=class_check action=maybe_recompile pc=0x000002345976fd94 method=java.util.regex.Pattern$BmpCharPropertyGreedy.match(Ljava/util/regex/Matcher;ILjava/lang/CharSequence;)Z @ 70 c2
Event: 22.481 Thread 0x00000234666b6f00 DEOPT PACKING pc=0x000002345976fd94 sp=0x00000046aabef630
Event: 22.481 Thread 0x00000234666b6f00 DEOPT UNPACKING pc=0x0000023459133aa2 sp=0x00000046aabef5d8 mode 2
Event: 23.154 Thread 0x00000234666b6f00 Uncommon trap: trap_request=0xffffff6e fr.pc=0x00000234597ab870 relative=0x0000000000000af0
Event: 23.154 Thread 0x00000234666b6f00 Uncommon trap: reason=loop_limit_check action=maybe_recompile pc=0x00000234597ab870 method=java.util.regex.Pattern$StartS.match(Ljava/util/regex/Matcher;ILjava/lang/CharSequence;)Z @ 34 c2
Event: 23.154 Thread 0x00000234666b6f00 DEOPT PACKING pc=0x00000234597ab870 sp=0x00000046aabf29f0
Event: 23.154 Thread 0x00000234666b6f00 DEOPT UNPACKING pc=0x0000023459133aa2 sp=0x00000046aabf2960 mode 2
Event: 23.209 Thread 0x00000234666b6f00 Uncommon trap: trap_request=0xffffff45 fr.pc=0x00000234597af0a4 relative=0x0000000000000364
Event: 23.209 Thread 0x00000234666b6f00 Uncommon trap: reason=unstable_if action=reinterpret pc=0x00000234597af0a4 method=org.lombokweb.asm.Label.resolve([BLorg/lombokweb/asm/ByteVector;I)Z @ 81 c2
Event: 23.209 Thread 0x00000234666b6f00 DEOPT PACKING pc=0x00000234597af0a4 sp=0x00000046aabf2a70
Event: 23.209 Thread 0x00000234666b6f00 DEOPT UNPACKING pc=0x0000023459133aa2 sp=0x00000046aabf2978 mode 2

Classes loaded (20 events):
Event: 22.526 Loading class java/util/zip/GZIPInputStream
Event: 22.526 Loading class java/util/zip/GZIPInputStream done
Event: 22.544 Loading class java/net/SocketTimeoutException
Event: 22.545 Loading class java/io/InterruptedIOException
Event: 22.556 Loading class java/io/InterruptedIOException done
Event: 22.556 Loading class java/net/SocketTimeoutException done
Event: 22.556 Loading class java/net/SocketException
Event: 22.556 Loading class java/net/SocketException done
Event: 22.556 Loading class java/net/UnknownHostException
Event: 22.556 Loading class java/net/UnknownHostException done
Event: 22.556 Loading class java/net/ProtocolException
Event: 22.556 Loading class java/net/ProtocolException done
Event: 22.607 Loading class java/lang/ThreadLocal$SuppliedThreadLocal
Event: 22.608 Loading class java/lang/ThreadLocal$SuppliedThreadLocal done
Event: 22.646 Loading class java/io/FileWriter
Event: 22.646 Loading class java/io/FileWriter done
Event: 22.801 Loading class java/lang/NegativeArraySizeException
Event: 22.801 Loading class java/lang/NegativeArraySizeException done
Event: 23.505 Loading class org/w3c/dom/DOMException
Event: 23.506 Loading class org/w3c/dom/DOMException done

Classes unloaded (7 events):
Event: 23.278 Thread 0x000002344c533a60 Unloading class 0x000002340118d400 'java/lang/invoke/LambdaForm$MH+0x000002340118d400'
Event: 23.278 Thread 0x000002344c533a60 Unloading class 0x000002340118d000 'java/lang/invoke/LambdaForm$MH+0x000002340118d000'
Event: 23.278 Thread 0x000002344c533a60 Unloading class 0x000002340118cc00 'java/lang/invoke/LambdaForm$MH+0x000002340118cc00'
Event: 23.278 Thread 0x000002344c533a60 Unloading class 0x000002340118c800 'java/lang/invoke/LambdaForm$MH+0x000002340118c800'
Event: 23.278 Thread 0x000002344c533a60 Unloading class 0x000002340118c400 'java/lang/invoke/LambdaForm$BMH+0x000002340118c400'
Event: 23.278 Thread 0x000002344c533a60 Unloading class 0x000002340118c000 'java/lang/invoke/LambdaForm$DMH+0x000002340118c000'
Event: 23.278 Thread 0x000002344c533a60 Unloading class 0x000002340118ac00 'java/lang/invoke/LambdaForm$DMH+0x000002340118ac00'

Classes redefined (0 events):
No events

Internal exceptions (20 events):
Event: 22.120 Thread 0x00000234666b6f00 Exception <a 'java/lang/NoSuchMethodError'{0x00000000d64a5070}: 'void java.lang.invoke.DirectMethodHandle$Holder.invokeSpecial(java.lang.Object, java.lang.Object, java.lang.Object, int)'> (0x00000000d64a5070) 
thrown [s\src\hotspot\share\interpreter\linkResolver.cpp, line 773]
Event: 22.121 Thread 0x00000234666b6f00 Exception <a 'java/lang/NoSuchMethodError'{0x00000000d64a8a00}: 'void java.lang.invoke.DelegatingMethodHandle$Holder.reinvoke_L(java.lang.Object, java.lang.Object, int)'> (0x00000000d64a8a00) 
thrown [s\src\hotspot\share\interpreter\linkResolver.cpp, line 773]
Event: 22.122 Thread 0x00000234666b6f00 Exception <a 'java/lang/NoSuchMethodError'{0x00000000d64af6e8}: 'int java.lang.invoke.Invokers$Holder.invokeExact_MT(java.lang.Object, java.lang.Object, java.lang.Object)'> (0x00000000d64af6e8) 
thrown [s\src\hotspot\share\interpreter\linkResolver.cpp, line 773]
Event: 22.162 Thread 0x00000234666b6f00 Exception <a 'java/lang/NoSuchMethodError'{0x00000000d65bbe08}: 'void java.lang.invoke.Invokers$Holder.invokeExact_MT(java.lang.Object, java.lang.Object, int, java.lang.Object)'> (0x00000000d65bbe08) 
thrown [s\src\hotspot\share\interpreter\linkResolver.cpp, line 773]
Event: 22.233 Thread 0x00000234666b6f00 Exception <a 'java/lang/NoSuchMethodError'{0x00000000d66b8c18}: 'java.lang.Object java.lang.invoke.DirectMethodHandle$Holder.invokeSpecial(java.lang.Object, java.lang.Object, java.lang.Object, long, java.lang.Object)'> (0x00000000d66b8c18) 
thrown [s\src\hotspot\share\interpreter\linkResolver.cpp, line 773]
Event: 22.234 Thread 0x00000234666b6f00 Exception <a 'java/lang/NoSuchMethodError'{0x00000000d66c0460}: 'java.lang.Object java.lang.invoke.DirectMethodHandle$Holder.newInvokeSpecial(java.lang.Object, java.lang.Object, java.lang.Object, long)'> (0x00000000d66c0460) 
thrown [s\src\hotspot\share\interpreter\linkResolver.cpp, line 773]
Event: 22.234 Thread 0x00000234666b6f00 Exception <a 'java/lang/NoSuchMethodError'{0x00000000d66c4810}: 'java.lang.Object java.lang.invoke.DirectMethodHandle$Holder.invokeSpecial(java.lang.Object, java.lang.Object, java.lang.Object, java.lang.Object, long)'> (0x00000000d66c4810) 
thrown [s\src\hotspot\share\interpreter\linkResolver.cpp, line 773]
Event: 22.235 Thread 0x00000234666b6f00 Exception <a 'java/lang/NoSuchMethodError'{0x00000000d66c8430}: 'java.lang.Object java.lang.invoke.Invokers$Holder.linkToTargetMethod(java.lang.Object, java.lang.Object, long, java.lang.Object)'> (0x00000000d66c8430) 
thrown [s\src\hotspot\share\interpreter\linkResolver.cpp, line 773]
Event: 22.255 Thread 0x00000234666b6f00 Exception <a 'java/lang/NoSuchMethodError'{0x00000000d673a4e0}: 'int java.lang.invoke.DirectMethodHandle$Holder.invokeStaticInit(java.lang.Object, java.lang.Object, java.lang.Object)'> (0x00000000d673a4e0) 
thrown [s\src\hotspot\share\interpreter\linkResolver.cpp, line 773]
Event: 22.280 Thread 0x00000234666b6f00 Exception <a 'java/lang/IncompatibleClassChangeError'{0x00000000d67c9970}: Found class java.lang.Object, but interface was expected> (0x00000000d67c9970) 
thrown [s\src\hotspot\share\interpreter\linkResolver.cpp, line 840]
Event: 22.289 Thread 0x00000234666b6f00 Exception <a 'java/lang/NoSuchMethodError'{0x00000000d67dc4f0}: 'java.lang.Object java.lang.invoke.DirectMethodHandle$Holder.invokeSpecial(java.lang.Object, java.lang.Object, java.lang.Object, int, java.lang.Object, java.lang.Object)'> (0x00000000d67dc4f0) 
thrown [s\src\hotspot\share\interpreter\linkResolver.cpp, line 773]
Event: 22.290 Thread 0x00000234666b6f00 Exception <a 'java/lang/NoSuchMethodError'{0x00000000d67e4210}: 'java.lang.Object java.lang.invoke.DirectMethodHandle$Holder.newInvokeSpecial(java.lang.Object, java.lang.Object, java.lang.Object, int, java.lang.Object)'> (0x00000000d67e4210) 
thrown [s\src\hotspot\share\interpreter\linkResolver.cpp, line 773]
Event: 22.291 Thread 0x00000234666b6f00 Exception <a 'java/lang/NoSuchMethodError'{0x00000000d67e8190}: 'java.lang.Object java.lang.invoke.DirectMethodHandle$Holder.invokeSpecial(java.lang.Object, java.lang.Object, java.lang.Object, java.lang.Object, int, java.lang.Object)'> (0x00000000d67e8190) 
thrown [s\src\hotspot\share\interpreter\linkResolver.cpp, line 773]
Event: 22.291 Thread 0x00000234666b6f00 Exception <a 'java/lang/NoSuchMethodError'{0x00000000d67ebcd0}: 'java.lang.Object java.lang.invoke.Invokers$Holder.linkToTargetMethod(java.lang.Object, java.lang.Object, int, java.lang.Object, java.lang.Object)'> (0x00000000d67ebcd0) 
thrown [s\src\hotspot\share\interpreter\linkResolver.cpp, line 773]
Event: 22.292 Thread 0x0000023467815f30 Exception <a 'java/lang/NoSuchMethodError'{0x00000000d6713060}: 'java.lang.Object java.lang.invoke.DirectMethodHandle$Holder.invokeSpecial(java.lang.Object, java.lang.Object, int, java.lang.Object, java.lang.Object)'> (0x00000000d6713060) 
thrown [s\src\hotspot\share\interpreter\linkResolver.cpp, line 773]
Event: 22.293 Thread 0x0000023467815f30 Exception <a 'java/lang/NoSuchMethodError'{0x00000000d6719d98}: 'java.lang.Object java.lang.invoke.DirectMethodHandle$Holder.newInvokeSpecial(java.lang.Object, java.lang.Object, int, java.lang.Object)'> (0x00000000d6719d98) 
thrown [s\src\hotspot\share\interpreter\linkResolver.cpp, line 773]
Event: 22.295 Thread 0x0000023467815f30 Exception <a 'java/lang/NoSuchMethodError'{0x00000000d671d678}: 'java.lang.Object java.lang.invoke.DirectMethodHandle$Holder.invokeSpecial(java.lang.Object, java.lang.Object, java.lang.Object, int, java.lang.Object)'> (0x00000000d671d678) 
thrown [s\src\hotspot\share\interpreter\linkResolver.cpp, line 773]
Event: 22.328 Thread 0x00000234666b6f00 Exception <a 'java/lang/NoSuchMethodError'{0x00000000d6909b60}: 'void java.lang.invoke.DirectMethodHandle$Holder.invokeSpecial(java.lang.Object, java.lang.Object, java.lang.Object, java.lang.Object, java.lang.Object)'> (0x00000000d6909b60) 
thrown [s\src\hotspot\share\interpreter\linkResolver.cpp, line 773]
Event: 22.442 Thread 0x00000234666b6f00 Exception <a 'java/lang/NoSuchMethodError'{0x00000000d6bd68e8}: 'double java.lang.invoke.DirectMethodHandle$Holder.invokeStatic(java.lang.Object, java.lang.Object)'> (0x00000000d6bd68e8) 
thrown [s\src\hotspot\share\interpreter\linkResolver.cpp, line 773]
Event: 22.443 Thread 0x00000234666b6f00 Exception <a 'java/lang/NoSuchMethodError'{0x00000000d6bd9fa8}: 'double java.lang.invoke.DirectMethodHandle$Holder.invokeStaticInit(java.lang.Object, java.lang.Object)'> (0x00000000d6bd9fa8) 
thrown [s\src\hotspot\share\interpreter\linkResolver.cpp, line 773]

ZGC Phase Switch (0 events):
No events

VM Operations (20 events):
Event: 20.643 Executing VM operation: HandshakeAllThreads (Deoptimize) done
Event: 21.068 Executing VM operation: HandshakeAllThreads (Deoptimize)
Event: 21.068 Executing VM operation: HandshakeAllThreads (Deoptimize) done
Event: 21.262 Executing VM operation: ParallelGCFailedAllocation (Allocation Failure)
Event: 21.269 Executing VM operation: ParallelGCFailedAllocation (Allocation Failure) done
Event: 21.371 Executing VM operation: HandshakeAllThreads (Deoptimize)
Event: 21.371 Executing VM operation: HandshakeAllThreads (Deoptimize) done
Event: 21.379 Executing VM operation: HandshakeAllThreads (Deoptimize)
Event: 21.380 Executing VM operation: HandshakeAllThreads (Deoptimize) done
Event: 21.405 Executing VM operation: HandshakeAllThreads (Deoptimize)
Event: 21.405 Executing VM operation: HandshakeAllThreads (Deoptimize) done
Event: 22.097 Executing VM operation: HandshakeAllThreads (Deoptimize)
Event: 22.097 Executing VM operation: HandshakeAllThreads (Deoptimize) done
Event: 22.545 Executing VM operation: ParallelGCFailedAllocation (Allocation Failure)
Event: 22.555 Executing VM operation: ParallelGCFailedAllocation (Allocation Failure) done
Event: 23.181 Executing VM operation: ParallelGCFailedAllocation (Allocation Failure)
Event: 23.186 Executing VM operation: ParallelGCFailedAllocation (Allocation Failure) done
Event: 23.261 Executing VM operation: CollectForMetadataAllocation (Metadata GC Threshold)
Event: 23.314 Executing VM operation: CollectForMetadataAllocation (Metadata GC Threshold) done
Event: 24.321 Executing VM operation: Cleanup

Memory protections (0 events):
No events

Nmethod flushes (0 events):
No events

Events (20 events):
Event: 0.914 Thread 0x000002344e9b9410 Thread added: 0x00000234666b8fd0
Event: 1.122 Thread 0x0000023466898e70 Thread exited: 0x0000023466898e70
Event: 1.600 Thread 0x000002344e9b9410 Thread added: 0x00000234666b8940
Event: 1.630 Thread 0x00000234666dcee0 Thread added: 0x0000023466a18940
Event: 3.709 Thread 0x0000023466a18940 Thread exited: 0x0000023466a18940
Event: 3.907 Thread 0x00000234666dd730 Thread added: 0x000002346c00c100
Event: 4.628 Thread 0x000002344e9b9410 Thread added: 0x00000234666b9660
Event: 5.383 Thread 0x000002346c00c100 Thread exited: 0x000002346c00c100
Event: 20.407 Thread 0x000002344e9b9410 Thread added: 0x00000234666ba380
Event: 20.413 Thread 0x000002344e9b9410 Thread added: 0x00000234666b6f00
Event: 20.628 Thread 0x00000234666b6f00 Thread added: 0x00000234666b7590
Event: 20.803 Thread 0x00000234666dd730 Thread added: 0x00000234676cff60
Event: 21.119 Thread 0x00000234666b6f00 Thread added: 0x00000234666b7c20
Event: 21.899 Thread 0x00000234676cff60 Thread exited: 0x00000234676cff60
Event: 22.134 Thread 0x00000234666b6f00 Thread added: 0x00000234666b82b0
Event: 22.242 Thread 0x00000234666b6f00 Thread added: 0x0000023467815f30
Event: 22.294 Thread 0x00000234666b6f00 Thread added: 0x0000023467813e60
Event: 22.493 Thread 0x00000234666dd730 Thread added: 0x000002346c6ffce0
Event: 22.911 Thread 0x000002346c6ffce0 Thread exited: 0x000002346c6ffce0
Event: 23.572 Thread 0x00000234666dd730 Thread added: 0x000002346c6ffce0


Dynamic libraries:
0x00007ff7cc9a0000 - 0x00007ff7cc9ae000 	c:\Users\Kavis\.vscode\extensions\redhat.java-1.52.0-win32-x64\jre\21.0.9-win32-x86_64\bin\java.exe
0x00007fffafb00000 - 0x00007fffafd67000 	C:\WINDOWS\SYSTEM32\ntdll.dll
0x00007fffae150000 - 0x00007fffae219000 	C:\WINDOWS\System32\KERNEL32.DLL
0x00007fffacd00000 - 0x00007fffad0ef000 	C:\WINDOWS\System32\KERNELBASE.dll
0x00007fffad270000 - 0x00007fffad3bb000 	C:\WINDOWS\System32\ucrtbase.dll
0x00007fff79df0000 - 0x00007fff79e0e000 	c:\Users\Kavis\.vscode\extensions\redhat.java-1.52.0-win32-x64\jre\21.0.9-win32-x86_64\bin\VCRUNTIME140.dll
0x00007fff79260000 - 0x00007fff79278000 	c:\Users\Kavis\.vscode\extensions\redhat.java-1.52.0-win32-x64\jre\21.0.9-win32-x86_64\bin\jli.dll
0x00007fffaeab0000 - 0x00007fffaec75000 	C:\WINDOWS\System32\USER32.dll
0x00007fffad700000 - 0x00007fffad727000 	C:\WINDOWS\System32\win32u.dll
0x00007fff8dfe0000 - 0x00007fff8e273000 	C:\WINDOWS\WinSxS\amd64_microsoft.windows.common-controls_6595b64144ccf1df_6.0.26100.7309_none_3e05feeae336a044\COMCTL32.dll
0x00007fffad8a0000 - 0x00007fffad8cb000 	C:\WINDOWS\System32\GDI32.dll
0x00007fffadf00000 - 0x00007fffadfa9000 	C:\WINDOWS\System32\msvcrt.dll
0x00007fffad450000 - 0x00007fffad57c000 	C:\WINDOWS\System32\gdi32full.dll
0x00007fffacc50000 - 0x00007fffaccf3000 	C:\WINDOWS\System32\msvcp_win.dll
0x00007fffafa80000 - 0x00007fffafab1000 	C:\WINDOWS\System32\IMM32.DLL
0x00007fffa7b80000 - 0x00007fffa7b8c000 	c:\Users\Kavis\.vscode\extensions\redhat.java-1.52.0-win32-x64\jre\21.0.9-win32-x86_64\bin\vcruntime140_1.dll
0x00007fff5db20000 - 0x00007fff5dbad000 	c:\Users\Kavis\.vscode\extensions\redhat.java-1.52.0-win32-x64\jre\21.0.9-win32-x86_64\bin\msvcp140.dll
0x00007fff452a0000 - 0x00007fff46040000 	c:\Users\Kavis\.vscode\extensions\redhat.java-1.52.0-win32-x64\jre\21.0.9-win32-x86_64\bin\server\jvm.dll
0x00007fffaf060000 - 0x00007fffaf114000 	C:\WINDOWS\System32\ADVAPI32.dll
0x00007fffaedd0000 - 0x00007fffaee76000 	C:\WINDOWS\System32\sechost.dll
0x00007fffae220000 - 0x00007fffae338000 	C:\WINDOWS\System32\RPCRT4.dll
0x00007fffadd00000 - 0x00007fffadd74000 	C:\WINDOWS\System32\WS2_32.dll
0x00007fffacab0000 - 0x00007fffacb0e000 	C:\WINDOWS\SYSTEM32\POWRPROF.dll
0x00007fffa1840000 - 0x00007fffa1875000 	C:\WINDOWS\SYSTEM32\WINMM.dll
0x00007fffa5110000 - 0x00007fffa511b000 	C:\WINDOWS\SYSTEM32\VERSION.dll
0x00007fffaca90000 - 0x00007fffacaa4000 	C:\WINDOWS\SYSTEM32\UMPDC.dll
0x00007fffaba00000 - 0x00007fffaba1b000 	C:\WINDOWS\SYSTEM32\kernel.appcore.dll
0x00007fff9aee0000 - 0x00007fff9aeea000 	c:\Users\Kavis\.vscode\extensions\redhat.java-1.52.0-win32-x64\jre\21.0.9-win32-x86_64\bin\jimage.dll
0x00007fffaa300000 - 0x00007fffaa542000 	C:\WINDOWS\SYSTEM32\DBGHELP.DLL
0x00007fffad8d0000 - 0x00007fffadc56000 	C:\WINDOWS\System32\combase.dll
0x00007fffaecf0000 - 0x00007fffaedc6000 	C:\WINDOWS\System32\OLEAUT32.dll
0x00007fff89730000 - 0x00007fff8976c000 	C:\WINDOWS\SYSTEM32\dbgcore.DLL
0x00007fffad1c0000 - 0x00007fffad265000 	C:\WINDOWS\System32\bcryptPrimitives.dll
0x00007fff9a180000 - 0x00007fff9a18f000 	c:\Users\Kavis\.vscode\extensions\redhat.java-1.52.0-win32-x64\jre\21.0.9-win32-x86_64\bin\instrument.dll
0x00007fff6bb20000 - 0x00007fff6bb40000 	c:\Users\Kavis\.vscode\extensions\redhat.java-1.52.0-win32-x64\jre\21.0.9-win32-x86_64\bin\java.dll
0x00007fffae350000 - 0x00007fffaeaa3000 	C:\WINDOWS\System32\SHELL32.dll
0x00007fffad730000 - 0x00007fffad89a000 	C:\WINDOWS\System32\wintypes.dll
0x00007fffaa820000 - 0x00007fffab07e000 	C:\WINDOWS\SYSTEM32\windows.storage.dll
0x00007fffaf250000 - 0x00007fffaf345000 	C:\WINDOWS\System32\SHCORE.dll
0x00007fffaf1e0000 - 0x00007fffaf246000 	C:\WINDOWS\System32\shlwapi.dll
0x00007fffacb70000 - 0x00007fffacb99000 	C:\WINDOWS\SYSTEM32\profapi.dll
0x00007fff691b0000 - 0x00007fff691c8000 	c:\Users\Kavis\.vscode\extensions\redhat.java-1.52.0-win32-x64\jre\21.0.9-win32-x86_64\bin\zip.dll
0x00007fff979d0000 - 0x00007fff979e0000 	C:\Users\Kavis\.vscode\extensions\redhat.java-1.52.0-win32-x64\jre\21.0.9-win32-x86_64\bin\net.dll
0x00007fffa16b0000 - 0x00007fffa17d8000 	C:\WINDOWS\SYSTEM32\WINHTTP.dll
0x00007fffabf70000 - 0x00007fffabfdb000 	C:\WINDOWS\system32\mswsock.dll
0x00007fff68c00000 - 0x00007fff68c16000 	C:\Users\Kavis\.vscode\extensions\redhat.java-1.52.0-win32-x64\jre\21.0.9-win32-x86_64\bin\nio.dll
0x00007fff97930000 - 0x00007fff97940000 	c:\Users\Kavis\.vscode\extensions\redhat.java-1.52.0-win32-x64\jre\21.0.9-win32-x86_64\bin\verify.dll
0x00007fff60e10000 - 0x00007fff60e55000 	C:\Users\Kavis\AppData\Roaming\Code\User\globalStorage\redhat.java\1.52.0\config_ss_win\org.eclipse.equinox.launcher\org.eclipse.equinox.launcher.win32.win32.x86_64_1.2.1500.v20260121-1430\eclipse_11919.dll
0x00007fffadfb0000 - 0x00007fffae147000 	C:\WINDOWS\System32\ole32.dll
0x00007fffac230000 - 0x00007fffac24b000 	C:\WINDOWS\SYSTEM32\CRYPTSP.dll
0x00007fffab960000 - 0x00007fffab99a000 	C:\WINDOWS\system32\rsaenh.dll
0x00007fffac020000 - 0x00007fffac04b000 	C:\WINDOWS\SYSTEM32\USERENV.dll
0x00007fffacb40000 - 0x00007fffacb6a000 	C:\WINDOWS\SYSTEM32\bcrypt.dll
0x00007fffac250000 - 0x00007fffac25c000 	C:\WINDOWS\SYSTEM32\CRYPTBASE.dll
0x00007fffab410000 - 0x00007fffab444000 	C:\WINDOWS\SYSTEM32\IPHLPAPI.DLL
0x00007fffaec80000 - 0x00007fffaec8a000 	C:\WINDOWS\System32\NSI.dll
0x00007fff5e4d0000 - 0x00007fff5e519000 	C:\Users\Kavis\AppData\Local\Temp\jna-72270570\jna156734849626853490.dll
0x00007fffadef0000 - 0x00007fffadef8000 	C:\WINDOWS\System32\PSAPI.DLL

JVMTI agents:
c:\Users\Kavis\.vscode\extensions\redhat.java-1.52.0-win32-x64\lombok\lombok-1.18.39-4050.jar path:c:\Users\Kavis\.vscode\extensions\redhat.java-1.52.0-win32-x64\jre\21.0.9-win32-x86_64\bin\instrument.dll, loaded, initialized, instrumentlib options:none

dbghelp: loaded successfully - version: 4.0.5 - missing functions: none
symbol engine: initialized successfully - sym options: 0x614 - pdb path: .;c:\Users\Kavis\.vscode\extensions\redhat.java-1.52.0-win32-x64\jre\21.0.9-win32-x86_64\bin;C:\WINDOWS\SYSTEM32;C:\WINDOWS\WinSxS\amd64_microsoft.windows.common-controls_6595b64144ccf1df_6.0.26100.7309_none_3e05feeae336a044;c:\Users\Kavis\.vscode\extensions\redhat.java-1.52.0-win32-x64\jre\21.0.9-win32-x86_64\bin\server;C:\Users\Kavis\AppData\Roaming\Code\User\globalStorage\redhat.java\1.52.0\config_ss_win\org.eclipse.equinox.launcher\org.eclipse.equinox.launcher.win32.win32.x86_64_1.2.1500.v20260121-1430;C:\Users\Kavis\AppData\Local\Temp\jna-72270570

VM Arguments:
jvm_args: --add-modules=ALL-SYSTEM --add-opens=java.base/java.util=ALL-UNNAMED --add-opens=java.base/java.lang=ALL-UNNAMED --add-opens=java.base/sun.nio.fs=ALL-UNNAMED -Declipse.application=org.eclipse.jdt.ls.core.id1 -Dosgi.bundles.defaultStartLevel=4 -Declipse.product=org.eclipse.jdt.ls.core.product -Djava.import.generatesMetadataFilesAtProjectRoot=false -DDetectVMInstallationsJob.disabled=true -Dfile.encoding=utf8 -XX:+UseParallelGC -XX:GCTimeRatio=4 -XX:AdaptiveSizePolicyWeight=90 -Dsun.zip.disableMemoryMapping=true -Xmx2G -Xms100m -Xlog:disable -javaagent:c:\Users\Kavis\.vscode\extensions\redhat.java-1.52.0-win32-x64\lombok\lombok-1.18.39-4050.jar 
java_command: c:\Users\Kavis\.vscode\extensions\redhat.java-1.52.0-win32-x64\server\plugins\org.eclipse.equinox.launcher_1.7.100.v20251111-0406.jar -configuration c:\Users\Kavis\AppData\Roaming\Code\User\globalStorage\redhat.java\1.52.0\config_ss_win -data c:\Users\Kavis\AppData\Roaming\Code\User\workspaceStorage\ad1adb9262e567f18e865202dfb941a7\redhat.java\ss_ws --pipe=\\.\pipe\lsp-9666ac5b2afd1002d3d1705f55711724-sock
java_class_path (initial): c:\Users\Kavis\.vscode\extensions\redhat.java-1.52.0-win32-x64\server\plugins\org.eclipse.equinox.launcher_1.7.100.v20251111-0406.jar
Launcher Type: SUN_STANDARD

[Global flags]
    uintx AdaptiveSizePolicyWeight                 = 90                                        {product} {command line}
     intx CICompilerCount                          = 4                                         {product} {ergonomic}
    uintx GCTimeRatio                              = 4                                         {product} {command line}
   size_t InitialHeapSize                          = 104857600                                 {product} {command line}
   size_t MaxHeapSize                              = 2147483648                                {product} {command line}
   size_t MaxNewSize                               = 715653120                                 {product} {ergonomic}
   size_t MinHeapDeltaBytes                        = 524288                                    {product} {ergonomic}
   size_t MinHeapSize                              = 104857600                                 {product} {command line}
   size_t NewSize                                  = 34603008                                  {product} {ergonomic}
    uintx NonNMethodCodeHeapSize                   = 5839372                                {pd product} {ergonomic}
    uintx NonProfiledCodeHeapSize                  = 122909434                              {pd product} {ergonomic}
   size_t OldSize                                  = 70254592                                  {product} {ergonomic}
    uintx ProfiledCodeHeapSize                     = 122909434                              {pd product} {ergonomic}
    uintx ReservedCodeCacheSize                    = 251658240                              {pd product} {ergonomic}
     bool SegmentedCodeCache                       = true                                      {product} {ergonomic}
   size_t SoftMaxHeapSize                          = 2147483648                             {manageable} {ergonomic}
     bool UseCompressedOops                        = true                           {product lp64_product} {ergonomic}
     bool UseLargePagesIndividualAllocation        = false                                  {pd product} {ergonomic}
     bool UseParallelGC                            = true                                      {product} {command line}

Logging:
Log output configuration:
 #0: stdout all=off uptime,level,tags foldmultilines=false
 #1: stderr all=off uptime,level,tags foldmultilines=false

Release file:
JAVA_VERSION="21.0.9" 
MODULES="java.base java.compiler java.datatransfer java.xml java.prefs java.desktop java.instrument java.logging java.management java.security.sasl java.naming java.rmi java.management.rmi java.net.http java.scripting java.security.jgss java.transaction.xa java.sql java.sql.rowset java.xml.crypto java.se java.smartcardio jdk.accessibility jdk.internal.jvmstat jdk.attach jdk.charsets jdk.internal.opt jdk.zipfs jdk.compiler jdk.crypto.ec jdk.crypto.cryptoki jdk.crypto.mscapi jdk.dynalink jdk.internal.ed jdk.editpad jdk.hotspot.agent jdk.httpserver jdk.internal.le jdk.internal.vm.ci jdk.internal.vm.compiler jdk.internal.vm.compiler.management jdk.jartool jdk.javadoc jdk.jcmd jdk.management jdk.management.agent jdk.jconsole jdk.jdeps jdk.jdwp.agent jdk.jdi jdk.jfr jdk.jshell jdk.jsobject jdk.jstatd jdk.localedata jdk.management.jfr jdk.naming.dns jdk.naming.rmi jdk.net jdk.nio.mapmode jdk.random jdk.sctp jdk.security.auth jdk.security.jgss jdk.unsupported jdk.unsupported.desktop jdk.xml.dom" 

Environment Variables:
JAVA_HOME=C:\Program Files\Java\jdk-21
PATH=C:\Program Files\Common Files\Oracle\Java\javapath;C:\Python313\Scripts\;C:\Python313\;C:\Program Files\Eclipse Adoptium\jdk-17.0.15.6-hotspot\bin;C:\Program Files\Python312\Scripts\;C:\Program Files\Python312\;C:\WINDOWS\system32;C:\WINDOWS;C:\WINDOWS\System32\Wbem;C:\WINDOWS\System32\WindowsPowerShell\v1.0\;C:\WINDOWS\System32\OpenSSH\;C:\Program Files\dotnet\;C:\ProgramData\chocolatey\bin;C:\Program Files (x86)\NVIDIA Corporation\PhysX\Common;C:\Program Files\Microsoft\Web Platform Installer\;C:\Program Files (x86)\Microsoft ASP.NET\ASP.NET Web Pages\v1.0\;C:\Program Files\Microsoft SQL Server\110\Tools\Binn\;C:\Program Files\Microsoft SQL Server\120\Tools\Binn\;C:\Program Files\Microsoft SQL Server\130\Tools\Binn\;C:\Program Files\Git\cmd;C:\Program Files\Microsoft SQL Server\150\Tools\Binn\;C:\WINDOWS\system32;C:\WINDOWS;C:\WINDOWS\System32\Wbem;C:\WINDOWS\System32\WindowsPowerShell\v1.0\;C:\WINDOWS\System32\OpenSSH\;C:\Program Files\NVIDIA Corporation\NVIDIA App\NvDLISR;C:\Program Files\CMake\bin;C:\php;C:\Program Files\CodeBlocks\MinGW\bin;C:\NASM;C:\Program Files\Docker\Docker\resources\bin;C:\flutter\bin;C:\adb\platform-tools;C:\apache-cassandra-3.11.10\bin;C:\Program Files\MongoDB\Server\8.0\bin;C:\Python313\Scripts\;C:\Python313\;C:\Program Files\Python312\Scripts\;C:\Program Files\Python312\;C:\WINDOWS\system32;C:\WINDOWS;C:\WINDOWS\System32\Wbem;C:\WINDOWS\System32\WindowsPowerShell\v1.0\;C:\WINDOWS\System32\OpenSSH\;C:\Program Files\dotnet\;C:\ProgramData\chocolatey\bin;C:\Program Files (x86)\NVIDIA Corporation\PhysX\Common;C:\Program Files\Microsoft\Web Platform Installer\;C:\Program Files (x86)\Microsoft ASP.NET\ASP.NET Web Pages\v1.0\;C:\Program Files\Microsoft SQL Server\110\Tools\Binn\;C:\Program Files\Microsoft SQL Server\120\Tools\Binn\;C:\Program Files\Microsoft SQL Server\130\Tools\Binn\;C:\Program Files\Git\cmd;C:\Program Files\Microsoft SQL Server\150\Tools\Binn\;C:\WINDOWS\system32;C:\WINDOWS;C:\WINDOWS\System32\Wbem;C:\WINDOWS\System32\WindowsPowerShell\v1.0\;C:\WINDOWS\System32\OpenSSH\;C:\Program Files\NVIDIA Corporation\NVIDIA App\NvDLISR;C:\Program Files\CMake\bi;C:\Users\Kavis\AppData\Local\ipinfo;C:\Program Files\Java\jdk-21\bin;C:\Program Files\apache-maven-3.9.11\bin;C:\Users\Kavis\AppData\Local\Pub\Cache\bin;C:\Program Files\nvm;C:\Program Files\nodejs;C:\Program Files\nvm;C:\Program Files\Microsoft SQL Server\170\Tools\Binn\;C:\Program Files\Microsoft SQL Server\Client SDK\ODBC\170\Tools\Binn\;C:\Program Files\Eclipse Adoptium\jdk-21.0.8.9-hotspot\bin;C:\Python313\Scripts\;C:\Python313\;C:\Program Files\Eclipse Adoptium\jdk-17.0.15.6-hotspot\bin;C:\Program Files\Python312\Scripts\;C:\Program Files\Python312\;C:\WINDOWS\system32;C:\WINDOWS;C:\WINDOWS\System32\Wbem;C:\WINDOWS\System32\WindowsPowerShell\v1.0\;C:\WINDOWS\System32\OpenSSH\;C:\Program Files\dotnet\;C:\ProgramData\chocolatey\bin;C:\Program Files (x86)\NVIDIA Corporation\PhysX\Common;C:\Program Files\Microsoft\Web Platform Installer\;C:\Program Files (x86)\Microsoft ASP.NET\ASP.NET Web Pages\v1.0\;C:\Program Files\Microsoft SQL Server\110\Tools\Binn\;C:\Program Files\Microsoft SQL Server\120\Tools\Binn\;C:\Program Files\Microsoft SQL Server\130\Tools\Binn\;C:\Program Files\Git\cmd;C:\Program Files\Microsoft SQL Server\150\Tools\Binn\;C:\WINDOWS\system32;C:\WINDOWS;C:\WINDOWS\System32\Wbem;C:\WINDOWS\System32\WindowsPowerShell\v1.0\;C:\WINDOWS\System32\OpenSSH\;C:\Program Files\NVIDIA Corporation\NVIDIA App\NvDLISR;C:\Program Files\CMake\bi;C:\Users\Kavis\AppData\Local\GitHubDesktop\bin;C:\Program Files\nvm;C:\Program Files\nodejs;C:\Users\Kavis\.dotnet\tools
USERNAME=Kavis
OS=Windows_NT
PROCESSOR_IDENTIFIER=Intel64 Family 6 Model 154 Stepping 4, GenuineIntel
TMP=C:\Users\Kavis\AppData\Local\Temp
TEMP=C:\Users\Kavis\AppData\Local\Temp




Periodic native trim disabled

---------------  S Y S T E M  ---------------

OS:
 Windows 11 , 64 bit Build 26100 (10.0.26100.7623)
OS uptime: 3 days 5:45 hours
Hyper-V role detected

CPU: total 12 (initial active 12) (6 cores per cpu, 2 threads per core) family 6 model 154 stepping 4 microcode 0x423, cx8, cmov, fxsr, ht, mmx, 3dnowpref, sse, sse2, sse3, ssse3, sse4.1, sse4.2, popcnt, lzcnt, tsc, tscinvbit, avx, avx2, aes, erms, clmul, bmi1, bmi2, adx, sha, fma, vzeroupper, clflush, clflushopt, clwb, hv, serialize, rdtscp, rdpid, fsrm, f16c, cet_ibt, cet_ss
Processor Information for processor 0
  Max Mhz: 1300, Current Mhz: 1300, Mhz Limit: 1300
Processor Information for processor 1
  Max Mhz: 1300, Current Mhz: 1300, Mhz Limit: 1300
Processor Information for processor 2
  Max Mhz: 1300, Current Mhz: 1300, Mhz Limit: 1300
Processor Information for processor 3
  Max Mhz: 1300, Current Mhz: 1300, Mhz Limit: 1300
Processor Information for processor 4
  Max Mhz: 1300, Current Mhz: 900, Mhz Limit: 897
Processor Information for processor 5
  Max Mhz: 1300, Current Mhz: 900, Mhz Limit: 897
Processor Information for processor 6
  Max Mhz: 1300, Current Mhz: 900, Mhz Limit: 897
Processor Information for processor 7
  Max Mhz: 1300, Current Mhz: 900, Mhz Limit: 897
Processor Information for processor 8
  Max Mhz: 1300, Current Mhz: 900, Mhz Limit: 897
Processor Information for processor 9
  Max Mhz: 1300, Current Mhz: 900, Mhz Limit: 897
Processor Information for processor 10
  Max Mhz: 1300, Current Mhz: 900, Mhz Limit: 897
Processor Information for processor 11
  Max Mhz: 1300, Current Mhz: 900, Mhz Limit: 897

Memory: 4k page, system-wide physical 7896M (537M free)
TotalPageFile size 17896M (AvailPageFile size 5M)
current process WorkingSet (physical memory assigned to process): 134M, peak: 134M
current process commit charge ("private bytes"): 286M, peak: 287M

vm_info: OpenJDK 64-Bit Server VM (21.0.9+10-LTS) for windows-amd64 JRE (21.0.9+10-LTS), built on 2025-10-21T00:00:00Z by "admin" with unknown MS VC++:1942

END.
