#
# There is insufficient memory for the Java Runtime Environment to continue.
# Native memory allocation (malloc) failed to allocate 1048576 bytes. Error detail: AllocateHeap
# Possible reasons:
#   The system is out of physical RAM or swap space
#   This process is running with CompressedOops enabled, and the Java Heap may be blocking the growth of the native heap
# Possible solutions:
#   Reduce memory load on the system
#   Increase physical memory or swap space
#   Check if swap backing store is full
#   Decrease Java heap size (-Xmx/-Xms)
#   Decrease number of Java threads
#   Decrease Java thread stack sizes (-Xss)
#   Set larger code cache with -XX:ReservedCodeCacheSize=
#   JVM is running with Unscaled Compressed Oops mode in which the Java heap is
#     placed in the first 4GB address space. The Java Heap base address is the
#     maximum limit for the native heap growth. Please use -XX:HeapBaseMinAddress
#     to set the Java Heap base and to place the Java Heap above 4GB virtual address.
# This output file may be truncated or incomplete.
#
#  Out of Memory Error (allocation.cpp:44), pid=9784, tid=16612
#
# JRE version: OpenJDK Runtime Environment Temurin-21.0.8+9 (21.0.8+9) (build 21.0.8+9-LTS)
# Java VM: OpenJDK 64-Bit Server VM Temurin-21.0.8+9 (21.0.8+9-LTS, mixed mode, sharing, tiered, compressed oops, compressed class ptrs, parallel gc, windows-amd64)
# No core dump will be written. Minidumps are not enabled by default on client versions of Windows
#

---------------  S U M M A R Y ------------

Command Line: --add-modules=ALL-SYSTEM --add-opens=java.base/java.util=ALL-UNNAMED --add-opens=java.base/java.lang=ALL-UNNAMED --add-opens=java.base/sun.nio.fs=ALL-UNNAMED -Declipse.application=org.eclipse.jdt.ls.core.id1 -Dosgi.bundles.defaultStartLevel=4 -Declipse.product=org.eclipse.jdt.ls.core.product -Djava.import.generatesMetadataFilesAtProjectRoot=false -DDetectVMInstallationsJob.disabled=true -Dfile.encoding=utf8 -XX:+UseParallelGC -XX:GCTimeRatio=4 -XX:AdaptiveSizePolicyWeight=90 -Dsun.zip.disableMemoryMapping=true -Xmx2G -Xms100m -Xlog:disable -javaagent:c:\Users\Kavis\.vscode\extensions\redhat.java-1.45.0-win32-x64\lombok\lombok-1.18.39-4050.jar -XX:+HeapDumpOnOutOfMemoryError -XX:HeapDumpPath=c:\Users\Kavis\AppData\Roaming\Code\User\workspaceStorage\ad1adb9262e567f18e865202dfb941a7\redhat.java -Daether.dependencyCollector.impl=bf c:\Users\Kavis\.vscode\extensions\redhat.java-1.45.0-win32-x64\server\plugins\org.eclipse.equinox.launcher_1.7.0.v20250519-0528.jar -configuration c:\Users\Kavis\AppData\Roaming\Code\User\globalStorage\redhat.java\1.45.0\config_win -data c:\Users\Kavis\AppData\Roaming\Code\User\workspaceStorage\ad1adb9262e567f18e865202dfb941a7\redhat.java\jdt_ws --pipe=\\.\pipe\lsp-cfe09914e1228b35587ccf7006213097-sock

Host: 12th Gen Intel(R) Core(TM) i5-1235U, 12 cores, 7G,  Windows 11 , 64 bit Build 26100 (10.0.26100.5074)
Time: Fri Sep 19 14:59:22 2025 Sri Lanka Standard Time elapsed time: 5636.417555 seconds (0d 1h 33m 56s)

---------------  T H R E A D  ---------------

Current thread (0x000002547fd99140):  JavaThread "Attach Listener" daemon [_thread_in_vm, id=16612, stack(0x000000efc7e00000,0x000000efc7f00000) (1024K)]

Stack: [0x000000efc7e00000,0x000000efc7f00000]
Native frames: (J=compiled Java code, j=interpreted, Vv=VM code, C=native code)
V  [jvm.dll+0x6d2449]
V  [jvm.dll+0x8ae341]
V  [jvm.dll+0x8b08be]
V  [jvm.dll+0x8b0fa3]
V  [jvm.dll+0x280c96]
V  [jvm.dll+0xc0347]
V  [jvm.dll+0x6d2cf9]
V  [jvm.dll+0x131116]
V  [jvm.dll+0x3f2d16]
V  [jvm.dll+0x857e6b]
V  [jvm.dll+0x6d0b0d]
C  [ucrtbase.dll+0x37b0]
C  [KERNEL32.DLL+0x2e8d7]
C  [ntdll.dll+0x8d9c]


---------------  P R O C E S S  ---------------

Threads class SMR info:
_java_thread_list=0x000002545b65dff0, length=42, elements={
0x000002547fceeff0, 0x000002547fd943e0, 0x000002547fd95aa0, 0x000002547fd98140,
0x000002547fd99140, 0x000002547fd9b2f0, 0x000002547fd9f340, 0x000002547fda7870,
0x000002545a37af40, 0x000002545a4331f0, 0x000002545a6b0900, 0x000002545ba86fc0,
0x000002546017d8c0, 0x000002545b405a10, 0x000002545b67b0d0, 0x000002545b92e150,
0x000002545b91da40, 0x000002545b9b8620, 0x000002545b9b6be0, 0x000002545b9b7270,
0x0000025462de0690, 0x0000025462de20d0, 0x0000025462de0d20, 0x0000025462de2760,
0x0000025462de2df0, 0x0000025462ddf970, 0x0000025462de3480, 0x0000025462de0000,
0x0000025462de3b10, 0x0000025462de41a0, 0x0000025462de4830, 0x0000025462de13b0,
0x0000025462de4ec0, 0x0000025462de1a40, 0x0000025462de6900, 0x0000025462de5550,
0x000002546302a960, 0x000002546302f190, 0x000002546415dfa0, 0x000002546415f350,
0x0000025464160d90, 0x00000254641634f0
}

Java Threads: ( => current thread )
  0x000002547fceeff0 JavaThread "main"                              [_thread_blocked, id=15604, stack(0x000000efc7700000,0x000000efc7800000) (1024K)]
  0x000002547fd943e0 JavaThread "Reference Handler"          daemon [_thread_blocked, id=16960, stack(0x000000efc7b00000,0x000000efc7c00000) (1024K)]
  0x000002547fd95aa0 JavaThread "Finalizer"                  daemon [_thread_blocked, id=16396, stack(0x000000efc7c00000,0x000000efc7d00000) (1024K)]
  0x000002547fd98140 JavaThread "Signal Dispatcher"          daemon [_thread_blocked, id=17340, stack(0x000000efc7d00000,0x000000efc7e00000) (1024K)]
=>0x000002547fd99140 JavaThread "Attach Listener"            daemon [_thread_in_vm, id=16612, stack(0x000000efc7e00000,0x000000efc7f00000) (1024K)]
  0x000002547fd9b2f0 JavaThread "Service Thread"             daemon [_thread_blocked, id=16608, stack(0x000000efc7f00000,0x000000efc8000000) (1024K)]
  0x000002547fd9f340 JavaThread "Monitor Deflation Thread"   daemon [_thread_blocked, id=17220, stack(0x000000efc8000000,0x000000efc8100000) (1024K)]
  0x000002547fda7870 JavaThread "C2 CompilerThread0"         daemon [_thread_blocked, id=16776, stack(0x000000efc8100000,0x000000efc8200000) (1024K)]
  0x000002545a37af40 JavaThread "C1 CompilerThread0"         daemon [_thread_blocked, id=16736, stack(0x000000efc8200000,0x000000efc8300000) (1024K)]
  0x000002545a4331f0 JavaThread "Common-Cleaner"             daemon [_thread_blocked, id=16740, stack(0x000000efc8300000,0x000000efc8400000) (1024K)]
  0x000002545a6b0900 JavaThread "Notification Thread"        daemon [_thread_blocked, id=16800, stack(0x000000efc8500000,0x000000efc8600000) (1024K)]
  0x000002545ba86fc0 JavaThread "Active Thread: Equinox Container: 646669e8-0193-4df3-8793-cbf4d9e191cf"        [_thread_blocked, id=16836, stack(0x000000efc8d00000,0x000000efc8e00000) (1024K)]
  0x000002546017d8c0 JavaThread "Refresh Thread: Equinox Container: 646669e8-0193-4df3-8793-cbf4d9e191cf" daemon [_thread_blocked, id=13056, stack(0x000000efc8400000,0x000000efc8500000) (1024K)]
  0x000002545b405a10 JavaThread "Framework Event Dispatcher: Equinox Container: 646669e8-0193-4df3-8793-cbf4d9e191cf" daemon [_thread_blocked, id=14712, stack(0x000000efc8e00000,0x000000efc8f00000) (1024K)]
  0x000002545b67b0d0 JavaThread "Start Level: Equinox Container: 646669e8-0193-4df3-8793-cbf4d9e191cf" daemon [_thread_blocked, id=16824, stack(0x000000efc8f00000,0x000000efc9000000) (1024K)]
  0x000002545b92e150 JavaThread "Bundle File Closer"         daemon [_thread_blocked, id=2188, stack(0x000000efc9200000,0x000000efc9300000) (1024K)]
  0x000002545b91da40 JavaThread "SCR Component Actor"        daemon [_thread_blocked, id=15544, stack(0x000000efc9400000,0x000000efc9500000) (1024K)]
  0x000002545b9b8620 JavaThread "Worker-JM"                         [_thread_blocked, id=16572, stack(0x000000efc9700000,0x000000efc9800000) (1024K)]
  0x000002545b9b6be0 JavaThread "JNA Cleaner"                daemon [_thread_blocked, id=10616, stack(0x000000efc9800000,0x000000efc9900000) (1024K)]
  0x000002545b9b7270 JavaThread "Java indexing"              daemon [_thread_blocked, id=17500, stack(0x000000efc9c00000,0x000000efc9d00000) (1024K)]
  0x0000025462de0690 JavaThread "Thread-2"                   daemon [_thread_in_native, id=17516, stack(0x000000efca000000,0x000000efca100000) (1024K)]
  0x0000025462de20d0 JavaThread "Thread-3"                   daemon [_thread_in_native, id=17520, stack(0x000000efca100000,0x000000efca200000) (1024K)]
  0x0000025462de0d20 JavaThread "Thread-4"                   daemon [_thread_in_native, id=17524, stack(0x000000efca200000,0x000000efca300000) (1024K)]
  0x0000025462de2760 JavaThread "Thread-5"                   daemon [_thread_in_native, id=17528, stack(0x000000efca300000,0x000000efca400000) (1024K)]
  0x0000025462de2df0 JavaThread "Thread-6"                   daemon [_thread_in_native, id=17532, stack(0x000000efca400000,0x000000efca500000) (1024K)]
  0x0000025462ddf970 JavaThread "Thread-7"                   daemon [_thread_in_native, id=17536, stack(0x000000efca500000,0x000000efca600000) (1024K)]
  0x0000025462de3480 JavaThread "Thread-8"                   daemon [_thread_in_native, id=17540, stack(0x000000efca600000,0x000000efca700000) (1024K)]
  0x0000025462de0000 JavaThread "Thread-9"                   daemon [_thread_in_native, id=17544, stack(0x000000efca700000,0x000000efca800000) (1024K)]
  0x0000025462de3b10 JavaThread "Thread-10"                  daemon [_thread_in_native, id=17548, stack(0x000000efca800000,0x000000efca900000) (1024K)]
  0x0000025462de41a0 JavaThread "Thread-11"                  daemon [_thread_in_native, id=17552, stack(0x000000efca900000,0x000000efcaa00000) (1024K)]
  0x0000025462de4830 JavaThread "Thread-12"                  daemon [_thread_in_native, id=17556, stack(0x000000efcaa00000,0x000000efcab00000) (1024K)]
  0x0000025462de13b0 JavaThread "Thread-13"                  daemon [_thread_in_native, id=17560, stack(0x000000efcab00000,0x000000efcac00000) (1024K)]
  0x0000025462de4ec0 JavaThread "Thread-14"                  daemon [_thread_in_native, id=17564, stack(0x000000efcac00000,0x000000efcad00000) (1024K)]
  0x0000025462de1a40 JavaThread "pool-2-thread-1"                   [_thread_blocked, id=17572, stack(0x000000efcad00000,0x000000efcae00000) (1024K)]
  0x0000025462de6900 JavaThread "WorkspaceEventsHandler"            [_thread_blocked, id=17648, stack(0x000000efcae00000,0x000000efcaf00000) (1024K)]
  0x0000025462de5550 JavaThread "pool-1-thread-1"                   [_thread_blocked, id=17656, stack(0x000000efcaf00000,0x000000efcb000000) (1024K)]
  0x000002546302a960 JavaThread "Worker-5"                          [_thread_blocked, id=9696, stack(0x000000efc7400000,0x000000efc7500000) (1024K)]
  0x000002546302f190 JavaThread "Cleaner-0"                  daemon [_thread_blocked, id=19748, stack(0x000000efcb500000,0x000000efcb600000) (1024K)]
  0x000002546415dfa0 JavaThread "Java Debug Server"          daemon [_thread_in_native, id=7488, stack(0x000000efcd900000,0x000000efcda00000) (1024K)]
  0x000002546415f350 JavaThread "RxSchedulerPurge-1"         daemon [_thread_blocked, id=13508, stack(0x000000efcdb00000,0x000000efcdc00000) (1024K)]
  0x0000025464160d90 JavaThread "RxCachedWorkerPoolEvictor-1" daemon [_thread_blocked, id=11760, stack(0x000000efcdc00000,0x000000efcdd00000) (1024K)]
  0x00000254641634f0 JavaThread "Worker-11"                         [_thread_blocked, id=11924, stack(0x000000efc9a00000,0x000000efc9b00000) (1024K)]
Total: 42

Other Threads:
  0x0000025417dd40b0 VMThread "VM Thread"                           [id=9224, stack(0x000000efc7a00000,0x000000efc7b00000) (1024K)]
  0x0000025417ccca00 WatcherThread "VM Periodic Task Thread"        [id=9220, stack(0x000000efc7900000,0x000000efc7a00000) (1024K)]
  0x000002547fd0d760 WorkerThread "GC Thread#0"                     [id=16400, stack(0x000000efc7800000,0x000000efc7900000) (1024K)]
  0x000002545b77c630 WorkerThread "GC Thread#1"                     [id=16504, stack(0x000000efc8700000,0x000000efc8800000) (1024K)]
  0x000002545b77c9d0 WorkerThread "GC Thread#2"                     [id=5448, stack(0x000000efc8800000,0x000000efc8900000) (1024K)]
  0x000002545b9347c0 WorkerThread "GC Thread#3"                     [id=16664, stack(0x000000efc8900000,0x000000efc8a00000) (1024K)]
  0x000002545b934b60 WorkerThread "GC Thread#4"                     [id=15824, stack(0x000000efc8a00000,0x000000efc8b00000) (1024K)]
  0x000002545b934f00 WorkerThread "GC Thread#5"                     [id=13152, stack(0x000000efc8b00000,0x000000efc8c00000) (1024K)]
  0x000002545b9352a0 WorkerThread "GC Thread#6"                     [id=10508, stack(0x000000efc8c00000,0x000000efc8d00000) (1024K)]
  0x000002545a573990 WorkerThread "GC Thread#7"                     [id=16744, stack(0x000000efc8600000,0x000000efc8700000) (1024K)]
  0x000002545a572eb0 WorkerThread "GC Thread#8"                     [id=12172, stack(0x000000efc9000000,0x000000efc9100000) (1024K)]
  0x000002545a574470 WorkerThread "GC Thread#9"                     [id=14456, stack(0x000000efc9100000,0x000000efc9200000) (1024K)]
Total: 12

Threads with active compile tasks:
Total: 0

VM state: not at safepoint (normal execution)

VM Mutex/Monitor currently owned by a thread: None

Heap address: 0x0000000080000000, size: 2048 MB, Compressed Oops mode: 32-bit

CDS archive(s) mapped at: [0x0000025418000000-0x0000025418ba0000-0x0000025418ba0000), size 12189696, SharedBaseAddress: 0x0000025418000000, ArchiveRelocationMode: 1.
Compressed class space mapped at: 0x0000025419000000-0x0000025459000000, reserved size: 1073741824
Narrow klass base: 0x0000025418000000, Narrow klass shift: 0, Narrow klass range: 0x100000000

GC Precious Log:
 CardTable entry size: 512
 CPUs: 12 total, 12 available
 Memory: 7896M
 Large Page Support: Disabled
 NUMA Support: Disabled
 Compressed Oops: Enabled (32-bit)
 Alignments: Space 512K, Generation 512K, Heap 2M
 Heap Min Capacity: 100M
 Heap Initial Capacity: 100M
 Heap Max Capacity: 2G
 Pre-touch: Disabled
 Parallel Workers: 10

Heap:
 PSYoungGen      total 8704K, used 5387K [0x00000000d5580000, 0x00000000d6b80000, 0x0000000100000000)
  eden space 8192K, 59% used [0x00000000d5580000,0x00000000d5a436f0,0x00000000d5d80000)
  from space 512K, 99% used [0x00000000d5e00000,0x00000000d5e7f568,0x00000000d5e80000)
  to   space 7168K, 0% used [0x00000000d6480000,0x00000000d6480000,0x00000000d6b80000)
 ParOldGen       total 173056K, used 172874K [0x0000000080000000, 0x000000008a900000, 0x00000000d5580000)
  object space 173056K, 99% used [0x0000000080000000,0x000000008a8d2808,0x000000008a900000)
 Metaspace       used 75558K, committed 77376K, reserved 1179648K
  class space    used 8076K, committed 8832K, reserved 1048576K

Card table byte_map: [0x000002547f690000,0x000002547faa0000] _byte_map_base: 0x000002547f290000

Marking Bits: (ParMarkBitMap*) 0x00007ffb4d66a340
 Begin Bits: [0x00000254137f0000, 0x00000254157f0000)
 End Bits:   [0x00000254157f0000, 0x00000254177f0000)

Polling page: 0x000002547ee90000

Metaspace:

Usage:
  Non-class:     65.90 MB used.
      Class:      7.89 MB used.
       Both:     73.79 MB used.

Virtual space:
  Non-class space:      128.00 MB reserved,      66.94 MB ( 52%) committed,  2 nodes.
      Class space:        1.00 GB reserved,       8.62 MB ( <1%) committed,  1 nodes.
             Both:        1.12 GB reserved,      75.56 MB (  7%) committed. 

Chunk freelists:
   Non-Class:  13.11 MB
       Class:  7.30 MB
        Both:  20.41 MB

MaxMetaspaceSize: unlimited
CompressedClassSpaceSize: 1.00 GB
Initial GC threshold: 21.00 MB
Current GC threshold: 97.31 MB
CDS: on
 - commit_granule_bytes: 65536.
 - commit_granule_words: 8192.
 - virtual_space_node_default_size: 8388608.
 - enlarge_chunks_in_place: 1.
 - use_allocation_guard: 0.


Internal statistics:

num_allocs_failed_limit: 9.
num_arena_births: 1472.
num_arena_deaths: 26.
num_vsnodes_births: 3.
num_vsnodes_deaths: 0.
num_space_committed: 1209.
num_space_uncommitted: 0.
num_chunks_returned_to_freelist: 40.
num_chunks_taken_from_freelist: 5144.
num_chunk_merges: 14.
num_chunk_splits: 3121.
num_chunks_enlarged: 1744.
num_inconsistent_stats: 0.

CodeHeap 'non-profiled nmethods': size=120000Kb used=10745Kb max_used=10745Kb free=109254Kb
 bounds [0x000002540c010000, 0x000002540ca90000, 0x0000025413540000]
CodeHeap 'profiled nmethods': size=120000Kb used=29489Kb max_used=29489Kb free=90510Kb
 bounds [0x0000025404540000, 0x0000025406210000, 0x000002540ba70000]
CodeHeap 'non-nmethods': size=5760Kb used=1482Kb max_used=1563Kb free=4278Kb
 bounds [0x000002540ba70000, 0x000002540bce0000, 0x000002540c010000]
CodeCache: size=245760Kb, used=41716Kb, max_used=41797Kb, free=204042Kb
 total_blobs=13611, nmethods=12802, adapters=713, full_count=0
Compilation: enabled, stopped_count=0, restarted_count=0

Compilation events (20 events):
Event: 3916.217 Thread 0x000002545a37af40 13592       3       java.lang.ProcessHandleImpl::get (51 bytes)
Event: 3916.227 Thread 0x000002545a37af40 nmethod 13592 0x0000025406209b90 code [0x0000025406209da0, 0x000002540620a3a8]
Event: 3930.446 Thread 0x000002545a37af40 13593       3       org.eclipse.core.internal.jobs.JobQueue::isEmpty (18 bytes)
Event: 3930.447 Thread 0x000002545a37af40 nmethod 13593 0x000002540620a610 code [0x000002540620a7c0, 0x000002540620a950]
Event: 3930.457 Thread 0x000002545a37af40 13594   !   3       org.eclipse.core.internal.jobs.JobManager::sleepHint (67 bytes)
Event: 3930.461 Thread 0x000002545a37af40 nmethod 13594 0x000002540620aa10 code [0x000002540620ac80, 0x000002540620b750]
Event: 4233.553 Thread 0x000002547fda7870 13595       4       java.util.concurrent.ScheduledThreadPoolExecutor$ScheduledFutureTask::getDelay (16 bytes)
Event: 4233.558 Thread 0x000002547fda7870 nmethod 13595 0x000002540ca8bf90 code [0x000002540ca8c140, 0x000002540ca8c2d8]
Event: 4963.837 Thread 0x000002547fda7870 13596   !   4       java.util.concurrent.locks.AbstractQueuedSynchronizer::acquire (424 bytes)
Event: 4963.954 Thread 0x000002547fda7870 nmethod 13596 0x000002540ca8c490 code [0x000002540ca8c700, 0x000002540ca8d4a8]
Event: 5044.221 Thread 0x000002545a37af40 13597   !   3       java.util.logging.LogManager::getUserContext (118 bytes)
Event: 5044.229 Thread 0x000002545a37af40 nmethod 13597 0x000002540620bc10 code [0x000002540620bdc0, 0x000002540620c030]
Event: 5044.229 Thread 0x000002545a37af40 13598       3       jdk.internal.access.SharedSecrets::getJavaAWTAccess (4 bytes)
Event: 5044.229 Thread 0x000002545a37af40 nmethod 13598 0x000002540620c190 code [0x000002540620c320, 0x000002540620c418]
Event: 5155.834 Thread 0x000002547fda7870 13599       4       java.util.concurrent.locks.AbstractQueuedSynchronizer$Node::clearStatus (12 bytes)
Event: 5155.835 Thread 0x000002547fda7870 nmethod 13599 0x000002540ca8dd10 code [0x000002540ca8dea0, 0x000002540ca8df30]
Event: 5178.828 Thread 0x000002547fda7870 13600       4       java.util.concurrent.locks.AbstractQueuedSynchronizer$Node::getAndUnsetStatus (14 bytes)
Event: 5178.832 Thread 0x000002547fda7870 nmethod 13600 0x000002540ca8e010 code [0x000002540ca8e1a0, 0x000002540ca8e270]
Event: 5302.822 Thread 0x000002547fda7870 13601   !   4       java.util.concurrent.locks.AbstractQueuedSynchronizer::tryInitializeHead (66 bytes)
Event: 5302.825 Thread 0x000002547fda7870 nmethod 13601 0x000002540ca8e310 code [0x000002540ca8e4a0, 0x000002540ca8e658]

GC Heap History (20 events):
Event: 2304.230 GC heap before
{Heap before GC invocations=133 (full 3):
 PSYoungGen      total 8704K, used 8480K [0x00000000d5580000, 0x00000000d5f80000, 0x0000000100000000)
  eden space 8192K, 100% used [0x00000000d5580000,0x00000000d5d80000,0x00000000d5d80000)
  from space 512K, 56% used [0x00000000d5e80000,0x00000000d5ec8000,0x00000000d5f00000)
  to   space 512K, 0% used [0x00000000d5f00000,0x00000000d5f00000,0x00000000d5f80000)
 ParOldGen       total 163840K, used 163832K [0x0000000080000000, 0x000000008a000000, 0x00000000d5580000)
  object space 163840K, 99% used [0x0000000080000000,0x0000000089ffe398,0x000000008a000000)
 Metaspace       used 74700K, committed 76352K, reserved 1179648K
  class space    used 7996K, committed 8704K, reserved 1048576K
}
Event: 2304.232 GC heap after
{Heap after GC invocations=133 (full 3):
 PSYoungGen      total 8704K, used 320K [0x00000000d5580000, 0x00000000d5f80000, 0x0000000100000000)
  eden space 8192K, 0% used [0x00000000d5580000,0x00000000d5580000,0x00000000d5d80000)
  from space 512K, 62% used [0x00000000d5f00000,0x00000000d5f50000,0x00000000d5f80000)
  to   space 512K, 0% used [0x00000000d5e80000,0x00000000d5e80000,0x00000000d5f00000)
 ParOldGen       total 164352K, used 163936K [0x0000000080000000, 0x000000008a080000, 0x00000000d5580000)
  object space 164352K, 99% used [0x0000000080000000,0x000000008a018398,0x000000008a080000)
 Metaspace       used 74700K, committed 76352K, reserved 1179648K
  class space    used 7996K, committed 8704K, reserved 1048576K
}
Event: 2304.392 GC heap before
{Heap before GC invocations=134 (full 3):
 PSYoungGen      total 8704K, used 7863K [0x00000000d5580000, 0x00000000d5f80000, 0x0000000100000000)
  eden space 8192K, 92% used [0x00000000d5580000,0x00000000d5cddef0,0x00000000d5d80000)
  from space 512K, 62% used [0x00000000d5f00000,0x00000000d5f50000,0x00000000d5f80000)
  to   space 512K, 0% used [0x00000000d5e80000,0x00000000d5e80000,0x00000000d5f00000)
 ParOldGen       total 164352K, used 163936K [0x0000000080000000, 0x000000008a080000, 0x00000000d5580000)
  object space 164352K, 99% used [0x0000000080000000,0x000000008a018398,0x000000008a080000)
 Metaspace       used 74713K, committed 76416K, reserved 1179648K
  class space    used 7996K, committed 8704K, reserved 1048576K
}
Event: 2304.394 GC heap after
{Heap after GC invocations=134 (full 3):
 PSYoungGen      total 8704K, used 378K [0x00000000d5580000, 0x00000000d5f80000, 0x0000000100000000)
  eden space 8192K, 0% used [0x00000000d5580000,0x00000000d5580000,0x00000000d5d80000)
  from space 512K, 73% used [0x00000000d5e80000,0x00000000d5ede900,0x00000000d5f00000)
  to   space 512K, 0% used [0x00000000d5f00000,0x00000000d5f00000,0x00000000d5f80000)
 ParOldGen       total 164352K, used 163992K [0x0000000080000000, 0x000000008a080000, 0x00000000d5580000)
  object space 164352K, 99% used [0x0000000080000000,0x000000008a026398,0x000000008a080000)
 Metaspace       used 74713K, committed 76416K, reserved 1179648K
  class space    used 7996K, committed 8704K, reserved 1048576K
}
Event: 2304.429 GC heap before
{Heap before GC invocations=135 (full 3):
 PSYoungGen      total 8704K, used 8454K [0x00000000d5580000, 0x00000000d5f80000, 0x0000000100000000)
  eden space 8192K, 98% used [0x00000000d5580000,0x00000000d5d63020,0x00000000d5d80000)
  from space 512K, 73% used [0x00000000d5e80000,0x00000000d5ede900,0x00000000d5f00000)
  to   space 512K, 0% used [0x00000000d5f00000,0x00000000d5f00000,0x00000000d5f80000)
 ParOldGen       total 164352K, used 163992K [0x0000000080000000, 0x000000008a080000, 0x00000000d5580000)
  object space 164352K, 99% used [0x0000000080000000,0x000000008a026398,0x000000008a080000)
 Metaspace       used 74714K, committed 76416K, reserved 1179648K
  class space    used 7996K, committed 8704K, reserved 1048576K
}
Event: 2304.433 GC heap after
{Heap after GC invocations=135 (full 3):
 PSYoungGen      total 8704K, used 445K [0x00000000d5580000, 0x00000000d5f80000, 0x0000000100000000)
  eden space 8192K, 0% used [0x00000000d5580000,0x00000000d5580000,0x00000000d5d80000)
  from space 512K, 87% used [0x00000000d5f00000,0x00000000d5f6f6c8,0x00000000d5f80000)
  to   space 512K, 0% used [0x00000000d5e80000,0x00000000d5e80000,0x00000000d5f00000)
 ParOldGen       total 165888K, used 165791K [0x0000000080000000, 0x000000008a200000, 0x00000000d5580000)
  object space 165888K, 99% used [0x0000000080000000,0x000000008a1e7d60,0x000000008a200000)
 Metaspace       used 74714K, committed 76416K, reserved 1179648K
  class space    used 7996K, committed 8704K, reserved 1048576K
}
Event: 2328.794 GC heap before
{Heap before GC invocations=136 (full 3):
 PSYoungGen      total 8704K, used 8637K [0x00000000d5580000, 0x00000000d5f80000, 0x0000000100000000)
  eden space 8192K, 100% used [0x00000000d5580000,0x00000000d5d80000,0x00000000d5d80000)
  from space 512K, 87% used [0x00000000d5f00000,0x00000000d5f6f6c8,0x00000000d5f80000)
  to   space 512K, 0% used [0x00000000d5e80000,0x00000000d5e80000,0x00000000d5f00000)
 ParOldGen       total 165888K, used 165791K [0x0000000080000000, 0x000000008a200000, 0x00000000d5580000)
  object space 165888K, 99% used [0x0000000080000000,0x000000008a1e7d60,0x000000008a200000)
 Metaspace       used 74727K, committed 76416K, reserved 1179648K
  class space    used 7996K, committed 8704K, reserved 1048576K
}
Event: 2328.796 GC heap after
{Heap after GC invocations=136 (full 3):
 PSYoungGen      total 8704K, used 512K [0x00000000d5580000, 0x00000000d5f80000, 0x0000000100000000)
  eden space 8192K, 0% used [0x00000000d5580000,0x00000000d5580000,0x00000000d5d80000)
  from space 512K, 100% used [0x00000000d5e80000,0x00000000d5f00000,0x00000000d5f00000)
  to   space 512K, 0% used [0x00000000d5f00000,0x00000000d5f00000,0x00000000d5f80000)
 ParOldGen       total 165888K, used 165887K [0x0000000080000000, 0x000000008a200000, 0x00000000d5580000)
  object space 165888K, 99% used [0x0000000080000000,0x000000008a1ffd60,0x000000008a200000)
 Metaspace       used 74727K, committed 76416K, reserved 1179648K
  class space    used 7996K, committed 8704K, reserved 1048576K
}
Event: 2329.201 GC heap before
{Heap before GC invocations=137 (full 3):
 PSYoungGen      total 8704K, used 8704K [0x00000000d5580000, 0x00000000d5f80000, 0x0000000100000000)
  eden space 8192K, 100% used [0x00000000d5580000,0x00000000d5d80000,0x00000000d5d80000)
  from space 512K, 100% used [0x00000000d5e80000,0x00000000d5f00000,0x00000000d5f00000)
  to   space 512K, 0% used [0x00000000d5f00000,0x00000000d5f00000,0x00000000d5f80000)
 ParOldGen       total 165888K, used 165887K [0x0000000080000000, 0x000000008a200000, 0x00000000d5580000)
  object space 165888K, 99% used [0x0000000080000000,0x000000008a1ffd60,0x000000008a200000)
 Metaspace       used 74795K, committed 76608K, reserved 1179648K
  class space    used 7999K, committed 8768K, reserved 1048576K
}
Event: 2329.204 GC heap after
{Heap after GC invocations=137 (full 3):
 PSYoungGen      total 8704K, used 484K [0x00000000d5580000, 0x00000000d6080000, 0x0000000100000000)
  eden space 8192K, 0% used [0x00000000d5580000,0x00000000d5580000,0x00000000d5d80000)
  from space 512K, 94% used [0x00000000d5f00000,0x00000000d5f79210,0x00000000d5f80000)
  to   space 1536K, 0% used [0x00000000d5d80000,0x00000000d5d80000,0x00000000d5f00000)
 ParOldGen       total 166400K, used 166378K [0x0000000080000000, 0x000000008a280000, 0x00000000d5580000)
  object space 166400K, 99% used [0x0000000080000000,0x000000008a27aa38,0x000000008a280000)
 Metaspace       used 74795K, committed 76608K, reserved 1179648K
  class space    used 7999K, committed 8768K, reserved 1048576K
}
Event: 2329.285 GC heap before
{Heap before GC invocations=138 (full 3):
 PSYoungGen      total 8704K, used 8616K [0x00000000d5580000, 0x00000000d6080000, 0x0000000100000000)
  eden space 8192K, 99% used [0x00000000d5580000,0x00000000d5d710f0,0x00000000d5d80000)
  from space 512K, 94% used [0x00000000d5f00000,0x00000000d5f79210,0x00000000d5f80000)
  to   space 1536K, 0% used [0x00000000d5d80000,0x00000000d5d80000,0x00000000d5f00000)
 ParOldGen       total 166400K, used 166378K [0x0000000080000000, 0x000000008a280000, 0x00000000d5580000)
  object space 166400K, 99% used [0x0000000080000000,0x000000008a27aa38,0x000000008a280000)
 Metaspace       used 74814K, committed 76608K, reserved 1179648K
  class space    used 8002K, committed 8768K, reserved 1048576K
}
Event: 2329.287 GC heap after
{Heap after GC invocations=138 (full 3):
 PSYoungGen      total 8704K, used 282K [0x00000000d5580000, 0x00000000d5f80000, 0x0000000100000000)
  eden space 8192K, 0% used [0x00000000d5580000,0x00000000d5580000,0x00000000d5d80000)
  from space 512K, 55% used [0x00000000d5d80000,0x00000000d5dc6900,0x00000000d5e00000)
  to   space 1024K, 0% used [0x00000000d5e80000,0x00000000d5e80000,0x00000000d5f80000)
 ParOldGen       total 166912K, used 166903K [0x0000000080000000, 0x000000008a300000, 0x00000000d5580000)
  object space 166912K, 99% used [0x0000000080000000,0x000000008a2fdc48,0x000000008a300000)
 Metaspace       used 74814K, committed 76608K, reserved 1179648K
  class space    used 8002K, committed 8768K, reserved 1048576K
}
Event: 2332.292 GC heap before
{Heap before GC invocations=139 (full 3):
 PSYoungGen      total 8704K, used 8474K [0x00000000d5580000, 0x00000000d5f80000, 0x0000000100000000)
  eden space 8192K, 100% used [0x00000000d5580000,0x00000000d5d80000,0x00000000d5d80000)
  from space 512K, 55% used [0x00000000d5d80000,0x00000000d5dc6900,0x00000000d5e00000)
  to   space 1024K, 0% used [0x00000000d5e80000,0x00000000d5e80000,0x00000000d5f80000)
 ParOldGen       total 166912K, used 166903K [0x0000000080000000, 0x000000008a300000, 0x00000000d5580000)
  object space 166912K, 99% used [0x0000000080000000,0x000000008a2fdc48,0x000000008a300000)
 Metaspace       used 75046K, committed 76864K, reserved 1179648K
  class space    used 8026K, committed 8768K, reserved 1048576K
}
Event: 2332.295 GC heap after
{Heap after GC invocations=139 (full 3):
 PSYoungGen      total 9216K, used 480K [0x00000000d5580000, 0x00000000d5f80000, 0x0000000100000000)
  eden space 8192K, 0% used [0x00000000d5580000,0x00000000d5580000,0x00000000d5d80000)
  from space 1024K, 46% used [0x00000000d5e80000,0x00000000d5ef8020,0x00000000d5f80000)
  to   space 1024K, 0% used [0x00000000d5d80000,0x00000000d5d80000,0x00000000d5e80000)
 ParOldGen       total 167424K, used 166975K [0x0000000080000000, 0x000000008a380000, 0x00000000d5580000)
  object space 167424K, 99% used [0x0000000080000000,0x000000008a30fc48,0x000000008a380000)
 Metaspace       used 75046K, committed 76864K, reserved 1179648K
  class space    used 8026K, committed 8768K, reserved 1048576K
}
Event: 2332.391 GC heap before
{Heap before GC invocations=140 (full 3):
 PSYoungGen      total 9216K, used 8672K [0x00000000d5580000, 0x00000000d5f80000, 0x0000000100000000)
  eden space 8192K, 100% used [0x00000000d5580000,0x00000000d5d80000,0x00000000d5d80000)
  from space 1024K, 46% used [0x00000000d5e80000,0x00000000d5ef8020,0x00000000d5f80000)
  to   space 1024K, 0% used [0x00000000d5d80000,0x00000000d5d80000,0x00000000d5e80000)
 ParOldGen       total 167424K, used 166975K [0x0000000080000000, 0x000000008a380000, 0x00000000d5580000)
  object space 167424K, 99% used [0x0000000080000000,0x000000008a30fc48,0x000000008a380000)
 Metaspace       used 75123K, committed 76928K, reserved 1179648K
  class space    used 8033K, committed 8768K, reserved 1048576K
}
Event: 2332.394 GC heap after
{Heap after GC invocations=140 (full 3):
 PSYoungGen      total 9216K, used 372K [0x00000000d5580000, 0x00000000d5f00000, 0x0000000100000000)
  eden space 8192K, 0% used [0x00000000d5580000,0x00000000d5580000,0x00000000d5d80000)
  from space 1024K, 36% used [0x00000000d5d80000,0x00000000d5ddd200,0x00000000d5e80000)
  to   space 512K, 0% used [0x00000000d5e80000,0x00000000d5e80000,0x00000000d5f00000)
 ParOldGen       total 167424K, used 167210K [0x0000000080000000, 0x000000008a380000, 0x00000000d5580000)
  object space 167424K, 99% used [0x0000000080000000,0x000000008a34a870,0x000000008a380000)
 Metaspace       used 75123K, committed 76928K, reserved 1179648K
  class space    used 8033K, committed 8768K, reserved 1048576K
}
Event: 2718.748 GC heap before
{Heap before GC invocations=141 (full 3):
 PSYoungGen      total 9216K, used 8564K [0x00000000d5580000, 0x00000000d5f00000, 0x0000000100000000)
  eden space 8192K, 100% used [0x00000000d5580000,0x00000000d5d80000,0x00000000d5d80000)
  from space 1024K, 36% used [0x00000000d5d80000,0x00000000d5ddd200,0x00000000d5e80000)
  to   space 512K, 0% used [0x00000000d5e80000,0x00000000d5e80000,0x00000000d5f00000)
 ParOldGen       total 167424K, used 167210K [0x0000000080000000, 0x000000008a380000, 0x00000000d5580000)
  object space 167424K, 99% used [0x0000000080000000,0x000000008a34a870,0x000000008a380000)
 Metaspace       used 75532K, committed 77248K, reserved 1179648K
  class space    used 8075K, committed 8832K, reserved 1048576K
}
Event: 2718.755 GC heap after
{Heap after GC invocations=141 (full 3):
 PSYoungGen      total 8704K, used 484K [0x00000000d5580000, 0x00000000d5f00000, 0x0000000100000000)
  eden space 8192K, 0% used [0x00000000d5580000,0x00000000d5580000,0x00000000d5d80000)
  from space 512K, 94% used [0x00000000d5e80000,0x00000000d5ef9210,0x00000000d5f00000)
  to   space 512K, 0% used [0x00000000d5e00000,0x00000000d5e00000,0x00000000d5e80000)
 ParOldGen       total 167424K, used 167314K [0x0000000080000000, 0x000000008a380000, 0x00000000d5580000)
  object space 167424K, 99% used [0x0000000080000000,0x000000008a364870,0x000000008a380000)
 Metaspace       used 75532K, committed 77248K, reserved 1179648K
  class space    used 8075K, committed 8832K, reserved 1048576K
}
Event: 2718.918 GC heap before
{Heap before GC invocations=142 (full 3):
 PSYoungGen      total 8704K, used 8653K [0x00000000d5580000, 0x00000000d5f00000, 0x0000000100000000)
  eden space 8192K, 99% used [0x00000000d5580000,0x00000000d5d7a2e0,0x00000000d5d80000)
  from space 512K, 94% used [0x00000000d5e80000,0x00000000d5ef9210,0x00000000d5f00000)
  to   space 512K, 0% used [0x00000000d5e00000,0x00000000d5e00000,0x00000000d5e80000)
 ParOldGen       total 167424K, used 167314K [0x0000000080000000, 0x000000008a380000, 0x00000000d5580000)
  object space 167424K, 99% used [0x0000000080000000,0x000000008a364870,0x000000008a380000)
 Metaspace       used 75542K, committed 77248K, reserved 1179648K
  class space    used 8075K, committed 8832K, reserved 1048576K
}
Event: 2718.928 GC heap after
{Heap after GC invocations=142 (full 3):
 PSYoungGen      total 8704K, used 509K [0x00000000d5580000, 0x00000000d6b80000, 0x0000000100000000)
  eden space 8192K, 0% used [0x00000000d5580000,0x00000000d5580000,0x00000000d5d80000)
  from space 512K, 99% used [0x00000000d5e00000,0x00000000d5e7f568,0x00000000d5e80000)
  to   space 7168K, 0% used [0x00000000d6480000,0x00000000d6480000,0x00000000d6b80000)
 ParOldGen       total 173056K, used 172874K [0x0000000080000000, 0x000000008a900000, 0x00000000d5580000)
  object space 173056K, 99% used [0x0000000080000000,0x000000008a8d2808,0x000000008a900000)
 Metaspace       used 75542K, committed 77248K, reserved 1179648K
  class space    used 8075K, committed 8832K, reserved 1048576K
}

Dll operation events (12 events):
Event: 0.020 Loaded shared library c:\Users\Kavis\.vscode\extensions\redhat.java-1.45.0-win32-x64\jre\21.0.8-win32-x86_64\bin\java.dll
Event: 0.166 Loaded shared library c:\Users\Kavis\.vscode\extensions\redhat.java-1.45.0-win32-x64\jre\21.0.8-win32-x86_64\bin\zip.dll
Event: 0.203 Loaded shared library C:\Users\Kavis\.vscode\extensions\redhat.java-1.45.0-win32-x64\jre\21.0.8-win32-x86_64\bin\instrument.dll
Event: 0.212 Loaded shared library C:\Users\Kavis\.vscode\extensions\redhat.java-1.45.0-win32-x64\jre\21.0.8-win32-x86_64\bin\net.dll
Event: 0.219 Loaded shared library C:\Users\Kavis\.vscode\extensions\redhat.java-1.45.0-win32-x64\jre\21.0.8-win32-x86_64\bin\nio.dll
Event: 0.226 Loaded shared library C:\Users\Kavis\.vscode\extensions\redhat.java-1.45.0-win32-x64\jre\21.0.8-win32-x86_64\bin\zip.dll
Event: 0.258 Loaded shared library C:\Users\Kavis\.vscode\extensions\redhat.java-1.45.0-win32-x64\jre\21.0.8-win32-x86_64\bin\jimage.dll
Event: 0.401 Loaded shared library c:\Users\Kavis\.vscode\extensions\redhat.java-1.45.0-win32-x64\jre\21.0.8-win32-x86_64\bin\verify.dll
Event: 10.612 Loaded shared library C:\Users\Kavis\AppData\Roaming\Code\User\globalStorage\redhat.java\1.45.0\config_win\org.eclipse.equinox.launcher\org.eclipse.equinox.launcher.win32.win32.x86_64_1.2.1400.v20250801-0854\eclipse_11916.dll
Event: 30.177 Loaded shared library C:\Users\Kavis\AppData\Local\Temp\jna-72270570\jna6811179978574328688.dll
Event: 2168.957 Loaded shared library C:\Users\Kavis\.vscode\extensions\redhat.java-1.45.0-win32-x64\jre\21.0.8-win32-x86_64\bin\sunmscapi.dll
Event: 2190.467 Loaded shared library C:\Users\Kavis\.vscode\extensions\redhat.java-1.45.0-win32-x64\jre\21.0.8-win32-x86_64\bin\extnet.dll

Deoptimization events (20 events):
Event: 2712.951 Thread 0x000002546415f9e0 Uncommon trap: trap_request=0xffffffde fr.pc=0x000002540c571800 relative=0x00000000000000e0
Event: 2712.951 Thread 0x000002546415f9e0 Uncommon trap: reason=class_check action=maybe_recompile pc=0x000002540c571800 method=java.util.stream.ReduceOps.makeRef(Ljava/util/stream/Collector;)Ljava/util/stream/TerminalOp; @ 4 c2
Event: 2712.951 Thread 0x000002546415f9e0 DEOPT PACKING pc=0x000002540c571800 sp=0x000000efc75fe8a0
Event: 2712.951 Thread 0x000002546415f9e0 DEOPT UNPACKING pc=0x000002540bac3aa2 sp=0x000000efc75fe820 mode 2
Event: 2712.951 Thread 0x000002546415f9e0 Uncommon trap: trap_request=0xffffffde fr.pc=0x000002540c571800 relative=0x00000000000000e0
Event: 2712.951 Thread 0x000002546415f9e0 Uncommon trap: reason=class_check action=maybe_recompile pc=0x000002540c571800 method=java.util.stream.ReduceOps.makeRef(Ljava/util/stream/Collector;)Ljava/util/stream/TerminalOp; @ 4 c2
Event: 2712.951 Thread 0x000002546415f9e0 DEOPT PACKING pc=0x000002540c571800 sp=0x000000efc75fe8a0
Event: 2712.951 Thread 0x000002546415f9e0 DEOPT UNPACKING pc=0x000002540bac3aa2 sp=0x000000efc75fe820 mode 2
Event: 2718.740 Thread 0x000002546302a2d0 Uncommon trap: trap_request=0xfffffff4 fr.pc=0x000002540c97f180 relative=0x0000000000000220
Event: 2718.740 Thread 0x000002546302a2d0 Uncommon trap: reason=null_check action=make_not_entrant pc=0x000002540c97f180 method=org.eclipse.jdt.internal.core.JavaProject.equals(Ljava/lang/Object;)Z @ 8 c2
Event: 2718.740 Thread 0x000002546302a2d0 DEOPT PACKING pc=0x000002540c97f180 sp=0x000000efc96fe530
Event: 2718.744 Thread 0x000002546302a2d0 DEOPT UNPACKING pc=0x000002540bac3aa2 sp=0x000000efc96fe4d8 mode 2
Event: 2718.954 Thread 0x000002546302a2d0 Uncommon trap: trap_request=0xffffff45 fr.pc=0x000002540c838670 relative=0x0000000000000130
Event: 2718.954 Thread 0x000002546302a2d0 Uncommon trap: reason=unstable_if action=reinterpret pc=0x000002540c838670 method=org.eclipse.jdt.internal.core.builder.ClasspathLocation.singletonModuleNameIf(Z)[[C @ 10 c2
Event: 2718.954 Thread 0x000002546302a2d0 DEOPT PACKING pc=0x000002540c838670 sp=0x000000efc96fddf0
Event: 2718.954 Thread 0x000002546302a2d0 DEOPT UNPACKING pc=0x000002540bac3aa2 sp=0x000000efc96fdd28 mode 2
Event: 2718.954 Thread 0x000002546302a2d0 Uncommon trap: trap_request=0xffffff45 fr.pc=0x000002540c814014 relative=0x00000000000000f4
Event: 2718.954 Thread 0x000002546302a2d0 Uncommon trap: reason=unstable_if action=reinterpret pc=0x000002540c814014 method=org.eclipse.jdt.internal.core.builder.ClasspathLocation.singletonModuleNameIf(Z)[[C @ 10 c2
Event: 2718.954 Thread 0x000002546302a2d0 DEOPT PACKING pc=0x000002540c814014 sp=0x000000efc96fdd80
Event: 2718.954 Thread 0x000002546302a2d0 DEOPT UNPACKING pc=0x000002540bac3aa2 sp=0x000000efc96fdd20 mode 2

Classes loaded (20 events):
Event: 2329.361 Loading class javax/xml/transform/TransformerConfigurationException
Event: 2329.362 Loading class javax/xml/transform/TransformerConfigurationException done
Event: 2329.380 Loading class java/util/LinkedList$LLSpliterator
Event: 2329.380 Loading class java/util/LinkedList$LLSpliterator done
Event: 2487.649 Loading class java/util/stream/Nodes$CollectorTask$OfRef
Event: 2487.650 Loading class java/util/stream/Nodes$CollectorTask
Event: 2487.651 Loading class java/util/stream/Nodes$CollectorTask done
Event: 2487.651 Loading class java/util/stream/Nodes$CollectorTask$OfRef done
Event: 2487.657 Loading class java/util/function/LongFunction
Event: 2487.657 Loading class java/util/function/LongFunction done
Event: 2487.660 Loading class java/util/stream/Nodes$ConcNode
Event: 2487.661 Loading class java/util/stream/Nodes$AbstractConcNode
Event: 2487.662 Loading class java/util/stream/Nodes$AbstractConcNode done
Event: 2487.662 Loading class java/util/stream/Nodes$ConcNode done
Event: 2487.686 Loading class java/io/ObjectOutputStream$BlockDataOutputStream
Event: 2487.691 Loading class java/io/ObjectOutputStream$BlockDataOutputStream done
Event: 2487.692 Loading class java/io/ObjectOutputStream$HandleTable
Event: 2487.693 Loading class java/io/ObjectOutputStream$HandleTable done
Event: 2487.693 Loading class java/io/ObjectOutputStream$ReplaceTable
Event: 2487.694 Loading class java/io/ObjectOutputStream$ReplaceTable done

Classes unloaded (13 events):
Event: 30.933 Thread 0x0000025417dd40b0 Unloading class 0x00000254191ab000 'java/lang/invoke/LambdaForm$MH+0x00000254191ab000'
Event: 30.933 Thread 0x0000025417dd40b0 Unloading class 0x00000254191aac00 'java/lang/invoke/LambdaForm$MH+0x00000254191aac00'
Event: 30.933 Thread 0x0000025417dd40b0 Unloading class 0x00000254191aa800 'java/lang/invoke/LambdaForm$MH+0x00000254191aa800'
Event: 30.933 Thread 0x0000025417dd40b0 Unloading class 0x00000254191aa400 'java/lang/invoke/LambdaForm$MH+0x00000254191aa400'
Event: 30.933 Thread 0x0000025417dd40b0 Unloading class 0x00000254191aa000 'java/lang/invoke/LambdaForm$BMH+0x00000254191aa000'
Event: 30.933 Thread 0x0000025417dd40b0 Unloading class 0x00000254191a9c00 'java/lang/invoke/LambdaForm$DMH+0x00000254191a9c00'
Event: 30.933 Thread 0x0000025417dd40b0 Unloading class 0x00000254191a8800 'java/lang/invoke/LambdaForm$DMH+0x00000254191a8800'
Event: 56.136 Thread 0x0000025417dd40b0 Unloading class 0x00000254196c8c00 'java/lang/invoke/LambdaForm$MH+0x00000254196c8c00'
Event: 56.136 Thread 0x0000025417dd40b0 Unloading class 0x00000254196c8400 'java/lang/invoke/LambdaForm$MH+0x00000254196c8400'
Event: 56.136 Thread 0x0000025417dd40b0 Unloading class 0x0000025419640c00 'java/lang/invoke/LambdaForm$DMH+0x0000025419640c00'
Event: 56.136 Thread 0x0000025417dd40b0 Unloading class 0x0000025419640800 'java/lang/invoke/LambdaForm$DMH+0x0000025419640800'
Event: 56.136 Thread 0x0000025417dd40b0 Unloading class 0x0000025419640000 'java/lang/invoke/LambdaForm$DMH+0x0000025419640000'
Event: 56.136 Thread 0x0000025417dd40b0 Unloading class 0x0000025419639400 'java/lang/invoke/LambdaForm$DMH+0x0000025419639400'

Classes redefined (0 events):
No events

Internal exceptions (20 events):
Event: 2304.034 Thread 0x000002546302d0c0 Exception <a 'sun/nio/fs/WindowsException'{0x00000000d588a750}> (0x00000000d588a750) 
thrown [s\src\hotspot\share\prims\jni.cpp, line 520]
Event: 2304.155 Thread 0x000002546302d0c0 Exception <a 'sun/nio/fs/WindowsException'{0x00000000d574b400}> (0x00000000d574b400) 
thrown [s\src\hotspot\share\prims\jni.cpp, line 520]
Event: 2304.155 Thread 0x000002546302d0c0 Exception <a 'sun/nio/fs/WindowsException'{0x00000000d58f82d0}> (0x00000000d58f82d0) 
thrown [s\src\hotspot\share\prims\jni.cpp, line 520]
Event: 2304.208 Thread 0x000002546302d0c0 Exception <a 'sun/nio/fs/WindowsException'{0x00000000d5ce4640}> (0x00000000d5ce4640) 
thrown [s\src\hotspot\share\prims\jni.cpp, line 520]
Event: 2304.208 Thread 0x000002546302d0c0 Exception <a 'sun/nio/fs/WindowsException'{0x00000000d5ce5008}> (0x00000000d5ce5008) 
thrown [s\src\hotspot\share\prims\jni.cpp, line 520]
Event: 2304.255 Thread 0x000002546302d0c0 Exception <a 'sun/nio/fs/WindowsException'{0x00000000d58de030}> (0x00000000d58de030) 
thrown [s\src\hotspot\share\prims\jni.cpp, line 520]
Event: 2304.255 Thread 0x000002546302d0c0 Exception <a 'sun/nio/fs/WindowsException'{0x00000000d58de9f8}> (0x00000000d58de9f8) 
thrown [s\src\hotspot\share\prims\jni.cpp, line 520]
Event: 2304.501 Thread 0x000002546302d0c0 Exception <a 'sun/nio/fs/WindowsException'{0x00000000d5d1ac40}> (0x00000000d5d1ac40) 
thrown [s\src\hotspot\share\prims\jni.cpp, line 520]
Event: 2304.502 Thread 0x000002546302d0c0 Exception <a 'sun/nio/fs/WindowsException'{0x00000000d5d1b608}> (0x00000000d5d1b608) 
thrown [s\src\hotspot\share\prims\jni.cpp, line 520]
Event: 2329.021 Thread 0x000002546302d0c0 Exception <a 'java/lang/NoSuchMethodError'{0x00000000d5ce1810}: 'java.lang.Object java.lang.invoke.DirectMethodHandle$Holder.invokeStatic(java.lang.Object, int, java.lang.Object, java.lang.Object, java.lang.Object, java.lang.Object)'> (0x00000000d5ce1810) 
thrown [s\src\hotspot\share\interpreter\linkResolver.cpp, line 773]
Event: 2329.024 Thread 0x000002546302d0c0 Exception <a 'java/lang/NoSuchMethodError'{0x00000000d5ce8a90}: 'java.lang.Object java.lang.invoke.DirectMethodHandle$Holder.newInvokeSpecial(java.lang.Object, int, java.lang.Object, java.lang.Object, java.lang.Object)'> (0x00000000d5ce8a90) 
thrown [s\src\hotspot\share\interpreter\linkResolver.cpp, line 773]
Event: 2487.625 Thread 0x00000254641634f0 Exception <a 'sun/nio/fs/WindowsException'{0x00000000d5977540}> (0x00000000d5977540) 
thrown [s\src\hotspot\share\prims\jni.cpp, line 520]
Event: 2487.626 Thread 0x00000254641634f0 Exception <a 'sun/nio/fs/WindowsException'{0x00000000d5977f28}> (0x00000000d5977f28) 
thrown [s\src\hotspot\share\prims\jni.cpp, line 520]
Event: 2487.628 Thread 0x00000254641634f0 Implicit null exception at 0x000002540c7ccf86 to 0x000002540c7cd304
Event: 2487.785 Thread 0x00000254641634f0 Exception <a 'java/lang/NoSuchMethodError'{0x00000000d5a29218}: static [J.<clinit>()V> (0x00000000d5a29218) 
thrown [s\src\hotspot\share\prims\jni.cpp, line 1111]
Event: 2487.900 Thread 0x00000254641634f0 Exception <a 'java/lang/NoSuchMethodError'{0x00000000d5aeb018}: 'java.lang.Object java.lang.invoke.DirectMethodHandle$Holder.newInvokeSpecial(java.lang.Object, java.lang.Object, java.lang.Object, java.lang.Object, java.lang.Object, java.lang.Object, java.lang.Object, java.lang.Object)'> (0x00000000d5aeb018) 
thrown [s\src\hotspot\share\interpreter\linkResolver.cpp, line 773]
Event: 2712.948 Thread 0x000002546415f9e0 Exception <a 'sun/nio/fs/WindowsException'{0x00000000d5be86c8}> (0x00000000d5be86c8) 
thrown [s\src\hotspot\share\prims\jni.cpp, line 520]
Event: 2712.948 Thread 0x000002546415f9e0 Exception <a 'sun/nio/fs/WindowsException'{0x00000000d5be8d38}> (0x00000000d5be8d38) 
thrown [s\src\hotspot\share\prims\jni.cpp, line 520]
Event: 2718.711 Thread 0x000002546302a2d0 Exception <a 'java/lang/NoSuchMethodError'{0x00000000d5cb9ab0}: 'java.lang.Object java.lang.invoke.DirectMethodHandle$Holder.invokeStaticInit(java.lang.Object, java.lang.Object, java.lang.Object)'> (0x00000000d5cb9ab0) 
thrown [s\src\hotspot\share\interpreter\linkResolver.cpp, line 773]
Event: 2718.740 Thread 0x000002546302a2d0 Implicit null exception at 0x000002540c97efa3 to 0x000002540c97f170

ZGC Phase Switch (0 events):
No events

VM Operations (20 events):
Event: 5230.369 Executing VM operation: HandshakeAllThreads (HandshakeForDeflation)
Event: 5230.369 Executing VM operation: HandshakeAllThreads (HandshakeForDeflation) done
Event: 5230.370 Executing VM operation: RendezvousGCThreads
Event: 5230.370 Executing VM operation: RendezvousGCThreads done
Event: 5410.870 Executing VM operation: HandshakeAllThreads (HandshakeForDeflation)
Event: 5410.870 Executing VM operation: HandshakeAllThreads (HandshakeForDeflation) done
Event: 5410.870 Executing VM operation: RendezvousGCThreads
Event: 5410.870 Executing VM operation: RendezvousGCThreads done
Event: 5471.070 Executing VM operation: HandshakeAllThreads (HandshakeForDeflation)
Event: 5471.070 Executing VM operation: HandshakeAllThreads (HandshakeForDeflation) done
Event: 5471.070 Executing VM operation: RendezvousGCThreads
Event: 5471.070 Executing VM operation: RendezvousGCThreads done
Event: 5531.192 Executing VM operation: HandshakeAllThreads (HandshakeForDeflation)
Event: 5531.192 Executing VM operation: HandshakeAllThreads (HandshakeForDeflation) done
Event: 5531.193 Executing VM operation: RendezvousGCThreads
Event: 5531.193 Executing VM operation: RendezvousGCThreads done
Event: 5591.211 Executing VM operation: HandshakeAllThreads (HandshakeForDeflation)
Event: 5591.212 Executing VM operation: HandshakeAllThreads (HandshakeForDeflation) done
Event: 5591.212 Executing VM operation: RendezvousGCThreads
Event: 5591.212 Executing VM operation: RendezvousGCThreads done

Memory protections (0 events):
No events

Nmethod flushes (20 events):
Event: 56.203 Thread 0x0000025417dd40b0 flushing  nmethod 0x0000025404e2c890
Event: 56.203 Thread 0x0000025417dd40b0 flushing  nmethod 0x0000025404e30b90
Event: 56.203 Thread 0x0000025417dd40b0 flushing  nmethod 0x0000025404e33f10
Event: 56.203 Thread 0x0000025417dd40b0 flushing  nmethod 0x0000025404e34210
Event: 56.203 Thread 0x0000025417dd40b0 flushing  nmethod 0x0000025404e40c90
Event: 56.203 Thread 0x0000025417dd40b0 flushing  nmethod 0x0000025404e42010
Event: 56.203 Thread 0x0000025417dd40b0 flushing  nmethod 0x0000025404e43290
Event: 56.203 Thread 0x0000025417dd40b0 flushing  nmethod 0x0000025404e45f90
Event: 56.203 Thread 0x0000025417dd40b0 flushing  nmethod 0x0000025404e4a710
Event: 56.203 Thread 0x0000025417dd40b0 flushing  nmethod 0x0000025404e4ab90
Event: 56.203 Thread 0x0000025417dd40b0 flushing  nmethod 0x0000025404e58790
Event: 56.203 Thread 0x0000025417dd40b0 flushing  nmethod 0x0000025404e5ce90
Event: 56.203 Thread 0x0000025417dd40b0 flushing  nmethod 0x0000025404e7c890
Event: 56.203 Thread 0x0000025417dd40b0 flushing  nmethod 0x0000025404e7ce90
Event: 56.203 Thread 0x0000025417dd40b0 flushing  nmethod 0x0000025404e81710
Event: 56.203 Thread 0x0000025417dd40b0 flushing  nmethod 0x0000025404e83f10
Event: 56.203 Thread 0x0000025417dd40b0 flushing  nmethod 0x0000025404e90390
Event: 56.203 Thread 0x0000025417dd40b0 flushing  nmethod 0x0000025404e94710
Event: 56.203 Thread 0x0000025417dd40b0 flushing  nmethod 0x0000025404ecce90
Event: 56.203 Thread 0x0000025417dd40b0 flushing osr nmethod 0x0000025404f1b690

Events (20 events):
Event: 2632.550 Thread 0x000002546302aff0 Thread exited: 0x000002546302aff0
Event: 2666.689 Thread 0x0000025462de5be0 Thread exited: 0x0000025462de5be0
Event: 2692.554 Thread 0x000002546302bd10 Thread exited: 0x000002546302bd10
Event: 2712.606 Thread 0x000002546415f9e0 Thread exited: 0x000002546415f9e0
Event: 2712.933 Thread 0x00000254641627d0 Thread added: 0x000002546415f9e0
Event: 2712.954 Thread 0x000002546415f9e0 Thread added: 0x000002546415e630
Event: 2712.985 Thread 0x00000254641627d0 Thread added: 0x0000025464160070
Event: 2712.986 Thread 0x000002546415e630 Thread exited: 0x000002546415e630
Event: 2713.682 Thread 0x0000025464160070 Thread exited: 0x0000025464160070
Event: 2719.009 Thread 0x000002545a37af40 Thread added: 0x0000025463a87bd0
Event: 2724.085 Thread 0x0000025463a87bd0 Thread exited: 0x0000025463a87bd0
Event: 2726.692 Thread 0x0000025464d2b880 Thread exited: 0x0000025464d2b880
Event: 2759.247 Thread 0x000002546415f9e0 Thread exited: 0x000002546415f9e0
Event: 2786.697 Thread 0x0000025462de6270 Thread exited: 0x0000025462de6270
Event: 2789.257 Thread 0x00000254641627d0 Thread exited: 0x00000254641627d0
Event: 2819.284 Thread 0x0000025464161ab0 Thread exited: 0x0000025464161ab0
Event: 2819.285 Thread 0x000002546302a2d0 Thread exited: 0x000002546302a2d0
Event: 2846.710 Thread 0x000002545b9ba060 Thread exited: 0x000002545b9ba060
Event: 2879.299 Thread 0x000002546302d750 Thread exited: 0x000002546302d750
Event: 2906.714 Thread 0x0000025464d2ab60 Thread exited: 0x0000025464d2ab60


Dynamic libraries:
0x00007ff6e05f0000 - 0x00007ff6e05fe000 	c:\Users\Kavis\.vscode\extensions\redhat.java-1.45.0-win32-x64\jre\21.0.8-win32-x86_64\bin\java.exe
0x00007ffbdc640000 - 0x00007ffbdc8a9000 	C:\WINDOWS\SYSTEM32\ntdll.dll
0x00007ffbda470000 - 0x00007ffbda539000 	C:\WINDOWS\System32\KERNEL32.DLL
0x00007ffbd9bd0000 - 0x00007ffbd9fc3000 	C:\WINDOWS\System32\KERNELBASE.dll
0x00007ffbda150000 - 0x00007ffbda29b000 	C:\WINDOWS\System32\ucrtbase.dll
0x00007ffb51260000 - 0x00007ffb51278000 	c:\Users\Kavis\.vscode\extensions\redhat.java-1.45.0-win32-x64\jre\21.0.8-win32-x86_64\bin\jli.dll
0x00007ffb51280000 - 0x00007ffb5129e000 	c:\Users\Kavis\.vscode\extensions\redhat.java-1.45.0-win32-x64\jre\21.0.8-win32-x86_64\bin\VCRUNTIME140.dll
0x00007ffbdc430000 - 0x00007ffbdc5f4000 	C:\WINDOWS\System32\USER32.dll
0x00007ffbd9fd0000 - 0x00007ffbd9ff7000 	C:\WINDOWS\System32\win32u.dll
0x00007ffbb9b30000 - 0x00007ffbb9dc3000 	C:\WINDOWS\WinSxS\amd64_microsoft.windows.common-controls_6595b64144ccf1df_6.0.26100.5074_none_3e0d6f78e32fd63f\COMCTL32.dll
0x00007ffbdc2d0000 - 0x00007ffbdc2fb000 	C:\WINDOWS\System32\GDI32.dll
0x00007ffbdb790000 - 0x00007ffbdb839000 	C:\WINDOWS\System32\msvcrt.dll
0x00007ffbd9920000 - 0x00007ffbd9a4d000 	C:\WINDOWS\System32\gdi32full.dll
0x00007ffbda0a0000 - 0x00007ffbda143000 	C:\WINDOWS\System32\msvcp_win.dll
0x00007ffbdb0f0000 - 0x00007ffbdb11f000 	C:\WINDOWS\System32\IMM32.DLL
0x00007ffba3c80000 - 0x00007ffba3c8c000 	c:\Users\Kavis\.vscode\extensions\redhat.java-1.45.0-win32-x64\jre\21.0.8-win32-x86_64\bin\vcruntime140_1.dll
0x00007ffb511b0000 - 0x00007ffb5123d000 	c:\Users\Kavis\.vscode\extensions\redhat.java-1.45.0-win32-x64\jre\21.0.8-win32-x86_64\bin\msvcp140.dll
0x00007ffb4c9b0000 - 0x00007ffb4d747000 	c:\Users\Kavis\.vscode\extensions\redhat.java-1.45.0-win32-x64\jre\21.0.8-win32-x86_64\bin\server\jvm.dll
0x00007ffbdbe40000 - 0x00007ffbdbef4000 	C:\WINDOWS\System32\ADVAPI32.dll
0x00007ffbdc380000 - 0x00007ffbdc426000 	C:\WINDOWS\System32\sechost.dll
0x00007ffbda610000 - 0x00007ffbda728000 	C:\WINDOWS\System32\RPCRT4.dll
0x00007ffbdc300000 - 0x00007ffbdc374000 	C:\WINDOWS\System32\WS2_32.dll
0x00007ffbd9630000 - 0x00007ffbd968e000 	C:\WINDOWS\SYSTEM32\POWRPROF.dll
0x00007ffbce7c0000 - 0x00007ffbce7f5000 	C:\WINDOWS\SYSTEM32\WINMM.dll
0x00007ffbd1df0000 - 0x00007ffbd1dfb000 	C:\WINDOWS\SYSTEM32\VERSION.dll
0x00007ffbd9610000 - 0x00007ffbd9624000 	C:\WINDOWS\SYSTEM32\UMPDC.dll
0x00007ffbd85b0000 - 0x00007ffbd85cb000 	C:\WINDOWS\SYSTEM32\kernel.appcore.dll
0x00007ffba3aa0000 - 0x00007ffba3aaa000 	c:\Users\Kavis\.vscode\extensions\redhat.java-1.45.0-win32-x64\jre\21.0.8-win32-x86_64\bin\jimage.dll
0x00007ffbd6f20000 - 0x00007ffbd7162000 	C:\WINDOWS\SYSTEM32\DBGHELP.DLL
0x00007ffbdb130000 - 0x00007ffbdb4ab000 	C:\WINDOWS\System32\combase.dll
0x00007ffbda800000 - 0x00007ffbda8d7000 	C:\WINDOWS\System32\OLEAUT32.dll
0x00007ffbb7990000 - 0x00007ffbb79cd000 	C:\WINDOWS\SYSTEM32\dbgcore.DLL
0x00007ffbda000000 - 0x00007ffbda099000 	C:\WINDOWS\System32\bcryptPrimitives.dll
0x00007ffba3930000 - 0x00007ffba393f000 	c:\Users\Kavis\.vscode\extensions\redhat.java-1.45.0-win32-x64\jre\21.0.8-win32-x86_64\bin\instrument.dll
0x00007ffb51190000 - 0x00007ffb511af000 	c:\Users\Kavis\.vscode\extensions\redhat.java-1.45.0-win32-x64\jre\21.0.8-win32-x86_64\bin\java.dll
0x00007ffbda9a0000 - 0x00007ffbdb0ed000 	C:\WINDOWS\System32\SHELL32.dll
0x00007ffbda2a0000 - 0x00007ffbda40c000 	C:\WINDOWS\System32\wintypes.dll
0x00007ffbd7400000 - 0x00007ffbd7c59000 	C:\WINDOWS\SYSTEM32\windows.storage.dll
0x00007ffbdb4c0000 - 0x00007ffbdb5b0000 	C:\WINDOWS\System32\SHCORE.dll
0x00007ffbdbdd0000 - 0x00007ffbdbe32000 	C:\WINDOWS\System32\shlwapi.dll
0x00007ffbd96f0000 - 0x00007ffbd9719000 	C:\WINDOWS\SYSTEM32\profapi.dll
0x00007ffb51170000 - 0x00007ffb51188000 	c:\Users\Kavis\.vscode\extensions\redhat.java-1.45.0-win32-x64\jre\21.0.8-win32-x86_64\bin\zip.dll
0x00007ffb91ff0000 - 0x00007ffb92000000 	C:\Users\Kavis\.vscode\extensions\redhat.java-1.45.0-win32-x64\jre\21.0.8-win32-x86_64\bin\net.dll
0x00007ffbd0520000 - 0x00007ffbd063f000 	C:\WINDOWS\SYSTEM32\WINHTTP.dll
0x00007ffbd8b30000 - 0x00007ffbd8b9b000 	C:\WINDOWS\system32\mswsock.dll
0x00007ffb51150000 - 0x00007ffb51166000 	C:\Users\Kavis\.vscode\extensions\redhat.java-1.45.0-win32-x64\jre\21.0.8-win32-x86_64\bin\nio.dll
0x00007ffb51140000 - 0x00007ffb51150000 	c:\Users\Kavis\.vscode\extensions\redhat.java-1.45.0-win32-x64\jre\21.0.8-win32-x86_64\bin\verify.dll
0x00007ffb6bc60000 - 0x00007ffb6bca4000 	C:\Users\Kavis\AppData\Roaming\Code\User\globalStorage\redhat.java\1.45.0\config_win\org.eclipse.equinox.launcher\org.eclipse.equinox.launcher.win32.win32.x86_64_1.2.1400.v20250801-0854\eclipse_11916.dll
0x00007ffbdb5e0000 - 0x00007ffbdb778000 	C:\WINDOWS\System32\ole32.dll
0x00007ffbd8dd0000 - 0x00007ffbd8deb000 	C:\WINDOWS\SYSTEM32\CRYPTSP.dll
0x00007ffbd8510000 - 0x00007ffbd854b000 	C:\WINDOWS\system32\rsaenh.dll
0x00007ffbd8bd0000 - 0x00007ffbd8bfb000 	C:\WINDOWS\SYSTEM32\USERENV.dll
0x00007ffbd96c0000 - 0x00007ffbd96e6000 	C:\WINDOWS\SYSTEM32\bcrypt.dll
0x00007ffbd8df0000 - 0x00007ffbd8dfc000 	C:\WINDOWS\SYSTEM32\CRYPTBASE.dll
0x00007ffbd7f80000 - 0x00007ffbd7fb4000 	C:\WINDOWS\SYSTEM32\IPHLPAPI.DLL
0x00007ffbdb4b0000 - 0x00007ffbdb4ba000 	C:\WINDOWS\System32\NSI.dll
0x00007ffba95f0000 - 0x00007ffba9639000 	C:\Users\Kavis\AppData\Local\Temp\jna-72270570\jna6811179978574328688.dll
0x00007ffbdc0e0000 - 0x00007ffbdc0e8000 	C:\WINDOWS\System32\PSAPI.DLL
0x00007ffbd0950000 - 0x00007ffbd096e000 	C:\WINDOWS\SYSTEM32\dhcpcsvc6.DLL
0x00007ffbd08a0000 - 0x00007ffbd08c3000 	C:\WINDOWS\SYSTEM32\dhcpcsvc.DLL
0x00007ffbc4a50000 - 0x00007ffbc4a5e000 	C:\Users\Kavis\.vscode\extensions\redhat.java-1.45.0-win32-x64\jre\21.0.8-win32-x86_64\bin\sunmscapi.dll
0x00007ffbd9a50000 - 0x00007ffbd9bc7000 	C:\WINDOWS\System32\CRYPT32.dll
0x00007ffbd8ff0000 - 0x00007ffbd9020000 	C:\WINDOWS\SYSTEM32\ncrypt.dll
0x00007ffbd8fa0000 - 0x00007ffbd8fdf000 	C:\WINDOWS\SYSTEM32\NTASN1.dll
0x00007ffbc4a40000 - 0x00007ffbc4a49000 	C:\Users\Kavis\.vscode\extensions\redhat.java-1.45.0-win32-x64\jre\21.0.8-win32-x86_64\bin\extnet.dll

JVMTI agents:
c:\Users\Kavis\.vscode\extensions\redhat.java-1.45.0-win32-x64\lombok\lombok-1.18.39-4050.jar path:c:\Users\Kavis\.vscode\extensions\redhat.java-1.45.0-win32-x64\jre\21.0.8-win32-x86_64\bin\instrument.dll, loaded, initialized, instrumentlib options:none

dbghelp: loaded successfully - version: 4.0.5 - missing functions: none
symbol engine: initialized successfully - sym options: 0x614 - pdb path: .;c:\Users\Kavis\.vscode\extensions\redhat.java-1.45.0-win32-x64\jre\21.0.8-win32-x86_64\bin;C:\WINDOWS\SYSTEM32;C:\WINDOWS\WinSxS\amd64_microsoft.windows.common-controls_6595b64144ccf1df_6.0.26100.5074_none_3e0d6f78e32fd63f;c:\Users\Kavis\.vscode\extensions\redhat.java-1.45.0-win32-x64\jre\21.0.8-win32-x86_64\bin\server;C:\Users\Kavis\AppData\Roaming\Code\User\globalStorage\redhat.java\1.45.0\config_win\org.eclipse.equinox.launcher\org.eclipse.equinox.launcher.win32.win32.x86_64_1.2.1400.v20250801-0854;C:\Users\Kavis\AppData\Local\Temp\jna-72270570

VM Arguments:
jvm_args: --add-modules=ALL-SYSTEM --add-opens=java.base/java.util=ALL-UNNAMED --add-opens=java.base/java.lang=ALL-UNNAMED --add-opens=java.base/sun.nio.fs=ALL-UNNAMED -Declipse.application=org.eclipse.jdt.ls.core.id1 -Dosgi.bundles.defaultStartLevel=4 -Declipse.product=org.eclipse.jdt.ls.core.product -Djava.import.generatesMetadataFilesAtProjectRoot=false -DDetectVMInstallationsJob.disabled=true -Dfile.encoding=utf8 -XX:+UseParallelGC -XX:GCTimeRatio=4 -XX:AdaptiveSizePolicyWeight=90 -Dsun.zip.disableMemoryMapping=true -Xmx2G -Xms100m -Xlog:disable -javaagent:c:\Users\Kavis\.vscode\extensions\redhat.java-1.45.0-win32-x64\lombok\lombok-1.18.39-4050.jar -XX:+HeapDumpOnOutOfMemoryError -XX:HeapDumpPath=c:\Users\Kavis\AppData\Roaming\Code\User\workspaceStorage\ad1adb9262e567f18e865202dfb941a7\redhat.java -Daether.dependencyCollector.impl=bf 
java_command: c:\Users\Kavis\.vscode\extensions\redhat.java-1.45.0-win32-x64\server\plugins\org.eclipse.equinox.launcher_1.7.0.v20250519-0528.jar -configuration c:\Users\Kavis\AppData\Roaming\Code\User\globalStorage\redhat.java\1.45.0\config_win -data c:\Users\Kavis\AppData\Roaming\Code\User\workspaceStorage\ad1adb9262e567f18e865202dfb941a7\redhat.java\jdt_ws --pipe=\\.\pipe\lsp-cfe09914e1228b35587ccf7006213097-sock
java_class_path (initial): c:\Users\Kavis\.vscode\extensions\redhat.java-1.45.0-win32-x64\server\plugins\org.eclipse.equinox.launcher_1.7.0.v20250519-0528.jar
Launcher Type: SUN_STANDARD

[Global flags]
    uintx AdaptiveSizePolicyWeight                 = 90                                        {product} {command line}
     intx CICompilerCount                          = 4                                         {product} {ergonomic}
    uintx GCTimeRatio                              = 4                                         {product} {command line}
     bool HeapDumpOnOutOfMemoryError               = true                                   {manageable} {command line}
    ccstr HeapDumpPath                             = c:\Users\Kavis\AppData\Roaming\Code\User\workspaceStorage\ad1adb9262e567f18e865202dfb941a7\redhat.java         {manageable} {command line}
   size_t InitialHeapSize                          = 104857600                                 {product} {command line}
   size_t MaxHeapSize                              = 2147483648                                {product} {command line}
   size_t MaxNewSize                               = 715653120                                 {product} {ergonomic}
   size_t MinHeapDeltaBytes                        = 524288                                    {product} {ergonomic}
   size_t MinHeapSize                              = 104857600                                 {product} {command line}
   size_t NewSize                                  = 34603008                                  {product} {ergonomic}
    uintx NonNMethodCodeHeapSize                   = 5839372                                {pd product} {ergonomic}
    uintx NonProfiledCodeHeapSize                  = 122909434                              {pd product} {ergonomic}
   size_t OldSize                                  = 70254592                                  {product} {ergonomic}
    uintx ProfiledCodeHeapSize                     = 122909434                              {pd product} {ergonomic}
    uintx ReservedCodeCacheSize                    = 251658240                              {pd product} {ergonomic}
     bool SegmentedCodeCache                       = true                                      {product} {ergonomic}
   size_t SoftMaxHeapSize                          = 2147483648                             {manageable} {ergonomic}
     bool UseCompressedOops                        = true                           {product lp64_product} {ergonomic}
     bool UseLargePagesIndividualAllocation        = false                                  {pd product} {ergonomic}
     bool UseParallelGC                            = true                                      {product} {command line}

Logging:
Log output configuration:
 #0: stdout all=off uptime,level,tags foldmultilines=false
 #1: stderr all=off uptime,level,tags foldmultilines=false

Environment Variables:
JAVA_HOME=C:\Program Files\Eclipse Adoptium\jdk-17.0.15.6-hotspot\
PATH=C:\Program Files\Eclipse Adoptium\jdk-21.0.8.9-hotspot\bin;C:\Python313\Scripts\;C:\Python313\;C:\Program Files\Eclipse Adoptium\jdk-17.0.15.6-hotspot\bin;C:\Program Files\Python312\Scripts\;C:\Program Files\Python312\;C:\WINDOWS\system32;C:\WINDOWS;C:\WINDOWS\System32\Wbem;C:\WINDOWS\System32\WindowsPowerShell\v1.0\;C:\WINDOWS\System32\OpenSSH\;C:\Program Files\dotnet\;C:\ProgramData\chocolatey\bin;C:\Program Files (x86)\NVIDIA Corporation\PhysX\Common;C:\Program Files\Microsoft\Web Platform Installer\;C:\Program Files (x86)\Microsoft ASP.NET\ASP.NET Web Pages\v1.0\;C:\Program Files\Microsoft SQL Server\110\Tools\Binn\;C:\Program Files\Microsoft SQL Server\120\Tools\Binn\;C:\Program Files\Microsoft SQL Server\130\Tools\Binn\;C:\Program Files\Git\cmd;C:\Program Files\Microsoft SQL Server\150\Tools\Binn\;C:\WINDOWS\system32;C:\WINDOWS;C:\WINDOWS\System32\Wbem;C:\WINDOWS\System32\WindowsPowerShell\v1.0\;C:\WINDOWS\System32\OpenSSH\;C:\Program Files\NVIDIA Corporation\NVIDIA App\NvDLISR;C:\Program Files\CMake\bin;C:\php;C:\Program Files (x86)\Windows Kits\10\Windows Performance Toolkit\;C:\ProgramData\chocolatey\lib\maven\apache-maven-3.9.10\bin;C:\Program Files\nodejs\;C:\Program Files\CodeBlocks\MinGW\bin;C:\NASM;C:\Program Files\Docker\Docker\resources\bin;C:\flutter\bin;C:\adb\platform-tools;C:\apache-cassandra-3.11.10\bin;C:\Program Files\MongoDB\Server\8.0\bin;C:\Program Files\Eclipse Adoptium\jdk-21.0.8.9-hotspot\bin;C:\Python313\Scripts\;C:\Python313\;C:\Program Files\Eclipse Adoptium\jdk-17.0.15.6-hotspot\bin;C:\Program Files\Python312\Scripts\;C:\Program Files\Python312\;C:\WINDOWS\system32;C:\WINDOWS;C:\WINDOWS\System32\Wbem;C:\WINDOWS\System32\WindowsPowerShell\v1.0\;C:\WINDOWS\System32\OpenSSH\;C:\Program Files\dotnet\;C:\ProgramData\chocolatey\bin;C:\Program Files (x86)\NVIDIA Corporation\PhysX\Common;C:\Program Files\Microsoft\Web Platform Installer\;C:\Program Files (x86)\Microsoft ASP.NET\ASP.NET Web Pages\v1.0\;C:\Program Files\Microsoft SQL Server\110\Tools\Binn\;C:\Program Files\Microsoft SQL Server\120\Tools\Binn\;C:\Program Files\Microsoft SQL Server\130\Tools\Binn\;C:\Program Files\Git\cmd;C:\Program Files\Microsoft SQL Server\150\Tools\Binn\;C:\WINDOWS\system32;C:\WINDOWS;C:\WINDOWS\System32\Wbem;C:\WINDOWS\System32\WindowsPowerShell\v1.0\;C:\WINDOWS\System32\OpenSSH\;C:\Program Files\NVIDIA Corporation\NVIDIA App\NvDLISR;C:\Program Files\CMake\bi
USERNAME=Kavis
OS=Windows_NT
PROCESSOR_IDENTIFIER=Intel64 Family 6 Model 154 Stepping 4, GenuineIntel
TMP=C:\Users\Kavis\AppData\Local\Temp
TEMP=C:\Users\Kavis\AppData\Local\Temp




Periodic native trim disabled

---------------  S Y S T E M  ---------------

OS:
 Windows 11 , 64 bit Build 26100 (10.0.26100.5074)
OS uptime: 0 days 1:35 hours
Hyper-V role detected

CPU: total 12 (initial active 12) (6 cores per cpu, 2 threads per core) family 6 model 154 stepping 4 microcode 0x423, cx8, cmov, fxsr, ht, mmx, 3dnowpref, sse, sse2, sse3, ssse3, sse4.1, sse4.2, popcnt, lzcnt, tsc, tscinvbit, avx, avx2, aes, erms, clmul, bmi1, bmi2, adx, sha, fma, vzeroupper, clflush, clflushopt, clwb, hv, serialize, rdtscp, rdpid, fsrm, f16c, cet_ibt, cet_ss
Processor Information for processor 0
  Max Mhz: 1300, Current Mhz: 1300, Mhz Limit: 1300
Processor Information for processor 1
  Max Mhz: 1300, Current Mhz: 1300, Mhz Limit: 1300
Processor Information for processor 2
  Max Mhz: 1300, Current Mhz: 1300, Mhz Limit: 1300
Processor Information for processor 3
  Max Mhz: 1300, Current Mhz: 1300, Mhz Limit: 1300
Processor Information for processor 4
  Max Mhz: 1300, Current Mhz: 900, Mhz Limit: 897
Processor Information for processor 5
  Max Mhz: 1300, Current Mhz: 900, Mhz Limit: 897
Processor Information for processor 6
  Max Mhz: 1300, Current Mhz: 900, Mhz Limit: 897
Processor Information for processor 7
  Max Mhz: 1300, Current Mhz: 900, Mhz Limit: 897
Processor Information for processor 8
  Max Mhz: 1300, Current Mhz: 900, Mhz Limit: 897
Processor Information for processor 9
  Max Mhz: 1300, Current Mhz: 900, Mhz Limit: 897
Processor Information for processor 10
  Max Mhz: 1300, Current Mhz: 900, Mhz Limit: 897
Processor Information for processor 11
  Max Mhz: 1300, Current Mhz: 900, Mhz Limit: 897

Memory: 4k page, system-wide physical 7896M (554M free)
TotalPageFile size 17896M (AvailPageFile size 40M)
current process WorkingSet (physical memory assigned to process): 9M, peak: 328M
current process commit charge ("private bytes"): 494M, peak: 516M

vm_info: OpenJDK 64-Bit Server VM (21.0.8+9-LTS) for windows-amd64 JRE (21.0.8+9-LTS), built on 2025-07-15T00:00:00Z by "admin" with MS VC++ 17.7 (VS2022)

END.
