#
# There is insufficient memory for the Java Runtime Environment to continue.
# Native memory allocation (malloc) failed to allocate 1048576 bytes. Error detail: AllocateHeap
# Possible reasons:
#   The system is out of physical RAM or swap space
#   This process is running with CompressedOops enabled, and the Java Heap may be blocking the growth of the native heap
# Possible solutions:
#   Reduce memory load on the system
#   Increase physical memory or swap space
#   Check if swap backing store is full
#   Decrease Java heap size (-Xmx/-Xms)
#   Decrease number of Java threads
#   Decrease Java thread stack sizes (-Xss)
#   Set larger code cache with -XX:ReservedCodeCacheSize=
#   JVM is running with Unscaled Compressed Oops mode in which the Java heap is
#     placed in the first 4GB address space. The Java Heap base address is the
#     maximum limit for the native heap growth. Please use -XX:HeapBaseMinAddress
#     to set the Java Heap base and to place the Java Heap above 4GB virtual address.
# This output file may be truncated or incomplete.
#
#  Out of Memory Error (allocation.cpp:44), pid=33496, tid=26072
#
# JRE version: OpenJDK Runtime Environment Temurin-21.0.9+10 (21.0.9+10) (build 21.0.9+10-LTS)
# Java VM: OpenJDK 64-Bit Server VM Temurin-21.0.9+10 (21.0.9+10-LTS, mixed mode, sharing, tiered, compressed oops, compressed class ptrs, parallel gc, windows-amd64)
# No core dump will be written. Minidumps are not enabled by default on client versions of Windows
#

---------------  S U M M A R Y ------------

Command Line: --add-modules=ALL-SYSTEM --add-opens=java.base/java.util=ALL-UNNAMED --add-opens=java.base/java.lang=ALL-UNNAMED --add-opens=java.base/sun.nio.fs=ALL-UNNAMED -Declipse.application=org.eclipse.jdt.ls.core.id1 -Dosgi.bundles.defaultStartLevel=4 -Declipse.product=org.eclipse.jdt.ls.core.product -Djava.import.generatesMetadataFilesAtProjectRoot=false -DDetectVMInstallationsJob.disabled=true -Dfile.encoding=utf8 -XX:+UseParallelGC -XX:GCTimeRatio=4 -XX:AdaptiveSizePolicyWeight=90 -Dsun.zip.disableMemoryMapping=true -Xmx2G -Xms100m -Xlog:disable -javaagent:c:\Users\Kavis\.vscode\extensions\redhat.java-1.52.0-win32-x64\lombok\lombok-1.18.39-4050.jar -XX:+HeapDumpOnOutOfMemoryError -XX:HeapDumpPath=c:\Users\Kavis\AppData\Roaming\Code\User\workspaceStorage\ad1adb9262e567f18e865202dfb941a7\redhat.java -Daether.dependencyCollector.impl=bf c:\Users\Kavis\.vscode\extensions\redhat.java-1.52.0-win32-x64\server\plugins\org.eclipse.equinox.launcher_1.7.100.v20251111-0406.jar -configuration c:\Users\Kavis\AppData\Roaming\Code\User\globalStorage\redhat.java\1.52.0\config_win -data c:\Users\Kavis\AppData\Roaming\Code\User\workspaceStorage\ad1adb9262e567f18e865202dfb941a7\redhat.java\jdt_ws --pipe=\\.\pipe\lsp-86246a6b7d888f26a44c58f632b916a1-sock

Host: 12th Gen Intel(R) Core(TM) i5-1235U, 12 cores, 7G,  Windows 11 , 64 bit Build 26100 (10.0.26100.7623)
Time: Thu Feb 12 01:07:32 2026 Sri Lanka Standard Time elapsed time: 113.225106 seconds (0d 0h 1m 53s)

---------------  T H R E A D  ---------------

Current thread (0x00000207ea41a500):  JavaThread "Attach Listener" daemon [_thread_in_vm, id=26072, stack(0x000000c0a5600000,0x000000c0a5700000) (1024K)]

Stack: [0x000000c0a5600000,0x000000c0a5700000]
Native frames: (J=compiled Java code, j=interpreted, Vv=VM code, C=native code)
V  [jvm.dll+0x6d6e29]
V  [jvm.dll+0x8b4b76]
V  [jvm.dll+0x8b712e]
V  [jvm.dll+0x8b7813]
V  [jvm.dll+0x283d86]
V  [jvm.dll+0xc1277]
V  [jvm.dll+0x6d76d9]
V  [jvm.dll+0x133466]
V  [jvm.dll+0x3f7ea6]
V  [jvm.dll+0x85e9ad]
V  [jvm.dll+0x6d565d]
C  [ucrtbase.dll+0x37b0]
C  [KERNEL32.DLL+0x2e8d7]
C  [ntdll.dll+0x8c53c]


---------------  P R O C E S S  ---------------

Threads class SMR info:
_java_thread_list=0x00000207c9b5dff0, length=48, elements={
0x00000207ea374a90, 0x00000207ea4163d0, 0x00000207fce1dcd0, 0x00000207ea4198b0,
0x00000207ea41a500, 0x00000207ea41d060, 0x00000207ea41dab0, 0x00000207ea423e00,
0x00000207fe1952e0, 0x00000207fe3914c0, 0x00000207fe44bf20, 0x00000207ff8d0760,
0x00000207ff1160b0, 0x00000207c91db7e0, 0x00000207c91ea050, 0x00000207c90c6c00,
0x00000207c949b490, 0x00000207c9554530, 0x00000207c9554bc0, 0x00000207c9553ea0,
0x00000207c9555250, 0x00000207c95558e0, 0x00000207cbed9960, 0x00000207cbed92d0,
0x00000207cbedb3a0, 0x00000207cbed9ff0, 0x00000207cbedad10, 0x00000207cbeda680,
0x00000207cbed8c40, 0x00000207cbedc750, 0x00000207cbedc0c0, 0x00000207cbede820,
0x00000207cbeddb00, 0x00000207cbede190, 0x00000207cbedcde0, 0x00000207cbedd470,
0x00000207cbedf540, 0x00000207cbedfbd0, 0x00000207cbee0260, 0x00000207cb30a600,
0x00000207cb30e110, 0x00000207cb30b320, 0x00000207cb30cd60, 0x00000207cb30c6d0,
0x00000207cb30ac90, 0x00000207cb30b9b0, 0x00000207cb30e7a0, 0x00000207cb30f4c0
}

Java Threads: ( => current thread )
  0x00000207ea374a90 JavaThread "main"                              [_thread_blocked, id=29088, stack(0x000000c0a4f00000,0x000000c0a5000000) (1024K)]
  0x00000207ea4163d0 JavaThread "Reference Handler"          daemon [_thread_blocked, id=23060, stack(0x000000c0a5300000,0x000000c0a5400000) (1024K)]
  0x00000207fce1dcd0 JavaThread "Finalizer"                  daemon [_thread_blocked, id=31016, stack(0x000000c0a5400000,0x000000c0a5500000) (1024K)]
  0x00000207ea4198b0 JavaThread "Signal Dispatcher"          daemon [_thread_blocked, id=32256, stack(0x000000c0a5500000,0x000000c0a5600000) (1024K)]
=>0x00000207ea41a500 JavaThread "Attach Listener"            daemon [_thread_in_vm, id=26072, stack(0x000000c0a5600000,0x000000c0a5700000) (1024K)]
  0x00000207ea41d060 JavaThread "Service Thread"             daemon [_thread_blocked, id=28124, stack(0x000000c0a5700000,0x000000c0a5800000) (1024K)]
  0x00000207ea41dab0 JavaThread "Monitor Deflation Thread"   daemon [_thread_blocked, id=10692, stack(0x000000c0a5800000,0x000000c0a5900000) (1024K)]
  0x00000207ea423e00 JavaThread "C2 CompilerThread0"         daemon [_thread_blocked, id=5596, stack(0x000000c0a5900000,0x000000c0a5a00000) (1024K)]
  0x00000207fe1952e0 JavaThread "C1 CompilerThread0"         daemon [_thread_blocked, id=5352, stack(0x000000c0a5a00000,0x000000c0a5b00000) (1024K)]
  0x00000207fe3914c0 JavaThread "Common-Cleaner"             daemon [_thread_blocked, id=17236, stack(0x000000c0a5c00000,0x000000c0a5d00000) (1024K)]
  0x00000207fe44bf20 JavaThread "Notification Thread"        daemon [_thread_blocked, id=20252, stack(0x000000c0a5b00000,0x000000c0a5c00000) (1024K)]
  0x00000207ff8d0760 JavaThread "Active Thread: Equinox Container: 14e1bf74-b00a-40ed-bae9-83fbe855d076"        [_thread_blocked, id=12348, stack(0x000000c0a6400000,0x000000c0a6500000) (1024K)]
  0x00000207ff1160b0 JavaThread "Refresh Thread: Equinox Container: 14e1bf74-b00a-40ed-bae9-83fbe855d076" daemon [_thread_blocked, id=26616, stack(0x000000c0a6600000,0x000000c0a6700000) (1024K)]
  0x00000207c91db7e0 JavaThread "Framework Event Dispatcher: Equinox Container: 14e1bf74-b00a-40ed-bae9-83fbe855d076" daemon [_thread_blocked, id=31864, stack(0x000000c0a6700000,0x000000c0a6800000) (1024K)]
  0x00000207c91ea050 JavaThread "Start Level: Equinox Container: 14e1bf74-b00a-40ed-bae9-83fbe855d076" daemon [_thread_blocked, id=33076, stack(0x000000c0a6800000,0x000000c0a6900000) (1024K)]
  0x00000207c90c6c00 JavaThread "Bundle File Closer"         daemon [_thread_blocked, id=21788, stack(0x000000c0a6900000,0x000000c0a6a00000) (1024K)]
  0x00000207c949b490 JavaThread "SCR Component Actor"        daemon [_thread_blocked, id=9512, stack(0x000000c0a5d00000,0x000000c0a5e00000) (1024K)]
  0x00000207c9554530 JavaThread "Worker-JM"                         [_thread_blocked, id=9124, stack(0x000000c0a6d00000,0x000000c0a6e00000) (1024K)]
  0x00000207c9554bc0 JavaThread "JNA Cleaner"                daemon [_thread_blocked, id=27852, stack(0x000000c0a6c00000,0x000000c0a6d00000) (1024K)]
  0x00000207c9553ea0 JavaThread "Worker-1"                          [_thread_blocked, id=33400, stack(0x000000c0a6f00000,0x000000c0a7000000) (1024K)]
  0x00000207c9555250 JavaThread "Java indexing"              daemon [_thread_blocked, id=6980, stack(0x000000c0a7100000,0x000000c0a7200000) (1024K)]
  0x00000207c95558e0 JavaThread "Worker-4"                          [_thread_blocked, id=2896, stack(0x000000c0a7600000,0x000000c0a7700000) (1024K)]
  0x00000207cbed9960 JavaThread "Thread-1"                   daemon [_thread_in_native, id=29876, stack(0x000000c0a7700000,0x000000c0a7800000) (1024K)]
  0x00000207cbed92d0 JavaThread "Thread-2"                   daemon [_thread_in_native, id=33608, stack(0x000000c0a7800000,0x000000c0a7900000) (1024K)]
  0x00000207cbedb3a0 JavaThread "Thread-3"                   daemon [_thread_in_native, id=32136, stack(0x000000c0a7900000,0x000000c0a7a00000) (1024K)]
  0x00000207cbed9ff0 JavaThread "Thread-4"                   daemon [_thread_in_native, id=31392, stack(0x000000c0a7a00000,0x000000c0a7b00000) (1024K)]
  0x00000207cbedad10 JavaThread "Thread-5"                   daemon [_thread_in_native, id=31748, stack(0x000000c0a7b00000,0x000000c0a7c00000) (1024K)]
  0x00000207cbeda680 JavaThread "Thread-6"                   daemon [_thread_in_native, id=29964, stack(0x000000c0a7c00000,0x000000c0a7d00000) (1024K)]
  0x00000207cbed8c40 JavaThread "Thread-7"                   daemon [_thread_in_native, id=30864, stack(0x000000c0a7d00000,0x000000c0a7e00000) (1024K)]
  0x00000207cbedc750 JavaThread "Thread-8"                   daemon [_thread_in_native, id=32992, stack(0x000000c0a7e00000,0x000000c0a7f00000) (1024K)]
  0x00000207cbedc0c0 JavaThread "Thread-9"                   daemon [_thread_in_native, id=18484, stack(0x000000c0a7f00000,0x000000c0a8000000) (1024K)]
  0x00000207cbede820 JavaThread "Thread-10"                  daemon [_thread_in_native, id=13776, stack(0x000000c0a8000000,0x000000c0a8100000) (1024K)]
  0x00000207cbeddb00 JavaThread "Thread-11"                  daemon [_thread_in_native, id=32760, stack(0x000000c0a8100000,0x000000c0a8200000) (1024K)]
  0x00000207cbede190 JavaThread "Thread-12"                  daemon [_thread_in_native, id=18836, stack(0x000000c0a8200000,0x000000c0a8300000) (1024K)]
  0x00000207cbedcde0 JavaThread "Thread-13"                  daemon [_thread_in_native, id=32404, stack(0x000000c0a8300000,0x000000c0a8400000) (1024K)]
  0x00000207cbedd470 JavaThread "pool-2-thread-1"                   [_thread_blocked, id=22008, stack(0x000000c0a8400000,0x000000c0a8500000) (1024K)]
  0x00000207cbedf540 JavaThread "WorkspaceEventsHandler"            [_thread_blocked, id=26564, stack(0x000000c0a8500000,0x000000c0a8600000) (1024K)]
  0x00000207cbedfbd0 JavaThread "pool-1-thread-1"                   [_thread_blocked, id=31056, stack(0x000000c0a8600000,0x000000c0a8700000) (1024K)]
  0x00000207cbee0260 JavaThread "ForkJoinPool.commonPool-worker-1" daemon [_thread_blocked, id=32064, stack(0x000000c0a7200000,0x000000c0a7300000) (1024K)]
  0x00000207cb30a600 JavaThread "ForkJoinPool.commonPool-worker-2" daemon [_thread_blocked, id=33592, stack(0x000000c0a8700000,0x000000c0a8800000) (1024K)]
  0x00000207cb30e110 JavaThread "ForkJoinPool.commonPool-worker-3" daemon [_thread_blocked, id=30776, stack(0x000000c0a8800000,0x000000c0a8900000) (1024K)]
  0x00000207cb30b320 JavaThread "ForkJoinPool.commonPool-worker-4" daemon [_thread_blocked, id=32056, stack(0x000000c0a8900000,0x000000c0a8a00000) (1024K)]
  0x00000207cb30cd60 JavaThread "ForkJoinPool.commonPool-worker-5" daemon [_thread_blocked, id=19536, stack(0x000000c0a8a00000,0x000000c0a8b00000) (1024K)]
  0x00000207cb30c6d0 JavaThread "ForkJoinPool.commonPool-worker-6" daemon [_thread_blocked, id=30328, stack(0x000000c0a8b00000,0x000000c0a8c00000) (1024K)]
  0x00000207cb30ac90 JavaThread "ForkJoinPool.commonPool-worker-7" daemon [_thread_blocked, id=31940, stack(0x000000c0a8c00000,0x000000c0a8d00000) (1024K)]
  0x00000207cb30b9b0 JavaThread "ForkJoinPool.commonPool-worker-8" daemon [_thread_blocked, id=10588, stack(0x000000c0a8d00000,0x000000c0a8e00000) (1024K)]
  0x00000207cb30e7a0 JavaThread "ForkJoinPool.commonPool-worker-10" daemon [_thread_blocked, id=17944, stack(0x000000c0a8f00000,0x000000c0a9000000) (1024K)]
  0x00000207cb30f4c0 JavaThread "ForkJoinPool.commonPool-worker-11" daemon [_thread_blocked, id=30168, stack(0x000000c0a9000000,0x000000c0a9100000) (1024K)]
Total: 48

Other Threads:
  0x00000207fce04470 VMThread "VM Thread"                           [id=31028, stack(0x000000c0a5200000,0x000000c0a5300000) (1024K)]
  0x00000207fccfca00 WatcherThread "VM Periodic Task Thread"        [id=13360, stack(0x000000c0a5100000,0x000000c0a5200000) (1024K)]
  0x00000207ea391dc0 WorkerThread "GC Thread#0"                     [id=25304, stack(0x000000c0a5000000,0x000000c0a5100000) (1024K)]
  0x00000207ff34f770 WorkerThread "GC Thread#1"                     [id=16200, stack(0x000000c0a5e00000,0x000000c0a5f00000) (1024K)]
  0x00000207ff34fb10 WorkerThread "GC Thread#2"                     [id=28008, stack(0x000000c0a5f00000,0x000000c0a6000000) (1024K)]
  0x00000207ff357fa0 WorkerThread "GC Thread#3"                     [id=28336, stack(0x000000c0a6000000,0x000000c0a6100000) (1024K)]
  0x00000207ff6b0ef0 WorkerThread "GC Thread#4"                     [id=7540, stack(0x000000c0a6100000,0x000000c0a6200000) (1024K)]
  0x00000207ff6b2850 WorkerThread "GC Thread#5"                     [id=19200, stack(0x000000c0a6200000,0x000000c0a6300000) (1024K)]
  0x00000207ff6b1630 WorkerThread "GC Thread#6"                     [id=27632, stack(0x000000c0a6300000,0x000000c0a6400000) (1024K)]
  0x00000207ff6b19d0 WorkerThread "GC Thread#7"                     [id=25288, stack(0x000000c0a6500000,0x000000c0a6600000) (1024K)]
  0x00000207ff6b2110 WorkerThread "GC Thread#8"                     [id=18816, stack(0x000000c0a6a00000,0x000000c0a6b00000) (1024K)]
  0x00000207ff86cef0 WorkerThread "GC Thread#9"                     [id=30296, stack(0x000000c0a6b00000,0x000000c0a6c00000) (1024K)]
Total: 12

Threads with active compile tasks:
Total: 0

VM state: not at safepoint (normal execution)

VM Mutex/Monitor currently owned by a thread: None

Heap address: 0x0000000080000000, size: 2048 MB, Compressed Oops mode: 32-bit

CDS archive(s) mapped at: [0x0000020784000000-0x0000020784ba0000-0x0000020784ba0000), size 12189696, SharedBaseAddress: 0x0000020784000000, ArchiveRelocationMode: 1.
Compressed class space mapped at: 0x0000020785000000-0x00000207c5000000, reserved size: 1073741824
Narrow klass base: 0x0000020784000000, Narrow klass shift: 0, Narrow klass range: 0x100000000

GC Precious Log:
 CardTable entry size: 512
 CPUs: 12 total, 12 available
 Memory: 7896M
 Large Page Support: Disabled
 NUMA Support: Disabled
 Compressed Oops: Enabled (32-bit)
 Alignments: Space 512K, Generation 512K, Heap 2M
 Heap Min Capacity: 100M
 Heap Initial Capacity: 100M
 Heap Max Capacity: 2G
 Pre-touch: Disabled
 Parallel Workers: 10

Heap:
 PSYoungGen      total 21504K, used 18754K [0x00000000d5580000, 0x00000000d6e80000, 0x0000000100000000)
  eden space 19968K, 88% used [0x00000000d5580000,0x00000000d66c89f8,0x00000000d6900000)
  from space 1536K, 68% used [0x00000000d6d00000,0x00000000d6e08000,0x00000000d6e80000)
  to   space 2048K, 0% used [0x00000000d6a80000,0x00000000d6a80000,0x00000000d6c80000)
 ParOldGen       total 68608K, used 55809K [0x0000000080000000, 0x0000000084300000, 0x00000000d5580000)
  object space 68608K, 81% used [0x0000000080000000,0x0000000083680740,0x0000000084300000)
 Metaspace       used 56485K, committed 57920K, reserved 1114112K
  class space    used 6085K, committed 6720K, reserved 1048576K

Card table byte_map: [0x00000207e9d40000,0x00000207ea150000] _byte_map_base: 0x00000207e9940000

Marking Bits: (ParMarkBitMap*) 0x00007ffbce4f2460
 Begin Bits: [0x0000020780000000, 0x0000020782000000)
 End Bits:   [0x0000020782000000, 0x0000020784000000)

Polling page: 0x00000207e9b30000

Metaspace:

Usage:
  Non-class:     49.22 MB used.
      Class:      5.94 MB used.
       Both:     55.16 MB used.

Virtual space:
  Non-class space:       64.00 MB reserved,      50.00 MB ( 78%) committed,  1 nodes.
      Class space:        1.00 GB reserved,       6.56 MB ( <1%) committed,  1 nodes.
             Both:        1.06 GB reserved,      56.56 MB (  5%) committed. 

Chunk freelists:
   Non-Class:  13.97 MB
       Class:  9.31 MB
        Both:  23.27 MB

MaxMetaspaceSize: unlimited
CompressedClassSpaceSize: 1.00 GB
Initial GC threshold: 21.00 MB
Current GC threshold: 58.38 MB
CDS: on
 - commit_granule_bytes: 65536.
 - commit_granule_words: 8192.
 - virtual_space_node_default_size: 8388608.
 - enlarge_chunks_in_place: 1.
 - use_allocation_guard: 0.


Internal statistics:

num_allocs_failed_limit: 8.
num_arena_births: 1118.
num_arena_deaths: 14.
num_vsnodes_births: 2.
num_vsnodes_deaths: 0.
num_space_committed: 905.
num_space_uncommitted: 0.
num_chunks_returned_to_freelist: 22.
num_chunks_taken_from_freelist: 3820.
num_chunk_merges: 14.
num_chunk_splits: 2315.
num_chunks_enlarged: 1221.
num_inconsistent_stats: 0.

CodeHeap 'non-profiled nmethods': size=120000Kb used=5665Kb max_used=5665Kb free=114334Kb
 bounds [0x00000207f5040000, 0x00000207f55d0000, 0x00000207fc570000]
CodeHeap 'profiled nmethods': size=120000Kb used=19998Kb max_used=19998Kb free=100001Kb
 bounds [0x00000207ed570000, 0x00000207ee900000, 0x00000207f4aa0000]
CodeHeap 'non-nmethods': size=5760Kb used=1403Kb max_used=1473Kb free=4356Kb
 bounds [0x00000207f4aa0000, 0x00000207f4d10000, 0x00000207f5040000]
CodeCache: size=245760Kb, used=27066Kb, max_used=27136Kb, free=218691Kb
 total_blobs=9942, nmethods=9231, adapters=617, full_count=0
Compilation: enabled, stopped_count=0, restarted_count=0

Compilation events (20 events):
Event: 42.943 Thread 0x00000207cba15650 9786       4       jdk.internal.misc.CarrierThreadLocal::get (10 bytes)
Event: 42.943 Thread 0x00000207fe1952e0 nmethod 9831 0x00000207ee8f6d90 code [0x00000207ee8f6fa0, 0x00000207ee8f7528]
Event: 42.943 Thread 0x00000207fe1952e0 9832       1       org.eclipse.core.internal.dtree.DeltaDataTree::getRootNode (5 bytes)
Event: 42.943 Thread 0x00000207fe1952e0 nmethod 9832 0x00000207f55bab90 code [0x00000207f55bad20, 0x00000207f55bade8]
Event: 42.943 Thread 0x00000207fe1952e0 9833       3       org.eclipse.core.internal.jobs.JobQueue::peek (26 bytes)
Event: 42.944 Thread 0x00000207fe1952e0 nmethod 9833 0x00000207ee8f7710 code [0x00000207ee8f78c0, 0x00000207ee8f7a58]
Event: 42.945 Thread 0x00000207cba15650 nmethod 9786 0x00000207f55bae90 code [0x00000207f55bb040, 0x00000207f55bb1c0]
Event: 42.945 Thread 0x00000207cba15650 9811       4       java.io.StringWriter::write (11 bytes)
Event: 42.951 Thread 0x00000207cba15650 nmethod 9811 0x00000207f55bb390 code [0x00000207f55bb580, 0x00000207f55bbe18]
Event: 42.951 Thread 0x00000207cba15650 9758       4       java.util.Arrays::copyOf (10 bytes)
Event: 42.952 Thread 0x00000207cba15650 nmethod 9758 0x00000207f55bc210 code [0x00000207f55bc3a0, 0x00000207f55bc680]
Event: 42.952 Thread 0x00000207cba15650 9813       4       java.io.StringWriter::write (14 bytes)
Event: 42.965 Thread 0x00000207cba15650 nmethod 9813 0x00000207f55bc790 code [0x00000207f55bc9a0, 0x00000207f55bd598]
Event: 42.965 Thread 0x00000207cba15650 9788       4       java.lang.invoke.BoundMethodHandle$Species_L::make (11 bytes)
Event: 42.967 Thread 0x00000207cba15650 nmethod 9788 0x00000207f55bdc90 code [0x00000207f55bde40, 0x00000207f55be090]
Event: 42.967 Thread 0x00000207cba15650 9828       4       jdk.internal.misc.Unsafe::putReferenceOpaque (9 bytes)
Event: 42.967 Thread 0x00000207cba15650 nmethod 9828 0x00000207f55be390 code [0x00000207f55be520, 0x00000207f55be5d0]
Event: 42.967 Thread 0x00000207cba15650 9824       4       jdk.internal.misc.Unsafe::weakCompareAndSetLong (11 bytes)
Event: 42.968 Thread 0x00000207cba15650 nmethod 9824 0x00000207f55be690 code [0x00000207f55be820, 0x00000207f55be8c0]
Event: 43.010 Thread 0x00000207ea423e00 nmethod 9754 0x00000207f55be990 code [0x00000207f55bf040, 0x00000207f55c2d48]

GC Heap History (20 events):
Event: 30.568 GC heap before
{Heap before GC invocations=29 (full 2):
 PSYoungGen      total 24576K, used 24228K [0x00000000d5580000, 0x00000000d7080000, 0x0000000100000000)
  eden space 22016K, 100% used [0x00000000d5580000,0x00000000d6b00000,0x00000000d6b00000)
  from space 2560K, 86% used [0x00000000d6e00000,0x00000000d7029000,0x00000000d7080000)
  to   space 2560K, 0% used [0x00000000d6b00000,0x00000000d6b00000,0x00000000d6d80000)
 ParOldGen       total 68608K, used 40843K [0x0000000080000000, 0x0000000084300000, 0x00000000d5580000)
  object space 68608K, 59% used [0x0000000080000000,0x00000000827e2e28,0x0000000084300000)
 Metaspace       used 49697K, committed 51072K, reserved 1114112K
  class space    used 5395K, committed 6016K, reserved 1048576K
}
Event: 30.572 GC heap after
{Heap after GC invocations=29 (full 2):
 PSYoungGen      total 24576K, used 2240K [0x00000000d5580000, 0x00000000d7000000, 0x0000000100000000)
  eden space 22016K, 0% used [0x00000000d5580000,0x00000000d5580000,0x00000000d6b00000)
  from space 2560K, 87% used [0x00000000d6b00000,0x00000000d6d30010,0x00000000d6d80000)
  to   space 2560K, 0% used [0x00000000d6d80000,0x00000000d6d80000,0x00000000d7000000)
 ParOldGen       total 68608K, used 42859K [0x0000000080000000, 0x0000000084300000, 0x00000000d5580000)
  object space 68608K, 62% used [0x0000000080000000,0x00000000829daf28,0x0000000084300000)
 Metaspace       used 49697K, committed 51072K, reserved 1114112K
  class space    used 5395K, committed 6016K, reserved 1048576K
}
Event: 30.706 GC heap before
{Heap before GC invocations=30 (full 2):
 PSYoungGen      total 24576K, used 24256K [0x00000000d5580000, 0x00000000d7000000, 0x0000000100000000)
  eden space 22016K, 100% used [0x00000000d5580000,0x00000000d6b00000,0x00000000d6b00000)
  from space 2560K, 87% used [0x00000000d6b00000,0x00000000d6d30010,0x00000000d6d80000)
  to   space 2560K, 0% used [0x00000000d6d80000,0x00000000d6d80000,0x00000000d7000000)
 ParOldGen       total 68608K, used 42859K [0x0000000080000000, 0x0000000084300000, 0x00000000d5580000)
  object space 68608K, 62% used [0x0000000080000000,0x00000000829daf28,0x0000000084300000)
 Metaspace       used 49761K, committed 51136K, reserved 1114112K
  class space    used 5396K, committed 6016K, reserved 1048576K
}
Event: 30.712 GC heap after
{Heap after GC invocations=30 (full 2):
 PSYoungGen      total 24576K, used 1944K [0x00000000d5580000, 0x00000000d7000000, 0x0000000100000000)
  eden space 22016K, 0% used [0x00000000d5580000,0x00000000d5580000,0x00000000d6b00000)
  from space 2560K, 75% used [0x00000000d6d80000,0x00000000d6f66200,0x00000000d7000000)
  to   space 2560K, 0% used [0x00000000d6b00000,0x00000000d6b00000,0x00000000d6d80000)
 ParOldGen       total 68608K, used 44987K [0x0000000080000000, 0x0000000084300000, 0x00000000d5580000)
  object space 68608K, 65% used [0x0000000080000000,0x0000000082beef38,0x0000000084300000)
 Metaspace       used 49761K, committed 51136K, reserved 1114112K
  class space    used 5396K, committed 6016K, reserved 1048576K
}
Event: 31.072 GC heap before
{Heap before GC invocations=31 (full 2):
 PSYoungGen      total 24576K, used 23948K [0x00000000d5580000, 0x00000000d7000000, 0x0000000100000000)
  eden space 22016K, 99% used [0x00000000d5580000,0x00000000d6afd088,0x00000000d6b00000)
  from space 2560K, 75% used [0x00000000d6d80000,0x00000000d6f66200,0x00000000d7000000)
  to   space 2560K, 0% used [0x00000000d6b00000,0x00000000d6b00000,0x00000000d6d80000)
 ParOldGen       total 68608K, used 44987K [0x0000000080000000, 0x0000000084300000, 0x00000000d5580000)
  object space 68608K, 65% used [0x0000000080000000,0x0000000082beef38,0x0000000084300000)
 Metaspace       used 51507K, committed 52800K, reserved 1114112K
  class space    used 5608K, committed 6208K, reserved 1048576K
}
Event: 31.076 GC heap after
{Heap after GC invocations=31 (full 2):
 PSYoungGen      total 24064K, used 1592K [0x00000000d5580000, 0x00000000d6f00000, 0x0000000100000000)
  eden space 22016K, 0% used [0x00000000d5580000,0x00000000d5580000,0x00000000d6b00000)
  from space 2048K, 77% used [0x00000000d6b00000,0x00000000d6c8e2e8,0x00000000d6d00000)
  to   space 2048K, 0% used [0x00000000d6d00000,0x00000000d6d00000,0x00000000d6f00000)
 ParOldGen       total 68608K, used 46828K [0x0000000080000000, 0x0000000084300000, 0x00000000d5580000)
  object space 68608K, 68% used [0x0000000080000000,0x0000000082dbb138,0x0000000084300000)
 Metaspace       used 51507K, committed 52800K, reserved 1114112K
  class space    used 5608K, committed 6208K, reserved 1048576K
}
Event: 31.699 GC heap before
{Heap before GC invocations=32 (full 2):
 PSYoungGen      total 24064K, used 23608K [0x00000000d5580000, 0x00000000d6f00000, 0x0000000100000000)
  eden space 22016K, 100% used [0x00000000d5580000,0x00000000d6b00000,0x00000000d6b00000)
  from space 2048K, 77% used [0x00000000d6b00000,0x00000000d6c8e2e8,0x00000000d6d00000)
  to   space 2048K, 0% used [0x00000000d6d00000,0x00000000d6d00000,0x00000000d6f00000)
 ParOldGen       total 68608K, used 46828K [0x0000000080000000, 0x0000000084300000, 0x00000000d5580000)
  object space 68608K, 68% used [0x0000000080000000,0x0000000082dbb138,0x0000000084300000)
 Metaspace       used 52762K, committed 54080K, reserved 1114112K
  class space    used 5783K, committed 6400K, reserved 1048576K
}
Event: 31.702 GC heap after
{Heap after GC invocations=32 (full 2):
 PSYoungGen      total 23552K, used 1408K [0x00000000d5580000, 0x00000000d6e80000, 0x0000000100000000)
  eden space 22016K, 0% used [0x00000000d5580000,0x00000000d5580000,0x00000000d6b00000)
  from space 1536K, 91% used [0x00000000d6d00000,0x00000000d6e60010,0x00000000d6e80000)
  to   space 1536K, 0% used [0x00000000d6b80000,0x00000000d6b80000,0x00000000d6d00000)
 ParOldGen       total 68608K, used 48196K [0x0000000080000000, 0x0000000084300000, 0x00000000d5580000)
  object space 68608K, 70% used [0x0000000080000000,0x0000000082f111c0,0x0000000084300000)
 Metaspace       used 52762K, committed 54080K, reserved 1114112K
  class space    used 5783K, committed 6400K, reserved 1048576K
}
Event: 32.351 GC heap before
{Heap before GC invocations=33 (full 2):
 PSYoungGen      total 23552K, used 23424K [0x00000000d5580000, 0x00000000d6e80000, 0x0000000100000000)
  eden space 22016K, 100% used [0x00000000d5580000,0x00000000d6b00000,0x00000000d6b00000)
  from space 1536K, 91% used [0x00000000d6d00000,0x00000000d6e60010,0x00000000d6e80000)
  to   space 1536K, 0% used [0x00000000d6b80000,0x00000000d6b80000,0x00000000d6d00000)
 ParOldGen       total 68608K, used 48196K [0x0000000080000000, 0x0000000084300000, 0x00000000d5580000)
  object space 68608K, 70% used [0x0000000080000000,0x0000000082f111c0,0x0000000084300000)
 Metaspace       used 54095K, committed 55488K, reserved 1114112K
  class space    used 5891K, committed 6528K, reserved 1048576K
}
Event: 32.354 GC heap after
{Heap after GC invocations=33 (full 2):
 PSYoungGen      total 23040K, used 864K [0x00000000d5580000, 0x00000000d6e00000, 0x0000000100000000)
  eden space 22016K, 0% used [0x00000000d5580000,0x00000000d5580000,0x00000000d6b00000)
  from space 1024K, 84% used [0x00000000d6b80000,0x00000000d6c58000,0x00000000d6c80000)
  to   space 1536K, 0% used [0x00000000d6c80000,0x00000000d6c80000,0x00000000d6e00000)
 ParOldGen       total 68608K, used 49416K [0x0000000080000000, 0x0000000084300000, 0x00000000d5580000)
  object space 68608K, 72% used [0x0000000080000000,0x00000000830421d0,0x0000000084300000)
 Metaspace       used 54095K, committed 55488K, reserved 1114112K
  class space    used 5891K, committed 6528K, reserved 1048576K
}
Event: 34.078 GC heap before
{Heap before GC invocations=34 (full 2):
 PSYoungGen      total 23040K, used 22880K [0x00000000d5580000, 0x00000000d6e00000, 0x0000000100000000)
  eden space 22016K, 100% used [0x00000000d5580000,0x00000000d6b00000,0x00000000d6b00000)
  from space 1024K, 84% used [0x00000000d6b80000,0x00000000d6c58000,0x00000000d6c80000)
  to   space 1536K, 0% used [0x00000000d6c80000,0x00000000d6c80000,0x00000000d6e00000)
 ParOldGen       total 68608K, used 49416K [0x0000000080000000, 0x0000000084300000, 0x00000000d5580000)
  object space 68608K, 72% used [0x0000000080000000,0x00000000830421d0,0x0000000084300000)
 Metaspace       used 54988K, committed 56320K, reserved 1114112K
  class space    used 5984K, committed 6592K, reserved 1048576K
}
Event: 34.082 GC heap after
{Heap after GC invocations=34 (full 2):
 PSYoungGen      total 21504K, used 1536K [0x00000000d5580000, 0x00000000d7200000, 0x0000000100000000)
  eden space 19968K, 0% used [0x00000000d5580000,0x00000000d5580000,0x00000000d6900000)
  from space 1536K, 100% used [0x00000000d6c80000,0x00000000d6e00000,0x00000000d6e00000)
  to   space 3584K, 0% used [0x00000000d6900000,0x00000000d6900000,0x00000000d6c80000)
 ParOldGen       total 68608K, used 50716K [0x0000000080000000, 0x0000000084300000, 0x00000000d5580000)
  object space 68608K, 73% used [0x0000000080000000,0x00000000831871e0,0x0000000084300000)
 Metaspace       used 54988K, committed 56320K, reserved 1114112K
  class space    used 5984K, committed 6592K, reserved 1048576K
}
Event: 34.565 GC heap before
{Heap before GC invocations=35 (full 2):
 PSYoungGen      total 21504K, used 21499K [0x00000000d5580000, 0x00000000d7200000, 0x0000000100000000)
  eden space 19968K, 99% used [0x00000000d5580000,0x00000000d68fec08,0x00000000d6900000)
  from space 1536K, 100% used [0x00000000d6c80000,0x00000000d6e00000,0x00000000d6e00000)
  to   space 3584K, 0% used [0x00000000d6900000,0x00000000d6900000,0x00000000d6c80000)
 ParOldGen       total 68608K, used 50716K [0x0000000080000000, 0x0000000084300000, 0x00000000d5580000)
  object space 68608K, 73% used [0x0000000080000000,0x00000000831871e0,0x0000000084300000)
 Metaspace       used 55192K, committed 56576K, reserved 1114112K
  class space    used 5984K, committed 6592K, reserved 1048576K
}
Event: 34.568 GC heap after
{Heap after GC invocations=35 (full 2):
 PSYoungGen      total 21504K, used 1360K [0x00000000d5580000, 0x00000000d6d00000, 0x0000000100000000)
  eden space 19968K, 0% used [0x00000000d5580000,0x00000000d5580000,0x00000000d6900000)
  from space 1536K, 88% used [0x00000000d6900000,0x00000000d6a54010,0x00000000d6a80000)
  to   space 2048K, 0% used [0x00000000d6b00000,0x00000000d6b00000,0x00000000d6d00000)
 ParOldGen       total 68608K, used 52218K [0x0000000080000000, 0x0000000084300000, 0x00000000d5580000)
  object space 68608K, 76% used [0x0000000080000000,0x00000000832fea30,0x0000000084300000)
 Metaspace       used 55192K, committed 56576K, reserved 1114112K
  class space    used 5984K, committed 6592K, reserved 1048576K
}
Event: 35.423 GC heap before
{Heap before GC invocations=36 (full 2):
 PSYoungGen      total 21504K, used 21328K [0x00000000d5580000, 0x00000000d6d00000, 0x0000000100000000)
  eden space 19968K, 100% used [0x00000000d5580000,0x00000000d6900000,0x00000000d6900000)
  from space 1536K, 88% used [0x00000000d6900000,0x00000000d6a54010,0x00000000d6a80000)
  to   space 2048K, 0% used [0x00000000d6b00000,0x00000000d6b00000,0x00000000d6d00000)
 ParOldGen       total 68608K, used 52218K [0x0000000080000000, 0x0000000084300000, 0x00000000d5580000)
  object space 68608K, 76% used [0x0000000080000000,0x00000000832fea30,0x0000000084300000)
 Metaspace       used 55535K, committed 56896K, reserved 1114112K
  class space    used 6027K, committed 6656K, reserved 1048576K
}
Event: 35.426 GC heap after
{Heap after GC invocations=36 (full 2):
 PSYoungGen      total 22016K, used 1856K [0x00000000d5580000, 0x00000000d6d00000, 0x0000000100000000)
  eden space 19968K, 0% used [0x00000000d5580000,0x00000000d5580000,0x00000000d6900000)
  from space 2048K, 90% used [0x00000000d6b00000,0x00000000d6cd0000,0x00000000d6d00000)
  to   space 2048K, 0% used [0x00000000d6900000,0x00000000d6900000,0x00000000d6b00000)
 ParOldGen       total 68608K, used 53338K [0x0000000080000000, 0x0000000084300000, 0x00000000d5580000)
  object space 68608K, 77% used [0x0000000080000000,0x0000000083416a30,0x0000000084300000)
 Metaspace       used 55535K, committed 56896K, reserved 1114112K
  class space    used 6027K, committed 6656K, reserved 1048576K
}
Event: 36.220 GC heap before
{Heap before GC invocations=37 (full 2):
 PSYoungGen      total 22016K, used 21824K [0x00000000d5580000, 0x00000000d6d00000, 0x0000000100000000)
  eden space 19968K, 100% used [0x00000000d5580000,0x00000000d6900000,0x00000000d6900000)
  from space 2048K, 90% used [0x00000000d6b00000,0x00000000d6cd0000,0x00000000d6d00000)
  to   space 2048K, 0% used [0x00000000d6900000,0x00000000d6900000,0x00000000d6b00000)
 ParOldGen       total 68608K, used 53338K [0x0000000080000000, 0x0000000084300000, 0x00000000d5580000)
  object space 68608K, 77% used [0x0000000080000000,0x0000000083416a30,0x0000000084300000)
 Metaspace       used 55746K, committed 57152K, reserved 1114112K
  class space    used 6027K, committed 6656K, reserved 1048576K
}
Event: 36.224 GC heap after
{Heap after GC invocations=37 (full 2):
 PSYoungGen      total 22016K, used 2048K [0x00000000d5580000, 0x00000000d7100000, 0x0000000100000000)
  eden space 19968K, 0% used [0x00000000d5580000,0x00000000d5580000,0x00000000d6900000)
  from space 2048K, 100% used [0x00000000d6900000,0x00000000d6b00000,0x00000000d6b00000)
  to   space 4096K, 0% used [0x00000000d6d00000,0x00000000d6d00000,0x00000000d7100000)
 ParOldGen       total 68608K, used 54777K [0x0000000080000000, 0x0000000084300000, 0x00000000d5580000)
  object space 68608K, 79% used [0x0000000080000000,0x000000008357e740,0x0000000084300000)
 Metaspace       used 55746K, committed 57152K, reserved 1114112K
  class space    used 6027K, committed 6656K, reserved 1048576K
}
Event: 37.097 GC heap before
{Heap before GC invocations=38 (full 2):
 PSYoungGen      total 22016K, used 22016K [0x00000000d5580000, 0x00000000d7100000, 0x0000000100000000)
  eden space 19968K, 100% used [0x00000000d5580000,0x00000000d6900000,0x00000000d6900000)
  from space 2048K, 100% used [0x00000000d6900000,0x00000000d6b00000,0x00000000d6b00000)
  to   space 4096K, 0% used [0x00000000d6d00000,0x00000000d6d00000,0x00000000d7100000)
 ParOldGen       total 68608K, used 54777K [0x0000000080000000, 0x0000000084300000, 0x00000000d5580000)
  object space 68608K, 79% used [0x0000000080000000,0x000000008357e740,0x0000000084300000)
 Metaspace       used 55983K, committed 57344K, reserved 1114112K
  class space    used 6041K, committed 6656K, reserved 1048576K
}
Event: 37.099 GC heap after
{Heap after GC invocations=38 (full 2):
 PSYoungGen      total 21504K, used 1056K [0x00000000d5580000, 0x00000000d6e80000, 0x0000000100000000)
  eden space 19968K, 0% used [0x00000000d5580000,0x00000000d5580000,0x00000000d6900000)
  from space 1536K, 68% used [0x00000000d6d00000,0x00000000d6e08000,0x00000000d6e80000)
  to   space 2048K, 0% used [0x00000000d6a80000,0x00000000d6a80000,0x00000000d6c80000)
 ParOldGen       total 68608K, used 55809K [0x0000000080000000, 0x0000000084300000, 0x00000000d5580000)
  object space 68608K, 81% used [0x0000000080000000,0x0000000083680740,0x0000000084300000)
 Metaspace       used 55983K, committed 57344K, reserved 1114112K
  class space    used 6041K, committed 6656K, reserved 1048576K
}

Dll operation events (10 events):
Event: 0.016 Loaded shared library c:\Users\Kavis\.vscode\extensions\redhat.java-1.52.0-win32-x64\jre\21.0.9-win32-x86_64\bin\java.dll
Event: 0.123 Loaded shared library c:\Users\Kavis\.vscode\extensions\redhat.java-1.52.0-win32-x64\jre\21.0.9-win32-x86_64\bin\zip.dll
Event: 0.161 Loaded shared library C:\Users\Kavis\.vscode\extensions\redhat.java-1.52.0-win32-x64\jre\21.0.9-win32-x86_64\bin\instrument.dll
Event: 0.174 Loaded shared library C:\Users\Kavis\.vscode\extensions\redhat.java-1.52.0-win32-x64\jre\21.0.9-win32-x86_64\bin\net.dll
Event: 0.178 Loaded shared library C:\Users\Kavis\.vscode\extensions\redhat.java-1.52.0-win32-x64\jre\21.0.9-win32-x86_64\bin\nio.dll
Event: 0.184 Loaded shared library C:\Users\Kavis\.vscode\extensions\redhat.java-1.52.0-win32-x64\jre\21.0.9-win32-x86_64\bin\zip.dll
Event: 0.214 Loaded shared library C:\Users\Kavis\.vscode\extensions\redhat.java-1.52.0-win32-x64\jre\21.0.9-win32-x86_64\bin\jimage.dll
Event: 0.355 Loaded shared library c:\Users\Kavis\.vscode\extensions\redhat.java-1.52.0-win32-x64\jre\21.0.9-win32-x86_64\bin\verify.dll
Event: 2.891 Loaded shared library C:\Users\Kavis\AppData\Roaming\Code\User\globalStorage\redhat.java\1.52.0\config_win\org.eclipse.equinox.launcher\org.eclipse.equinox.launcher.win32.win32.x86_64_1.2.1500.v20260121-1430\eclipse_11919.dll
Event: 8.035 Loaded shared library C:\Users\Kavis\AppData\Local\Temp\jna-72270570\jna2796046412346344889.dll

Deoptimization events (20 events):
Event: 41.701 Thread 0x00000207cb30c6d0 Uncommon trap: trap_request=0xffffff6e fr.pc=0x00000207f55a461c relative=0x00000000000003dc
Event: 41.701 Thread 0x00000207cb30c6d0 Uncommon trap: reason=loop_limit_check action=maybe_recompile pc=0x00000207f55a461c method=org.eclipse.jdt.internal.compiler.classfmt.ClassFileStruct.utf8At(II)[C @ 143 c2
Event: 41.701 Thread 0x00000207cb30c6d0 DEOPT PACKING pc=0x00000207f55a461c sp=0x000000c0a8bfd5e0
Event: 41.701 Thread 0x00000207cb30c6d0 DEOPT UNPACKING pc=0x00000207f4af3aa2 sp=0x000000c0a8bfd560 mode 2
Event: 42.200 Thread 0x00000207cb30c6d0 DEOPT PACKING pc=0x00000207ee88197b sp=0x000000c0a8bfd8b0
Event: 42.200 Thread 0x00000207cb30c6d0 DEOPT UNPACKING pc=0x00000207f4af4242 sp=0x000000c0a8bfcd20 mode 0
Event: 42.703 Thread 0x00000207cb30c6d0 Uncommon trap: trap_request=0xffffff45 fr.pc=0x00000207f559ad04 relative=0x0000000000002344
Event: 42.703 Thread 0x00000207cb30c6d0 Uncommon trap: reason=unstable_if action=reinterpret pc=0x00000207f559ad04 method=java.util.zip.ZipFile$Source.isMetaName([BII)Z @ 57 c2
Event: 42.703 Thread 0x00000207cb30c6d0 DEOPT PACKING pc=0x00000207f559ad04 sp=0x000000c0a8bfd6b0
Event: 42.703 Thread 0x00000207cb30c6d0 DEOPT UNPACKING pc=0x00000207f4af3aa2 sp=0x000000c0a8bfd630 mode 2
Event: 42.703 Thread 0x00000207cb30c6d0 Uncommon trap: trap_request=0xffffff45 fr.pc=0x00000207f51266bc relative=0x000000000000017c
Event: 42.703 Thread 0x00000207cb30c6d0 Uncommon trap: reason=unstable_if action=reinterpret pc=0x00000207f51266bc method=java.util.zip.ZipFile$Source.isMetaName([BII)Z @ 57 c2
Event: 42.703 Thread 0x00000207cb30c6d0 DEOPT PACKING pc=0x00000207f51266bc sp=0x000000c0a8bfd680
Event: 42.703 Thread 0x00000207cb30c6d0 DEOPT UNPACKING pc=0x00000207f4af3aa2 sp=0x000000c0a8bfd628 mode 2
Event: 42.826 Thread 0x00000207cb30c6d0 DEOPT PACKING pc=0x00000207ee018220 sp=0x000000c0a8bfe250
Event: 42.826 Thread 0x00000207cb30c6d0 DEOPT UNPACKING pc=0x00000207f4af4242 sp=0x000000c0a8bfd758 mode 3
Event: 42.888 Thread 0x00000207cb30d3f0 Uncommon trap: trap_request=0xffffff45 fr.pc=0x00000207f55b0600 relative=0x0000000000000240
Event: 42.888 Thread 0x00000207cb30d3f0 Uncommon trap: reason=unstable_if action=reinterpret pc=0x00000207f55b0600 method=org.eclipse.core.runtime.Path.equals(Ljava/lang/Object;)Z @ 36 c2
Event: 42.888 Thread 0x00000207cb30d3f0 DEOPT PACKING pc=0x00000207f55b0600 sp=0x000000c0a8efecf0
Event: 42.888 Thread 0x00000207cb30d3f0 DEOPT UNPACKING pc=0x00000207f4af3aa2 sp=0x000000c0a8efec78 mode 2

Classes loaded (20 events):
Event: 32.619 Loading class sun/util/resources/cldr/TimeZoneNames_en
Event: 32.621 Loading class sun/util/resources/cldr/TimeZoneNames_en done
Event: 32.621 Loading class sun/util/resources/cldr/TimeZoneNames_en_US
Event: 32.621 Loading class sun/util/resources/cldr/TimeZoneNames_en_US done
Event: 32.623 Loading class sun/util/cldr/CLDRBaseLocaleDataMetaInfo$TZCanonicalIDMapHolder
Event: 32.624 Loading class sun/util/cldr/CLDRBaseLocaleDataMetaInfo$TZCanonicalIDMapHolder done
Event: 32.627 Loading class sun/util/resources/TimeZoneNames
Event: 32.630 Loading class sun/util/resources/TimeZoneNames done
Event: 32.631 Loading class sun/util/resources/TimeZoneNames_en
Event: 32.632 Loading class sun/util/resources/TimeZoneNames_en done
Event: 36.304 Loading class sun/nio/cs/ISO_8859_1$Decoder
Event: 36.305 Loading class sun/nio/cs/ISO_8859_1$Decoder done
Event: 37.087 Loading class java/util/Collections$2
Event: 37.087 Loading class java/util/Collections$2 done
Event: 42.840 Loading class java/util/AbstractList$RandomAccessSubList
Event: 42.840 Loading class java/util/AbstractList$SubList
Event: 42.840 Loading class java/util/AbstractList$SubList done
Event: 42.840 Loading class java/util/AbstractList$RandomAccessSubList done
Event: 42.840 Loading class java/util/AbstractList$SubList$1
Event: 42.840 Loading class java/util/AbstractList$SubList$1 done

Classes unloaded (7 events):
Event: 10.280 Thread 0x00000207fce04470 Unloading class 0x00000207851acc00 'java/lang/invoke/LambdaForm$MH+0x00000207851acc00'
Event: 10.280 Thread 0x00000207fce04470 Unloading class 0x00000207851ac800 'java/lang/invoke/LambdaForm$MH+0x00000207851ac800'
Event: 10.280 Thread 0x00000207fce04470 Unloading class 0x00000207851ac400 'java/lang/invoke/LambdaForm$MH+0x00000207851ac400'
Event: 10.280 Thread 0x00000207fce04470 Unloading class 0x00000207851ac000 'java/lang/invoke/LambdaForm$MH+0x00000207851ac000'
Event: 10.280 Thread 0x00000207fce04470 Unloading class 0x00000207851abc00 'java/lang/invoke/LambdaForm$BMH+0x00000207851abc00'
Event: 10.280 Thread 0x00000207fce04470 Unloading class 0x00000207851ab800 'java/lang/invoke/LambdaForm$DMH+0x00000207851ab800'
Event: 10.280 Thread 0x00000207fce04470 Unloading class 0x00000207851aa400 'java/lang/invoke/LambdaForm$DMH+0x00000207851aa400'

Classes redefined (0 events):
No events

Internal exceptions (20 events):
Event: 29.481 Thread 0x00000207cb30c6d0 Exception <a 'sun/nio/fs/WindowsException'{0x00000000d6009bd8}> (0x00000000d6009bd8) 
thrown [s\src\hotspot\share\prims\jni.cpp, line 520]
Event: 29.482 Thread 0x00000207cb30c6d0 Exception <a 'sun/nio/fs/WindowsException'{0x00000000d600abb0}> (0x00000000d600abb0) 
thrown [s\src\hotspot\share\prims\jni.cpp, line 520]
Event: 29.482 Thread 0x00000207cb30c6d0 Exception <a 'sun/nio/fs/WindowsException'{0x00000000d600b490}> (0x00000000d600b490) 
thrown [s\src\hotspot\share\prims\jni.cpp, line 520]
Event: 29.515 Thread 0x00000207c9553180 Exception <a 'java/lang/NoSuchMethodError'{0x00000000d60c8408}: 'java.lang.Object java.lang.invoke.DelegatingMethodHandle$Holder.reinvoke_L(java.lang.Object, int, long, java.lang.Object, java.lang.Object, int, java.lang.Object)'> (0x00000000d60c8408) 
thrown [s\src\hotspot\share\interpreter\linkResolver.cpp, line 773]
Event: 29.720 Thread 0x00000207cb30a600 Exception <a 'java/lang/NoSuchMethodError'{0x00000000d66b0aa8}: 'java.lang.Object java.lang.invoke.DirectMethodHandle$Holder.invokeStaticInit(java.lang.Object, java.lang.Object, java.lang.Object)'> (0x00000000d66b0aa8) 
thrown [s\src\hotspot\share\interpreter\linkResolver.cpp, line 773]
Event: 30.765 Thread 0x00000207cb30c6d0 Exception <a 'java/io/FileNotFoundException'{0x00000000d5c16fe8}> (0x00000000d5c16fe8) 
thrown [s\src\hotspot\share\prims\jni.cpp, line 520]
Event: 30.765 Thread 0x00000207cb30c6d0 Exception <a 'java/io/FileNotFoundException'{0x00000000d5c18018}> (0x00000000d5c18018) 
thrown [s\src\hotspot\share\prims\jni.cpp, line 520]
Event: 30.774 Thread 0x00000207cb30c6d0 Exception <a 'sun/nio/fs/WindowsException'{0x00000000d5c8ac10}> (0x00000000d5c8ac10) 
thrown [s\src\hotspot\share\prims\jni.cpp, line 520]
Event: 30.774 Thread 0x00000207cb30c6d0 Exception <a 'sun/nio/fs/WindowsException'{0x00000000d5c8b4f0}> (0x00000000d5c8b4f0) 
thrown [s\src\hotspot\share\prims\jni.cpp, line 520]
Event: 31.110 Thread 0x00000207c9553180 Exception <a 'java/lang/NoSuchMethodError'{0x00000000d55d0e28}: 'java.lang.Object java.lang.invoke.DirectMethodHandle$Holder.invokeVirtual(java.lang.Object, java.lang.Object, int)'> (0x00000000d55d0e28) 
thrown [s\src\hotspot\share\interpreter\linkResolver.cpp, line 773]
Event: 31.182 Thread 0x00000207cb30c6d0 Exception <a 'java/lang/NoSuchMethodError'{0x00000000d5ab1900}: 'void java.lang.invoke.DirectMethodHandle$Holder.invokeStatic(java.lang.Object, java.lang.Object, java.lang.Object, int)'> (0x00000000d5ab1900) 
thrown [s\src\hotspot\share\interpreter\linkResolver.cpp, line 773]
Event: 31.194 Thread 0x00000207cb30c6d0 Exception <a 'java/lang/NoSuchMethodError'{0x00000000d5b7e4c8}: 'void java.lang.invoke.DirectMethodHandle$Holder.invokeVirtual(java.lang.Object, java.lang.Object, int)'> (0x00000000d5b7e4c8) 
thrown [s\src\hotspot\share\interpreter\linkResolver.cpp, line 773]
Event: 32.411 Thread 0x00000207c9553180 Exception <a 'java/lang/NoSuchMethodError'{0x00000000d57cbeb0}: 'java.lang.Object java.lang.invoke.DirectMethodHandle$Holder.invokeStatic(java.lang.Object, java.lang.Object, int, java.lang.Object)'> (0x00000000d57cbeb0) 
thrown [s\src\hotspot\share\interpreter\linkResolver.cpp, line 773]
Event: 32.412 Thread 0x00000207c9553180 Exception <a 'java/lang/NoSuchMethodError'{0x00000000d57d2510}: 'java.lang.Object java.lang.invoke.DirectMethodHandle$Holder.newInvokeSpecial(java.lang.Object, java.lang.Object, int)'> (0x00000000d57d2510) 
thrown [s\src\hotspot\share\interpreter\linkResolver.cpp, line 773]
Event: 34.744 Thread 0x00000207cb30c6d0 Exception <a 'java/lang/NoSuchMethodError'{0x00000000d5e27670}: 'void java.lang.invoke.DirectMethodHandle$Holder.invokeInterface(java.lang.Object, java.lang.Object)'> (0x00000000d5e27670) 
thrown [s\src\hotspot\share\interpreter\linkResolver.cpp, line 773]
Event: 35.279 Thread 0x00000207cb3101e0 Implicit null exception at 0x00000207f54e216d to 0x00000207f54e2724
Event: 36.901 Thread 0x00000207cb30c6d0 Implicit null exception at 0x00000207f548fc2a to 0x00000207f548fdd4
Event: 36.901 Thread 0x00000207cb30c6d0 Implicit null exception at 0x00000207f548cda3 to 0x00000207f548cf48
Event: 37.088 Thread 0x00000207cb30c6d0 Exception <a 'sun/nio/fs/WindowsException'{0x00000000d68d0808}> (0x00000000d68d0808) 
thrown [s\src\hotspot\share\prims\jni.cpp, line 520]
Event: 37.088 Thread 0x00000207cb30c6d0 Exception <a 'sun/nio/fs/WindowsException'{0x00000000d68d10e8}> (0x00000000d68d10e8) 
thrown [s\src\hotspot\share\prims\jni.cpp, line 520]

ZGC Phase Switch (0 events):
No events

VM Operations (20 events):
Event: 35.423 Executing VM operation: ParallelGCFailedAllocation (Allocation Failure)
Event: 35.426 Executing VM operation: ParallelGCFailedAllocation (Allocation Failure) done
Event: 36.220 Executing VM operation: ParallelGCFailedAllocation (Allocation Failure)
Event: 36.224 Executing VM operation: ParallelGCFailedAllocation (Allocation Failure) done
Event: 37.097 Executing VM operation: ParallelGCFailedAllocation (Allocation Failure)
Event: 37.099 Executing VM operation: ParallelGCFailedAllocation (Allocation Failure) done
Event: 38.103 Executing VM operation: Cleanup
Event: 38.103 Executing VM operation: Cleanup done
Event: 40.130 Executing VM operation: Cleanup
Event: 40.130 Executing VM operation: Cleanup done
Event: 42.825 Executing VM operation: HandshakeAllThreads (Deoptimize)
Event: 42.826 Executing VM operation: HandshakeAllThreads (Deoptimize) done
Event: 42.826 Executing VM operation: Cleanup
Event: 42.826 Executing VM operation: Cleanup done
Event: 43.833 Executing VM operation: Cleanup
Event: 43.833 Executing VM operation: Cleanup done
Event: 60.250 Executing VM operation: HandshakeAllThreads (HandshakeForDeflation)
Event: 60.250 Executing VM operation: HandshakeAllThreads (HandshakeForDeflation) done
Event: 60.250 Executing VM operation: RendezvousGCThreads
Event: 60.250 Executing VM operation: RendezvousGCThreads done

Memory protections (0 events):
No events

Nmethod flushes (20 events):
Event: 14.829 Thread 0x00000207fce04470 flushing  nmethod 0x00000207edbdcc10
Event: 14.829 Thread 0x00000207fce04470 flushing  nmethod 0x00000207edbdd510
Event: 14.829 Thread 0x00000207fce04470 flushing  nmethod 0x00000207edbde710
Event: 14.829 Thread 0x00000207fce04470 flushing  nmethod 0x00000207edbdef10
Event: 14.829 Thread 0x00000207fce04470 flushing  nmethod 0x00000207edbdf690
Event: 14.829 Thread 0x00000207fce04470 flushing  nmethod 0x00000207edbe0c10
Event: 14.829 Thread 0x00000207fce04470 flushing  nmethod 0x00000207edbe1510
Event: 14.829 Thread 0x00000207fce04470 flushing  nmethod 0x00000207edbe2f10
Event: 14.829 Thread 0x00000207fce04470 flushing  nmethod 0x00000207edbe3310
Event: 14.829 Thread 0x00000207fce04470 flushing  nmethod 0x00000207edbe3c90
Event: 14.829 Thread 0x00000207fce04470 flushing  nmethod 0x00000207edbe5d10
Event: 14.829 Thread 0x00000207fce04470 flushing  nmethod 0x00000207edc0c010
Event: 14.829 Thread 0x00000207fce04470 flushing  nmethod 0x00000207edc26310
Event: 14.829 Thread 0x00000207fce04470 flushing  nmethod 0x00000207edc27410
Event: 14.829 Thread 0x00000207fce04470 flushing  nmethod 0x00000207edc33a10
Event: 14.829 Thread 0x00000207fce04470 flushing  nmethod 0x00000207edc82290
Event: 14.829 Thread 0x00000207fce04470 flushing  nmethod 0x00000207edc9ca90
Event: 14.829 Thread 0x00000207fce04470 flushing  nmethod 0x00000207edcad890
Event: 14.829 Thread 0x00000207fce04470 flushing  nmethod 0x00000207edcef110
Event: 14.829 Thread 0x00000207fce04470 flushing  nmethod 0x00000207edcef590

Events (20 events):
Event: 34.763 Thread 0x00000207cb30c6d0 Thread added: 0x00000207cb310870
Event: 34.763 Thread 0x00000207cb30c6d0 Thread added: 0x00000207cb310f00
Event: 34.764 Thread 0x00000207cb30c6d0 Thread added: 0x00000207cb311c20
Event: 34.764 Thread 0x00000207cb30c6d0 Thread added: 0x00000207cabac0f0
Event: 34.910 Thread 0x00000207ca4a36f0 Thread exited: 0x00000207ca4a36f0
Event: 35.683 Thread 0x00000207fe1952e0 Thread added: 0x00000207cc1c2b30
Event: 36.773 Thread 0x00000207cc1c2b30 Thread exited: 0x00000207cc1c2b30
Event: 36.888 Thread 0x00000207fe1952e0 Thread added: 0x00000207cc1c2b30
Event: 36.895 Thread 0x00000207cb310870 Thread exited: 0x00000207cb310870
Event: 36.895 Thread 0x00000207cb311c20 Thread exited: 0x00000207cb311c20
Event: 36.896 Thread 0x00000207cb310f00 Thread exited: 0x00000207cb310f00
Event: 36.896 Thread 0x00000207cb3101e0 Thread exited: 0x00000207cb3101e0
Event: 36.896 Thread 0x00000207cabac0f0 Thread exited: 0x00000207cabac0f0
Event: 37.570 Thread 0x00000207cc1c2b30 Thread exited: 0x00000207cc1c2b30
Event: 42.846 Thread 0x00000207fe1952e0 Thread added: 0x00000207cba15650
Event: 47.972 Thread 0x00000207cba15650 Thread exited: 0x00000207cba15650
Event: 89.207 Thread 0x00000207c9555f70 Thread exited: 0x00000207c9555f70
Event: 92.502 Thread 0x00000207c9553180 Thread exited: 0x00000207c9553180
Event: 102.917 Thread 0x00000207cb30d3f0 Thread exited: 0x00000207cb30d3f0
Event: 102.949 Thread 0x00000207c9552af0 Thread exited: 0x00000207c9552af0


Dynamic libraries:
0x00007ff6e52f0000 - 0x00007ff6e52fe000 	c:\Users\Kavis\.vscode\extensions\redhat.java-1.52.0-win32-x64\jre\21.0.9-win32-x86_64\bin\java.exe
0x00007ffc46d20000 - 0x00007ffc46f87000 	C:\WINDOWS\SYSTEM32\ntdll.dll
0x00007ffc45f90000 - 0x00007ffc46059000 	C:\WINDOWS\System32\KERNEL32.DLL
0x00007ffc445d0000 - 0x00007ffc449bf000 	C:\WINDOWS\System32\KERNELBASE.dll
0x00007ffc43e70000 - 0x00007ffc43fbb000 	C:\WINDOWS\System32\ucrtbase.dll
0x00007ffc163c0000 - 0x00007ffc163d8000 	c:\Users\Kavis\.vscode\extensions\redhat.java-1.52.0-win32-x64\jre\21.0.9-win32-x86_64\bin\jli.dll
0x00007ffc44b40000 - 0x00007ffc44d05000 	C:\WINDOWS\System32\USER32.dll
0x00007ffc44a90000 - 0x00007ffc44ab7000 	C:\WINDOWS\System32\win32u.dll
0x00007ffc46cb0000 - 0x00007ffc46cdb000 	C:\WINDOWS\System32\GDI32.dll
0x00007ffc29e00000 - 0x00007ffc29e1e000 	c:\Users\Kavis\.vscode\extensions\redhat.java-1.52.0-win32-x64\jre\21.0.9-win32-x86_64\bin\VCRUNTIME140.dll
0x00007ffc43fc0000 - 0x00007ffc440ec000 	C:\WINDOWS\System32\gdi32full.dll
0x00007ffc44270000 - 0x00007ffc44313000 	C:\WINDOWS\System32\msvcp_win.dll
0x00007ffc24ac0000 - 0x00007ffc24d53000 	C:\WINDOWS\WinSxS\amd64_microsoft.windows.common-controls_6595b64144ccf1df_6.0.26100.7309_none_3e05feeae336a044\COMCTL32.dll
0x00007ffc44d90000 - 0x00007ffc44e39000 	C:\WINDOWS\System32\msvcrt.dll
0x00007ffc46440000 - 0x00007ffc46471000 	C:\WINDOWS\System32\IMM32.DLL
0x00007ffc3c280000 - 0x00007ffc3c28c000 	c:\Users\Kavis\.vscode\extensions\redhat.java-1.52.0-win32-x64\jre\21.0.9-win32-x86_64\bin\vcruntime140_1.dll
0x00007ffbf2600000 - 0x00007ffbf268d000 	c:\Users\Kavis\.vscode\extensions\redhat.java-1.52.0-win32-x64\jre\21.0.9-win32-x86_64\bin\msvcp140.dll
0x00007ffbcd830000 - 0x00007ffbce5d0000 	c:\Users\Kavis\.vscode\extensions\redhat.java-1.52.0-win32-x64\jre\21.0.9-win32-x86_64\bin\server\jvm.dll
0x00007ffc45a40000 - 0x00007ffc45af4000 	C:\WINDOWS\System32\ADVAPI32.dll
0x00007ffc45170000 - 0x00007ffc45216000 	C:\WINDOWS\System32\sechost.dll
0x00007ffc45040000 - 0x00007ffc45158000 	C:\WINDOWS\System32\RPCRT4.dll
0x00007ffc44ac0000 - 0x00007ffc44b34000 	C:\WINDOWS\System32\WS2_32.dll
0x00007ffc38910000 - 0x00007ffc38945000 	C:\WINDOWS\SYSTEM32\WINMM.dll
0x00007ffc43cd0000 - 0x00007ffc43d2e000 	C:\WINDOWS\SYSTEM32\POWRPROF.dll
0x00007ffc3c330000 - 0x00007ffc3c33b000 	C:\WINDOWS\SYSTEM32\VERSION.dll
0x00007ffc43cb0000 - 0x00007ffc43cc4000 	C:\WINDOWS\SYSTEM32\UMPDC.dll
0x00007ffc42c20000 - 0x00007ffc42c3b000 	C:\WINDOWS\SYSTEM32\kernel.appcore.dll
0x00007ffc3bb20000 - 0x00007ffc3bb2a000 	c:\Users\Kavis\.vscode\extensions\redhat.java-1.52.0-win32-x64\jre\21.0.9-win32-x86_64\bin\jimage.dll
0x00007ffc41570000 - 0x00007ffc417b2000 	C:\WINDOWS\SYSTEM32\DBGHELP.DLL
0x00007ffc46770000 - 0x00007ffc46af6000 	C:\WINDOWS\System32\combase.dll
0x00007ffc44f60000 - 0x00007ffc45036000 	C:\WINDOWS\System32\OLEAUT32.dll
0x00007ffc20ef0000 - 0x00007ffc20f2c000 	C:\WINDOWS\SYSTEM32\dbgcore.DLL
0x00007ffc44490000 - 0x00007ffc44535000 	C:\WINDOWS\System32\bcryptPrimitives.dll
0x00007ffc3baf0000 - 0x00007ffc3baff000 	c:\Users\Kavis\.vscode\extensions\redhat.java-1.52.0-win32-x64\jre\21.0.9-win32-x86_64\bin\instrument.dll
0x00007ffc12ae0000 - 0x00007ffc12b00000 	c:\Users\Kavis\.vscode\extensions\redhat.java-1.52.0-win32-x64\jre\21.0.9-win32-x86_64\bin\java.dll
0x00007ffc45220000 - 0x00007ffc45973000 	C:\WINDOWS\System32\SHELL32.dll
0x00007ffc44320000 - 0x00007ffc4448a000 	C:\WINDOWS\System32\wintypes.dll
0x00007ffc41a50000 - 0x00007ffc422ae000 	C:\WINDOWS\SYSTEM32\windows.storage.dll
0x00007ffc46bb0000 - 0x00007ffc46ca5000 	C:\WINDOWS\System32\SHCORE.dll
0x00007ffc46080000 - 0x00007ffc460e6000 	C:\WINDOWS\System32\shlwapi.dll
0x00007ffc43d90000 - 0x00007ffc43db9000 	C:\WINDOWS\SYSTEM32\profapi.dll
0x00007ffc12830000 - 0x00007ffc12848000 	c:\Users\Kavis\.vscode\extensions\redhat.java-1.52.0-win32-x64\jre\21.0.9-win32-x86_64\bin\zip.dll
0x00007ffc316b0000 - 0x00007ffc316c0000 	C:\Users\Kavis\.vscode\extensions\redhat.java-1.52.0-win32-x64\jre\21.0.9-win32-x86_64\bin\net.dll
0x00007ffc3a7a0000 - 0x00007ffc3a8c8000 	C:\WINDOWS\SYSTEM32\WINHTTP.dll
0x00007ffc43190000 - 0x00007ffc431fb000 	C:\WINDOWS\system32\mswsock.dll
0x00007ffc11c50000 - 0x00007ffc11c66000 	C:\Users\Kavis\.vscode\extensions\redhat.java-1.52.0-win32-x64\jre\21.0.9-win32-x86_64\bin\nio.dll
0x00007ffc2f7f0000 - 0x00007ffc2f800000 	c:\Users\Kavis\.vscode\extensions\redhat.java-1.52.0-win32-x64\jre\21.0.9-win32-x86_64\bin\verify.dll
0x00007ffc0e700000 - 0x00007ffc0e745000 	C:\Users\Kavis\AppData\Roaming\Code\User\globalStorage\redhat.java\1.52.0\config_win\org.eclipse.equinox.launcher\org.eclipse.equinox.launcher.win32.win32.x86_64_1.2.1500.v20260121-1430\eclipse_11919.dll
0x00007ffc465d0000 - 0x00007ffc46767000 	C:\WINDOWS\System32\ole32.dll
0x00007ffc43450000 - 0x00007ffc4346b000 	C:\WINDOWS\SYSTEM32\CRYPTSP.dll
0x00007ffc42b80000 - 0x00007ffc42bba000 	C:\WINDOWS\system32\rsaenh.dll
0x00007ffc43240000 - 0x00007ffc4326b000 	C:\WINDOWS\SYSTEM32\USERENV.dll
0x00007ffc43d60000 - 0x00007ffc43d8a000 	C:\WINDOWS\SYSTEM32\bcrypt.dll
0x00007ffc43470000 - 0x00007ffc4347c000 	C:\WINDOWS\SYSTEM32\CRYPTBASE.dll
0x00007ffc42610000 - 0x00007ffc42644000 	C:\WINDOWS\SYSTEM32\IPHLPAPI.DLL
0x00007ffc44ef0000 - 0x00007ffc44efa000 	C:\WINDOWS\System32\NSI.dll
0x00007ffbfff40000 - 0x00007ffbfff89000 	C:\Users\Kavis\AppData\Local\Temp\jna-72270570\jna2796046412346344889.dll
0x00007ffc45160000 - 0x00007ffc45168000 	C:\WINDOWS\System32\PSAPI.DLL
0x00007ffc3ab60000 - 0x00007ffc3ab7e000 	C:\WINDOWS\SYSTEM32\dhcpcsvc6.DLL
0x00007ffc3aaa0000 - 0x00007ffc3aac3000 	C:\WINDOWS\SYSTEM32\dhcpcsvc.DLL

JVMTI agents:
c:\Users\Kavis\.vscode\extensions\redhat.java-1.52.0-win32-x64\lombok\lombok-1.18.39-4050.jar path:c:\Users\Kavis\.vscode\extensions\redhat.java-1.52.0-win32-x64\jre\21.0.9-win32-x86_64\bin\instrument.dll, loaded, initialized, instrumentlib options:none

dbghelp: loaded successfully - version: 4.0.5 - missing functions: none
symbol engine: initialized successfully - sym options: 0x614 - pdb path: .;c:\Users\Kavis\.vscode\extensions\redhat.java-1.52.0-win32-x64\jre\21.0.9-win32-x86_64\bin;C:\WINDOWS\SYSTEM32;C:\WINDOWS\WinSxS\amd64_microsoft.windows.common-controls_6595b64144ccf1df_6.0.26100.7309_none_3e05feeae336a044;c:\Users\Kavis\.vscode\extensions\redhat.java-1.52.0-win32-x64\jre\21.0.9-win32-x86_64\bin\server;C:\Users\Kavis\AppData\Roaming\Code\User\globalStorage\redhat.java\1.52.0\config_win\org.eclipse.equinox.launcher\org.eclipse.equinox.launcher.win32.win32.x86_64_1.2.1500.v20260121-1430;C:\Users\Kavis\AppData\Local\Temp\jna-72270570

VM Arguments:
jvm_args: --add-modules=ALL-SYSTEM --add-opens=java.base/java.util=ALL-UNNAMED --add-opens=java.base/java.lang=ALL-UNNAMED --add-opens=java.base/sun.nio.fs=ALL-UNNAMED -Declipse.application=org.eclipse.jdt.ls.core.id1 -Dosgi.bundles.defaultStartLevel=4 -Declipse.product=org.eclipse.jdt.ls.core.product -Djava.import.generatesMetadataFilesAtProjectRoot=false -DDetectVMInstallationsJob.disabled=true -Dfile.encoding=utf8 -XX:+UseParallelGC -XX:GCTimeRatio=4 -XX:AdaptiveSizePolicyWeight=90 -Dsun.zip.disableMemoryMapping=true -Xmx2G -Xms100m -Xlog:disable -javaagent:c:\Users\Kavis\.vscode\extensions\redhat.java-1.52.0-win32-x64\lombok\lombok-1.18.39-4050.jar -XX:+HeapDumpOnOutOfMemoryError -XX:HeapDumpPath=c:\Users\Kavis\AppData\Roaming\Code\User\workspaceStorage\ad1adb9262e567f18e865202dfb941a7\redhat.java -Daether.dependencyCollector.impl=bf 
java_command: c:\Users\Kavis\.vscode\extensions\redhat.java-1.52.0-win32-x64\server\plugins\org.eclipse.equinox.launcher_1.7.100.v20251111-0406.jar -configuration c:\Users\Kavis\AppData\Roaming\Code\User\globalStorage\redhat.java\1.52.0\config_win -data c:\Users\Kavis\AppData\Roaming\Code\User\workspaceStorage\ad1adb9262e567f18e865202dfb941a7\redhat.java\jdt_ws --pipe=\\.\pipe\lsp-86246a6b7d888f26a44c58f632b916a1-sock
java_class_path (initial): c:\Users\Kavis\.vscode\extensions\redhat.java-1.52.0-win32-x64\server\plugins\org.eclipse.equinox.launcher_1.7.100.v20251111-0406.jar
Launcher Type: SUN_STANDARD

[Global flags]
    uintx AdaptiveSizePolicyWeight                 = 90                                        {product} {command line}
     intx CICompilerCount                          = 4                                         {product} {ergonomic}
    uintx GCTimeRatio                              = 4                                         {product} {command line}
     bool HeapDumpOnOutOfMemoryError               = true                                   {manageable} {command line}
    ccstr HeapDumpPath                             = c:\Users\Kavis\AppData\Roaming\Code\User\workspaceStorage\ad1adb9262e567f18e865202dfb941a7\redhat.java         {manageable} {command line}
   size_t InitialHeapSize                          = 104857600                                 {product} {command line}
   size_t MaxHeapSize                              = 2147483648                                {product} {command line}
   size_t MaxNewSize                               = 715653120                                 {product} {ergonomic}
   size_t MinHeapDeltaBytes                        = 524288                                    {product} {ergonomic}
   size_t MinHeapSize                              = 104857600                                 {product} {command line}
   size_t NewSize                                  = 34603008                                  {product} {ergonomic}
    uintx NonNMethodCodeHeapSize                   = 5839372                                {pd product} {ergonomic}
    uintx NonProfiledCodeHeapSize                  = 122909434                              {pd product} {ergonomic}
   size_t OldSize                                  = 70254592                                  {product} {ergonomic}
    uintx ProfiledCodeHeapSize                     = 122909434                              {pd product} {ergonomic}
    uintx ReservedCodeCacheSize                    = 251658240                              {pd product} {ergonomic}
     bool SegmentedCodeCache                       = true                                      {product} {ergonomic}
   size_t SoftMaxHeapSize                          = 2147483648                             {manageable} {ergonomic}
     bool UseCompressedOops                        = true                           {product lp64_product} {ergonomic}
     bool UseLargePagesIndividualAllocation        = false                                  {pd product} {ergonomic}
     bool UseParallelGC                            = true                                      {product} {command line}

Logging:
Log output configuration:
 #0: stdout all=off uptime,level,tags foldmultilines=false
 #1: stderr all=off uptime,level,tags foldmultilines=false

Release file:
JAVA_VERSION="21.0.9" 
MODULES="java.base java.compiler java.datatransfer java.xml java.prefs java.desktop java.instrument java.logging java.management java.security.sasl java.naming java.rmi java.management.rmi java.net.http java.scripting java.security.jgss java.transaction.xa java.sql java.sql.rowset java.xml.crypto java.se java.smartcardio jdk.accessibility jdk.internal.jvmstat jdk.attach jdk.charsets jdk.internal.opt jdk.zipfs jdk.compiler jdk.crypto.ec jdk.crypto.cryptoki jdk.crypto.mscapi jdk.dynalink jdk.internal.ed jdk.editpad jdk.hotspot.agent jdk.httpserver jdk.internal.le jdk.internal.vm.ci jdk.internal.vm.compiler jdk.internal.vm.compiler.management jdk.jartool jdk.javadoc jdk.jcmd jdk.management jdk.management.agent jdk.jconsole jdk.jdeps jdk.jdwp.agent jdk.jdi jdk.jfr jdk.jshell jdk.jsobject jdk.jstatd jdk.localedata jdk.management.jfr jdk.naming.dns jdk.naming.rmi jdk.net jdk.nio.mapmode jdk.random jdk.sctp jdk.security.auth jdk.security.jgss jdk.unsupported jdk.unsupported.desktop jdk.xml.dom" 

Environment Variables:
JAVA_HOME=C:\Program Files\Java\jdk-21
PATH=C:\Program Files\Common Files\Oracle\Java\javapath;C:\Python313\Scripts\;C:\Python313\;C:\Program Files\Eclipse Adoptium\jdk-17.0.15.6-hotspot\bin;C:\Program Files\Python312\Scripts\;C:\Program Files\Python312\;C:\WINDOWS\system32;C:\WINDOWS;C:\WINDOWS\System32\Wbem;C:\WINDOWS\System32\WindowsPowerShell\v1.0\;C:\WINDOWS\System32\OpenSSH\;C:\Program Files\dotnet\;C:\ProgramData\chocolatey\bin;C:\Program Files (x86)\NVIDIA Corporation\PhysX\Common;C:\Program Files\Microsoft\Web Platform Installer\;C:\Program Files (x86)\Microsoft ASP.NET\ASP.NET Web Pages\v1.0\;C:\Program Files\Microsoft SQL Server\110\Tools\Binn\;C:\Program Files\Microsoft SQL Server\120\Tools\Binn\;C:\Program Files\Microsoft SQL Server\130\Tools\Binn\;C:\Program Files\Git\cmd;C:\Program Files\Microsoft SQL Server\150\Tools\Binn\;C:\WINDOWS\system32;C:\WINDOWS;C:\WINDOWS\System32\Wbem;C:\WINDOWS\System32\WindowsPowerShell\v1.0\;C:\WINDOWS\System32\OpenSSH\;C:\Program Files\NVIDIA Corporation\NVIDIA App\NvDLISR;C:\Program Files\CMake\bin;C:\php;C:\Program Files\CodeBlocks\MinGW\bin;C:\NASM;C:\Program Files\Docker\Docker\resources\bin;C:\flutter\bin;C:\adb\platform-tools;C:\apache-cassandra-3.11.10\bin;C:\Program Files\MongoDB\Server\8.0\bin;C:\Python313\Scripts\;C:\Python313\;C:\Program Files\Python312\Scripts\;C:\Program Files\Python312\;C:\WINDOWS\system32;C:\WINDOWS;C:\WINDOWS\System32\Wbem;C:\WINDOWS\System32\WindowsPowerShell\v1.0\;C:\WINDOWS\System32\OpenSSH\;C:\Program Files\dotnet\;C:\ProgramData\chocolatey\bin;C:\Program Files (x86)\NVIDIA Corporation\PhysX\Common;C:\Program Files\Microsoft\Web Platform Installer\;C:\Program Files (x86)\Microsoft ASP.NET\ASP.NET Web Pages\v1.0\;C:\Program Files\Microsoft SQL Server\110\Tools\Binn\;C:\Program Files\Microsoft SQL Server\120\Tools\Binn\;C:\Program Files\Microsoft SQL Server\130\Tools\Binn\;C:\Program Files\Git\cmd;C:\Program Files\Microsoft SQL Server\150\Tools\Binn\;C:\WINDOWS\system32;C:\WINDOWS;C:\WINDOWS\System32\Wbem;C:\WINDOWS\System32\WindowsPowerShell\v1.0\;C:\WINDOWS\System32\OpenSSH\;C:\Program Files\NVIDIA Corporation\NVIDIA App\NvDLISR;C:\Program Files\CMake\bi;C:\Users\Kavis\AppData\Local\ipinfo;C:\Program Files\Java\jdk-21\bin;C:\Program Files\apache-maven-3.9.11\bin;C:\Users\Kavis\AppData\Local\Pub\Cache\bin;C:\Program Files\nvm;C:\Program Files\nodejs;C:\Program Files\nvm;C:\Program Files\Microsoft SQL Server\170\Tools\Binn\;C:\Program Files\Microsoft SQL Server\Client SDK\ODBC\170\Tools\Binn\;C:\Program Files\Eclipse Adoptium\jdk-21.0.8.9-hotspot\bin;C:\Python313\Scripts\;C:\Python313\;C:\Program Files\Eclipse Adoptium\jdk-17.0.15.6-hotspot\bin;C:\Program Files\Python312\Scripts\;C:\Program Files\Python312\;C:\WINDOWS\system32;C:\WINDOWS;C:\WINDOWS\System32\Wbem;C:\WINDOWS\System32\WindowsPowerShell\v1.0\;C:\WINDOWS\System32\OpenSSH\;C:\Program Files\dotnet\;C:\ProgramData\chocolatey\bin;C:\Program Files (x86)\NVIDIA Corporation\PhysX\Common;C:\Program Files\Microsoft\Web Platform Installer\;C:\Program Files (x86)\Microsoft ASP.NET\ASP.NET Web Pages\v1.0\;C:\Program Files\Microsoft SQL Server\110\Tools\Binn\;C:\Program Files\Microsoft SQL Server\120\Tools\Binn\;C:\Program Files\Microsoft SQL Server\130\Tools\Binn\;C:\Program Files\Git\cmd;C:\Program Files\Microsoft SQL Server\150\Tools\Binn\;C:\WINDOWS\system32;C:\WINDOWS;C:\WINDOWS\System32\Wbem;C:\WINDOWS\System32\WindowsPowerShell\v1.0\;C:\WINDOWS\System32\OpenSSH\;C:\Program Files\NVIDIA Corporation\NVIDIA App\NvDLISR;C:\Program Files\CMake\bi;C:\Users\Kavis\AppData\Local\GitHubDesktop\bin;C:\Program Files\nvm;C:\Program Files\nodejs;C:\Users\Kavis\.dotnet\tools
USERNAME=Kavis
OS=Windows_NT
PROCESSOR_IDENTIFIER=Intel64 Family 6 Model 154 Stepping 4, GenuineIntel
TMP=C:\Users\Kavis\AppData\Local\Temp
TEMP=C:\Users\Kavis\AppData\Local\Temp




Periodic native trim disabled

---------------  S Y S T E M  ---------------

OS:
 Windows 11 , 64 bit Build 26100 (10.0.26100.7623)
OS uptime: 6 days 12:14 hours
Hyper-V role detected

CPU: total 12 (initial active 12) (6 cores per cpu, 2 threads per core) family 6 model 154 stepping 4 microcode 0x423, cx8, cmov, fxsr, ht, mmx, 3dnowpref, sse, sse2, sse3, ssse3, sse4.1, sse4.2, popcnt, lzcnt, tsc, tscinvbit, avx, avx2, aes, erms, clmul, bmi1, bmi2, adx, sha, fma, vzeroupper, clflush, clflushopt, clwb, hv, serialize, rdtscp, rdpid, fsrm, f16c, cet_ibt, cet_ss
Processor Information for processor 0
  Max Mhz: 1300, Current Mhz: 1300, Mhz Limit: 1300
Processor Information for processor 1
  Max Mhz: 1300, Current Mhz: 1300, Mhz Limit: 1300
Processor Information for processor 2
  Max Mhz: 1300, Current Mhz: 1300, Mhz Limit: 1300
Processor Information for processor 3
  Max Mhz: 1300, Current Mhz: 1300, Mhz Limit: 1300
Processor Information for processor 4
  Max Mhz: 1300, Current Mhz: 900, Mhz Limit: 897
Processor Information for processor 5
  Max Mhz: 1300, Current Mhz: 900, Mhz Limit: 897
Processor Information for processor 6
  Max Mhz: 1300, Current Mhz: 900, Mhz Limit: 897
Processor Information for processor 7
  Max Mhz: 1300, Current Mhz: 900, Mhz Limit: 897
Processor Information for processor 8
  Max Mhz: 1300, Current Mhz: 900, Mhz Limit: 897
Processor Information for processor 9
  Max Mhz: 1300, Current Mhz: 900, Mhz Limit: 897
Processor Information for processor 10
  Max Mhz: 1300, Current Mhz: 900, Mhz Limit: 897
Processor Information for processor 11
  Max Mhz: 1300, Current Mhz: 900, Mhz Limit: 897

Memory: 4k page, system-wide physical 7896M (513M free)
TotalPageFile size 17896M (AvailPageFile size 5M)
current process WorkingSet (physical memory assigned to process): 12M, peak: 246M
current process commit charge ("private bytes"): 336M, peak: 374M

vm_info: OpenJDK 64-Bit Server VM (21.0.9+10-LTS) for windows-amd64 JRE (21.0.9+10-LTS), built on 2025-10-21T00:00:00Z by "admin" with unknown MS VC++:1942

END.
