#
# There is insufficient memory for the Java Runtime Environment to continue.
# Native memory allocation (mmap) failed to map 65536 bytes. Error detail: Failed to commit metaspace.
# Possible reasons:
#   The system is out of physical RAM or swap space
#   This process is running with CompressedOops enabled, and the Java Heap may be blocking the growth of the native heap
# Possible solutions:
#   Reduce memory load on the system
#   Increase physical memory or swap space
#   Check if swap backing store is full
#   Decrease Java heap size (-Xmx/-Xms)
#   Decrease number of Java threads
#   Decrease Java thread stack sizes (-Xss)
#   Set larger code cache with -XX:ReservedCodeCacheSize=
#   JVM is running with Unscaled Compressed Oops mode in which the Java heap is
#     placed in the first 4GB address space. The Java Heap base address is the
#     maximum limit for the native heap growth. Please use -XX:HeapBaseMinAddress
#     to set the Java Heap base and to place the Java Heap above 4GB virtual address.
# This output file may be truncated or incomplete.
#
#  Out of Memory Error (virtualSpaceNode.cpp:113), pid=23676, tid=20512
#
# JRE version: OpenJDK Runtime Environment Temurin-21.0.8+9 (21.0.8+9) (build 21.0.8+9-LTS)
# Java VM: OpenJDK 64-Bit Server VM Temurin-21.0.8+9 (21.0.8+9-LTS, mixed mode, sharing, tiered, compressed oops, compressed class ptrs, parallel gc, windows-amd64)
# No core dump will be written. Minidumps are not enabled by default on client versions of Windows
#

---------------  S U M M A R Y ------------

Command Line: --add-modules=ALL-SYSTEM --add-opens=java.base/java.util=ALL-UNNAMED --add-opens=java.base/java.lang=ALL-UNNAMED --add-opens=java.base/sun.nio.fs=ALL-UNNAMED -Declipse.application=org.eclipse.jdt.ls.core.id1 -Dosgi.bundles.defaultStartLevel=4 -Declipse.product=org.eclipse.jdt.ls.core.product -Djava.import.generatesMetadataFilesAtProjectRoot=false -DDetectVMInstallationsJob.disabled=true -Dfile.encoding=utf8 -XX:+UseParallelGC -XX:GCTimeRatio=4 -XX:AdaptiveSizePolicyWeight=90 -Dsun.zip.disableMemoryMapping=true -Xmx2G -Xms100m -Xlog:disable -javaagent:c:\Users\Kavis\.vscode\extensions\redhat.java-1.47.0-win32-x64\lombok\lombok-1.18.39-4050.jar -XX:+HeapDumpOnOutOfMemoryError -XX:HeapDumpPath=c:\Users\Kavis\AppData\Roaming\Code\User\workspaceStorage\ad1adb9262e567f18e865202dfb941a7\redhat.java -Daether.dependencyCollector.impl=bf c:\Users\Kavis\.vscode\extensions\redhat.java-1.47.0-win32-x64\server\plugins\org.eclipse.equinox.launcher_1.7.100.v20251014-1222.jar -configuration c:\Users\Kavis\AppData\Roaming\Code\User\globalStorage\redhat.java\1.47.0\config_win -data c:\Users\Kavis\AppData\Roaming\Code\User\workspaceStorage\ad1adb9262e567f18e865202dfb941a7\redhat.java\jdt_ws --pipe=\\.\pipe\lsp-e6068b1cd7f4d1922497ac8c1b13bd45-sock

Host: 12th Gen Intel(R) Core(TM) i5-1235U, 12 cores, 7G,  Windows 11 , 64 bit Build 26100 (10.0.26100.6725)
Time: Sun Nov  9 18:11:46 2025 Sri Lanka Standard Time elapsed time: 13.545363 seconds (0d 0h 0m 13s)

---------------  T H R E A D  ---------------

Current thread (0x00000217ac8537a0):  JavaThread "main"             [_thread_in_vm, id=20512, stack(0x00000071f9600000,0x00000071f9700000) (1024K)]

Stack: [0x00000071f9600000,0x00000071f9700000]
Native frames: (J=compiled Java code, j=interpreted, Vv=VM code, C=native code)
V  [jvm.dll+0x6d2449]
V  [jvm.dll+0x8ae341]
V  [jvm.dll+0x8b08be]
V  [jvm.dll+0x8b0fa3]
V  [jvm.dll+0x280c96]
V  [jvm.dll+0x8aa07e]
V  [jvm.dll+0x6745b5]
V  [jvm.dll+0x67461a]
V  [jvm.dll+0x676e02]
V  [jvm.dll+0x676cd2]
V  [jvm.dll+0x674f8e]
V  [jvm.dll+0x26a9af]
V  [jvm.dll+0x67f1f5]
V  [jvm.dll+0x682616]
V  [jvm.dll+0x824ad3]
V  [jvm.dll+0x5d6940]
V  [jvm.dll+0x5d894a]
V  [jvm.dll+0x5d61ce]
V  [jvm.dll+0x5d8ecf]
V  [jvm.dll+0x68ec5f]
V  [jvm.dll+0x68b5a9]
C  0x00000217b76028e3

The last pc belongs to native nmethod (printed below).
Java frames: (J=compiled Java code, j=interpreted, Vv=VM code)
J 221  java.lang.invoke.MethodHandleNatives.resolve(Ljava/lang/invoke/MemberName;Ljava/lang/Class;IZ)Ljava/lang/invoke/MemberName; java.base@21.0.8 (0 bytes) @ 0x00000217b7602848 [0x00000217b76027c0+0x0000000000000088]
J 476 c1 java.lang.invoke.MemberName$Factory.resolve(BLjava/lang/invoke/MemberName;Ljava/lang/Class;IZ)Ljava/lang/invoke/MemberName; java.base@21.0.8 (159 bytes) @ 0x00000217afbb914c [0x00000217afbb8f40+0x000000000000020c]
J 883 c1 java.lang.invoke.MemberName$Factory.resolveOrFail(BLjava/lang/invoke/MemberName;Ljava/lang/Class;ILjava/lang/Class;)Ljava/lang/invoke/MemberName; java.base@21.0.8 (79 bytes) @ 0x00000217afc66dbc [0x00000217afc66d20+0x000000000000009c]
j  java.lang.invoke.DirectMethodHandle.makePreparedLambdaForm(Ljava/lang/invoke/MethodType;I)Ljava/lang/invoke/LambdaForm;+330 java.base@21.0.8
J 1491 c1 java.lang.invoke.DirectMethodHandle.preparedLambdaForm(Ljava/lang/invoke/MemberName;Z)Ljava/lang/invoke/LambdaForm; java.base@21.0.8 (244 bytes) @ 0x00000217afdaddb4 [0x00000217afdad400+0x00000000000009b4]
J 1586 c1 java.lang.invoke.DirectMethodHandle.preparedLambdaForm(Ljava/lang/invoke/MemberName;)Ljava/lang/invoke/LambdaForm; java.base@21.0.8 (6 bytes) @ 0x00000217afdcbfa4 [0x00000217afdcbf40+0x0000000000000064]
j  java.lang.invoke.DirectMethodHandle.make(BLjava/lang/Class;Ljava/lang/invoke/MemberName;Ljava/lang/Class;)Ljava/lang/invoke/DirectMethodHandle;+163 java.base@21.0.8
j  java.lang.invoke.MethodHandles$Lookup.getDirectMethodCommon(BLjava/lang/Class;Ljava/lang/invoke/MemberName;ZZLjava/lang/invoke/MethodHandles$Lookup;)Ljava/lang/invoke/MethodHandle;+220 java.base@21.0.8
j  java.lang.invoke.MethodHandles$Lookup.getDirectMethodNoSecurityManager(BLjava/lang/Class;Ljava/lang/invoke/MemberName;Ljava/lang/invoke/MethodHandles$Lookup;)Ljava/lang/invoke/MethodHandle;+14 java.base@21.0.8
j  java.lang.invoke.MethodHandles$Lookup.getDirectMethodForConstant(BLjava/lang/Class;Ljava/lang/invoke/MemberName;)Ljava/lang/invoke/MethodHandle;+31 java.base@21.0.8
j  java.lang.invoke.MethodHandles$Lookup.linkMethodHandleConstant(BLjava/lang/Class;Ljava/lang/String;Ljava/lang/Object;)Ljava/lang/invoke/MethodHandle;+153 java.base@21.0.8
j  java.lang.invoke.MethodHandleNatives.linkMethodHandleConstant(Ljava/lang/Class;ILjava/lang/Class;Ljava/lang/String;Ljava/lang/Object;)Ljava/lang/invoke/MethodHandle;+38 java.base@21.0.8
v  ~StubRoutines::call_stub 0x00000217b705100d
j  org.eclipse.osgi.internal.serviceregistry.ServiceRegistry.notifyFindHooksPrivileged(Lorg/eclipse/osgi/internal/framework/BundleContextImpl;Ljava/lang/String;Ljava/lang/String;ZLjava/util/Collection;)V+101
j  org.eclipse.osgi.internal.serviceregistry.ServiceRegistry.notifyFindHooks(Lorg/eclipse/osgi/internal/framework/BundleContextImpl;Ljava/lang/String;Ljava/lang/String;ZLjava/util/Collection;)V+14
j  org.eclipse.osgi.internal.serviceregistry.ServiceRegistry.getServiceReferences(Lorg/eclipse/osgi/internal/framework/BundleContextImpl;Ljava/lang/String;Ljava/lang/String;Z)[Lorg/eclipse/osgi/internal/serviceregistry/ServiceReferenceImpl;+239
j  org.eclipse.osgi.internal.framework.BundleContextImpl.getAllServiceReferences(Ljava/lang/String;Ljava/lang/String;)[Lorg/osgi/framework/ServiceReference;+15
j  org.osgi.util.tracker.ServiceTracker.getInitialReferences(ZLjava/lang/String;Ljava/lang/String;)[Lorg/osgi/framework/ServiceReference;+10
j  org.osgi.util.tracker.ServiceTracker.open(Z)V+74
j  org.eclipse.osgi.internal.log.EventAdminAdapter.start()V+5
j  org.eclipse.osgi.internal.log.LogServiceManager.start(Lorg/osgi/framework/BundleContext;)V+165
j  org.eclipse.osgi.internal.log.EquinoxLogServices.start(Lorg/osgi/framework/BundleContext;)V+5
j  org.eclipse.osgi.internal.framework.SystemBundleActivator.start(Lorg/osgi/framework/BundleContext;)V+38
j  org.eclipse.osgi.internal.framework.BundleContextImpl$2.run()Ljava/lang/Void;+23
j  org.eclipse.osgi.internal.framework.BundleContextImpl$2.run()Ljava/lang/Object;+1
J 1152 c1 java.security.AccessController.executePrivileged(Ljava/security/PrivilegedExceptionAction;Ljava/security/AccessControlContext;Ljava/lang/Class;)Ljava/lang/Object; java.base@21.0.8 (65 bytes) @ 0x00000217afcf1244 [0x00000217afcf10e0+0x0000000000000164]
j  java.security.AccessController.doPrivileged(Ljava/security/PrivilegedExceptionAction;)Ljava/lang/Object;+9 java.base@21.0.8
j  org.eclipse.osgi.internal.framework.BundleContextImpl.startActivator(Lorg/osgi/framework/BundleActivator;)V+9
j  org.eclipse.osgi.internal.framework.BundleContextImpl.start()V+141
j  org.eclipse.osgi.internal.framework.EquinoxBundle.startWorker0()V+35
j  org.eclipse.osgi.internal.framework.EquinoxBundle$SystemBundle$EquinoxSystemModule.initWorker()V+60
j  org.eclipse.osgi.container.SystemModule.init()V+333
j  org.eclipse.osgi.internal.framework.EquinoxBundle$SystemBundle.init([Lorg/osgi/framework/FrameworkListener;)V+83
j  org.eclipse.osgi.internal.framework.EquinoxBundle$SystemBundle.init()V+2
j  org.eclipse.osgi.launch.Equinox.init()V+4
j  org.eclipse.core.runtime.adaptor.EclipseStarter.startup([Ljava/lang/String;Ljava/lang/Runnable;)Lorg/osgi/framework/BundleContext;+37
j  org.eclipse.core.runtime.adaptor.EclipseStarter.run([Ljava/lang/String;Ljava/lang/Runnable;)Ljava/lang/Object;+21
j  java.lang.invoke.DirectMethodHandle$Holder.invokeStatic(Ljava/lang/Object;Ljava/lang/Object;Ljava/lang/Object;)Ljava/lang/Object;+11 java.base@21.0.8
j  java.lang.invoke.LambdaForm$MH+0x00000217c508a800.invoke(Ljava/lang/Object;Ljava/lang/Object;Ljava/lang/Object;Ljava/lang/Object;)Ljava/lang/Object;+54 java.base@21.0.8
j  java.lang.invoke.LambdaForm$MH+0x00000217c5002c00.invokeExact_MT(Ljava/lang/Object;Ljava/lang/Object;Ljava/lang/Object;Ljava/lang/Object;Ljava/lang/Object;)Ljava/lang/Object;+22 java.base@21.0.8
j  jdk.internal.reflect.DirectMethodHandleAccessor.invokeImpl(Ljava/lang/Object;[Ljava/lang/Object;)Ljava/lang/Object;+72 java.base@21.0.8
j  jdk.internal.reflect.DirectMethodHandleAccessor.invoke(Ljava/lang/Object;[Ljava/lang/Object;)Ljava/lang/Object;+23 java.base@21.0.8
j  java.lang.reflect.Method.invoke(Ljava/lang/Object;[Ljava/lang/Object;)Ljava/lang/Object;+102 java.base@21.0.8
j  org.eclipse.equinox.launcher.Main.invokeFramework([Ljava/lang/String;[Ljava/net/URL;)V+155
j  org.eclipse.equinox.launcher.Main.basicRun([Ljava/lang/String;)V+191
j  org.eclipse.equinox.launcher.Main.run([Ljava/lang/String;)I+4
j  org.eclipse.equinox.launcher.Main.main([Ljava/lang/String;)V+10
v  ~StubRoutines::call_stub 0x00000217b705100d

Compiled method (n/a) 14320  221     n 0       java.lang.invoke.MethodHandleNatives::resolve (native)
 total in heap  [0x00000217b7602610,0x00000217b7602a50] = 1088
 relocation     [0x00000217b7602770,0x00000217b76027a8] = 56
 main code      [0x00000217b76027c0,0x00000217b7602a4d] = 653
 stub code      [0x00000217b7602a4d,0x00000217b7602a50] = 3

[Constant Pool (empty)]

[MachCode]
[Entry Point]
  # {method} {0x00000217c40a6058} 'resolve' '(Ljava/lang/invoke/MemberName;Ljava/lang/Class;IZ)Ljava/lang/invoke/MemberName;' in 'java/lang/invoke/MethodHandleNatives'
  # parm0:    rdx:rdx   = 'java/lang/invoke/MemberName'
  # parm1:    r8:r8     = 'java/lang/Class'
  # parm2:    r9        = int
  # parm3:    rdi       = boolean
  #           [sp+0x80]  (sp of caller)
  0x00000217b76027c0: 448b 5208 | 49bb 0000 | 00c4 1702 | 0000 4d03 | d349 3bc2 | 0f84 0600 

  0x00000217b76027d8: ;   {runtime_call ic_miss_stub}
  0x00000217b76027d8: 0000 e9a1 | bca9 ff90 
[Verified Entry Point]
  0x00000217b76027e0: 8984 2400 | 80ff ff55 | 488b ec48 | 83ec 7090 | 4181 7f20 | 0100 0000 

  0x00000217b76027f8: ;   {runtime_call StubRoutines (final stubs)}
  0x00000217b76027f8: 7405 e8e1 | 61a8 ff48 | 897c 2428 | 4c89 4c24 | 204c 8944 | 2438 4983 | f800 4c8d | 4c24 384c 
  0x00000217b7602818: 0f44 4c24 | 3848 8954 | 2430 4883 | fa00 4c8d | 4424 304c | 0f44 4424 

  0x00000217b7602830: ;   {oop(a 'java/lang/Class'{0x00000000d6ec84d8} = 'java/lang/invoke/MethodHandleNatives')}
  0x00000217b7602830: 3049 bed8 | 84ec d600 | 0000 004c | 8974 2460 | 4c8d 7424 | 6049 8bd6 

  0x00000217b7602848: ;   {internal_word}
  0x00000217b7602848: c5f8 7749 | ba48 2860 | b717 0200 | 004d 8997 | a003 0000 | 4989 a798 

  0x00000217b7602860: ;   {external_word}
  0x00000217b7602860: 0300 0049 | ba56 cc0e | 7bf9 7f00 | 0041 803a | 000f 844e | 0000 0052 | 4150 4151 

  0x00000217b760287c: ;   {metadata({method} {0x00000217c40a6058} 'resolve' '(Ljava/lang/invoke/MemberName;Ljava/lang/Class;IZ)Ljava/lang/invoke/MemberName;' in 'java/lang/invoke/MethodHandleNatives')}
  0x00000217b760287c: 48ba 5060 | 0ac4 1702 | 0000 498b | cf48 83ec | 2040 f6c4 | 0f0f 8419 | 0000 0048 

  0x00000217b7602898: ;   {runtime_call}
  0x00000217b7602898: 83ec 0848 | b890 8db8 | 7af9 7f00 | 00ff d048 | 83c4 08e9 | 0c00 0000 

  0x00000217b76028b0: ;   {runtime_call}
  0x00000217b76028b0: 48b8 908d | b87a f97f | 0000 ffd0 | 4883 c420 | 4159 4158 | 5a49 8d8f | b803 0000 | 41c7 8744 
  0x00000217b76028d0: 0400 0004 

  0x00000217b76028d4: ;   {runtime_call}
  0x00000217b76028d4: 0000 0048 | b880 b3ad | 7af9 7f00 | 00ff d0c5 | f877 41c7 | 8744 0400 | 0005 0000 | 00f0 8344 
  0x00000217b76028f4: 24c0 0049 | 3baf 4804 | 0000 0f87 | 0e00 0000 | 4183 bf40 | 0400 0000 | 0f84 2b00 | 0000 c5f8 
  0x00000217b7602914: 7748 8945 | f849 8bcf | 4c8b e448 | 83ec 2048 

  0x00000217b7602924: ;   {runtime_call}
  0x00000217b7602924: 83e4 f048 | b820 fa83 | 7af9 7f00 | 00ff d049 | 8be4 4d33 | e448 8b45 | f841 c787 | 4404 0000 
  0x00000217b7602944: 0800 0000 | 4183 bfc0 | 0400 0002 | 0f84 ca00 

  0x00000217b7602954: ;   {external_word}
  0x00000217b7602954: 0000 49ba | 56cc 0e7b | f97f 0000 | 4180 3a00 | 0f84 4c00 | 0000 4889 

  0x00000217b760296c: ;   {metadata({method} {0x00000217c40a6058} 'resolve' '(Ljava/lang/invoke/MemberName;Ljava/lang/Class;IZ)Ljava/lang/invoke/MemberName;' in 'java/lang/invoke/MethodHandleNatives')}
  0x00000217b760296c: 45f8 48ba | 5060 0ac4 | 1702 0000 | 498b cf48 | 83ec 2040 | f6c4 0f0f | 8419 0000 | 0048 83ec 
  0x00000217b760298c: ;   {runtime_call}
  0x00000217b760298c: 0848 b890 | 8db8 7af9 | 7f00 00ff | d048 83c4 | 08e9 0c00 

  0x00000217b76029a0: ;   {runtime_call}
  0x00000217b76029a0: 0000 48b8 | 908d b87a | f97f 0000 | ffd0 4883 | c420 488b | 45f8 49c7 | 8798 0300 | 0000 0000 
  0x00000217b76029c0: 0049 c787 | a003 0000 | 0000 0000 | c5f8 7748 | 85c0 0f84 | 2500 0000 | a803 0f85 | 0800 0000 
  0x00000217b76029e0: 488b 00e9 | 1500 0000 | a801 0f85 | 0900 0000 | 488b 40fe | e904 0000 | 0048 8b40 | ff49 8b8f 
  0x00000217b7602a00: 2804 0000 | c781 0001 | 0000 0000 | 0000 c949 | 837f 0800 | 0f85 0100 

  0x00000217b7602a18: ;   {runtime_call StubRoutines (initial stubs)}
  0x00000217b7602a18: 0000 c3e9 | e0e4 a4ff | c5f8 7748 | 8945 f84c | 8be4 4883 | ec20 4883 

  0x00000217b7602a30: ;   {runtime_call}
  0x00000217b7602a30: e4f0 48b8 | 30c5 b87a | f97f 0000 | ffd0 498b | e44d 33e4 | 488b 45f8 | e909 ffff | fff4 f4f4 
[/MachCode]


Compiled method (c1) 14323  476   !   3       java.lang.invoke.MemberName$Factory::resolve (159 bytes)
 total in heap  [0x00000217afbb8d10,0x00000217afbb9860] = 2896
 relocation     [0x00000217afbb8e70,0x00000217afbb8f38] = 200
 main code      [0x00000217afbb8f40,0x00000217afbb9538] = 1528
 stub code      [0x00000217afbb9538,0x00000217afbb95c0] = 136
 metadata       [0x00000217afbb95c0,0x00000217afbb95e0] = 32
 scopes data    [0x00000217afbb95e0,0x00000217afbb96c8] = 232
 scopes pcs     [0x00000217afbb96c8,0x00000217afbb97b8] = 240
 dependencies   [0x00000217afbb97b8,0x00000217afbb97c8] = 16
 handler table  [0x00000217afbb97c8,0x00000217afbb9840] = 120
 nul chk table  [0x00000217afbb9840,0x00000217afbb9860] = 32

[Constant Pool (empty)]

[MachCode]
[Entry Point]
  # {method} {0x00000217c414af20} 'resolve' '(BLjava/lang/invoke/MemberName;Ljava/lang/Class;IZ)Ljava/lang/invoke/MemberName;' in 'java/lang/invoke/MemberName$Factory'
  # this:     rdx:rdx   = 'java/lang/invoke/MemberName$Factory'
  # parm0:    r8        = byte
  # parm1:    r9:r9     = 'java/lang/invoke/MemberName'
  # parm2:    rdi:rdi   = 'java/lang/Class'
  # parm3:    rsi       = int
  # parm4:    rcx       = boolean
  #           [sp+0xa0]  (sp of caller)
  0x00000217afbb8f40: 448b 5208 | 49bb 0000 | 00c4 1702 | 0000 4d03 | d34c 3bd0 

  0x00000217afbb8f54: ;   {runtime_call ic_miss_stub}
  0x00000217afbb8f54: 0f85 2655 | 4e07 660f | 1f44 0000 
[Verified Entry Point]
  0x00000217afbb8f60: 8984 2400 | 80ff ff55 | 4881 ec90 | 0000 0090 | 4181 7f20 | 0100 0000 

  0x00000217afbb8f78: ;   {runtime_call StubRoutines (final stubs)}
  0x00000217afbb8f78: 7405 e861 | fa4c 0744 | 8944 2468 | 4889 7c24 | 5889 7424 | 6089 4c24 

  0x00000217afbb8f90: ;   {metadata(method data for {method} {0x00000217c414af20} 'resolve' '(BLjava/lang/invoke/MemberName;Ljava/lang/Class;IZ)Ljava/lang/invoke/MemberName;' in 'java/lang/invoke/MemberName$Factory')}
  0x00000217afbb8f90: 6448 bb90 | fa09 0718 | 0200 008b | 83cc 0000 | 0083 c002 | 8983 cc00 | 0000 25fe | 0700 0085 
  0x00000217afbb8fb0: c00f 8452 | 0400 0049 | 3b01 498b 

  0x00000217afbb8fbc: ;   {metadata(method data for {method} {0x00000217c414af20} 'resolve' '(BLjava/lang/invoke/MemberName;Ljava/lang/Class;IZ)Ljava/lang/invoke/MemberName;' in 'java/lang/invoke/MemberName$Factory')}
  0x00000217afbb8fbc: d148 bb90 | fa09 0718 | 0200 0048 | 8383 1001 

  0x00000217afbb8fcc: ;   {metadata(method data for {method} {0x00000217c43ee8d8} 'clone' '()Ljava/lang/invoke/MemberName;' in 'java/lang/invoke/MemberName')}
  0x00000217afbb8fcc: 0000 0148 | ba70 ff09 | 0718 0200 | 008b 9acc | 0000 0083 | c302 899a | cc00 0000 | 81e3 feff 
  0x00000217afbb8fec: 1f00 85db | 0f84 3904 | 0000 498b 

  0x00000217afbb8ff8: ;   {metadata(method data for {method} {0x00000217c43ee8d8} 'clone' '()Ljava/lang/invoke/MemberName;' in 'java/lang/invoke/MemberName')}
  0x00000217afbb8ff8: d148 bb70 | ff09 0718 | 0200 0048 | 8383 1001 | 0000 0149 

  0x00000217afbb900c: ;   {optimized virtual_call}
  0x00000217afbb900c: 8bd1 90e8 

  0x00000217afbb9010: ; ImmutableOopMap {[88]=Oop }
                      ;*invokespecial clone {reexecute=0 rethrow=0 return_oop=0}
                      ; - java.lang.invoke.MemberName::clone@1
                      ; - java.lang.invoke.MemberName$Factory::resolve@1
  0x00000217afbb9010: 2cca a307 

  0x00000217afbb9014: ;   {other}
  0x00000217afbb9014: 0f1f 8400 | 0403 0000 | 4885 c075 

  0x00000217afbb9020: ;   {metadata(method data for {method} {0x00000217c43ee8d8} 'clone' '()Ljava/lang/invoke/MemberName;' in 'java/lang/invoke/MemberName')}
  0x00000217afbb9020: 1749 b870 | ff09 0718 | 0200 0041 | 8088 1901 | 0000 01e9 | cd00 0000 

  0x00000217afbb9038: ;   {metadata('java/lang/invoke/MemberName')}
  0x00000217afbb9038: 49b9 202a | 09c4 1702 | 0000 8b50 | 0849 ba00 | 0000 c417 | 0200 0049 | 03d2 4c3b | ca0f 858e 
  0x00000217afbb9058: ;   {metadata(method data for {method} {0x00000217c43ee8d8} 'clone' '()Ljava/lang/invoke/MemberName;' in 'java/lang/invoke/MemberName')}
  0x00000217afbb9058: 0000 0049 | b870 ff09 | 0718 0200 | 0044 8b48 | 0849 ba00 | 0000 c417 | 0200 004d | 03ca 4d3b 
  0x00000217afbb9078: 8830 0100 | 0075 0d49 | 8380 3801 | 0000 01e9 | 7900 0000 | 4d3b 8840 | 0100 0075 | 0d49 8380 
  0x00000217afbb9098: 4801 0000 | 01e9 6300 | 0000 4983 | b830 0100 | 0000 7517 | 4d89 8830 | 0100 0049 | c780 3801 
  0x00000217afbb90b8: 0000 0100 | 0000 e942 | 0000 0049 | 83b8 4001 | 0000 0075 | 174d 8988 | 4001 0000 | 49c7 8048 
  0x00000217afbb90d8: 0100 0001 | 0000 00e9 | 2100 0000 | e91c 0000 

  0x00000217afbb90e8: ;   {metadata(method data for {method} {0x00000217c43ee8d8} 'clone' '()Ljava/lang/invoke/MemberName;' in 'java/lang/invoke/MemberName')}
  0x00000217afbb90e8: 0049 b870 | ff09 0718 | 0200 0049 | 83a8 2001 | 0000 01e9 | 5003 0000 | e900 0000 | 0048 8bf0 
  0x00000217afbb9108: ;   {metadata(method data for {method} {0x00000217c414af20} 'resolve' '(BLjava/lang/invoke/MemberName;Ljava/lang/Class;IZ)Ljava/lang/invoke/MemberName;' in 'java/lang/invoke/MemberName$Factory')}
  0x00000217afbb9108: 48ba 90fa | 0907 1802 | 0000 ff82 | 4801 0000 

  0x00000217afbb9118: ;   {metadata(method data for {method} {0x00000217c414af20} 'resolve' '(BLjava/lang/invoke/MemberName;Ljava/lang/Class;IZ)Ljava/lang/invoke/MemberName;' in 'java/lang/invoke/MemberName$Factory')}
  0x00000217afbb9118: 48ba 90fa | 0907 1802 | 0000 4883 | 82d0 0100 | 0001 488b | d64c 8b44 | 2458 448b | 4c24 608b 
  0x00000217afbb9138: 7c24 6448 | 8974 2470 | 0f1f 8000 

  0x00000217afbb9144: ;   {static_call}
  0x00000217afbb9144: 0000 00e8 

  0x00000217afbb9148: ; ImmutableOopMap {[112]=Oop }
                      ;*invokestatic resolve {reexecute=0 rethrow=0 return_oop=0}
                      ; - java.lang.invoke.MemberName$Factory::resolve@36
  0x00000217afbb9148: 9496 a407 

  0x00000217afbb914c: ;   {other}
  0x00000217afbb914c: 0f1f 8400 | 3c04 0001 | 4889 4424 | 7848 85c0 

  0x00000217afbb915c: ;   {metadata(method data for {method} {0x00000217c414af20} 'resolve' '(BLjava/lang/invoke/MemberName;Ljava/lang/Class;IZ)Ljava/lang/invoke/MemberName;' in 'java/lang/invoke/MemberName$Factory')}
  0x00000217afbb915c: 49b8 90fa | 0907 1802 | 0000 48c7 | c2e0 0100 | 0075 0748 | c7c2 f001 | 0000 498b | 3410 488d 
  0x00000217afbb917c: 7601 4989 | 3410 0f85 | 3200 0000 | 8b4c 2464 

  0x00000217afbb918c: ;   {metadata(method data for {method} {0x00000217c414af20} 'resolve' '(BLjava/lang/invoke/MemberName;Ljava/lang/Class;IZ)Ljava/lang/invoke/MemberName;' in 'java/lang/invoke/MemberName$Factory')}
  0x00000217afbb918c: 85c9 49b8 | 90fa 0907 | 1802 0000 | 48c7 c210 | 0200 0075 | 0748 c7c2 | 0002 0000 | 498b 3410 
  0x00000217afbb91ac: 488d 7601 | 4989 3410 | 0f85 dd00 | 0000 483b | 004c 8bc0 

  0x00000217afbb91c0: ;   {metadata(method data for {method} {0x00000217c414af20} 'resolve' '(BLjava/lang/invoke/MemberName;Ljava/lang/Class;IZ)Ljava/lang/invoke/MemberName;' in 'java/lang/invoke/MemberName$Factory')}
  0x00000217afbb91c0: 48ba 90fa | 0907 1802 | 0000 4883 | 8220 0200 | 0001 448b | 4018 488b 

  0x00000217afbb91d8: ;   {metadata(method data for {method} {0x00000217c414af20} 'resolve' '(BLjava/lang/invoke/MemberName;Ljava/lang/Class;IZ)Ljava/lang/invoke/MemberName;' in 'java/lang/invoke/MemberName$Factory')}
  0x00000217afbb91d8: d048 be90 | fa09 0718 | 0200 0048 | 8386 5802 | 0000 0148 

  0x00000217afbb91ec: ;   {optimized virtual_call}
  0x00000217afbb91ec: 8bd0 90e8 

  0x00000217afbb91f0: ; ImmutableOopMap {[120]=Oop }
                      ;*invokevirtual checkForTypeAlias {reexecute=0 rethrow=0 return_oop=0}
                      ; - java.lang.invoke.MemberName$Factory::resolve@60
  0x00000217afbb91f0: 0c18 0800 

  0x00000217afbb91f4: ;   {other}
  0x00000217afbb91f4: 0f1f 8400 | e404 0002 | 488b 4424 | 78c7 4028 | 0000 0000 | 4c8d 0049 | c1e8 0948 | ba00 0090 
  0x00000217afbb9214: be17 0200 | 0041 c604 

  0x00000217afbb921c: ;   {metadata(method data for {method} {0x00000217c414af20} 'resolve' '(BLjava/lang/invoke/MemberName;Ljava/lang/Class;IZ)Ljava/lang/invoke/MemberName;' in 'java/lang/invoke/MemberName$Factory')}
  0x00000217afbb921c: 1000 49b8 | 90fa 0907 | 1802 0000 | 41ff 8090 

  0x00000217afbb922c: ;   {metadata(method data for {method} {0x00000217c414af20} 'resolve' '(BLjava/lang/invoke/MemberName;Ljava/lang/Class;IZ)Ljava/lang/invoke/MemberName;' in 'java/lang/invoke/MemberName$Factory')}
  0x00000217afbb922c: 0200 0049 | b890 fa09 | 0718 0200 | 0041 ff80 | 3003 0000 

  0x00000217afbb9240: ;   {metadata(method data for {method} {0x00000217c414af20} 'resolve' '(BLjava/lang/invoke/MemberName;Ljava/lang/Class;IZ)Ljava/lang/invoke/MemberName;' in 'java/lang/invoke/MemberName$Factory')}
  0x00000217afbb9240: 4c8b c048 | ba90 fa09 | 0718 0200 | 0048 8382 | b803 0000 | 0141 b801 | 0000 0048 

  0x00000217afbb925c: ;   {optimized virtual_call}
  0x00000217afbb925c: 8bd0 90e8 

  0x00000217afbb9260: ; ImmutableOopMap {[120]=Oop }
                      ;*invokevirtual initResolved {reexecute=0 rethrow=0 return_oop=0}
                      ; - java.lang.invoke.MemberName$Factory::resolve@131
  0x00000217afbb9260: 7c71 f9ff 

  0x00000217afbb9264: ;   {other}
  0x00000217afbb9264: 0f1f 8400 | 5405 0003 

  0x00000217afbb926c: ;   {metadata(method data for {method} {0x00000217c414af20} 'resolve' '(BLjava/lang/invoke/MemberName;Ljava/lang/Class;IZ)Ljava/lang/invoke/MemberName;' in 'java/lang/invoke/MemberName$Factory')}
  0x00000217afbb926c: 48b8 90fa | 0907 1802 | 0000 ff80 | f003 0000 | 488b 4424 | 7848 81c4 | 9000 0000 

  0x00000217afbb9288: ;   {poll_return}
  0x00000217afbb9288: 5d49 3ba7 | 4804 0000 | 0f87 c801 

  0x00000217afbb9294: ;   {oop(nullptr)}
  0x00000217afbb9294: 0000 c348 | b800 0000 | 0000 0000 | 0048 81c4 | 9000 0000 

  0x00000217afbb92a8: ;   {poll_return}
  0x00000217afbb92a8: 5d49 3ba7 | 4804 0000 | 0f87 be01 | 0000 c349 | 8b87 f804 | 0000 4d33 | d24d 8997 | f804 0000 
  0x00000217afbb92c8: 4d33 d24d | 8997 0005 

  0x00000217afbb92d0: ;   {metadata(method data for {method} {0x00000217c414af20} 'resolve' '(BLjava/lang/invoke/MemberName;Ljava/lang/Class;IZ)Ljava/lang/invoke/MemberName;' in 'java/lang/invoke/MemberName$Factory')}
  0x00000217afbb92d0: 0000 48be | 90fa 0907 | 1802 0000 | ff86 a802 | 0000 4c8b | d044 8952 | 2848 8d02 | 48c1 e809 
  0x00000217afbb92f0: 48be 0000 | 90be 1702 | 0000 c604 | 3000 488b | c248 81c4 | 9000 0000 

  0x00000217afbb9308: ;   {poll_return}
  0x00000217afbb9308: 5d49 3ba7 | 4804 0000 | 0f87 7901 | 0000 c349 | 8b87 f804 | 0000 4d33 | d24d 8997 | f804 0000 
  0x00000217afbb9328: 4d33 d24d | 8997 0005 | 0000 488b 

  0x00000217afbb9334: ;   {metadata(method data for {method} {0x00000217c43ee8d8} 'clone' '()Ljava/lang/invoke/MemberName;' in 'java/lang/invoke/MemberName')}
  0x00000217afbb9334: d848 ba70 | ff09 0718 | 0200 0048 | 8382 5801 

  0x00000217afbb9344: ;   {metadata(method data for {method} {0x00000217c4405080} 'newInternalError' '(Ljava/lang/Exception;)Ljava/lang/InternalError;' in 'java/lang/invoke/MethodHandleStatics')}
  0x00000217afbb9344: 0000 0148 | ba18 010a | 0718 0200 | 008b 82cc | 0000 0083 | c002 8982 | cc00 0000 | 25fe ff1f 
  0x00000217afbb9364: 0085 c00f | 8438 0100 

  0x00000217afbb936c: ;   {metadata('java/lang/InternalError')}
  0x00000217afbb936c: 0048 ba30 | 0901 c417 | 0200 0049 | 8b87 b801 | 0000 488d | 7828 493b | bfc8 0100 | 000f 8737 
  0x00000217afbb938c: 0100 0049 | 89bf b801 | 0000 48c7 | 0001 0000 | 0048 8bca | 49ba 0000 | 00c4 1702 | 0000 492b 
  0x00000217afbb93ac: ca89 4808 | 4833 c989 | 480c 4833 | c948 8948 | 1048 8948 | 1848 8948 | 2048 8bd0 

  0x00000217afbb93c8: ;   {metadata(method data for {method} {0x00000217c4405080} 'newInternalError' '(Ljava/lang/Exception;)Ljava/lang/InternalError;' in 'java/lang/invoke/MethodHandleStatics')}
  0x00000217afbb93c8: 48be 1801 | 0a07 1802 | 0000 4883 | 8610 0100 | 0001 4c8b | c348 8bd0 | 4889 8424 | 8000 0000 
  0x00000217afbb93e8: 0f1f 8000 

  0x00000217afbb93ec: ;   {optimized virtual_call}
  0x00000217afbb93ec: 0000 00e8 

  0x00000217afbb93f0: ; ImmutableOopMap {[88]=Oop [128]=Oop }
                      ;*invokespecial <init> {reexecute=0 rethrow=0 return_oop=0}
                      ; - java.lang.invoke.MethodHandleStatics::newInternalError@5
                      ; - java.lang.invoke.MemberName::clone@10
                      ; - java.lang.invoke.MemberName$Factory::resolve@1
  0x00000217afbb93f0: 8c53 4e07 

  0x00000217afbb93f4: ;   {other}
  0x00000217afbb93f4: 0f1f 8400 | e406 0004 | 488b 8424 | 8000 0000 | e91f 0100 

  0x00000217afbb9408: ;   {metadata({method} {0x00000217c414af20} 'resolve' '(BLjava/lang/invoke/MemberName;Ljava/lang/Class;IZ)Ljava/lang/invoke/MemberName;' in 'java/lang/invoke/MemberName$Factory')}
  0x00000217afbb9408: 0049 ba18 | af14 c417 | 0200 004c | 8954 2408 | 48c7 0424 | ffff ffff 

  0x00000217afbb9420: ;   {runtime_call counter_overflow Runtime1 stub}
  0x00000217afbb9420: e8db af59 

  0x00000217afbb9424: ; ImmutableOopMap {rdx=Oop r9=Oop rdi=Oop [88]=Oop }
                      ;*synchronization entry
                      ; - java.lang.invoke.MemberName$Factory::resolve@-1
  0x00000217afbb9424: 07e9 8dfb 

  0x00000217afbb9428: ;   {runtime_call throw_null_pointer_exception Runtime1 stub}
  0x00000217afbb9428: ffff e8d1 

  0x00000217afbb942c: ; ImmutableOopMap {r9=Oop [88]=Oop }
                      ;*invokevirtual clone {reexecute=0 rethrow=0 return_oop=0}
                      ; - java.lang.invoke.MemberName$Factory::resolve@1
                      ;   {metadata({method} {0x00000217c43ee8d8} 'clone' '()Ljava/lang/invoke/MemberName;' in 'java/lang/invoke/MemberName')}
  0x00000217afbb942c: 4359 0749 | bad0 e83e | c417 0200 | 004c 8954 | 2408 48c7 | 0424 ffff 

  0x00000217afbb9444: ;   {runtime_call counter_overflow Runtime1 stub}
  0x00000217afbb9444: ffff e8b5 

  0x00000217afbb9448: ; ImmutableOopMap {r9=Oop [88]=Oop }
                      ;*synchronization entry
                      ; - java.lang.invoke.MemberName::clone@-1
                      ; - java.lang.invoke.MemberName$Factory::resolve@1
  0x00000217afbb9448: af59 07e9 | a6fb ffff | 4889 0424 

  0x00000217afbb9454: ;   {runtime_call throw_class_cast_exception Runtime1 stub}
  0x00000217afbb9454: e8a7 7359 

  0x00000217afbb9458: ; ImmutableOopMap {[88]=Oop }
                      ;*checkcast {reexecute=0 rethrow=0 return_oop=0}
                      ; - java.lang.invoke.MemberName::clone@4
                      ; - java.lang.invoke.MemberName$Factory::resolve@1
                      ;   {runtime_call throw_null_pointer_exception Runtime1 stub}
  0x00000217afbb9458: 07e8 a243 

  0x00000217afbb945c: ; ImmutableOopMap {rax=Oop [120]=Oop }
                      ;*invokevirtual getDeclaringClass {reexecute=0 rethrow=0 return_oop=0}
                      ; - java.lang.invoke.MemberName$Factory::resolve@57
                      ;   {internal_word}
  0x00000217afbb945c: 5907 49ba | 8992 bbaf | 1702 0000 | 4d89 9760 

  0x00000217afbb946c: ;   {runtime_call SafepointBlob}
  0x00000217afbb946c: 0400 00e9 | 8cb6 4e07 

  0x00000217afbb9474: ;   {internal_word}
  0x00000217afbb9474: 49ba a992 | bbaf 1702 | 0000 4d89 | 9760 0400 

  0x00000217afbb9484: ;   {runtime_call SafepointBlob}
  0x00000217afbb9484: 00e9 76b6 

  0x00000217afbb9488: ;   {runtime_call throw_null_pointer_exception Runtime1 stub}
  0x00000217afbb9488: 4e07 e871 

  0x00000217afbb948c: ; ImmutableOopMap {rdx=Oop }
                      ;*putfield resolution {reexecute=1 rethrow=0 return_oop=0}
                      ; - (reexecute) java.lang.invoke.MemberName$Factory::resolve@100
                      ;   {internal_word}
  0x00000217afbb948c: 4359 0749 | ba09 93bb | af17 0200 | 004d 8997 | 6004 0000 

  0x00000217afbb94a0: ;   {runtime_call SafepointBlob}
  0x00000217afbb94a0: e95b b64e 

  0x00000217afbb94a4: ;   {metadata({method} {0x00000217c4405080} 'newInternalError' '(Ljava/lang/Exception;)Ljava/lang/InternalError;' in 'java/lang/invoke/MethodHandleStatics')}
  0x00000217afbb94a4: 0749 ba78 | 5040 c417 | 0200 004c | 8954 2408 | 48c7 0424 | ffff ffff 

  0x00000217afbb94bc: ;   {runtime_call counter_overflow Runtime1 stub}
  0x00000217afbb94bc: e83f af59 

  0x00000217afbb94c0: ; ImmutableOopMap {rbx=Oop [88]=Oop }
                      ;*synchronization entry
                      ; - java.lang.invoke.MethodHandleStatics::newInternalError@-1
                      ; - java.lang.invoke.MemberName::clone@10
                      ; - java.lang.invoke.MemberName$Factory::resolve@1
  0x00000217afbb94c0: 07e9 a7fe | ffff 488b 

  0x00000217afbb94c8: ;   {runtime_call fast_new_instance Runtime1 stub}
  0x00000217afbb94c8: d2e8 324f 

  0x00000217afbb94cc: ; ImmutableOopMap {rbx=Oop [88]=Oop }
                      ;*new {reexecute=0 rethrow=0 return_oop=0}
                      ; - java.lang.invoke.MethodHandleStatics::newInternalError@0
                      ; - java.lang.invoke.MemberName::clone@10
                      ; - java.lang.invoke.MemberName$Factory::resolve@1
  0x00000217afbb94cc: 5907 e9f2 | feff ff48 | 8b54 2470 | e9da fdff | ff48 8b54 | 2470 e9d0 | fdff ff48 | 8b54 2478 
  0x00000217afbb94ec: e9c6 fdff | ff48 8b54 | 2478 e9bc | fdff ff48 | 8bd0 e9b4 | fdff ff48 | 8bd0 e9ac | fdff ff49 
  0x00000217afbb950c: 8b87 f804 | 0000 49c7 | 87f8 0400 | 0000 0000 | 0049 c787 | 0005 0000 | 0000 0000 | 4881 c490 
  0x00000217afbb952c: 0000 005d 

  0x00000217afbb9530: ;   {runtime_call unwind_exception Runtime1 stub}
  0x00000217afbb9530: e9cb 3359 | 07f4 f4f4 
[Stub Code]
  0x00000217afbb9538: ;   {no_reloc}
  0x00000217afbb9538: 0f1f 4400 

  0x00000217afbb953c: ;   {static_stub}
  0x00000217afbb953c: 0048 bb00 | 0000 0000 

  0x00000217afbb9544: ;   {runtime_call nmethod}
  0x00000217afbb9544: 0000 00e9 | fbff ffff 

  0x00000217afbb954c: ;   {static_stub}
  0x00000217afbb954c: 48bb 0000 | 0000 0000 

  0x00000217afbb9554: ;   {runtime_call nmethod}
  0x00000217afbb9554: 0000 e9fb 

  0x00000217afbb9558: ;   {static_stub}
  0x00000217afbb9558: ffff ff48 | bb00 0000 | 0000 0000 

  0x00000217afbb9564: ;   {runtime_call nmethod}
  0x00000217afbb9564: 00e9 fbff 

  0x00000217afbb9568: ;   {static_stub}
  0x00000217afbb9568: ffff 48bb | 88d4 3ec4 | 1702 0000 

  0x00000217afbb9574: ;   {runtime_call I2C/C2I adapters}
  0x00000217afbb9574: e9ee a14e 

  0x00000217afbb9578: ;   {static_stub}
  0x00000217afbb9578: 0748 bb00 | 0000 0000 

  0x00000217afbb9580: ;   {runtime_call nmethod}
  0x00000217afbb9580: 0000 00e9 | fbff ffff 
[Exception Handler]
  0x00000217afbb9588: ;   {runtime_call handle_exception_from_callee Runtime1 stub}
  0x00000217afbb9588: e873 6c59 

  0x00000217afbb958c: ;   {external_word}
  0x00000217afbb958c: 0748 b990 | e2e4 7af9 | 7f00 0048 

  0x00000217afbb9598: ;   {runtime_call}
  0x00000217afbb9598: 83e4 f048 | b810 79a7 | 7af9 7f00 | 00ff d0f4 
[Deopt Handler Code]
  0x00000217afbb95a8: ;   {section_word}
  0x00000217afbb95a8: 49ba a895 | bbaf 1702 | 0000 4152 

  0x00000217afbb95b4: ;   {runtime_call DeoptimizationBlob}
  0x00000217afbb95b4: e9e7 a74e | 07f4 f4f4 | f4f4 f4f4 
[/MachCode]


Compiled method (c1) 14331  883       3       java.lang.invoke.MemberName$Factory::resolveOrFail (79 bytes)
 total in heap  [0x00000217afc66b10,0x00000217afc675f0] = 2784
 relocation     [0x00000217afc66c70,0x00000217afc66d20] = 176
 main code      [0x00000217afc66d20,0x00000217afc67368] = 1608
 stub code      [0x00000217afc67368,0x00000217afc673d8] = 112
 metadata       [0x00000217afc673d8,0x00000217afc67408] = 48
 scopes data    [0x00000217afc67408,0x00000217afc674c8] = 192
 scopes pcs     [0x00000217afc674c8,0x00000217afc675b8] = 240
 dependencies   [0x00000217afc675b8,0x00000217afc675c8] = 16
 nul chk table  [0x00000217afc675c8,0x00000217afc675f0] = 40

[Constant Pool (empty)]

[MachCode]
[Entry Point]
  # {method} {0x00000217c414ae18} 'resolveOrFail' '(BLjava/lang/invoke/MemberName;Ljava/lang/Class;ILjava/lang/Class;)Ljava/lang/invoke/MemberName;' in 'java/lang/invoke/MemberName$Factory'
  # this:     rdx:rdx   = 'java/lang/invoke/MemberName$Factory'
  # parm0:    r8        = byte
  # parm1:    r9:r9     = 'java/lang/invoke/MemberName'
  # parm2:    rdi:rdi   = 'java/lang/Class'
  # parm3:    rsi       = int
  # parm4:    rcx:rcx   = 'java/lang/Class'
  #           [sp+0x90]  (sp of caller)
  0x00000217afc66d20: 448b 5208 | 49bb 0000 | 00c4 1702 | 0000 4d03 | d34c 3bd0 

  0x00000217afc66d34: ;   {runtime_call ic_miss_stub}
  0x00000217afc66d34: 0f85 4677 | 4307 660f | 1f44 0000 
[Verified Entry Point]
  0x00000217afc66d40: 8984 2400 | 80ff ff55 | 4881 ec80 | 0000 0090 | 4181 7f20 | 0100 0000 

  0x00000217afc66d58: ;   {runtime_call StubRoutines (final stubs)}
  0x00000217afc66d58: 7405 e881 | 1c42 0748 | 894c 2460 

  0x00000217afc66d64: ;   {metadata(method data for {method} {0x00000217c414ae18} 'resolveOrFail' '(BLjava/lang/invoke/MemberName;Ljava/lang/Class;ILjava/lang/Class;)Ljava/lang/invoke/MemberName;' in 'java/lang/invoke/MemberName$Factory')}
  0x00000217afc66d64: 48bb 781c | 2707 1802 | 0000 8b83 | cc00 0000 | 83c0 0289 | 83cc 0000 | 0025 fe07 | 0000 85c0 
  0x00000217afc66d84: 0f84 1105 

  0x00000217afc66d88: ;   {metadata(method data for {method} {0x00000217c414ae18} 'resolveOrFail' '(BLjava/lang/invoke/MemberName;Ljava/lang/Class;ILjava/lang/Class;)Ljava/lang/invoke/MemberName;' in 'java/lang/invoke/MemberName$Factory')}
  0x00000217afc66d88: 0000 48bb | 781c 2707 | 1802 0000 | ff83 1001 | 0000 488b 

  0x00000217afc66d9c: ;   {metadata(method data for {method} {0x00000217c414ae18} 'resolveOrFail' '(BLjava/lang/invoke/MemberName;Ljava/lang/Class;ILjava/lang/Class;)Ljava/lang/invoke/MemberName;' in 'java/lang/invoke/MemberName$Factory')}
  0x00000217afc66d9c: da48 b878 | 1c27 0718 | 0200 0048 | 8380 8001 | 0000 01b9 | 0000 0000 

  0x00000217afc66db4: ;   {optimized virtual_call}
  0x00000217afc66db4: 6666 90e8 

  0x00000217afc66db8: ; ImmutableOopMap {[96]=Oop }
                      ;*invokevirtual resolve {reexecute=0 rethrow=0 return_oop=0}
                      ; - java.lang.invoke.MemberName$Factory::resolveOrFail@31
  0x00000217afc66db8: a421 f5ff 

  0x00000217afc66dbc: ;   {other}
  0x00000217afc66dbc: 0f1f 8400 | ac02 0000 

  0x00000217afc66dc4: ; implicit exception: dispatches to 0x00000217afc672bc
  0x00000217afc66dc4: 483b 0048 

  0x00000217afc66dc8: ;   {metadata(method data for {method} {0x00000217c414ae18} 'resolveOrFail' '(BLjava/lang/invoke/MemberName;Ljava/lang/Class;ILjava/lang/Class;)Ljava/lang/invoke/MemberName;' in 'java/lang/invoke/MemberName$Factory')}
  0x00000217afc66dc8: 8bd0 48be | 781c 2707 | 1802 0000 | 4883 86b8 | 0100 0001 

  0x00000217afc66ddc: ;   {metadata(method data for {method} {0x00000217c43ee3b0} 'isResolved' '()Z' in 'java/lang/invoke/MemberName')}
  0x00000217afc66ddc: 48ba f825 | 0507 1802 | 0000 8bb2 | cc00 0000 | 83c6 0289 | b2cc 0000 | 0081 e6fe | ff1f 0085 
  0x00000217afc66dfc: f60f 84be | 0400 008b | 5028 4885 

  0x00000217afc66e08: ;   {metadata(method data for {method} {0x00000217c43ee3b0} 'isResolved' '()Z' in 'java/lang/invoke/MemberName')}
  0x00000217afc66e08: d248 baf8 | 2505 0718 | 0200 0048 | c7c6 1001 | 0000 7507 | 48c7 c620 | 0100 0048 | 8b3c 3248 
  0x00000217afc66e28: 8d7f 0148 | 893c 320f | 851a 0000 

  0x00000217afc66e34: ;   {metadata(method data for {method} {0x00000217c43ee3b0} 'isResolved' '()Z' in 'java/lang/invoke/MemberName')}
  0x00000217afc66e34: 0048 baf8 | 2505 0718 | 0200 00ff | 8230 0100 | 00ba 0100 | 0000 e905 | 0000 00ba | 0000 0000 
  0x00000217afc66e54: 83e2 0185 

  0x00000217afc66e58: ;   {metadata(method data for {method} {0x00000217c414ae18} 'resolveOrFail' '(BLjava/lang/invoke/MemberName;Ljava/lang/Class;ILjava/lang/Class;)Ljava/lang/invoke/MemberName;' in 'java/lang/invoke/MemberName$Factory')}
  0x00000217afc66e58: d248 ba78 | 1c27 0718 | 0200 0048 | c7c6 0002 | 0000 7507 | 48c7 c6f0 | 0100 0048 | 8b3c 3248 
  0x00000217afc66e78: 8d7f 0148 | 893c 320f | 852f 0200 | 0048 8bd0 

  0x00000217afc66e88: ;   {metadata(method data for {method} {0x00000217c414ae18} 'resolveOrFail' '(BLjava/lang/invoke/MemberName;Ljava/lang/Class;ILjava/lang/Class;)Ljava/lang/invoke/MemberName;' in 'java/lang/invoke/MemberName$Factory')}
  0x00000217afc66e88: 48be 781c | 2707 1802 | 0000 4883 | 8610 0200 | 0001 488b 

  0x00000217afc66e9c: ;   {optimized virtual_call}
  0x00000217afc66e9c: d066 90e8 

  0x00000217afc66ea0: ; ImmutableOopMap {[96]=Oop }
                      ;*invokevirtual makeAccessException {reexecute=0 rethrow=0 return_oop=0}
                      ; - java.lang.invoke.MemberName$Factory::resolveOrFail@49
  0x00000217afc66ea0: e204 0000 

  0x00000217afc66ea4: ;   {other}
  0x00000217afc66ea4: 0f1f 8400 | 9403 0001 | 4885 c075 

  0x00000217afc66eb0: ;   {metadata(method data for {method} {0x00000217c414ae18} 'resolveOrFail' '(BLjava/lang/invoke/MemberName;Ljava/lang/Class;ILjava/lang/Class;)Ljava/lang/invoke/MemberName;' in 'java/lang/invoke/MemberName$Factory')}
  0x00000217afc66eb0: 1648 be78 | 1c27 0718 | 0200 0080 | 8e41 0200 | 0001 e9cc 

  0x00000217afc66ec4: ;   {metadata('java/lang/IllegalAccessException')}
  0x00000217afc66ec4: 0000 0048 | bff8 aa04 | c517 0200 | 008b 5008 | 49ba 0000 | 00c4 1702 | 0000 4903 | d248 3bfa 
  0x00000217afc66ee4: 0f85 8d00 

  0x00000217afc66ee8: ;   {metadata(method data for {method} {0x00000217c414ae18} 'resolveOrFail' '(BLjava/lang/invoke/MemberName;Ljava/lang/Class;ILjava/lang/Class;)Ljava/lang/invoke/MemberName;' in 'java/lang/invoke/MemberName$Factory')}
  0x00000217afc66ee8: 0000 48be | 781c 2707 | 1802 0000 | 8b78 0849 | ba00 0000 | c417 0200 | 0049 03fa | 483b be58 
  0x00000217afc66f08: 0200 0075 | 0d48 8386 | 6002 0000 | 01e9 7e00 | 0000 483b | be68 0200 | 0075 0d48 | 8386 7002 
  0x00000217afc66f28: 0000 01e9 | 6800 0000 | 4883 be58 | 0200 0000 | 7517 4889 | be58 0200 | 0048 c786 | 6002 0000 
  0x00000217afc66f48: 0100 0000 | e947 0000 | 0048 83be | 6802 0000 | 0075 1748 | 89be 6802 | 0000 48c7 | 8670 0200 
  0x00000217afc66f68: 0001 0000 | 00e9 2600 | 0000 e921 

  0x00000217afc66f74: ;   {metadata(method data for {method} {0x00000217c414ae18} 'resolveOrFail' '(BLjava/lang/invoke/MemberName;Ljava/lang/Class;ILjava/lang/Class;)Ljava/lang/invoke/MemberName;' in 'java/lang/invoke/MemberName$Factory')}
  0x00000217afc66f74: 0000 0048 | be78 1c27 | 0718 0200 | 0048 83ae | 4802 0000 | 01e9 0500 | 0000 e905 | 0000 0048 
  0x00000217afc66f94: 33c9 eb07 | 48c7 c101 | 0000 0085 

  0x00000217afc66fa0: ;   {metadata(method data for {method} {0x00000217c414ae18} 'resolveOrFail' '(BLjava/lang/invoke/MemberName;Ljava/lang/Class;ILjava/lang/Class;)Ljava/lang/invoke/MemberName;' in 'java/lang/invoke/MemberName$Factory')}
  0x00000217afc66fa0: c948 b978 | 1c27 0718 | 0200 0048 | c7c2 9002 | 0000 7507 | 48c7 c280 | 0200 0048 | 8b34 1148 
  0x00000217afc66fc0: 8d76 0148 | 8934 110f | 85d9 0100 | 0048 8b4c | 2460 483b | 0148 8bd1 

  0x00000217afc66fd8: ;   {metadata(method data for {method} {0x00000217c414ae18} 'resolveOrFail' '(BLjava/lang/invoke/MemberName;Ljava/lang/Class;ILjava/lang/Class;)Ljava/lang/invoke/MemberName;' in 'java/lang/invoke/MemberName$Factory')}
  0x00000217afc66fd8: 48be 781c | 2707 1802 | 0000 4883 | 86d8 0200 

  0x00000217afc66fe8: ;   {metadata(method data for {method} {0x00000217c446b1f0} 'cast' '(Ljava/lang/Object;)Ljava/lang/Object;' in 'java/lang/Class')}
  0x00000217afc66fe8: 0001 48ba | c026 2707 | 1802 0000 | 8bb2 cc00 | 0000 83c6 | 0289 b2cc | 0000 0081 | e6fe ff1f 
  0x00000217afc67008: 0085 f60f | 84d6 0200 | 0048 85c0 

  0x00000217afc67014: ;   {metadata(method data for {method} {0x00000217c446b1f0} 'cast' '(Ljava/lang/Object;)Ljava/lang/Object;' in 'java/lang/Class')}
  0x00000217afc67014: 48ba c026 | 2707 1802 | 0000 48c7 | c620 0100 | 0075 0748 | c7c6 1001 | 0000 488b | 3c32 488d 
  0x00000217afc67034: 7f01 4889 | 3c32 0f85 | 0a00 0000 | 4889 4424 | 68e9 8000 | 0000 488b 

  0x00000217afc6704c: ;   {metadata(method data for {method} {0x00000217c446b1f0} 'cast' '(Ljava/lang/Object;)Ljava/lang/Object;' in 'java/lang/Class')}
  0x00000217afc6704c: d148 bec0 | 2627 0718 | 0200 0048 | 8386 3001 | 0000 0148 | 8bf1 488b | ce48 8bd0 | 4889 4424 
  0x00000217afc6706c: ;   {runtime_call}
  0x00000217afc6706c: 6848 b8b0 | 695f 7af9 | 7f00 00ff 

  0x00000217afc67078: ;   {other}
  0x00000217afc67078: d00f 1f84 | 0000 0000 

  0x00000217afc67080: ;   {metadata(method data for {method} {0x00000217c446b1f0} 'cast' '(Ljava/lang/Object;)Ljava/lang/Object;' in 'java/lang/Class')}
  0x00000217afc67080: 0085 c048 | b8c0 2627 | 0718 0200 | 0048 c7c2 | 6801 0000 | 7507 48c7 | c278 0100 | 0048 8b34 
  0x00000217afc670a0: 1048 8d76 | 0148 8934 | 100f 851b | 0000 00e9 | 2600 0000 | 4881 c480 | 0000 005d 

  0x00000217afc670bc: ;   {poll_return}
  0x00000217afc670bc: 493b a748 | 0400 000f | 873f 0200 | 00c3 488b | 5c24 6848 | 3b03 488b | c3e9 8102 | 0000 488b 
  0x00000217afc670dc: 5c24 684c | 8b4c 2460 

  0x00000217afc670e4: ;   {metadata('java/lang/ClassCastException')}
  0x00000217afc670e4: 48ba c0aa | 06c4 1702 | 0000 498b | 87b8 0100 | 0048 8d78 | 2849 3bbf | c801 0000 | 0f87 1d02 
  0x00000217afc67104: 0000 4989 | bfb8 0100 | 0048 c700 | 0100 0000 | 488b ca49 | ba00 0000 | c417 0200 | 0049 2bca 
  0x00000217afc67124: 8948 0848 | 33c9 8948 | 0c48 33c9 | 4889 4810 | 4889 4818 | 4889 4820 

  0x00000217afc6713c: ;   {metadata(method data for {method} {0x00000217c446b1f0} 'cast' '(Ljava/lang/Object;)Ljava/lang/Object;' in 'java/lang/Class')}
  0x00000217afc6713c: 498b c949 | b8c0 2627 | 0718 0200 | 0049 8380 | 8801 0000 | 014c 8bc3 | 498b d148 | 8944 2470 
  0x00000217afc6715c: ;   {optimized virtual_call}
  0x00000217afc6715c: 6666 90e8 

  0x00000217afc67160: ; ImmutableOopMap {[112]=Oop }
                      ;*invokevirtual cannotCastMsg {reexecute=0 rethrow=0 return_oop=0}
                      ; - java.lang.Class::cast@18
                      ; - java.lang.invoke.MemberName$Factory::resolveOrFail@72
  0x00000217afc67160: 1c76 4307 

  0x00000217afc67164: ;   {other}
  0x00000217afc67164: 0f1f 8400 | 5406 0002 | 4c8b 4424 

  0x00000217afc67170: ;   {metadata(method data for {method} {0x00000217c446b1f0} 'cast' '(Ljava/lang/Object;)Ljava/lang/Object;' in 'java/lang/Class')}
  0x00000217afc67170: 7048 bac0 | 2627 0718 | 0200 0048 | 8382 c001 | 0000 014c | 8bc0 488b | 5424 700f 

  0x00000217afc6718c: ;   {optimized virtual_call}
  0x00000217afc6718c: 1f40 00e8 

  0x00000217afc67190: ; ImmutableOopMap {[112]=Oop }
                      ;*invokespecial <init> {reexecute=0 rethrow=0 return_oop=0}
                      ; - java.lang.Class::cast@21
                      ; - java.lang.invoke.MemberName$Factory::resolveOrFail@72
  0x00000217afc67190: ec75 4307 

  0x00000217afc67194: ;   {other}
  0x00000217afc67194: 0f1f 8400 | 8406 0003 | 488b 4424 | 70e9 b501 | 0000 488b | d848 85db 

  0x00000217afc671ac: ;   {metadata(method data for {method} {0x00000217c414ae18} 'resolveOrFail' '(BLjava/lang/invoke/MemberName;Ljava/lang/Class;ILjava/lang/Class;)Ljava/lang/invoke/MemberName;' in 'java/lang/invoke/MemberName$Factory')}
  0x00000217afc671ac: 7516 48bf | 781c 2707 | 1802 0000 | 808f 9902 | 0000 01e9 | cc00 0000 

  0x00000217afc671c4: ;   {metadata('java/lang/IllegalAccessException')}
  0x00000217afc671c4: 48b8 f8aa | 04c5 1702 | 0000 8b73 | 0849 ba00 | 0000 c417 | 0200 0049 | 03f2 483b | c60f 858d 
  0x00000217afc671e4: ;   {metadata(method data for {method} {0x00000217c414ae18} 'resolveOrFail' '(BLjava/lang/invoke/MemberName;Ljava/lang/Class;ILjava/lang/Class;)Ljava/lang/invoke/MemberName;' in 'java/lang/invoke/MemberName$Factory')}
  0x00000217afc671e4: 0000 0048 | bf78 1c27 | 0718 0200 | 008b 4308 | 49ba 0000 | 00c4 1702 | 0000 4903 | c248 3b87 
  0x00000217afc67204: b002 0000 | 750d 4883 | 87b8 0200 | 0001 e979 | 0000 0048 | 3b87 c002 | 0000 750d | 4883 87c8 
  0x00000217afc67224: 0200 0001 | e963 0000 | 0048 83bf | b002 0000 | 0075 1748 | 8987 b002 | 0000 48c7 | 87b8 0200 
  0x00000217afc67244: 0001 0000 | 00e9 4200 | 0000 4883 | bfc0 0200 | 0000 7517 | 4889 87c0 | 0200 0048 | c787 c802 
  0x00000217afc67264: 0000 0100 | 0000 e921 | 0000 00e9 | 1c00 0000 

  0x00000217afc67274: ;   {metadata(method data for {method} {0x00000217c414ae18} 'resolveOrFail' '(BLjava/lang/invoke/MemberName;Ljava/lang/Class;ILjava/lang/Class;)Ljava/lang/invoke/MemberName;' in 'java/lang/invoke/MemberName$Factory')}
  0x00000217afc67274: 48bf 781c | 2707 1802 | 0000 4883 | afa0 0200 | 0001 e9a5 | 0000 00e9 | 0000 0000 | 488b c348 
  0x00000217afc67294: 3b00 e9c0 

  0x00000217afc67298: ;   {metadata({method} {0x00000217c414ae18} 'resolveOrFail' '(BLjava/lang/invoke/MemberName;Ljava/lang/Class;ILjava/lang/Class;)Ljava/lang/invoke/MemberName;' in 'java/lang/invoke/MemberName$Factory')}
  0x00000217afc67298: 0000 0049 | ba10 ae14 | c417 0200 | 004c 8954 | 2408 48c7 | 0424 ffff 

  0x00000217afc672b0: ;   {runtime_call counter_overflow Runtime1 stub}
  0x00000217afc672b0: ffff e849 

  0x00000217afc672b4: ; ImmutableOopMap {rdx=Oop r9=Oop rdi=Oop rcx=Oop [96]=Oop }
                      ;*synchronization entry
                      ; - java.lang.invoke.MemberName$Factory::resolveOrFail@-1
  0x00000217afc672b4: d14e 07e9 | cefa ffff 

  0x00000217afc672bc: ;   {runtime_call throw_null_pointer_exception Runtime1 stub}
  0x00000217afc672bc: e83f 654e 

  0x00000217afc672c0: ; ImmutableOopMap {rax=Oop [96]=Oop }
                      ;*invokevirtual isResolved {reexecute=0 rethrow=0 return_oop=0}
                      ; - java.lang.invoke.MemberName$Factory::resolveOrFail@38
                      ;   {metadata({method} {0x00000217c43ee3b0} 'isResolved' '()Z' in 'java/lang/invoke/MemberName')}
  0x00000217afc672c0: 0749 baa8 | e33e c417 | 0200 004c | 8954 2408 | 48c7 0424 | ffff ffff 

  0x00000217afc672d8: ;   {runtime_call counter_overflow Runtime1 stub}
  0x00000217afc672d8: e823 d14e 

  0x00000217afc672dc: ; ImmutableOopMap {rax=Oop [96]=Oop }
                      ;*synchronization entry
                      ; - java.lang.invoke.MemberName::isResolved@-1
                      ; - java.lang.invoke.MemberName$Factory::resolveOrFail@38
  0x00000217afc672dc: 07e9 21fb 

  0x00000217afc672e0: ;   {runtime_call throw_null_pointer_exception Runtime1 stub}
  0x00000217afc672e0: ffff e819 

  0x00000217afc672e4: ; ImmutableOopMap {rax=Oop rcx=Oop [96]=Oop }
                      ;*invokevirtual cast {reexecute=0 rethrow=0 return_oop=0}
                      ; - java.lang.invoke.MemberName$Factory::resolveOrFail@72
                      ;   {metadata({method} {0x00000217c446b1f0} 'cast' '(Ljava/lang/Object;)Ljava/lang/Object;' in 'java/lang/Class')}
  0x00000217afc672e4: 654e 0749 | bae8 b146 | c417 0200 | 004c 8954 | 2408 48c7 | 0424 ffff 

  0x00000217afc672fc: ;   {runtime_call counter_overflow Runtime1 stub}
  0x00000217afc672fc: ffff e8fd 

  0x00000217afc67300: ; ImmutableOopMap {rax=Oop rcx=Oop [96]=Oop }
                      ;*synchronization entry
                      ; - java.lang.Class::cast@-1
                      ; - java.lang.invoke.MemberName$Factory::resolveOrFail@72
  0x00000217afc67300: d04e 07e9 | 09fd ffff 

  0x00000217afc67308: ;   {internal_word}
  0x00000217afc67308: 49ba bc70 | c6af 1702 | 0000 4d89 | 9760 0400 

  0x00000217afc67318: ;   {runtime_call SafepointBlob}
  0x00000217afc67318: 00e9 e2d7 

  0x00000217afc6731c: ;   {runtime_call throw_null_pointer_exception Runtime1 stub}
  0x00000217afc6731c: 4307 e8dd 

  0x00000217afc67320: ; ImmutableOopMap {rbx=Oop }
                      ;*athrow {reexecute=1 rethrow=0 return_oop=0}
                      ; - (reexecute) java.lang.invoke.MemberName$Factory::resolveOrFail@78
  0x00000217afc67320: 644e 0748 

  0x00000217afc67324: ;   {runtime_call fast_new_instance Runtime1 stub}
  0x00000217afc67324: 8bd2 e8d5 

  0x00000217afc67328: ; ImmutableOopMap {r9=Oop rbx=Oop [96]=Oop }
                      ;*new {reexecute=0 rethrow=0 return_oop=0}
                      ; - java.lang.Class::cast@12
                      ; - java.lang.invoke.MemberName$Factory::resolveOrFail@72
  0x00000217afc67328: 704e 07e9 | 0cfe ffff | 4889 1c24 

  0x00000217afc67334: ;   {runtime_call throw_class_cast_exception Runtime1 stub}
  0x00000217afc67334: e8c7 944e 

  0x00000217afc67338: ; ImmutableOopMap {}
                      ;*checkcast {reexecute=0 rethrow=0 return_oop=0}
                      ; - java.lang.invoke.MemberName$Factory::resolveOrFail@64
                      ;   {runtime_call throw_null_pointer_exception Runtime1 stub}
  0x00000217afc67338: 07e8 c264 

  0x00000217afc6733c: ; ImmutableOopMap {rax=Oop }
                      ;*athrow {reexecute=1 rethrow=0 return_oop=0}
                      ; - (reexecute) java.lang.invoke.MemberName$Factory::resolveOrFail@67
  0x00000217afc6733c: 4e07 498b | 87f8 0400 | 0049 c787 | f804 0000 | 0000 0000 | 49c7 8700 | 0500 0000 | 0000 0048 
  0x00000217afc6735c: 81c4 8000 

  0x00000217afc67360: ;   {runtime_call unwind_exception Runtime1 stub}
  0x00000217afc67360: 0000 5de9 | 9855 4e07 
[Stub Code]
  0x00000217afc67368: ;   {no_reloc}
  0x00000217afc67368: 48bb 0000 | 0000 0000 

  0x00000217afc67370: ;   {runtime_call nmethod}
  0x00000217afc67370: 0000 e9fb 

  0x00000217afc67374: ;   {static_stub}
  0x00000217afc67374: ffff ff48 | bb00 0000 | 0000 0000 

  0x00000217afc67380: ;   {runtime_call nmethod}
  0x00000217afc67380: 00e9 fbff 

  0x00000217afc67384: ;   {static_stub}
  0x00000217afc67384: ffff 48bb | d8d3 3ec4 | 1702 0000 

  0x00000217afc67390: ;   {runtime_call I2C/C2I adapters}
  0x00000217afc67390: e94e 6843 

  0x00000217afc67394: ;   {static_stub}
  0x00000217afc67394: 0748 bb00 | 0000 0000 

  0x00000217afc6739c: ;   {runtime_call nmethod}
  0x00000217afc6739c: 0000 00e9 | fbff ffff 
[Exception Handler]
  0x00000217afc673a4: ;   {runtime_call handle_exception_from_callee Runtime1 stub}
  0x00000217afc673a4: e857 8e4e 

  0x00000217afc673a8: ;   {external_word}
  0x00000217afc673a8: 0748 b990 | e2e4 7af9 | 7f00 0048 

  0x00000217afc673b4: ;   {runtime_call}
  0x00000217afc673b4: 83e4 f048 | b810 79a7 | 7af9 7f00 | 00ff d0f4 
[Deopt Handler Code]
  0x00000217afc673c4: ;   {section_word}
  0x00000217afc673c4: 49ba c473 | c6af 1702 | 0000 4152 

  0x00000217afc673d0: ;   {runtime_call DeoptimizationBlob}
  0x00000217afc673d0: e9cb c943 | 07f4 f4f4 
[/MachCode]


---------------  P R O C E S S  ---------------

Threads class SMR info:
_java_thread_list=0x000002180b65a750, length=12, elements={
0x00000217ac8537a0, 0x00000217ac8f6370, 0x00000217c39bd890, 0x00000217ac8fa300,
0x00000217ac8fafd0, 0x00000217ac8fe5e0, 0x00000217ac908830, 0x0000021805f21f80,
0x0000021805f23d20, 0x00000218060213d0, 0x0000021806022780, 0x00000218060220f0
}

Java Threads: ( => current thread )
=>0x00000217ac8537a0 JavaThread "main"                              [_thread_in_vm, id=20512, stack(0x00000071f9600000,0x00000071f9700000) (1024K)]
  0x00000217ac8f6370 JavaThread "Reference Handler"          daemon [_thread_blocked, id=4916, stack(0x00000071f9a00000,0x00000071f9b00000) (1024K)]
  0x00000217c39bd890 JavaThread "Finalizer"                  daemon [_thread_blocked, id=21824, stack(0x00000071f9b00000,0x00000071f9c00000) (1024K)]
  0x00000217ac8fa300 JavaThread "Signal Dispatcher"          daemon [_thread_blocked, id=2540, stack(0x00000071f9c00000,0x00000071f9d00000) (1024K)]
  0x00000217ac8fafd0 JavaThread "Attach Listener"            daemon [_thread_blocked, id=23904, stack(0x00000071f9d00000,0x00000071f9e00000) (1024K)]
  0x00000217ac8fe5e0 JavaThread "Service Thread"             daemon [_thread_blocked, id=21624, stack(0x00000071f9e00000,0x00000071f9f00000) (1024K)]
  0x00000217ac908830 JavaThread "Monitor Deflation Thread"   daemon [_thread_blocked, id=4816, stack(0x00000071f9f00000,0x00000071fa000000) (1024K)]
  0x0000021805f21f80 JavaThread "C2 CompilerThread0"         daemon [_thread_blocked, id=11984, stack(0x00000071fa000000,0x00000071fa100000) (1024K)]
  0x0000021805f23d20 JavaThread "C1 CompilerThread0"         daemon [_thread_in_vm, id=12068, stack(0x00000071fa100000,0x00000071fa200000) (1024K)]
  0x00000218060213d0 JavaThread "Common-Cleaner"             daemon [_thread_blocked, id=19480, stack(0x00000071fa200000,0x00000071fa300000) (1024K)]
  0x0000021806022780 JavaThread "Notification Thread"        daemon [_thread_blocked, id=24444, stack(0x00000071fa400000,0x00000071fa500000) (1024K)]
  0x00000218060220f0 JavaThread "Active Thread: Equinox Container: c52d7926-a6e1-40b6-bda0-4b11fe31c278"        [_thread_blocked, id=22420, stack(0x00000071fab00000,0x00000071fac00000) (1024K)]
Total: 12

Other Threads:
  0x00000217c39a4470 VMThread "VM Thread"                           [id=25104, stack(0x00000071f9900000,0x00000071f9a00000) (1024K)] _threads_hazard_ptr=0x000002180b65a750
  0x00000217c389ca00 WatcherThread "VM Periodic Task Thread"        [id=25408, stack(0x00000071f9800000,0x00000071f9900000) (1024K)]
  0x00000217ac871f70 WorkerThread "GC Thread#0"                     [id=13732, stack(0x00000071f9700000,0x00000071f9800000) (1024K)]
  0x000002180b7f5bd0 WorkerThread "GC Thread#1"                     [id=12340, stack(0x00000071fa500000,0x00000071fa600000) (1024K)]
  0x000002180b141840 WorkerThread "GC Thread#2"                     [id=4544, stack(0x00000071fa600000,0x00000071fa700000) (1024K)]
  0x000002180b69c870 WorkerThread "GC Thread#3"                     [id=22348, stack(0x00000071fa700000,0x00000071fa800000) (1024K)]
  0x000002180b554bb0 WorkerThread "GC Thread#4"                     [id=12536, stack(0x00000071fa800000,0x00000071fa900000) (1024K)]
  0x000002180b554f50 WorkerThread "GC Thread#5"                     [id=17980, stack(0x00000071fa900000,0x00000071faa00000) (1024K)]
  0x000002180b3d07c0 WorkerThread "GC Thread#6"                     [id=15824, stack(0x00000071faa00000,0x00000071fab00000) (1024K)]
Total: 9

Threads with active compile tasks:
C1 CompilerThread0  14339 1654       3       sun.net.www.protocol.jar.Handler::canonicalizeString (72 bytes)
Total: 1

VM state: synchronizing (normal execution)

VM Mutex/Monitor currently owned by a thread:  ([mutex/lock_event])
[0x00007ff97b103458] Metaspace_lock - owner thread: 0x00000217ac8537a0
[0x00007ff97b105458] Threads_lock - owner thread: 0x00000217c39a4470

Heap address: 0x0000000080000000, size: 2048 MB, Compressed Oops mode: 32-bit

CDS archive(s) mapped at: [0x00000217c4000000-0x00000217c4ba0000-0x00000217c4ba0000), size 12189696, SharedBaseAddress: 0x00000217c4000000, ArchiveRelocationMode: 1.
Compressed class space mapped at: 0x00000217c5000000-0x0000021805000000, reserved size: 1073741824
Narrow klass base: 0x00000217c4000000, Narrow klass shift: 0, Narrow klass range: 0x100000000

GC Precious Log:
 CardTable entry size: 512
 CPUs: 12 total, 12 available
 Memory: 7896M
 Large Page Support: Disabled
 NUMA Support: Disabled
 Compressed Oops: Enabled (32-bit)
 Alignments: Space 512K, Generation 512K, Heap 2M
 Heap Min Capacity: 100M
 Heap Initial Capacity: 100M
 Heap Max Capacity: 2G
 Pre-touch: Disabled
 Parallel Workers: 10

Heap:
 PSYoungGen      total 29696K, used 23783K [0x00000000d5580000, 0x00000000d7680000, 0x0000000100000000)
  eden space 25600K, 79% used [0x00000000d5580000,0x00000000d697fe90,0x00000000d6e80000)
  from space 4096K, 80% used [0x00000000d6e80000,0x00000000d71b9e98,0x00000000d7280000)
  to   space 4096K, 0% used [0x00000000d7280000,0x00000000d7280000,0x00000000d7680000)
 ParOldGen       total 68608K, used 16K [0x0000000080000000, 0x0000000084300000, 0x00000000d5580000)
  object space 68608K, 0% used [0x0000000080000000,0x0000000080004000,0x0000000084300000)
 Metaspace       used 7396K, committed 7616K, reserved 1114112K
  class space    used 765K, committed 896K, reserved 1048576K

Card table byte_map: [0x00000217bed00000,0x00000217bf110000] _byte_map_base: 0x00000217be900000

Marking Bits: (ParMarkBitMap*) 0x00007ff97b10a340
 Begin Bits: [0x00000217bf3c0000, 0x00000217c13c0000)
 End Bits:   [0x00000217c13c0000, 0x00000217c33c0000)

Polling page: 0x00000217ac910000

Metaspace:

Usage:
  Non-class:      6.48 MB used.
      Class:    765.69 KB used.
       Both:      7.22 MB used.

Virtual space:
  Non-class space:       64.00 MB reserved,       6.56 MB ( 10%) committed,  1 nodes.
      Class space:        1.00 GB reserved,     896.00 KB ( <1%) committed,  1 nodes.
             Both:        1.06 GB reserved,       7.44 MB ( <1%) committed. 

Chunk freelists:
   Non-Class:  9.19 MB
       Class:  14.97 MB
        Both:  24.16 MB

MaxMetaspaceSize: unlimited
CompressedClassSpaceSize: 1.00 GB
Initial GC threshold: 21.00 MB
Current GC threshold: 21.00 MB
CDS: on
 - commit_granule_bytes: 65536.
 - commit_granule_words: 8192.
 - virtual_space_node_default_size: 8388608.
 - enlarge_chunks_in_place: 1.
 - use_allocation_guard: 0.


Internal statistics:

num_allocs_failed_limit: 0.
num_arena_births: 216.
num_arena_deaths: 0.
num_vsnodes_births: 2.
num_vsnodes_deaths: 0.
num_space_committed: 119.
num_space_uncommitted: 0.
num_chunks_returned_to_freelist: 0.
num_chunks_taken_from_freelist: 385.
num_chunk_merges: 0.
num_chunk_splits: 249.
num_chunks_enlarged: 162.
num_inconsistent_stats: 0.

CodeHeap 'non-profiled nmethods': size=120000Kb used=670Kb max_used=670Kb free=119329Kb
 bounds [0x00000217b75f0000, 0x00000217b7860000, 0x00000217beb20000]
CodeHeap 'profiled nmethods': size=120000Kb used=2909Kb max_used=2909Kb free=117090Kb
 bounds [0x00000217afb20000, 0x00000217afe00000, 0x00000217b7050000]
CodeHeap 'non-nmethods': size=5760Kb used=1212Kb max_used=1239Kb free=4547Kb
 bounds [0x00000217b7050000, 0x00000217b72c0000, 0x00000217b75f0000]
CodeCache: size=245760Kb, used=4791Kb, max_used=4818Kb, free=240966Kb
 total_blobs=2128, nmethods=1651, adapters=384, full_count=0
Compilation: enabled, stopped_count=0, restarted_count=0

Compilation events (20 events):
Event: 11.527 Thread 0x0000021805f23d20 1644       3       java.lang.ClassLoader::definePackage (85 bytes)
Event: 11.528 Thread 0x0000021805f23d20 nmethod 1644 0x00000217afde9410 code [0x00000217afde96e0, 0x00000217afdea580]
Event: 11.528 Thread 0x0000021805f23d20 1646       3       java.util.ImmutableCollections$AbstractImmutableSet::<init> (5 bytes)
Event: 11.529 Thread 0x0000021805f23d20 nmethod 1646 0x00000217afdeaa10 code [0x00000217afdeabc0, 0x00000217afdeade8]
Event: 11.530 Thread 0x0000021805f23d20 1647   !   3       java.lang.invoke.MethodHandle::setVarargs (50 bytes)
Event: 11.530 Thread 0x0000021805f23d20 nmethod 1647 0x00000217afdeaf10 code [0x00000217afdeb1e0, 0x00000217afdebdb0]
Event: 11.530 Thread 0x0000021805f23d20 1648       3       java.lang.invoke.MemberName::isVarargs (23 bytes)
Event: 11.531 Thread 0x0000021805f23d20 nmethod 1648 0x00000217afdec210 code [0x00000217afdec3e0, 0x00000217afdec738]
Event: 11.531 Thread 0x0000021805f21f80 nmethod 1641% 0x00000217b7696e10 code [0x00000217b7696fe0, 0x00000217b7697540]
Event: 11.532 Thread 0x0000021805f23d20 1649       3       sun.security.provider.DigestBase::engineReset (33 bytes)
Event: 11.532 Thread 0x0000021805f23d20 nmethod 1649 0x00000217afdec890 code [0x00000217afdeca60, 0x00000217afdeccf0]
Event: 11.534 Thread 0x0000021805f23d20 1650   !   3       java.util.jar.JarVerifier::processEntry (437 bytes)
Event: 11.535 Thread 0x0000021805f23d20 nmethod 1650 0x00000217afdecd90 code [0x00000217afded2a0, 0x00000217afdefa48]
Event: 11.535 Thread 0x0000021805f23d20 1651       3       sun.security.util.ManifestEntryVerifier::verify (456 bytes)
Event: 11.536 Thread 0x0000021805f23d20 nmethod 1651 0x00000217afdf0d10 code [0x00000217afdf11a0, 0x00000217afdf33d0]
Event: 11.536 Thread 0x0000021805f23d20 1652       3       java.util.jar.JarVerifier::mapSignersToCertArray (68 bytes)
Event: 11.536 Thread 0x0000021805f23d20 nmethod 1652 0x00000217afdf4090 code [0x00000217afdf42a0, 0x00000217afdf4920]
Event: 11.536 Thread 0x0000021805f23d20 1653       3       sun.net.www.protocol.jar.Handler::parseContextSpec (150 bytes)
Event: 11.537 Thread 0x0000021805f23d20 nmethod 1653 0x00000217afdf4c10 code [0x00000217afdf5080, 0x00000217afdf6b40]
Event: 11.537 Thread 0x0000021805f23d20 1654       3       sun.net.www.protocol.jar.Handler::canonicalizeString (72 bytes)

GC Heap History (2 events):
Event: 1.538 GC heap before
{Heap before GC invocations=1 (full 0):
 PSYoungGen      total 29696K, used 25600K [0x00000000d5580000, 0x00000000d7680000, 0x0000000100000000)
  eden space 25600K, 100% used [0x00000000d5580000,0x00000000d6e80000,0x00000000d6e80000)
  from space 4096K, 0% used [0x00000000d7280000,0x00000000d7280000,0x00000000d7680000)
  to   space 4096K, 0% used [0x00000000d6e80000,0x00000000d6e80000,0x00000000d7280000)
 ParOldGen       total 68608K, used 0K [0x0000000080000000, 0x0000000084300000, 0x00000000d5580000)
  object space 68608K, 0% used [0x0000000080000000,0x0000000080000000,0x0000000084300000)
 Metaspace       used 4339K, committed 4544K, reserved 1114112K
  class space    used 473K, committed 576K, reserved 1048576K
}
Event: 1.551 GC heap after
{Heap after GC invocations=1 (full 0):
 PSYoungGen      total 29696K, used 3303K [0x00000000d5580000, 0x00000000d7680000, 0x0000000100000000)
  eden space 25600K, 0% used [0x00000000d5580000,0x00000000d5580000,0x00000000d6e80000)
  from space 4096K, 80% used [0x00000000d6e80000,0x00000000d71b9e98,0x00000000d7280000)
  to   space 4096K, 0% used [0x00000000d7280000,0x00000000d7280000,0x00000000d7680000)
 ParOldGen       total 68608K, used 16K [0x0000000080000000, 0x0000000084300000, 0x00000000d5580000)
  object space 68608K, 0% used [0x0000000080000000,0x0000000080004000,0x0000000084300000)
 Metaspace       used 4339K, committed 4544K, reserved 1114112K
  class space    used 473K, committed 576K, reserved 1048576K
}

Dll operation events (8 events):
Event: 0.022 Loaded shared library c:\Users\Kavis\.vscode\extensions\redhat.java-1.47.0-win32-x64\jre\21.0.8-win32-x86_64\bin\java.dll
Event: 0.130 Loaded shared library c:\Users\Kavis\.vscode\extensions\redhat.java-1.47.0-win32-x64\jre\21.0.8-win32-x86_64\bin\zip.dll
Event: 0.164 Loaded shared library C:\Users\Kavis\.vscode\extensions\redhat.java-1.47.0-win32-x64\jre\21.0.8-win32-x86_64\bin\instrument.dll
Event: 0.174 Loaded shared library C:\Users\Kavis\.vscode\extensions\redhat.java-1.47.0-win32-x64\jre\21.0.8-win32-x86_64\bin\net.dll
Event: 0.180 Loaded shared library C:\Users\Kavis\.vscode\extensions\redhat.java-1.47.0-win32-x64\jre\21.0.8-win32-x86_64\bin\nio.dll
Event: 0.186 Loaded shared library C:\Users\Kavis\.vscode\extensions\redhat.java-1.47.0-win32-x64\jre\21.0.8-win32-x86_64\bin\zip.dll
Event: 0.217 Loaded shared library C:\Users\Kavis\.vscode\extensions\redhat.java-1.47.0-win32-x64\jre\21.0.8-win32-x86_64\bin\jimage.dll
Event: 0.360 Loaded shared library c:\Users\Kavis\.vscode\extensions\redhat.java-1.47.0-win32-x64\jre\21.0.8-win32-x86_64\bin\verify.dll

Deoptimization events (20 events):
Event: 8.394 Thread 0x00000217ac8537a0 Uncommon trap: trap_request=0xffffff45 fr.pc=0x00000217b766a74c relative=0x00000000000000ac
Event: 8.394 Thread 0x00000217ac8537a0 Uncommon trap: reason=unstable_if action=reinterpret pc=0x00000217b766a74c method=java.util.concurrent.locks.ReentrantLock$NonfairSync.initialTryLock()Z @ 10 c2
Event: 8.394 Thread 0x00000217ac8537a0 DEOPT PACKING pc=0x00000217b766a74c sp=0x00000071f96fe810
Event: 8.394 Thread 0x00000217ac8537a0 DEOPT UNPACKING pc=0x00000217b70a3aa2 sp=0x00000071f96fe7a0 mode 2
Event: 8.394 Thread 0x00000217ac8537a0 Uncommon trap: trap_request=0xffffff45 fr.pc=0x00000217b7665eb4 relative=0x0000000000000094
Event: 8.394 Thread 0x00000217ac8537a0 Uncommon trap: reason=unstable_if action=reinterpret pc=0x00000217b7665eb4 method=java.util.concurrent.locks.ReentrantLock$Sync.tryRelease(I)Z @ 26 c2
Event: 8.394 Thread 0x00000217ac8537a0 DEOPT PACKING pc=0x00000217b7665eb4 sp=0x00000071f96fe8e0
Event: 8.394 Thread 0x00000217ac8537a0 DEOPT UNPACKING pc=0x00000217b70a3aa2 sp=0x00000071f96fe860 mode 2
Event: 11.529 Thread 0x00000217ac8537a0 Uncommon trap: trap_request=0xffffffde fr.pc=0x00000217b7682b8c relative=0x000000000000094c
Event: 11.529 Thread 0x00000217ac8537a0 Uncommon trap: reason=class_check action=maybe_recompile pc=0x00000217b7682b8c method=java.util.HashMap.putVal(ILjava/lang/Object;Ljava/lang/Object;ZZ)Ljava/lang/Object; @ 253 c2
Event: 11.529 Thread 0x00000217ac8537a0 DEOPT PACKING pc=0x00000217b7682b8c sp=0x00000071f96fe210
Event: 11.529 Thread 0x00000217ac8537a0 DEOPT UNPACKING pc=0x00000217b70a3aa2 sp=0x00000071f96fe138 mode 2
Event: 11.532 Thread 0x00000217ac8537a0 Uncommon trap: trap_request=0xffffffde fr.pc=0x00000217b7682b8c relative=0x000000000000094c
Event: 11.532 Thread 0x00000217ac8537a0 Uncommon trap: reason=class_check action=maybe_recompile pc=0x00000217b7682b8c method=java.util.HashMap.putVal(ILjava/lang/Object;Ljava/lang/Object;ZZ)Ljava/lang/Object; @ 253 c2
Event: 11.532 Thread 0x00000217ac8537a0 DEOPT PACKING pc=0x00000217b7682b8c sp=0x00000071f96fe210
Event: 11.532 Thread 0x00000217ac8537a0 DEOPT UNPACKING pc=0x00000217b70a3aa2 sp=0x00000071f96fe138 mode 2
Event: 11.532 Thread 0x00000217ac8537a0 Uncommon trap: trap_request=0xffffffde fr.pc=0x00000217b7682b8c relative=0x000000000000094c
Event: 11.532 Thread 0x00000217ac8537a0 Uncommon trap: reason=class_check action=maybe_recompile pc=0x00000217b7682b8c method=java.util.HashMap.putVal(ILjava/lang/Object;Ljava/lang/Object;ZZ)Ljava/lang/Object; @ 253 c2
Event: 11.532 Thread 0x00000217ac8537a0 DEOPT PACKING pc=0x00000217b7682b8c sp=0x00000071f96fe110
Event: 11.532 Thread 0x00000217ac8537a0 DEOPT UNPACKING pc=0x00000217b70a3aa2 sp=0x00000071f96fe038 mode 2

Classes loaded (20 events):
Event: 8.448 Loading class java/util/concurrent/ScheduledThreadPoolExecutor$ScheduledFutureTask
Event: 8.448 Loading class java/util/concurrent/FutureTask
Event: 8.448 Loading class java/util/concurrent/FutureTask done
Event: 8.448 Loading class java/util/concurrent/ScheduledThreadPoolExecutor$ScheduledFutureTask done
Event: 8.449 Loading class java/util/concurrent/FutureTask$WaitNode
Event: 8.449 Loading class java/util/concurrent/FutureTask$WaitNode done
Event: 8.449 Loading class java/util/concurrent/Executors$RunnableAdapter
Event: 8.449 Loading class java/util/concurrent/Executors$RunnableAdapter done
Event: 8.449 Loading class java/util/concurrent/ThreadPoolExecutor$Worker
Event: 8.449 Loading class java/util/concurrent/ThreadPoolExecutor$Worker done
Event: 9.484 Loading class java/util/ArrayList$ListItr
Event: 9.484 Loading class java/util/ArrayList$ListItr done
Event: 9.487 Loading class java/net/ContentHandlerFactory
Event: 9.487 Loading class java/net/ContentHandlerFactory done
Event: 11.531 Loading class java/util/ConcurrentModificationException
Event: 11.531 Loading class java/util/ConcurrentModificationException done
Event: 11.536 Loading class java/util/LinkedList
Event: 11.536 Loading class java/util/AbstractSequentialList
Event: 11.536 Loading class java/util/AbstractSequentialList done
Event: 11.536 Loading class java/util/LinkedList done

Classes unloaded (0 events):
No events

Classes redefined (0 events):
No events

Internal exceptions (20 events):
Event: 1.011 Thread 0x00000217ac8537a0 Exception <a 'java/lang/NoSuchMethodError'{0x00000000d654f200}: 'java.lang.Object java.lang.invoke.Invokers$Holder.invokeExact_MT(java.lang.Object, java.lang.Object, java.lang.Object, java.lang.Object, java.lang.Object, java.lang.Object)'> (0x00000000d654f200) 
thrown [s\src\hotspot\share\interpreter\linkResolver.cpp, line 773]
Event: 1.019 Thread 0x00000217ac8537a0 Exception <a 'java/lang/NoSuchMethodError'{0x00000000d6566458}: 'int java.lang.invoke.DirectMethodHandle$Holder.invokeStatic(java.lang.Object, java.lang.Object, java.lang.Object, java.lang.Object, java.lang.Object)'> (0x00000000d6566458) 
thrown [s\src\hotspot\share\interpreter\linkResolver.cpp, line 773]
Event: 1.085 Thread 0x00000217ac8537a0 Exception <a 'java/lang/NoSuchMethodError'{0x00000000d65fb4e0}: 'java.lang.Object java.lang.invoke.DirectMethodHandle$Holder.invokeInterface(java.lang.Object, java.lang.Object, int)'> (0x00000000d65fb4e0) 
thrown [s\src\hotspot\share\interpreter\linkResolver.cpp, line 773]
Event: 1.390 Thread 0x00000217ac8537a0 Exception <a 'java/lang/NoSuchMethodError'{0x00000000d6a608e8}: 'java.lang.ClassLoader java.lang.ClassLoader.getPlatformClassLoader(java.lang.Class)'> (0x00000000d6a608e8) 
thrown [s\src\hotspot\share\interpreter\linkResolver.cpp, line 773]
Event: 1.537 Thread 0x00000217ac8537a0 Exception <a 'java/lang/ClassNotFoundException'{0x00000000d6e7f508}: sun/net/www/protocol/c/Handler> (0x00000000d6e7f508) 
thrown [s\src\hotspot\share\classfile\systemDictionary.cpp, line 312]
Event: 1.552 Thread 0x00000217ac8537a0 Exception <a 'java/lang/ClassNotFoundException'{0x00000000d5580ae0}: sun/net/www/protocol/c/Handler> (0x00000000d5580ae0) 
thrown [s\src\hotspot\share\classfile\systemDictionary.cpp, line 312]
Event: 1.553 Thread 0x00000217ac8537a0 Exception <a 'java/lang/ClassNotFoundException'{0x00000000d5581c80}: sun/net/www/protocol/c/Handler> (0x00000000d5581c80) 
thrown [s\src\hotspot\share\classfile\systemDictionary.cpp, line 312]
Event: 1.574 Thread 0x00000217ac8537a0 Exception <a 'java/io/FileNotFoundException'{0x00000000d55aa370}> (0x00000000d55aa370) 
thrown [s\src\hotspot\share\prims\jni.cpp, line 520]
Event: 1.658 Thread 0x00000217ac8537a0 Implicit null exception at 0x00000217b76484a9 to 0x00000217b7648d1c
Event: 1.658 Thread 0x00000217ac8537a0 Implicit null exception at 0x00000217b764d81a to 0x00000217b764da24
Event: 1.660 Thread 0x00000217ac8537a0 Exception <a 'java/lang/NoSuchMethodError'{0x00000000d575afa0}: 'void java.lang.invoke.DirectMethodHandle$Holder.invokeStatic(java.lang.Object, java.lang.Object, java.lang.Object, java.lang.Object)'> (0x00000000d575afa0) 
thrown [s\src\hotspot\share\interpreter\linkResolver.cpp, line 773]
Event: 1.663 Thread 0x00000217ac8537a0 Implicit null exception at 0x00000217b764b43c to 0x00000217b764b6cc
Event: 1.663 Thread 0x00000217ac8537a0 Implicit null exception at 0x00000217b764a1bd to 0x00000217b764a241
Event: 1.875 Thread 0x00000217ac8537a0 Exception <a 'java/lang/NoSuchMethodError'{0x00000000d59f5e00}: 'void java.lang.invoke.DirectMethodHandle$Holder.invokeSpecial(java.lang.Object, java.lang.Object, java.lang.Object)'> (0x00000000d59f5e00) 
thrown [s\src\hotspot\share\interpreter\linkResolver.cpp, line 773]
Event: 8.343 Thread 0x00000217ac8537a0 Exception <a 'java/lang/NoSuchMethodError'{0x00000000d63f96a0}: 'int java.lang.invoke.DirectMethodHandle$Holder.invokeVirtual(java.lang.Object, java.lang.Object)'> (0x00000000d63f96a0) 
thrown [s\src\hotspot\share\interpreter\linkResolver.cpp, line 773]
Event: 8.425 Thread 0x00000217ac8537a0 Exception <a 'java/lang/NoSuchMethodError'{0x00000000d656ecd8}: 'int java.lang.invoke.DirectMethodHandle$Holder.invokeStaticInit(java.lang.Object, java.lang.Object, java.lang.Object, java.lang.Object)'> (0x00000000d656ecd8) 
thrown [s\src\hotspot\share\interpreter\linkResolver.cpp, line 773]
Event: 8.426 Thread 0x00000217ac8537a0 Exception <a 'java/lang/IncompatibleClassChangeError'{0x00000000d6577160}: Found class java.lang.Object, but interface was expected> (0x00000000d6577160) 
thrown [s\src\hotspot\share\interpreter\linkResolver.cpp, line 840]
Event: 8.427 Thread 0x00000217ac8537a0 Exception <a 'java/lang/NoSuchMethodError'{0x00000000d657d9c0}: 'void java.lang.invoke.DirectMethodHandle$Holder.invokeStaticInit(java.lang.Object, java.lang.Object)'> (0x00000000d657d9c0) 
thrown [s\src\hotspot\share\interpreter\linkResolver.cpp, line 773]
Event: 8.429 Thread 0x00000217ac8537a0 Exception <a 'java/lang/NoSuchMethodError'{0x00000000d6586c58}: 'int java.lang.invoke.DirectMethodHandle$Holder.invokeStaticInit(java.lang.Object, java.lang.Object)'> (0x00000000d6586c58) 
thrown [s\src\hotspot\share\interpreter\linkResolver.cpp, line 773]
Event: 10.519 Thread 0x00000217ac8537a0 Exception <a 'java/lang/NoSuchMethodError'{0x00000000d67cf040}: 'java.lang.Object java.lang.invoke.DirectMethodHandle$Holder.newInvokeSpecial(java.lang.Object, int, java.lang.Object)'> (0x00000000d67cf040) 
thrown [s\src\hotspot\share\interpreter\linkResolver.cpp, line 773]

ZGC Phase Switch (0 events):
No events

VM Operations (20 events):
Event: 0.889 Executing VM operation: HandshakeAllThreads (Deoptimize) done
Event: 1.450 Executing VM operation: ICBufferFull
Event: 1.450 Executing VM operation: ICBufferFull done
Event: 1.538 Executing VM operation: ParallelGCFailedAllocation (Allocation Failure)
Event: 1.552 Executing VM operation: ParallelGCFailedAllocation (Allocation Failure) done
Event: 2.565 Executing VM operation: Cleanup
Event: 2.566 Executing VM operation: Cleanup done
Event: 8.632 Executing VM operation: Cleanup
Event: 8.632 Executing VM operation: Cleanup done
Event: 9.476 Executing VM operation: HandshakeAllThreads (Deoptimize)
Event: 9.477 Executing VM operation: HandshakeAllThreads (Deoptimize) done
Event: 9.485 Executing VM operation: HandshakeAllThreads (Deoptimize)
Event: 9.485 Executing VM operation: HandshakeAllThreads (Deoptimize) done
Event: 10.485 Executing VM operation: Cleanup
Event: 10.517 Executing VM operation: Cleanup done
Event: 11.522 Executing VM operation: Cleanup
Event: 11.523 Executing VM operation: Cleanup done
Event: 11.536 Executing VM operation: HandshakeAllThreads (Deoptimize)
Event: 11.536 Executing VM operation: HandshakeAllThreads (Deoptimize) done
Event: 12.542 Executing VM operation: Cleanup

Memory protections (0 events):
No events

Nmethod flushes (0 events):
No events

Events (18 events):
Event: 0.047 Thread 0x00000217ac8537a0 Thread added: 0x00000217ac8537a0
Event: 0.071 Thread 0x00000217ac8537a0 Thread added: 0x00000217ac8f6370
Event: 0.071 Thread 0x00000217ac8537a0 Thread added: 0x00000217c39bd890
Event: 0.072 Thread 0x00000217ac8537a0 Thread added: 0x00000217ac8fa300
Event: 0.072 Thread 0x00000217ac8537a0 Thread added: 0x00000217ac8fafd0
Event: 0.072 Thread 0x00000217ac8537a0 Thread added: 0x00000217ac8fe5e0
Event: 0.072 Thread 0x00000217ac8537a0 Thread added: 0x00000217ac908830
Event: 0.072 Thread 0x00000217ac8537a0 Thread added: 0x0000021805f21f80
Event: 0.072 Thread 0x00000217ac8537a0 Thread added: 0x0000021805f23d20
Event: 0.105 Thread 0x00000217ac8537a0 Thread added: 0x00000218060213d0
Event: 0.350 Thread 0x0000021805f21f80 Thread added: 0x000002180626e260
Event: 0.545 Thread 0x00000217ac8537a0 Thread added: 0x0000021806022780
Event: 0.835 Thread 0x0000021805f23d20 Thread added: 0x000002180b141440
Event: 1.366 Thread 0x000002180b141440 Thread exited: 0x000002180b141440
Event: 1.599 Thread 0x000002180626e260 Thread exited: 0x000002180626e260
Event: 1.973 Thread 0x0000021805f23d20 Thread added: 0x000002180b64f4c0
Event: 8.450 Thread 0x00000217ac8537a0 Thread added: 0x00000218060220f0
Event: 10.518 Thread 0x000002180b64f4c0 Thread exited: 0x000002180b64f4c0


Dynamic libraries:
0x00007ff7e0bf0000 - 0x00007ff7e0bfe000 	c:\Users\Kavis\.vscode\extensions\redhat.java-1.47.0-win32-x64\jre\21.0.8-win32-x86_64\bin\java.exe
0x00007ff9f8840000 - 0x00007ff9f8aa8000 	C:\WINDOWS\SYSTEM32\ntdll.dll
0x00007ff9f7ad0000 - 0x00007ff9f7b99000 	C:\WINDOWS\System32\KERNEL32.DLL
0x00007ff9f6210000 - 0x00007ff9f6602000 	C:\WINDOWS\System32\KERNELBASE.dll
0x00007ff9f5b30000 - 0x00007ff9f5c7b000 	C:\WINDOWS\System32\ucrtbase.dll
0x00007ff9c5a50000 - 0x00007ff9c5a68000 	c:\Users\Kavis\.vscode\extensions\redhat.java-1.47.0-win32-x64\jre\21.0.8-win32-x86_64\bin\jli.dll
0x00007ff9c9510000 - 0x00007ff9c952e000 	c:\Users\Kavis\.vscode\extensions\redhat.java-1.47.0-win32-x64\jre\21.0.8-win32-x86_64\bin\VCRUNTIME140.dll
0x00007ff9f82f0000 - 0x00007ff9f84b5000 	C:\WINDOWS\System32\USER32.dll
0x00007ff9d5690000 - 0x00007ff9d5923000 	C:\WINDOWS\WinSxS\amd64_microsoft.windows.common-controls_6595b64144ccf1df_6.0.26100.6899_none_3e0efeeae32e88c1\COMCTL32.dll
0x00007ff9f59d0000 - 0x00007ff9f59f7000 	C:\WINDOWS\System32\win32u.dll
0x00007ff9f7620000 - 0x00007ff9f764b000 	C:\WINDOWS\System32\GDI32.dll
0x00007ff9f6620000 - 0x00007ff9f66c9000 	C:\WINDOWS\System32\msvcrt.dll
0x00007ff9f5a00000 - 0x00007ff9f5b2d000 	C:\WINDOWS\System32\gdi32full.dll
0x00007ff9f5e90000 - 0x00007ff9f5f33000 	C:\WINDOWS\System32\msvcp_win.dll
0x00007ff9f75e0000 - 0x00007ff9f760f000 	C:\WINDOWS\System32\IMM32.DLL
0x00007ff9e1d80000 - 0x00007ff9e1d8c000 	c:\Users\Kavis\.vscode\extensions\redhat.java-1.47.0-win32-x64\jre\21.0.8-win32-x86_64\bin\vcruntime140_1.dll
0x00007ff9980e0000 - 0x00007ff99816d000 	c:\Users\Kavis\.vscode\extensions\redhat.java-1.47.0-win32-x64\jre\21.0.8-win32-x86_64\bin\msvcp140.dll
0x00007ff97a450000 - 0x00007ff97b1e7000 	c:\Users\Kavis\.vscode\extensions\redhat.java-1.47.0-win32-x64\jre\21.0.8-win32-x86_64\bin\server\jvm.dll
0x00007ff9f7440000 - 0x00007ff9f74f4000 	C:\WINDOWS\System32\ADVAPI32.dll
0x00007ff9f78c0000 - 0x00007ff9f7966000 	C:\WINDOWS\System32\sechost.dll
0x00007ff9f6e40000 - 0x00007ff9f6f58000 	C:\WINDOWS\System32\RPCRT4.dll
0x00007ff9f7650000 - 0x00007ff9f76c4000 	C:\WINDOWS\System32\WS2_32.dll
0x00007ff9f5830000 - 0x00007ff9f588e000 	C:\WINDOWS\SYSTEM32\POWRPROF.dll
0x00007ff9e9e60000 - 0x00007ff9e9e95000 	C:\WINDOWS\SYSTEM32\WINMM.dll
0x00007ff9e4030000 - 0x00007ff9e403b000 	C:\WINDOWS\SYSTEM32\VERSION.dll
0x00007ff9f5810000 - 0x00007ff9f5824000 	C:\WINDOWS\SYSTEM32\UMPDC.dll
0x00007ff9f47a0000 - 0x00007ff9f47bb000 	C:\WINDOWS\SYSTEM32\kernel.appcore.dll
0x00007ff9e1bb0000 - 0x00007ff9e1bba000 	c:\Users\Kavis\.vscode\extensions\redhat.java-1.47.0-win32-x64\jre\21.0.8-win32-x86_64\bin\jimage.dll
0x00007ff9f30f0000 - 0x00007ff9f3332000 	C:\WINDOWS\SYSTEM32\DBGHELP.DLL
0x00007ff9f6f60000 - 0x00007ff9f72db000 	C:\WINDOWS\System32\combase.dll
0x00007ff9f7500000 - 0x00007ff9f75d7000 	C:\WINDOWS\System32\OLEAUT32.dll
0x00007ff9d1e90000 - 0x00007ff9d1ecc000 	C:\WINDOWS\SYSTEM32\dbgcore.DLL
0x00007ff9f6170000 - 0x00007ff9f6208000 	C:\WINDOWS\System32\bcryptPrimitives.dll
0x00007ff9ec030000 - 0x00007ff9ec03f000 	c:\Users\Kavis\.vscode\extensions\redhat.java-1.47.0-win32-x64\jre\21.0.8-win32-x86_64\bin\instrument.dll
0x00007ff9c5520000 - 0x00007ff9c553f000 	c:\Users\Kavis\.vscode\extensions\redhat.java-1.47.0-win32-x64\jre\21.0.8-win32-x86_64\bin\java.dll
0x00007ff9f7ba0000 - 0x00007ff9f82ed000 	C:\WINDOWS\System32\SHELL32.dll
0x00007ff9f6000000 - 0x00007ff9f616b000 	C:\WINDOWS\System32\wintypes.dll
0x00007ff9f3600000 - 0x00007ff9f3e5d000 	C:\WINDOWS\SYSTEM32\windows.storage.dll
0x00007ff9f7340000 - 0x00007ff9f7432000 	C:\WINDOWS\System32\SHCORE.dll
0x00007ff9f6d50000 - 0x00007ff9f6db2000 	C:\WINDOWS\System32\shlwapi.dll
0x00007ff9f58f0000 - 0x00007ff9f5919000 	C:\WINDOWS\SYSTEM32\profapi.dll
0x00007ff9bf640000 - 0x00007ff9bf658000 	c:\Users\Kavis\.vscode\extensions\redhat.java-1.47.0-win32-x64\jre\21.0.8-win32-x86_64\bin\zip.dll
0x00007ff9e12e0000 - 0x00007ff9e12f0000 	C:\Users\Kavis\.vscode\extensions\redhat.java-1.47.0-win32-x64\jre\21.0.8-win32-x86_64\bin\net.dll
0x00007ff9e9b50000 - 0x00007ff9e9c6f000 	C:\WINDOWS\SYSTEM32\WINHTTP.dll
0x00007ff9f4d10000 - 0x00007ff9f4d7b000 	C:\WINDOWS\system32\mswsock.dll
0x00007ff9be500000 - 0x00007ff9be516000 	C:\Users\Kavis\.vscode\extensions\redhat.java-1.47.0-win32-x64\jre\21.0.8-win32-x86_64\bin\nio.dll
0x00007ff9e8d70000 - 0x00007ff9e8d80000 	c:\Users\Kavis\.vscode\extensions\redhat.java-1.47.0-win32-x64\jre\21.0.8-win32-x86_64\bin\verify.dll

JVMTI agents:
c:\Users\Kavis\.vscode\extensions\redhat.java-1.47.0-win32-x64\lombok\lombok-1.18.39-4050.jar path:c:\Users\Kavis\.vscode\extensions\redhat.java-1.47.0-win32-x64\jre\21.0.8-win32-x86_64\bin\instrument.dll, loaded, initialized, instrumentlib options:none

dbghelp: loaded successfully - version: 4.0.5 - missing functions: none
symbol engine: initialized successfully - sym options: 0x614 - pdb path: .;c:\Users\Kavis\.vscode\extensions\redhat.java-1.47.0-win32-x64\jre\21.0.8-win32-x86_64\bin;C:\WINDOWS\SYSTEM32;C:\WINDOWS\WinSxS\amd64_microsoft.windows.common-controls_6595b64144ccf1df_6.0.26100.6899_none_3e0efeeae32e88c1;c:\Users\Kavis\.vscode\extensions\redhat.java-1.47.0-win32-x64\jre\21.0.8-win32-x86_64\bin\server

VM Arguments:
jvm_args: --add-modules=ALL-SYSTEM --add-opens=java.base/java.util=ALL-UNNAMED --add-opens=java.base/java.lang=ALL-UNNAMED --add-opens=java.base/sun.nio.fs=ALL-UNNAMED -Declipse.application=org.eclipse.jdt.ls.core.id1 -Dosgi.bundles.defaultStartLevel=4 -Declipse.product=org.eclipse.jdt.ls.core.product -Djava.import.generatesMetadataFilesAtProjectRoot=false -DDetectVMInstallationsJob.disabled=true -Dfile.encoding=utf8 -XX:+UseParallelGC -XX:GCTimeRatio=4 -XX:AdaptiveSizePolicyWeight=90 -Dsun.zip.disableMemoryMapping=true -Xmx2G -Xms100m -Xlog:disable -javaagent:c:\Users\Kavis\.vscode\extensions\redhat.java-1.47.0-win32-x64\lombok\lombok-1.18.39-4050.jar -XX:+HeapDumpOnOutOfMemoryError -XX:HeapDumpPath=c:\Users\Kavis\AppData\Roaming\Code\User\workspaceStorage\ad1adb9262e567f18e865202dfb941a7\redhat.java -Daether.dependencyCollector.impl=bf 
java_command: c:\Users\Kavis\.vscode\extensions\redhat.java-1.47.0-win32-x64\server\plugins\org.eclipse.equinox.launcher_1.7.100.v20251014-1222.jar -configuration c:\Users\Kavis\AppData\Roaming\Code\User\globalStorage\redhat.java\1.47.0\config_win -data c:\Users\Kavis\AppData\Roaming\Code\User\workspaceStorage\ad1adb9262e567f18e865202dfb941a7\redhat.java\jdt_ws --pipe=\\.\pipe\lsp-e6068b1cd7f4d1922497ac8c1b13bd45-sock
java_class_path (initial): c:\Users\Kavis\.vscode\extensions\redhat.java-1.47.0-win32-x64\server\plugins\org.eclipse.equinox.launcher_1.7.100.v20251014-1222.jar
Launcher Type: SUN_STANDARD

[Global flags]
    uintx AdaptiveSizePolicyWeight                 = 90                                        {product} {command line}
     intx CICompilerCount                          = 4                                         {product} {ergonomic}
    uintx GCTimeRatio                              = 4                                         {product} {command line}
     bool HeapDumpOnOutOfMemoryError               = true                                   {manageable} {command line}
    ccstr HeapDumpPath                             = c:\Users\Kavis\AppData\Roaming\Code\User\workspaceStorage\ad1adb9262e567f18e865202dfb941a7\redhat.java         {manageable} {command line}
   size_t InitialHeapSize                          = 104857600                                 {product} {command line}
   size_t MaxHeapSize                              = 2147483648                                {product} {command line}
   size_t MaxNewSize                               = 715653120                                 {product} {ergonomic}
   size_t MinHeapDeltaBytes                        = 524288                                    {product} {ergonomic}
   size_t MinHeapSize                              = 104857600                                 {product} {command line}
   size_t NewSize                                  = 34603008                                  {product} {ergonomic}
    uintx NonNMethodCodeHeapSize                   = 5839372                                {pd product} {ergonomic}
    uintx NonProfiledCodeHeapSize                  = 122909434                              {pd product} {ergonomic}
   size_t OldSize                                  = 70254592                                  {product} {ergonomic}
    uintx ProfiledCodeHeapSize                     = 122909434                              {pd product} {ergonomic}
    uintx ReservedCodeCacheSize                    = 251658240                              {pd product} {ergonomic}
     bool SegmentedCodeCache                       = true                                      {product} {ergonomic}
   size_t SoftMaxHeapSize                          = 2147483648                             {manageable} {ergonomic}
     bool UseCompressedOops                        = true                           {product lp64_product} {ergonomic}
     bool UseLargePagesIndividualAllocation        = false                                  {pd product} {ergonomic}
     bool UseParallelGC                            = true                                      {product} {command line}

Logging:
Log output configuration:
 #0: stdout all=off uptime,level,tags foldmultilines=false
 #1: stderr all=off uptime,level,tags foldmultilines=false

Environment Variables:
JAVA_HOME=C:\Program Files\Java\jdk-21
PATH=C:\Program Files\Common Files\Oracle\Java\javapath;C:\Python313\Scripts\;C:\Python313\;C:\Program Files\Eclipse Adoptium\jdk-17.0.15.6-hotspot\bin;C:\Program Files\Python312\Scripts\;C:\Program Files\Python312\;C:\WINDOWS\system32;C:\WINDOWS;C:\WINDOWS\System32\Wbem;C:\WINDOWS\System32\WindowsPowerShell\v1.0\;C:\WINDOWS\System32\OpenSSH\;C:\Program Files\dotnet\;C:\ProgramData\chocolatey\bin;C:\Program Files (x86)\NVIDIA Corporation\PhysX\Common;C:\Program Files\Microsoft\Web Platform Installer\;C:\Program Files (x86)\Microsoft ASP.NET\ASP.NET Web Pages\v1.0\;C:\Program Files\Microsoft SQL Server\110\Tools\Binn\;C:\Program Files\Microsoft SQL Server\120\Tools\Binn\;C:\Program Files\Microsoft SQL Server\130\Tools\Binn\;C:\Program Files\Git\cmd;C:\Program Files\Microsoft SQL Server\150\Tools\Binn\;C:\WINDOWS\system32;C:\WINDOWS;C:\WINDOWS\System32\Wbem;C:\WINDOWS\System32\WindowsPowerShell\v1.0\;C:\WINDOWS\System32\OpenSSH\;C:\Program Files\NVIDIA Corporation\NVIDIA App\NvDLISR;C:\Program Files\CMake\bin;C:\php;C:\Program Files (x86)\Windows Kits\10\Windows Performance Toolkit\;C:\Program Files\CodeBlocks\MinGW\bin;C:\NASM;C:\Program Files\Docker\Docker\resources\bin;C:\flutter\bin;C:\adb\platform-tools;C:\apache-cassandra-3.11.10\bin;C:\Program Files\MongoDB\Server\8.0\bin;C:\Python313\Scripts\;C:\Python313\;C:\Program Files\Python312\Scripts\;C:\Program Files\Python312\;C:\WINDOWS\system32;C:\WINDOWS;C:\WINDOWS\System32\Wbem;C:\WINDOWS\System32\WindowsPowerShell\v1.0\;C:\WINDOWS\System32\OpenSSH\;C:\Program Files\dotnet\;C:\ProgramData\chocolatey\bin;C:\Program Files (x86)\NVIDIA Corporation\PhysX\Common;C:\Program Files\Microsoft\Web Platform Installer\;C:\Program Files (x86)\Microsoft ASP.NET\ASP.NET Web Pages\v1.0\;C:\Program Files\Microsoft SQL Server\110\Tools\Binn\;C:\Program Files\Microsoft SQL Server\120\Tools\Binn\;C:\Program Files\Microsoft SQL Server\130\Tools\Binn\;C:\Program Files\Git\cmd;C:\Program Files\Microsoft SQL Server\150\Tools\Binn\;C:\WINDOWS\system32;C:\WINDOWS;C:\WINDOWS\System32\Wbem;C:\WINDOWS\System32\WindowsPowerShell\v1.0\;C:\WINDOWS\System32\OpenSSH\;C:\Program Files\NVIDIA Corporation\NVIDIA App\NvDLISR;C:\Program Files\CMake\bi;C:\Users\Kavis\AppData\Local\ipinfo;C:\Program Files\Java\jdk-21\bin;C:\Program Files\apache-maven-3.9.11\bin;C:\Users\Kavis\AppData\Local\Pub\Cache\bin;C:\Program Files\nvm;C:\Program Files\nodejs;C:\Program Files\nvm;C:\Program Files\Eclipse Adoptium\jdk-21.0.8.9-hotspot\bin;C:\Python313\Scripts\;C:\Python313\;C:\Program Files\Eclipse Adoptium\jdk-17.0.15.6-hotspot\bin;C:\Program Files\Python312\Scripts\;C:\Program Files\Python312\;C:\WINDOWS\system32;C:\WINDOWS;C:\WINDOWS\System32\Wbem;C:\WINDOWS\System32\WindowsPowerShell\v1.0\;C:\WINDOWS\System32\OpenSSH\;C:\Program Files\dotnet\;C:\ProgramData\chocolatey\bin;C:\Program Files (x86)\NVIDIA Corporation\PhysX\Common;C:\Program Files\Microsoft\Web Platform Installer\;C:\Program Files (x86)\Microsoft ASP.NET\ASP.NET Web Pages\v1.0\;C:\Program Files\Microsoft SQL Server\110\Tools\Binn\;C:\Program Files\Microsoft SQL Server\120\Tools\Binn\;C:\Program Files\Microsoft SQL Server\130\Tools\Binn\;C:\Program Files\Git\cmd;C:\Program Files\Microsoft SQL Server\150\Tools\Binn\;C:\WINDOWS\system32;C:\WINDOWS;C:\WINDOWS\System32\Wbem;C:\WINDOWS\System32\WindowsPowerShell\v1.0\;C:\WINDOWS\System32\OpenSSH\;C:\Program Files\NVIDIA Corporation\NVIDIA App\NvDLISR;C:\Program Files\CMake\bi;C:\Users\Kavis\AppData\Local\GitHubDesktop\bin;C:\Program Files\nvm;C:\Program Files\nodejs
USERNAME=Kavis
OS=Windows_NT
PROCESSOR_IDENTIFIER=Intel64 Family 6 Model 154 Stepping 4, GenuineIntel
TMP=C:\Users\Kavis\AppData\Local\Temp
TEMP=C:\Users\Kavis\AppData\Local\Temp




Periodic native trim disabled

---------------  S Y S T E M  ---------------

OS:
 Windows 11 , 64 bit Build 26100 (10.0.26100.6725)
OS uptime: 1 days 20:38 hours
Hyper-V role detected

CPU: total 12 (initial active 12) (6 cores per cpu, 2 threads per core) family 6 model 154 stepping 4 microcode 0x423, cx8, cmov, fxsr, ht, mmx, 3dnowpref, sse, sse2, sse3, ssse3, sse4.1, sse4.2, popcnt, lzcnt, tsc, tscinvbit, avx, avx2, aes, erms, clmul, bmi1, bmi2, adx, sha, fma, vzeroupper, clflush, clflushopt, clwb, hv, serialize, rdtscp, rdpid, fsrm, f16c, cet_ibt, cet_ss
Processor Information for processor 0
  Max Mhz: 1300, Current Mhz: 1300, Mhz Limit: 1300
Processor Information for processor 1
  Max Mhz: 1300, Current Mhz: 1300, Mhz Limit: 1300
Processor Information for processor 2
  Max Mhz: 1300, Current Mhz: 1300, Mhz Limit: 1300
Processor Information for processor 3
  Max Mhz: 1300, Current Mhz: 1300, Mhz Limit: 1300
Processor Information for processor 4
  Max Mhz: 1300, Current Mhz: 900, Mhz Limit: 897
Processor Information for processor 5
  Max Mhz: 1300, Current Mhz: 900, Mhz Limit: 897
Processor Information for processor 6
  Max Mhz: 1300, Current Mhz: 900, Mhz Limit: 897
Processor Information for processor 7
  Max Mhz: 1300, Current Mhz: 900, Mhz Limit: 897
Processor Information for processor 8
  Max Mhz: 1300, Current Mhz: 900, Mhz Limit: 897
Processor Information for processor 9
  Max Mhz: 1300, Current Mhz: 900, Mhz Limit: 897
Processor Information for processor 10
  Max Mhz: 1300, Current Mhz: 900, Mhz Limit: 897
Processor Information for processor 11
  Max Mhz: 1300, Current Mhz: 900, Mhz Limit: 897

Memory: 4k page, system-wide physical 7896M (572M free)
TotalPageFile size 17896M (AvailPageFile size 248M)
current process WorkingSet (physical memory assigned to process): 81M, peak: 89M
current process commit charge ("private bytes"): 239M, peak: 247M

vm_info: OpenJDK 64-Bit Server VM (21.0.8+9-LTS) for windows-amd64 JRE (21.0.8+9-LTS), built on 2025-07-15T00:00:00Z by "admin" with MS VC++ 17.7 (VS2022)

END.
