#
# There is insufficient memory for the Java Runtime Environment to continue.
# Native memory allocation (malloc) failed to allocate 1048576 bytes. Error detail: AllocateHeap
# Possible reasons:
#   The system is out of physical RAM or swap space
#   This process is running with CompressedOops enabled, and the Java Heap may be blocking the growth of the native heap
# Possible solutions:
#   Reduce memory load on the system
#   Increase physical memory or swap space
#   Check if swap backing store is full
#   Decrease Java heap size (-Xmx/-Xms)
#   Decrease number of Java threads
#   Decrease Java thread stack sizes (-Xss)
#   Set larger code cache with -XX:ReservedCodeCacheSize=
#   JVM is running with Unscaled Compressed Oops mode in which the Java heap is
#     placed in the first 4GB address space. The Java Heap base address is the
#     maximum limit for the native heap growth. Please use -XX:HeapBaseMinAddress
#     to set the Java Heap base and to place the Java Heap above 4GB virtual address.
# This output file may be truncated or incomplete.
#
#  Out of Memory Error (allocation.cpp:44), pid=12888, tid=4776
#
# JRE version: OpenJDK Runtime Environment Temurin-21.0.8+9 (21.0.8+9) (build 21.0.8+9-LTS)
# Java VM: OpenJDK 64-Bit Server VM Temurin-21.0.8+9 (21.0.8+9-LTS, mixed mode, sharing, tiered, compressed oops, compressed class ptrs, parallel gc, windows-amd64)
# No core dump will be written. Minidumps are not enabled by default on client versions of Windows
#

---------------  S U M M A R Y ------------

Command Line: --add-modules=ALL-SYSTEM --add-opens=java.base/java.util=ALL-UNNAMED --add-opens=java.base/java.lang=ALL-UNNAMED --add-opens=java.base/sun.nio.fs=ALL-UNNAMED -Declipse.application=org.eclipse.jdt.ls.core.id1 -Dosgi.bundles.defaultStartLevel=4 -Declipse.product=org.eclipse.jdt.ls.core.product -Djava.import.generatesMetadataFilesAtProjectRoot=false -DDetectVMInstallationsJob.disabled=true -Dfile.encoding=utf8 -XX:+UseParallelGC -XX:GCTimeRatio=4 -XX:AdaptiveSizePolicyWeight=90 -Dsun.zip.disableMemoryMapping=true -Xmx2G -Xms100m -Xlog:disable -javaagent:c:\Users\Kavis\.vscode\extensions\redhat.java-1.45.0-win32-x64\lombok\lombok-1.18.39-4050.jar -XX:+HeapDumpOnOutOfMemoryError -XX:HeapDumpPath=c:\Users\Kavis\AppData\Roaming\Code\User\workspaceStorage\ad1adb9262e567f18e865202dfb941a7\redhat.java -Daether.dependencyCollector.impl=bf c:\Users\Kavis\.vscode\extensions\redhat.java-1.45.0-win32-x64\server\plugins\org.eclipse.equinox.launcher_1.7.0.v20250519-0528.jar -configuration c:\Users\Kavis\AppData\Roaming\Code\User\globalStorage\redhat.java\1.45.0\config_win -data c:\Users\Kavis\AppData\Roaming\Code\User\workspaceStorage\ad1adb9262e567f18e865202dfb941a7\redhat.java\jdt_ws --pipe=\\.\pipe\lsp-4e361b53804de97953fb97544462fe63-sock

Host: 12th Gen Intel(R) Core(TM) i5-1235U, 12 cores, 7G,  Windows 11 , 64 bit Build 26100 (10.0.26100.5074)
Time: Sat Sep 20 07:30:28 2025 Sri Lanka Standard Time elapsed time: 4568.353240 seconds (0d 1h 16m 8s)

---------------  T H R E A D  ---------------

Current thread (0x0000020293a7bcc0):  JavaThread "Attach Listener" daemon [_thread_in_vm, id=4776, stack(0x000000c7d0900000,0x000000c7d0a00000) (1024K)]

Stack: [0x000000c7d0900000,0x000000c7d0a00000]
Native frames: (J=compiled Java code, j=interpreted, Vv=VM code, C=native code)
V  [jvm.dll+0x6d2449]
V  [jvm.dll+0x8ae341]
V  [jvm.dll+0x8b08be]
V  [jvm.dll+0x8b0fa3]
V  [jvm.dll+0x280c96]
V  [jvm.dll+0xc0347]
V  [jvm.dll+0x6d2cf9]
V  [jvm.dll+0x131116]
V  [jvm.dll+0x3f2d16]
V  [jvm.dll+0x857e6b]
V  [jvm.dll+0x6d0b0d]
C  [ucrtbase.dll+0x37b0]
C  [KERNEL32.DLL+0x2e8d7]
C  [ntdll.dll+0x8d9c]


---------------  P R O C E S S  ---------------

Threads class SMR info:
_java_thread_list=0x00000202f4b842d0, length=40, elements={
0x000002029161c370, 0x0000020293a763e0, 0x000002029397c740, 0x0000020293a79260,
0x0000020293a7bcc0, 0x0000020293a81a40, 0x0000020293a857f0, 0x00000202ec795fb0,
0x0000020293a8cea0, 0x00000202ec8a63c0, 0x00000202ed73c0d0, 0x00000202edd15030,
0x00000202ecb3d420, 0x00000202eddf1f70, 0x00000202eddfa340, 0x00000202f231dfe0,
0x00000202f252b740, 0x00000202f2826f10, 0x00000202f28275a0, 0x00000202f28282c0,
0x00000202f2824e40, 0x00000202f28254d0, 0x00000202f4dbc540, 0x00000202f4dbd8f0,
0x00000202f4dbe610, 0x00000202f4dbdf80, 0x00000202f4dbb190, 0x00000202f4dbeca0,
0x00000202f4dbb820, 0x00000202f4dbcbd0, 0x00000202f4dbf330, 0x00000202f4dbbeb0,
0x00000202f4dc06e0, 0x00000202f4dc1400, 0x00000202f4dc1a90, 0x00000202f4dc2120,
0x00000202f4dbf9c0, 0x00000202f4dc0d70, 0x00000202f60a4aa0, 0x00000202f60a64e0
}

Java Threads: ( => current thread )
  0x000002029161c370 JavaThread "main"                              [_thread_blocked, id=15824, stack(0x000000c7d0200000,0x000000c7d0300000) (1024K)]
  0x0000020293a763e0 JavaThread "Reference Handler"          daemon [_thread_blocked, id=9100, stack(0x000000c7d0600000,0x000000c7d0700000) (1024K)]
  0x000002029397c740 JavaThread "Finalizer"                  daemon [_thread_blocked, id=1616, stack(0x000000c7d0700000,0x000000c7d0800000) (1024K)]
  0x0000020293a79260 JavaThread "Signal Dispatcher"          daemon [_thread_blocked, id=13432, stack(0x000000c7d0800000,0x000000c7d0900000) (1024K)]
=>0x0000020293a7bcc0 JavaThread "Attach Listener"            daemon [_thread_in_vm, id=4776, stack(0x000000c7d0900000,0x000000c7d0a00000) (1024K)]
  0x0000020293a81a40 JavaThread "Service Thread"             daemon [_thread_blocked, id=3168, stack(0x000000c7d0a00000,0x000000c7d0b00000) (1024K)]
  0x0000020293a857f0 JavaThread "Monitor Deflation Thread"   daemon [_thread_blocked, id=20232, stack(0x000000c7d0b00000,0x000000c7d0c00000) (1024K)]
  0x00000202ec795fb0 JavaThread "C2 CompilerThread0"         daemon [_thread_blocked, id=7784, stack(0x000000c7d0c00000,0x000000c7d0d00000) (1024K)]
  0x0000020293a8cea0 JavaThread "C1 CompilerThread0"         daemon [_thread_blocked, id=13688, stack(0x000000c7d0d00000,0x000000c7d0e00000) (1024K)]
  0x00000202ec8a63c0 JavaThread "Common-Cleaner"             daemon [_thread_blocked, id=17080, stack(0x000000c7d0e00000,0x000000c7d0f00000) (1024K)]
  0x00000202ed73c0d0 JavaThread "Notification Thread"        daemon [_thread_blocked, id=6436, stack(0x000000c7d1000000,0x000000c7d1100000) (1024K)]
  0x00000202edd15030 JavaThread "Active Thread: Equinox Container: 57516622-a724-4444-996d-4e94959f72e3"        [_thread_blocked, id=1828, stack(0x000000c7d1800000,0x000000c7d1900000) (1024K)]
  0x00000202ecb3d420 JavaThread "Refresh Thread: Equinox Container: 57516622-a724-4444-996d-4e94959f72e3" daemon [_thread_blocked, id=2740, stack(0x000000c7d1900000,0x000000c7d1a00000) (1024K)]
  0x00000202eddf1f70 JavaThread "Framework Event Dispatcher: Equinox Container: 57516622-a724-4444-996d-4e94959f72e3" daemon [_thread_blocked, id=4004, stack(0x000000c7d1b00000,0x000000c7d1c00000) (1024K)]
  0x00000202eddfa340 JavaThread "Start Level: Equinox Container: 57516622-a724-4444-996d-4e94959f72e3" daemon [_thread_blocked, id=14484, stack(0x000000c7d1c00000,0x000000c7d1d00000) (1024K)]
  0x00000202f231dfe0 JavaThread "Bundle File Closer"         daemon [_thread_blocked, id=11524, stack(0x000000c7d1f00000,0x000000c7d2000000) (1024K)]
  0x00000202f252b740 JavaThread "SCR Component Actor"        daemon [_thread_blocked, id=4076, stack(0x000000c7d2000000,0x000000c7d2100000) (1024K)]
  0x00000202f2826f10 JavaThread "Worker-JM"                         [_thread_blocked, id=6244, stack(0x000000c7d2100000,0x000000c7d2200000) (1024K)]
  0x00000202f28275a0 JavaThread "JNA Cleaner"                daemon [_thread_blocked, id=12036, stack(0x000000c7d0f00000,0x000000c7d1000000) (1024K)]
  0x00000202f28282c0 JavaThread "Worker-0"                          [_thread_blocked, id=11296, stack(0x000000c7d2200000,0x000000c7d2300000) (1024K)]
  0x00000202f2824e40 JavaThread "Worker-2"                          [_thread_blocked, id=2580, stack(0x000000c7d2500000,0x000000c7d2600000) (1024K)]
  0x00000202f28254d0 JavaThread "Java indexing"              daemon [_thread_blocked, id=14328, stack(0x000000c7d2600000,0x000000c7d2700000) (1024K)]
  0x00000202f4dbc540 JavaThread "Thread-2"                   daemon [_thread_in_native, id=2584, stack(0x000000c7d2c00000,0x000000c7d2d00000) (1024K)]
  0x00000202f4dbd8f0 JavaThread "Thread-3"                   daemon [_thread_in_native, id=11480, stack(0x000000c7d2d00000,0x000000c7d2e00000) (1024K)]
  0x00000202f4dbe610 JavaThread "Thread-4"                   daemon [_thread_in_native, id=17420, stack(0x000000c7d2e00000,0x000000c7d2f00000) (1024K)]
  0x00000202f4dbdf80 JavaThread "Thread-5"                   daemon [_thread_in_native, id=4920, stack(0x000000c7d2f00000,0x000000c7d3000000) (1024K)]
  0x00000202f4dbb190 JavaThread "Thread-6"                   daemon [_thread_in_native, id=11880, stack(0x000000c7d3000000,0x000000c7d3100000) (1024K)]
  0x00000202f4dbeca0 JavaThread "Thread-7"                   daemon [_thread_in_native, id=20400, stack(0x000000c7d3100000,0x000000c7d3200000) (1024K)]
  0x00000202f4dbb820 JavaThread "Thread-8"                   daemon [_thread_in_native, id=13192, stack(0x000000c7d3200000,0x000000c7d3300000) (1024K)]
  0x00000202f4dbcbd0 JavaThread "Thread-9"                   daemon [_thread_in_native, id=9016, stack(0x000000c7d3300000,0x000000c7d3400000) (1024K)]
  0x00000202f4dbf330 JavaThread "Thread-10"                  daemon [_thread_in_native, id=8672, stack(0x000000c7d3400000,0x000000c7d3500000) (1024K)]
  0x00000202f4dbbeb0 JavaThread "Thread-11"                  daemon [_thread_in_native, id=17484, stack(0x000000c7d3500000,0x000000c7d3600000) (1024K)]
  0x00000202f4dc06e0 JavaThread "Thread-12"                  daemon [_thread_in_native, id=7016, stack(0x000000c7d3600000,0x000000c7d3700000) (1024K)]
  0x00000202f4dc1400 JavaThread "Thread-13"                  daemon [_thread_in_native, id=11892, stack(0x000000c7d3700000,0x000000c7d3800000) (1024K)]
  0x00000202f4dc1a90 JavaThread "Thread-14"                  daemon [_thread_in_native, id=14100, stack(0x000000c7d3800000,0x000000c7d3900000) (1024K)]
  0x00000202f4dc2120 JavaThread "pool-2-thread-1"                   [_thread_blocked, id=3172, stack(0x000000c7d3900000,0x000000c7d3a00000) (1024K)]
  0x00000202f4dbf9c0 JavaThread "WorkspaceEventsHandler"            [_thread_blocked, id=17264, stack(0x000000c7d3a00000,0x000000c7d3b00000) (1024K)]
  0x00000202f4dc0d70 JavaThread "pool-1-thread-1"                   [_thread_blocked, id=15204, stack(0x000000c7d3b00000,0x000000c7d3c00000) (1024K)]
  0x00000202f60a4aa0 JavaThread "Cleaner-0"                  daemon [_thread_blocked, id=18276, stack(0x000000c7d2700000,0x000000c7d2800000) (1024K)]
  0x00000202f60a64e0 JavaThread "HttpClient-1-SelectorManager" daemon [_thread_in_native, id=17316, stack(0x000000c7d2400000,0x000000c7d2500000) (1024K)]
Total: 40

Other Threads:
  0x0000020293964960 VMThread "VM Thread"                           [id=2896, stack(0x000000c7d0500000,0x000000c7d0600000) (1024K)]
  0x000002029385ca00 WatcherThread "VM Periodic Task Thread"        [id=3632, stack(0x000000c7d0400000,0x000000c7d0500000) (1024K)]
  0x00000202939ed670 WorkerThread "GC Thread#0"                     [id=17164, stack(0x000000c7d0300000,0x000000c7d0400000) (1024K)]
  0x00000202edbdaea0 WorkerThread "GC Thread#1"                     [id=18860, stack(0x000000c7d1200000,0x000000c7d1300000) (1024K)]
  0x00000202ed99c9e0 WorkerThread "GC Thread#2"                     [id=15684, stack(0x000000c7d1300000,0x000000c7d1400000) (1024K)]
  0x00000202ed99ada0 WorkerThread "GC Thread#3"                     [id=18048, stack(0x000000c7d1400000,0x000000c7d1500000) (1024K)]
  0x00000202eda91040 WorkerThread "GC Thread#4"                     [id=8100, stack(0x000000c7d1500000,0x000000c7d1600000) (1024K)]
  0x00000202edc08740 WorkerThread "GC Thread#5"                     [id=8396, stack(0x000000c7d1600000,0x000000c7d1700000) (1024K)]
  0x00000202edc08ae0 WorkerThread "GC Thread#6"                     [id=10312, stack(0x000000c7d1700000,0x000000c7d1800000) (1024K)]
  0x00000202edcbfe00 WorkerThread "GC Thread#7"                     [id=14932, stack(0x000000c7d1a00000,0x000000c7d1b00000) (1024K)]
  0x00000202f23eeb30 WorkerThread "GC Thread#8"                     [id=3112, stack(0x000000c7d1d00000,0x000000c7d1e00000) (1024K)]
  0x00000202f23e2070 WorkerThread "GC Thread#9"                     [id=9112, stack(0x000000c7d1e00000,0x000000c7d1f00000) (1024K)]
Total: 12

Threads with active compile tasks:
Total: 0

VM state: not at safepoint (normal execution)

VM Mutex/Monitor currently owned by a thread: None

Heap address: 0x0000000080000000, size: 2048 MB, Compressed Oops mode: 32-bit

CDS archive(s) mapped at: [0x00000202ab000000-0x00000202abba0000-0x00000202abba0000), size 12189696, SharedBaseAddress: 0x00000202ab000000, ArchiveRelocationMode: 1.
Compressed class space mapped at: 0x00000202ac000000-0x00000202ec000000, reserved size: 1073741824
Narrow klass base: 0x00000202ab000000, Narrow klass shift: 0, Narrow klass range: 0x100000000

GC Precious Log:
 CardTable entry size: 512
 CPUs: 12 total, 12 available
 Memory: 7896M
 Large Page Support: Disabled
 NUMA Support: Disabled
 Compressed Oops: Enabled (32-bit)
 Alignments: Space 512K, Generation 512K, Heap 2M
 Heap Min Capacity: 100M
 Heap Initial Capacity: 100M
 Heap Max Capacity: 2G
 Pre-touch: Disabled
 Parallel Workers: 10

Heap:
 PSYoungGen      total 17408K, used 7112K [0x00000000d5580000, 0x00000000d7300000, 0x0000000100000000)
  eden space 15872K, 35% used [0x00000000d5580000,0x00000000d5af2f40,0x00000000d6500000)
  from space 1536K, 99% used [0x00000000d6d00000,0x00000000d6e7f468,0x00000000d6e80000)
  to   space 4608K, 0% used [0x00000000d6e80000,0x00000000d6e80000,0x00000000d7300000)
 ParOldGen       total 217088K, used 216991K [0x0000000080000000, 0x000000008d400000, 0x00000000d5580000)
  object space 217088K, 99% used [0x0000000080000000,0x000000008d3e7f48,0x000000008d400000)
 Metaspace       used 77937K, committed 79616K, reserved 1179648K
  class space    used 8305K, committed 9088K, reserved 1048576K

Card table byte_map: [0x0000020293370000,0x0000020293780000] _byte_map_base: 0x0000020292f70000

Marking Bits: (ParMarkBitMap*) 0x00007ffb495ca340
 Begin Bits: [0x00000202a5e70000, 0x00000202a7e70000)
 End Bits:   [0x00000202a7e70000, 0x00000202a9e70000)

Polling page: 0x0000020291840000

Metaspace:

Usage:
  Non-class:     68.00 MB used.
      Class:      8.11 MB used.
       Both:     76.11 MB used.

Virtual space:
  Non-class space:      128.00 MB reserved,      68.88 MB ( 54%) committed,  2 nodes.
      Class space:        1.00 GB reserved,       8.88 MB ( <1%) committed,  1 nodes.
             Both:        1.12 GB reserved,      77.75 MB (  7%) committed. 

Chunk freelists:
   Non-Class:  10.39 MB
       Class:  7.10 MB
        Both:  17.49 MB

MaxMetaspaceSize: unlimited
CompressedClassSpaceSize: 1.00 GB
Initial GC threshold: 21.00 MB
Current GC threshold: 97.31 MB
CDS: on
 - commit_granule_bytes: 65536.
 - commit_granule_words: 8192.
 - virtual_space_node_default_size: 8388608.
 - enlarge_chunks_in_place: 1.
 - use_allocation_guard: 0.


Internal statistics:

num_allocs_failed_limit: 9.
num_arena_births: 1364.
num_arena_deaths: 14.
num_vsnodes_births: 3.
num_vsnodes_deaths: 0.
num_space_committed: 1244.
num_space_uncommitted: 0.
num_chunks_returned_to_freelist: 23.
num_chunks_taken_from_freelist: 4971.
num_chunk_merges: 13.
num_chunk_splits: 2970.
num_chunks_enlarged: 1612.
num_inconsistent_stats: 0.

CodeHeap 'non-profiled nmethods': size=120000Kb used=9983Kb max_used=9983Kb free=110016Kb
 bounds [0x000002029e690000, 0x000002029f050000, 0x00000202a5bc0000]
CodeHeap 'profiled nmethods': size=120000Kb used=30644Kb max_used=30644Kb free=89355Kb
 bounds [0x0000020296bc0000, 0x00000202989b0000, 0x000002029e0f0000]
CodeHeap 'non-nmethods': size=5760Kb used=1496Kb max_used=1562Kb free=4263Kb
 bounds [0x000002029e0f0000, 0x000002029e360000, 0x000002029e690000]
CodeCache: size=245760Kb, used=42123Kb, max_used=42189Kb, free=203634Kb
 total_blobs=14422, nmethods=13603, adapters=722, full_count=0
Compilation: enabled, stopped_count=0, restarted_count=0

Compilation events (20 events):
Event: 3664.919 Thread 0x0000020293a8cea0 14417  s!   3       org.eclipse.core.internal.jobs.WorkerPool::sleep (124 bytes)
Event: 3664.927 Thread 0x0000020293a8cea0 nmethod 14417 0x00000202989a7010 code [0x00000202989a7220, 0x00000202989a7738]
Event: 3757.479 Thread 0x00000202ec795fb0 14418       4       jdk.internal.misc.Unsafe::putIntOpaque (9 bytes)
Event: 3757.481 Thread 0x00000202ec795fb0 nmethod 14418 0x000002029f04f190 code [0x000002029f04f320, 0x000002029f04f3b8]
Event: 3847.502 Thread 0x0000020293a8cea0 14419       1       com.sun.jna.internal.Cleaner::access$200 (5 bytes)
Event: 3847.506 Thread 0x0000020293a8cea0 nmethod 14419 0x000002029f04f490 code [0x000002029f04f620, 0x000002029f04f6d0]
Event: 3849.833 Thread 0x0000020293a8cea0 14420       3       java.lang.ProcessHandleImpl::get (51 bytes)
Event: 3849.837 Thread 0x0000020293a8cea0 nmethod 14420 0x00000202989a7910 code [0x00000202989a7b20, 0x00000202989a8128]
Event: 3899.841 Thread 0x00000202ec795fb0 14421       4       java.util.concurrent.TimeUnit::toNanos (45 bytes)
Event: 3899.845 Thread 0x00000202ec795fb0 nmethod 14421 0x000002029f04f790 code [0x000002029f04f920, 0x000002029f04fa18]
Event: 3904.846 Thread 0x00000202ec795fb0 14422       4       java.util.ImmutableCollections$Set12$1::hasNext (13 bytes)
Event: 3904.847 Thread 0x00000202ec795fb0 nmethod 14422 0x000002029f04fb10 code [0x000002029f04fca0, 0x000002029f04fd38]
Event: 4357.621 Thread 0x0000020293a8cea0 14423       3       java.util.concurrent.locks.ReentrantLock$NonfairSync::tryAcquire (27 bytes)
Event: 4357.624 Thread 0x0000020293a8cea0 nmethod 14423 0x00000202989a8390 code [0x00000202989a8540, 0x00000202989a8788]
Event: 4528.458 Thread 0x0000020293a8cea0 14425       3       org.eclipse.core.filesystem.provider.FileInfo::<init> (37 bytes)
Event: 4528.466 Thread 0x0000020293a8cea0 nmethod 14425 0x00000202989a8890 code [0x00000202989a8a40, 0x00000202989a8c08]
Event: 4528.467 Thread 0x0000020293a8cea0 14426       3       org.eclipse.core.internal.filesystem.local.Win32Handler::toLongWindowsPath (47 bytes)
Event: 4528.488 Thread 0x0000020293a8cea0 nmethod 14426 0x00000202989a8d10 code [0x00000202989a9080, 0x00000202989aa228]
Event: 4528.488 Thread 0x0000020293a8cea0 14427       3       org.eclipse.core.internal.filesystem.local.Win32Handler::convertFindDataWToFileInfo (188 bytes)
Event: 4528.520 Thread 0x0000020293a8cea0 nmethod 14427 0x00000202989aa910 code [0x00000202989aacc0, 0x00000202989ac5c8]

GC Heap History (20 events):
Event: 48.444 GC heap before
{Heap before GC invocations=101 (full 3):
 PSYoungGen      total 29184K, used 28820K [0x00000000d5580000, 0x00000000d7d00000, 0x0000000100000000)
  eden space 27648K, 100% used [0x00000000d5580000,0x00000000d7080000,0x00000000d7080000)
  from space 1536K, 76% used [0x00000000d7b00000,0x00000000d7c25200,0x00000000d7c80000)
  to   space 512K, 0% used [0x00000000d7c80000,0x00000000d7c80000,0x00000000d7d00000)
 ParOldGen       total 184832K, used 184777K [0x0000000080000000, 0x000000008b480000, 0x00000000d5580000)
  object space 184832K, 99% used [0x0000000080000000,0x000000008b472520,0x000000008b480000)
 Metaspace       used 75167K, committed 76800K, reserved 1179648K
  class space    used 8021K, committed 8768K, reserved 1048576K
}
Event: 48.446 GC heap after
{Heap after GC invocations=101 (full 3):
 PSYoungGen      total 27648K, used 496K [0x00000000d5580000, 0x00000000d7d00000, 0x0000000100000000)
  eden space 27136K, 0% used [0x00000000d5580000,0x00000000d5580000,0x00000000d7000000)
  from space 512K, 96% used [0x00000000d7c80000,0x00000000d7cfc158,0x00000000d7d00000)
  to   space 2048K, 0% used [0x00000000d7900000,0x00000000d7900000,0x00000000d7b00000)
 ParOldGen       total 186368K, used 186063K [0x0000000080000000, 0x000000008b600000, 0x00000000d5580000)
  object space 186368K, 99% used [0x0000000080000000,0x000000008b5b3d78,0x000000008b600000)
 Metaspace       used 75167K, committed 76800K, reserved 1179648K
  class space    used 8021K, committed 8768K, reserved 1048576K
}
Event: 61.395 GC heap before
{Heap before GC invocations=102 (full 3):
 PSYoungGen      total 27648K, used 27632K [0x00000000d5580000, 0x00000000d7d00000, 0x0000000100000000)
  eden space 27136K, 100% used [0x00000000d5580000,0x00000000d7000000,0x00000000d7000000)
  from space 512K, 96% used [0x00000000d7c80000,0x00000000d7cfc158,0x00000000d7d00000)
  to   space 2048K, 0% used [0x00000000d7900000,0x00000000d7900000,0x00000000d7b00000)
 ParOldGen       total 186368K, used 186063K [0x0000000080000000, 0x000000008b600000, 0x00000000d5580000)
  object space 186368K, 99% used [0x0000000080000000,0x000000008b5b3d78,0x000000008b600000)
 Metaspace       used 75601K, committed 77312K, reserved 1179648K
  class space    used 8061K, committed 8832K, reserved 1048576K
}
Event: 61.397 GC heap after
{Heap after GC invocations=102 (full 3):
 PSYoungGen      total 28672K, used 352K [0x00000000d5580000, 0x00000000d7d00000, 0x0000000100000000)
  eden space 26624K, 0% used [0x00000000d5580000,0x00000000d5580000,0x00000000d6f80000)
  from space 2048K, 17% used [0x00000000d7900000,0x00000000d7958000,0x00000000d7b00000)
  to   space 1024K, 0% used [0x00000000d7c00000,0x00000000d7c00000,0x00000000d7d00000)
 ParOldGen       total 186880K, used 186543K [0x0000000080000000, 0x000000008b680000, 0x00000000d5580000)
  object space 186880K, 99% used [0x0000000080000000,0x000000008b62bd68,0x000000008b680000)
 Metaspace       used 75601K, committed 77312K, reserved 1179648K
  class space    used 8061K, committed 8832K, reserved 1048576K
}
Event: 62.079 GC heap before
{Heap before GC invocations=103 (full 3):
 PSYoungGen      total 28672K, used 26976K [0x00000000d5580000, 0x00000000d7d00000, 0x0000000100000000)
  eden space 26624K, 100% used [0x00000000d5580000,0x00000000d6f80000,0x00000000d6f80000)
  from space 2048K, 17% used [0x00000000d7900000,0x00000000d7958000,0x00000000d7b00000)
  to   space 1024K, 0% used [0x00000000d7c00000,0x00000000d7c00000,0x00000000d7d00000)
 ParOldGen       total 186880K, used 186543K [0x0000000080000000, 0x000000008b680000, 0x00000000d5580000)
  object space 186880K, 99% used [0x0000000080000000,0x000000008b62bd68,0x000000008b680000)
 Metaspace       used 75980K, committed 77632K, reserved 1179648K
  class space    used 8090K, committed 8832K, reserved 1048576K
}
Event: 62.087 GC heap after
{Heap after GC invocations=103 (full 3):
 PSYoungGen      total 26624K, used 1023K [0x00000000d5580000, 0x00000000d8a00000, 0x0000000100000000)
  eden space 25600K, 0% used [0x00000000d5580000,0x00000000d5580000,0x00000000d6e80000)
  from space 1024K, 99% used [0x00000000d7c00000,0x00000000d7cfffb0,0x00000000d7d00000)
  to   space 13824K, 0% used [0x00000000d6e80000,0x00000000d6e80000,0x00000000d7c00000)
 ParOldGen       total 197632K, used 197283K [0x0000000080000000, 0x000000008c100000, 0x00000000d5580000)
  object space 197632K, 99% used [0x0000000080000000,0x000000008c0a8e40,0x000000008c100000)
 Metaspace       used 75980K, committed 77632K, reserved 1179648K
  class space    used 8090K, committed 8832K, reserved 1048576K
}
Event: 63.256 GC heap before
{Heap before GC invocations=104 (full 3):
 PSYoungGen      total 26624K, used 26623K [0x00000000d5580000, 0x00000000d8a00000, 0x0000000100000000)
  eden space 25600K, 100% used [0x00000000d5580000,0x00000000d6e80000,0x00000000d6e80000)
  from space 1024K, 99% used [0x00000000d7c00000,0x00000000d7cfffb0,0x00000000d7d00000)
  to   space 13824K, 0% used [0x00000000d6e80000,0x00000000d6e80000,0x00000000d7c00000)
 ParOldGen       total 197632K, used 197283K [0x0000000080000000, 0x000000008c100000, 0x00000000d5580000)
  object space 197632K, 99% used [0x0000000080000000,0x000000008c0a8e40,0x000000008c100000)
 Metaspace       used 76849K, committed 78528K, reserved 1179648K
  class space    used 8195K, committed 8960K, reserved 1048576K
}
Event: 63.261 GC heap after
{Heap after GC invocations=104 (full 3):
 PSYoungGen      total 33280K, used 7758K [0x00000000d5580000, 0x00000000d8000000, 0x0000000100000000)
  eden space 25088K, 0% used [0x00000000d5580000,0x00000000d5580000,0x00000000d6e00000)
  from space 8192K, 94% used [0x00000000d6e80000,0x00000000d7613b00,0x00000000d7680000)
  to   space 9216K, 0% used [0x00000000d7700000,0x00000000d7700000,0x00000000d8000000)
 ParOldGen       total 198656K, used 198306K [0x0000000080000000, 0x000000008c200000, 0x00000000d5580000)
  object space 198656K, 99% used [0x0000000080000000,0x000000008c1a8928,0x000000008c200000)
 Metaspace       used 76849K, committed 78528K, reserved 1179648K
  class space    used 8195K, committed 8960K, reserved 1048576K
}
Event: 69.706 GC heap before
{Heap before GC invocations=105 (full 3):
 PSYoungGen      total 33280K, used 32846K [0x00000000d5580000, 0x00000000d8000000, 0x0000000100000000)
  eden space 25088K, 100% used [0x00000000d5580000,0x00000000d6e00000,0x00000000d6e00000)
  from space 8192K, 94% used [0x00000000d6e80000,0x00000000d7613b00,0x00000000d7680000)
  to   space 9216K, 0% used [0x00000000d7700000,0x00000000d7700000,0x00000000d8000000)
 ParOldGen       total 198656K, used 198306K [0x0000000080000000, 0x000000008c200000, 0x00000000d5580000)
  object space 198656K, 99% used [0x0000000080000000,0x000000008c1a8928,0x000000008c200000)
 Metaspace       used 76908K, committed 78592K, reserved 1179648K
  class space    used 8196K, committed 8960K, reserved 1048576K
}
Event: 69.712 GC heap after
{Heap after GC invocations=105 (full 3):
 PSYoungGen      total 25088K, used 9214K [0x00000000d5580000, 0x00000000d9180000, 0x0000000100000000)
  eden space 15872K, 0% used [0x00000000d5580000,0x00000000d5580000,0x00000000d6500000)
  from space 9216K, 99% used [0x00000000d7700000,0x00000000d7fff978,0x00000000d8000000)
  to   space 18432K, 0% used [0x00000000d6500000,0x00000000d6500000,0x00000000d7700000)
 ParOldGen       total 206336K, used 205881K [0x0000000080000000, 0x000000008c980000, 0x00000000d5580000)
  object space 206336K, 99% used [0x0000000080000000,0x000000008c90e728,0x000000008c980000)
 Metaspace       used 76908K, committed 78592K, reserved 1179648K
  class space    used 8196K, committed 8960K, reserved 1048576K
}
Event: 82.578 GC heap before
{Heap before GC invocations=106 (full 3):
 PSYoungGen      total 25088K, used 25086K [0x00000000d5580000, 0x00000000d9180000, 0x0000000100000000)
  eden space 15872K, 100% used [0x00000000d5580000,0x00000000d6500000,0x00000000d6500000)
  from space 9216K, 99% used [0x00000000d7700000,0x00000000d7fff978,0x00000000d8000000)
  to   space 18432K, 0% used [0x00000000d6500000,0x00000000d6500000,0x00000000d7700000)
 ParOldGen       total 206336K, used 205881K [0x0000000080000000, 0x000000008c980000, 0x00000000d5580000)
  object space 206336K, 99% used [0x0000000080000000,0x000000008c90e728,0x000000008c980000)
 Metaspace       used 77013K, committed 78720K, reserved 1179648K
  class space    used 8200K, committed 8960K, reserved 1048576K
}
Event: 82.584 GC heap after
{Heap after GC invocations=106 (full 3):
 PSYoungGen      total 17408K, used 1076K [0x00000000d5580000, 0x00000000d7780000, 0x0000000100000000)
  eden space 15872K, 0% used [0x00000000d5580000,0x00000000d5580000,0x00000000d6500000)
  from space 1536K, 70% used [0x00000000d6500000,0x00000000d660d220,0x00000000d6680000)
  to   space 7168K, 0% used [0x00000000d7080000,0x00000000d7080000,0x00000000d7780000)
 ParOldGen       total 211968K, used 211768K [0x0000000080000000, 0x000000008cf00000, 0x00000000d5580000)
  object space 211968K, 99% used [0x0000000080000000,0x000000008cece0c0,0x000000008cf00000)
 Metaspace       used 77013K, committed 78720K, reserved 1179648K
  class space    used 8200K, committed 8960K, reserved 1048576K
}
Event: 87.095 GC heap before
{Heap before GC invocations=107 (full 3):
 PSYoungGen      total 17408K, used 16948K [0x00000000d5580000, 0x00000000d7780000, 0x0000000100000000)
  eden space 15872K, 100% used [0x00000000d5580000,0x00000000d6500000,0x00000000d6500000)
  from space 1536K, 70% used [0x00000000d6500000,0x00000000d660d220,0x00000000d6680000)
  to   space 7168K, 0% used [0x00000000d7080000,0x00000000d7080000,0x00000000d7780000)
 ParOldGen       total 211968K, used 211768K [0x0000000080000000, 0x000000008cf00000, 0x00000000d5580000)
  object space 211968K, 99% used [0x0000000080000000,0x000000008cece0c0,0x000000008cf00000)
 Metaspace       used 77443K, committed 79104K, reserved 1179648K
  class space    used 8246K, committed 9024K, reserved 1048576K
}
Event: 87.097 GC heap after
{Heap after GC invocations=107 (full 3):
 PSYoungGen      total 17408K, used 1435K [0x00000000d5580000, 0x00000000d7200000, 0x0000000100000000)
  eden space 15872K, 0% used [0x00000000d5580000,0x00000000d5580000,0x00000000d6500000)
  from space 1536K, 93% used [0x00000000d7080000,0x00000000d71e6fe0,0x00000000d7200000)
  to   space 2560K, 0% used [0x00000000d6d00000,0x00000000d6d00000,0x00000000d6f80000)
 ParOldGen       total 212480K, used 212292K [0x0000000080000000, 0x000000008cf80000, 0x00000000d5580000)
  object space 212480K, 99% used [0x0000000080000000,0x000000008cf512d0,0x000000008cf80000)
 Metaspace       used 77443K, committed 79104K, reserved 1179648K
  class space    used 8246K, committed 9024K, reserved 1048576K
}
Event: 87.140 GC heap before
{Heap before GC invocations=108 (full 3):
 PSYoungGen      total 17408K, used 17307K [0x00000000d5580000, 0x00000000d7200000, 0x0000000100000000)
  eden space 15872K, 100% used [0x00000000d5580000,0x00000000d6500000,0x00000000d6500000)
  from space 1536K, 93% used [0x00000000d7080000,0x00000000d71e6fe0,0x00000000d7200000)
  to   space 2560K, 0% used [0x00000000d6d00000,0x00000000d6d00000,0x00000000d6f80000)
 ParOldGen       total 212480K, used 212292K [0x0000000080000000, 0x000000008cf80000, 0x00000000d5580000)
  object space 212480K, 99% used [0x0000000080000000,0x000000008cf512d0,0x000000008cf80000)
 Metaspace       used 77463K, committed 79168K, reserved 1179648K
  class space    used 8246K, committed 9024K, reserved 1048576K
}
Event: 87.142 GC heap after
{Heap after GC invocations=108 (full 3):
 PSYoungGen      total 18432K, used 2555K [0x00000000d5580000, 0x00000000d7100000, 0x0000000100000000)
  eden space 15872K, 0% used [0x00000000d5580000,0x00000000d5580000,0x00000000d6500000)
  from space 2560K, 99% used [0x00000000d6d00000,0x00000000d6f7efe0,0x00000000d6f80000)
  to   space 1536K, 0% used [0x00000000d6f80000,0x00000000d6f80000,0x00000000d7100000)
 ParOldGen       total 212992K, used 212732K [0x0000000080000000, 0x000000008d000000, 0x00000000d5580000)
  object space 212992K, 99% used [0x0000000080000000,0x000000008cfbf2d0,0x000000008d000000)
 Metaspace       used 77463K, committed 79168K, reserved 1179648K
  class space    used 8246K, committed 9024K, reserved 1048576K
}
Event: 89.795 GC heap before
{Heap before GC invocations=109 (full 3):
 PSYoungGen      total 18432K, used 18427K [0x00000000d5580000, 0x00000000d7100000, 0x0000000100000000)
  eden space 15872K, 100% used [0x00000000d5580000,0x00000000d6500000,0x00000000d6500000)
  from space 2560K, 99% used [0x00000000d6d00000,0x00000000d6f7efe0,0x00000000d6f80000)
  to   space 1536K, 0% used [0x00000000d6f80000,0x00000000d6f80000,0x00000000d7100000)
 ParOldGen       total 212992K, used 212732K [0x0000000080000000, 0x000000008d000000, 0x00000000d5580000)
  object space 212992K, 99% used [0x0000000080000000,0x000000008cfbf2d0,0x000000008d000000)
 Metaspace       used 77635K, committed 79296K, reserved 1179648K
  class space    used 8279K, committed 9024K, reserved 1048576K
}
Event: 89.796 GC heap after
{Heap after GC invocations=109 (full 3):
 PSYoungGen      total 16384K, used 288K [0x00000000d5580000, 0x00000000d7000000, 0x0000000100000000)
  eden space 15872K, 0% used [0x00000000d5580000,0x00000000d5580000,0x00000000d6500000)
  from space 512K, 56% used [0x00000000d6f80000,0x00000000d6fc8000,0x00000000d7000000)
  to   space 1536K, 0% used [0x00000000d6d00000,0x00000000d6d00000,0x00000000d6e80000)
 ParOldGen       total 212992K, used 212788K [0x0000000080000000, 0x000000008d000000, 0x00000000d5580000)
  object space 212992K, 99% used [0x0000000080000000,0x000000008cfcd2d0,0x000000008d000000)
 Metaspace       used 77635K, committed 79296K, reserved 1179648K
  class space    used 8279K, committed 9024K, reserved 1048576K
}
Event: 120.877 GC heap before
{Heap before GC invocations=110 (full 3):
 PSYoungGen      total 16384K, used 16160K [0x00000000d5580000, 0x00000000d7000000, 0x0000000100000000)
  eden space 15872K, 100% used [0x00000000d5580000,0x00000000d6500000,0x00000000d6500000)
  from space 512K, 56% used [0x00000000d6f80000,0x00000000d6fc8000,0x00000000d7000000)
  to   space 1536K, 0% used [0x00000000d6d00000,0x00000000d6d00000,0x00000000d6e80000)
 ParOldGen       total 212992K, used 212788K [0x0000000080000000, 0x000000008d000000, 0x00000000d5580000)
  object space 212992K, 99% used [0x0000000080000000,0x000000008cfcd2d0,0x000000008d000000)
 Metaspace       used 77796K, committed 79488K, reserved 1179648K
  class space    used 8300K, committed 9088K, reserved 1048576K
}
Event: 120.880 GC heap after
{Heap after GC invocations=110 (full 3):
 PSYoungGen      total 17408K, used 1533K [0x00000000d5580000, 0x00000000d7300000, 0x0000000100000000)
  eden space 15872K, 0% used [0x00000000d5580000,0x00000000d5580000,0x00000000d6500000)
  from space 1536K, 99% used [0x00000000d6d00000,0x00000000d6e7f468,0x00000000d6e80000)
  to   space 4608K, 0% used [0x00000000d6e80000,0x00000000d6e80000,0x00000000d7300000)
 ParOldGen       total 217088K, used 216991K [0x0000000080000000, 0x000000008d400000, 0x00000000d5580000)
  object space 217088K, 99% used [0x0000000080000000,0x000000008d3e7f48,0x000000008d400000)
 Metaspace       used 77796K, committed 79488K, reserved 1179648K
  class space    used 8300K, committed 9088K, reserved 1048576K
}

Dll operation events (12 events):
Event: 0.018 Loaded shared library c:\Users\Kavis\.vscode\extensions\redhat.java-1.45.0-win32-x64\jre\21.0.8-win32-x86_64\bin\java.dll
Event: 0.148 Loaded shared library c:\Users\Kavis\.vscode\extensions\redhat.java-1.45.0-win32-x64\jre\21.0.8-win32-x86_64\bin\zip.dll
Event: 0.172 Loaded shared library C:\Users\Kavis\.vscode\extensions\redhat.java-1.45.0-win32-x64\jre\21.0.8-win32-x86_64\bin\instrument.dll
Event: 0.180 Loaded shared library C:\Users\Kavis\.vscode\extensions\redhat.java-1.45.0-win32-x64\jre\21.0.8-win32-x86_64\bin\net.dll
Event: 0.184 Loaded shared library C:\Users\Kavis\.vscode\extensions\redhat.java-1.45.0-win32-x64\jre\21.0.8-win32-x86_64\bin\nio.dll
Event: 0.190 Loaded shared library C:\Users\Kavis\.vscode\extensions\redhat.java-1.45.0-win32-x64\jre\21.0.8-win32-x86_64\bin\zip.dll
Event: 0.216 Loaded shared library C:\Users\Kavis\.vscode\extensions\redhat.java-1.45.0-win32-x64\jre\21.0.8-win32-x86_64\bin\jimage.dll
Event: 0.357 Loaded shared library c:\Users\Kavis\.vscode\extensions\redhat.java-1.45.0-win32-x64\jre\21.0.8-win32-x86_64\bin\verify.dll
Event: 2.275 Loaded shared library C:\Users\Kavis\AppData\Roaming\Code\User\globalStorage\redhat.java\1.45.0\config_win\org.eclipse.equinox.launcher\org.eclipse.equinox.launcher.win32.win32.x86_64_1.2.1400.v20250801-0854\eclipse_11916.dll
Event: 4.502 Loaded shared library C:\Users\Kavis\AppData\Local\Temp\jna-72270570\jna4205004112498851391.dll
Event: 6.611 Loaded shared library C:\Users\Kavis\.vscode\extensions\redhat.java-1.45.0-win32-x64\jre\21.0.8-win32-x86_64\bin\sunmscapi.dll
Event: 7.300 Loaded shared library C:\Users\Kavis\.vscode\extensions\redhat.java-1.45.0-win32-x64\jre\21.0.8-win32-x86_64\bin\extnet.dll

Deoptimization events (20 events):
Event: 86.701 Thread 0x00000202f6800760 DEOPT PACKING pc=0x000002029e9d4820 sp=0x000000c7d42fdcc0
Event: 86.701 Thread 0x00000202f6800760 DEOPT UNPACKING pc=0x000002029e143aa2 sp=0x000000c7d42fdc98 mode 2
Event: 86.702 Thread 0x00000202f6800760 Uncommon trap: trap_request=0xffffff45 fr.pc=0x000002029e9d2bc8 relative=0x00000000000005c8
Event: 86.702 Thread 0x00000202f6800760 Uncommon trap: reason=unstable_if action=reinterpret pc=0x000002029e9d2bc8 method=java.util.regex.Pattern.newSlice([IIZ)Ljava/util/regex/Pattern$Node; @ 19 c2
Event: 86.702 Thread 0x00000202f6800760 DEOPT PACKING pc=0x000002029e9d2bc8 sp=0x000000c7d42fde60
Event: 86.702 Thread 0x00000202f6800760 DEOPT UNPACKING pc=0x000002029e143aa2 sp=0x000000c7d42fde10 mode 2
Event: 86.702 Thread 0x00000202f6800760 Uncommon trap: trap_request=0xffffff45 fr.pc=0x000002029e9de3b4 relative=0x0000000000000114
Event: 86.702 Thread 0x00000202f6800760 Uncommon trap: reason=unstable_if action=reinterpret pc=0x000002029e9de3b4 method=java.util.regex.Pattern.RemoveQEQuoting()V @ 41 c2
Event: 86.702 Thread 0x00000202f6800760 DEOPT PACKING pc=0x000002029e9de3b4 sp=0x000000c7d42fe370
Event: 86.702 Thread 0x00000202f6800760 DEOPT UNPACKING pc=0x000002029e143aa2 sp=0x000000c7d42fe2c0 mode 2
Event: 89.363 Thread 0x00000202f6800760 DEOPT PACKING pc=0x0000020297d5de84 sp=0x000000c7d42fdd30
Event: 89.363 Thread 0x00000202f6800760 DEOPT UNPACKING pc=0x000002029e144242 sp=0x000000c7d42fd150 mode 0
Event: 120.855 Thread 0x00000202f6800760 Uncommon trap: trap_request=0xffffffdc fr.pc=0x000002029efff3d8 relative=0x0000000000000198
Event: 120.855 Thread 0x00000202f6800760 Uncommon trap: reason=class_check action=make_not_entrant pc=0x000002029efff3d8 method=java.util.ImmutableCollections$ListN.toArray([Ljava/lang/Object;)[Ljava/lang/Object; @ 21 c2
Event: 120.855 Thread 0x00000202f6800760 DEOPT PACKING pc=0x000002029efff3d8 sp=0x000000c7d42fe830
Event: 120.855 Thread 0x00000202f6800760 DEOPT UNPACKING pc=0x000002029e143aa2 sp=0x000000c7d42fe7d8 mode 2
Event: 139.179 Thread 0x00000202f4dbf9c0 Uncommon trap: trap_request=0xffffff45 fr.pc=0x000002029ef36c8c relative=0x00000000000002ac
Event: 139.179 Thread 0x00000202f4dbf9c0 Uncommon trap: reason=unstable_if action=reinterpret pc=0x000002029ef36c8c method=org.eclipse.core.internal.filesystem.FileStoreUtil.compareSlashFirst(Ljava/lang/String;Ljava/lang/String;)I @ 43 c2
Event: 139.179 Thread 0x00000202f4dbf9c0 DEOPT PACKING pc=0x000002029ef36c8c sp=0x000000c7d3afea50
Event: 139.179 Thread 0x00000202f4dbf9c0 DEOPT UNPACKING pc=0x000002029e143aa2 sp=0x000000c7d3afe9d8 mode 2

Classes loaded (20 events):
Event: 47.858 Loading class java/util/stream/ReferencePipeline$5
Event: 47.858 Loading class java/util/stream/LongPipeline$StatelessOp
Event: 47.858 Loading class java/util/stream/LongPipeline
Event: 47.859 Loading class java/util/stream/LongStream
Event: 47.859 Loading class java/util/stream/LongStream done
Event: 47.859 Loading class java/util/stream/LongPipeline done
Event: 47.859 Loading class java/util/stream/LongPipeline$StatelessOp done
Event: 47.859 Loading class java/util/stream/ReferencePipeline$5 done
Event: 47.859 Loading class java/util/stream/FindOps$FindSink$OfLong
Event: 47.859 Loading class java/util/stream/Sink$OfLong
Event: 47.859 Loading class java/util/stream/Sink$OfLong done
Event: 47.859 Loading class java/util/stream/FindOps$FindSink$OfLong done
Event: 47.860 Loading class java/util/OptionalLong
Event: 47.860 Loading class java/util/OptionalLong done
Event: 47.860 Loading class java/util/stream/ReferencePipeline$5$1
Event: 47.860 Loading class java/util/stream/ReferencePipeline$5$1 done
Event: 47.866 Loading class java/nio/HeapByteBufferR
Event: 47.866 Loading class java/nio/HeapByteBufferR done
Event: 62.326 Loading class java/lang/StringLatin1$CharsSpliterator
Event: 62.326 Loading class java/lang/StringLatin1$CharsSpliterator done

Classes unloaded (7 events):
Event: 5.094 Thread 0x0000020293964960 Unloading class 0x00000202ac1aa800 'java/lang/invoke/LambdaForm$MH+0x00000202ac1aa800'
Event: 5.094 Thread 0x0000020293964960 Unloading class 0x00000202ac1aa400 'java/lang/invoke/LambdaForm$MH+0x00000202ac1aa400'
Event: 5.094 Thread 0x0000020293964960 Unloading class 0x00000202ac1aa000 'java/lang/invoke/LambdaForm$MH+0x00000202ac1aa000'
Event: 5.094 Thread 0x0000020293964960 Unloading class 0x00000202ac1a9c00 'java/lang/invoke/LambdaForm$MH+0x00000202ac1a9c00'
Event: 5.094 Thread 0x0000020293964960 Unloading class 0x00000202ac1a9800 'java/lang/invoke/LambdaForm$BMH+0x00000202ac1a9800'
Event: 5.094 Thread 0x0000020293964960 Unloading class 0x00000202ac1a9400 'java/lang/invoke/LambdaForm$DMH+0x00000202ac1a9400'
Event: 5.094 Thread 0x0000020293964960 Unloading class 0x00000202ac1a8000 'java/lang/invoke/LambdaForm$DMH+0x00000202ac1a8000'

Classes redefined (0 events):
No events

Internal exceptions (20 events):
Event: 21.858 Thread 0x00000202f28282c0 Exception <a 'sun/nio/fs/WindowsException'{0x00000000d5bf0388}> (0x00000000d5bf0388) 
thrown [s\src\hotspot\share\prims\jni.cpp, line 520]
Event: 22.359 Thread 0x00000202f28282c0 Exception <a 'java/lang/NoSuchMethodError'{0x00000000d6a11e58}: 'java.lang.Object java.lang.invoke.DirectMethodHandle$Holder.invokeStatic(java.lang.Object, java.lang.Object, int, java.lang.Object)'> (0x00000000d6a11e58) 
thrown [s\src\hotspot\share\interpreter\linkResolver.cpp, line 773]
Event: 22.361 Thread 0x00000202f28282c0 Exception <a 'java/lang/NoSuchMethodError'{0x00000000d6a18488}: 'java.lang.Object java.lang.invoke.DirectMethodHandle$Holder.newInvokeSpecial(java.lang.Object, java.lang.Object, int)'> (0x00000000d6a18488) 
thrown [s\src\hotspot\share\interpreter\linkResolver.cpp, line 773]
Event: 22.400 Thread 0x00000202f28282c0 Implicit null exception at 0x000002029ec567a3 to 0x000002029ec56b00
Event: 25.128 Thread 0x00000202f4dc0d70 Exception <a 'java/lang/IncompatibleClassChangeError'{0x00000000d6dbc640}: Found class java.lang.Object, but interface was expected> (0x00000000d6dbc640) 
thrown [s\src\hotspot\share\interpreter\linkResolver.cpp, line 840]
Event: 25.141 Thread 0x00000202f6800760 Exception <a 'java/lang/NoSuchMethodError'{0x00000000d6e35da0}: 'java.lang.Object java.lang.invoke.DirectMethodHandle$Holder.invokeSpecial(java.lang.Object, java.lang.Object, java.lang.Object, java.lang.Object, int, java.lang.Object, java.lang.Object)'> (0x00000000d6e35da0) 
thrown [s\src\hotspot\share\interpreter\linkResolver.cpp, line 773]
Event: 25.332 Thread 0x00000202f2825b60 Exception <a 'sun/nio/fs/WindowsException'{0x00000000d6ffd218}> (0x00000000d6ffd218) 
thrown [s\src\hotspot\share\prims\jni.cpp, line 520]
Event: 25.332 Thread 0x00000202f2825b60 Exception <a 'sun/nio/fs/WindowsException'{0x00000000d6ffd890}> (0x00000000d6ffd890) 
thrown [s\src\hotspot\share\prims\jni.cpp, line 520]
Event: 27.809 Thread 0x00000202f4dc0d70 Exception <a 'java/lang/IncompatibleClassChangeError'{0x00000000d7157da8}: Found class java.lang.Object, but interface was expected> (0x00000000d7157da8) 
thrown [s\src\hotspot\share\interpreter\linkResolver.cpp, line 840]
Event: 28.398 Thread 0x00000202f4dc0d70 Exception <a 'java/lang/IncompatibleClassChangeError'{0x00000000d724dd20}: Found class java.lang.Object, but interface was expected> (0x00000000d724dd20) 
thrown [s\src\hotspot\share\interpreter\linkResolver.cpp, line 840]
Event: 33.068 Thread 0x00000202f6801b10 Exception <a 'java/lang/ArrayIndexOutOfBoundsException'{0x00000000d5e0efd8}: Index 1489 out of bounds for length 1488> (0x00000000d5e0efd8) 
thrown [s\src\hotspot\share\interpreter\interpreterRuntime.cpp, line 439]
Event: 35.418 Thread 0x00000202f4dc0d70 Exception <a 'java/lang/IncompatibleClassChangeError'{0x00000000d5e8b500}: Found class java.lang.Object, but interface was expected> (0x00000000d5e8b500) 
thrown [s\src\hotspot\share\interpreter\linkResolver.cpp, line 840]
Event: 46.494 Thread 0x00000202f6800760 Implicit null exception at 0x000002029ee81d77 to 0x000002029ee82070
Event: 46.584 Thread 0x00000202f6800760 Exception <a 'java/lang/NoSuchMethodError'{0x00000000d640afc8}: 'java.lang.Object java.lang.invoke.DirectMethodHandle$Holder.invokeStaticInit(java.lang.Object, java.lang.Object, int)'> (0x00000000d640afc8) 
thrown [s\src\hotspot\share\interpreter\linkResolver.cpp, line 773]
Event: 47.287 Thread 0x00000202f60a64e0 Exception <a 'java/lang/NoSuchMethodError'{0x00000000d6a38760}: 'void java.lang.invoke.DirectMethodHandle$Holder.invokeStatic(java.lang.Object, java.lang.Object, int)'> (0x00000000d6a38760) 
thrown [s\src\hotspot\share\interpreter\linkResolver.cpp, line 773]
Event: 60.978 Thread 0x00000202f4dc0d70 Exception <a 'java/lang/IncompatibleClassChangeError'{0x00000000d6e19b50}: Found class java.lang.Object, but interface was expected> (0x00000000d6e19b50) 
thrown [s\src\hotspot\share\interpreter\linkResolver.cpp, line 840]
Event: 60.996 Thread 0x00000202f6800760 Exception <a 'java/lang/NoSuchMethodError'{0x00000000d6f70e48}: 'java.lang.Object java.lang.invoke.DirectMethodHandle$Holder.invokeStatic(java.lang.Object, int, java.lang.Object)'> (0x00000000d6f70e48) 
thrown [s\src\hotspot\share\interpreter\linkResolver.cpp, line 773]
Event: 62.004 Thread 0x00000202f6800760 Implicit null exception at 0x000002029ecc043b to 0x000002029ecc184c
Event: 62.153 Thread 0x00000202f6800760 Implicit null exception at 0x000002029eea3920 to 0x000002029eea3b40
Event: 120.852 Thread 0x00000202f6800760 Exception <a 'java/lang/NoSuchMethodError'{0x00000000d5c9d410}: 'java.lang.Object java.lang.invoke.DirectMethodHandle$Holder.invokeStaticInit(java.lang.Object, java.lang.Object, java.lang.Object)'> (0x00000000d5c9d410) 
thrown [s\src\hotspot\share\interpreter\linkResolver.cpp, line 773]

ZGC Phase Switch (0 events):
No events

VM Operations (20 events):
Event: 4269.377 Executing VM operation: RendezvousGCThreads
Event: 4269.377 Executing VM operation: RendezvousGCThreads done
Event: 4329.603 Executing VM operation: HandshakeAllThreads (HandshakeForDeflation)
Event: 4329.603 Executing VM operation: HandshakeAllThreads (HandshakeForDeflation) done
Event: 4329.603 Executing VM operation: RendezvousGCThreads
Event: 4329.603 Executing VM operation: RendezvousGCThreads done
Event: 4360.890 Executing VM operation: Cleanup
Event: 4360.891 Executing VM operation: Cleanup done
Event: 4389.868 Executing VM operation: HandshakeAllThreads (HandshakeForDeflation)
Event: 4389.868 Executing VM operation: HandshakeAllThreads (HandshakeForDeflation) done
Event: 4389.868 Executing VM operation: RendezvousGCThreads
Event: 4389.868 Executing VM operation: RendezvousGCThreads done
Event: 4450.073 Executing VM operation: HandshakeAllThreads (HandshakeForDeflation)
Event: 4450.074 Executing VM operation: HandshakeAllThreads (HandshakeForDeflation) done
Event: 4450.074 Executing VM operation: RendezvousGCThreads
Event: 4450.074 Executing VM operation: RendezvousGCThreads done
Event: 4510.168 Executing VM operation: HandshakeAllThreads (HandshakeForDeflation)
Event: 4510.169 Executing VM operation: HandshakeAllThreads (HandshakeForDeflation) done
Event: 4510.169 Executing VM operation: RendezvousGCThreads
Event: 4510.169 Executing VM operation: RendezvousGCThreads done

Memory protections (0 events):
No events

Nmethod flushes (20 events):
Event: 16.953 Thread 0x0000020293964960 flushing  nmethod 0x0000020297416590
Event: 16.953 Thread 0x0000020293964960 flushing  nmethod 0x0000020297418f90
Event: 16.953 Thread 0x0000020293964960 flushing  nmethod 0x000002029741b090
Event: 16.953 Thread 0x0000020293964960 flushing  nmethod 0x0000020297423910
Event: 16.953 Thread 0x0000020293964960 flushing  nmethod 0x0000020297424690
Event: 16.953 Thread 0x0000020293964960 flushing  nmethod 0x0000020297446590
Event: 16.953 Thread 0x0000020293964960 flushing osr nmethod 0x0000020297455d90
Event: 16.953 Thread 0x0000020293964960 flushing osr nmethod 0x000002029749b010
Event: 16.953 Thread 0x0000020293964960 flushing  nmethod 0x00000202974aaf90
Event: 16.953 Thread 0x0000020293964960 flushing  nmethod 0x00000202974b4490
Event: 16.953 Thread 0x0000020293964960 flushing  nmethod 0x00000202974bbe90
Event: 16.953 Thread 0x0000020293964960 flushing  nmethod 0x00000202974bfc10
Event: 16.953 Thread 0x0000020293964960 flushing  nmethod 0x00000202974cff90
Event: 16.953 Thread 0x0000020293964960 flushing  nmethod 0x00000202974d2f90
Event: 16.953 Thread 0x0000020293964960 flushing  nmethod 0x00000202974d3590
Event: 16.953 Thread 0x0000020293964960 flushing  nmethod 0x00000202974d3e10
Event: 16.953 Thread 0x0000020293964960 flushing  nmethod 0x00000202974d6690
Event: 16.953 Thread 0x0000020293964960 flushing  nmethod 0x00000202974e2e90
Event: 16.953 Thread 0x0000020293964960 flushing  nmethod 0x00000202974e6b90
Event: 16.953 Thread 0x0000020293964960 flushing  nmethod 0x00000202974ee290

Events (20 events):
Event: 88.642 Thread 0x0000020293a8cea0 Thread added: 0x00000202f6332620
Event: 89.356 Thread 0x00000202f6332620 Thread exited: 0x00000202f6332620
Event: 107.308 Thread 0x00000202f6804f90 Thread exited: 0x00000202f6804f90
Event: 107.886 Thread 0x00000202f60a6b70 Thread exited: 0x00000202f60a6b70
Event: 120.893 Thread 0x0000020293a8cea0 Thread added: 0x00000202f6334160
Event: 122.301 Thread 0x00000202f6334160 Thread exited: 0x00000202f6334160
Event: 142.578 Thread 0x00000202f4dbd260 Thread exited: 0x00000202f4dbd260
Event: 142.578 Thread 0x00000202f2825b60 Thread exited: 0x00000202f2825b60
Event: 142.594 Thread 0x00000202f2827c30 Thread exited: 0x00000202f2827c30
Event: 180.909 Thread 0x00000202f6800760 Thread exited: 0x00000202f6800760
Event: 240.913 Thread 0x00000202f6802830 Thread exited: 0x00000202f6802830
Event: 300.932 Thread 0x00000202f4dc27b0 Thread exited: 0x00000202f4dc27b0
Event: 361.031 Thread 0x00000202f6801b10 Thread exited: 0x00000202f6801b10
Event: 421.051 Thread 0x00000202f68000d0 Thread exited: 0x00000202f68000d0
Event: 481.053 Thread 0x00000202f6802ec0 Thread exited: 0x00000202f6802ec0
Event: 541.064 Thread 0x00000202f68021a0 Thread exited: 0x00000202f68021a0
Event: 601.081 Thread 0x00000202f4dc0050 Thread exited: 0x00000202f4dc0050
Event: 661.089 Thread 0x00000202f6803550 Thread exited: 0x00000202f6803550
Event: 721.095 Thread 0x00000202f6803be0 Thread exited: 0x00000202f6803be0
Event: 781.102 Thread 0x00000202f6801480 Thread exited: 0x00000202f6801480


Dynamic libraries:
0x00007ff7fe370000 - 0x00007ff7fe37e000 	c:\Users\Kavis\.vscode\extensions\redhat.java-1.45.0-win32-x64\jre\21.0.8-win32-x86_64\bin\java.exe
0x00007ffbdc640000 - 0x00007ffbdc8a9000 	C:\WINDOWS\SYSTEM32\ntdll.dll
0x00007ffbda470000 - 0x00007ffbda539000 	C:\WINDOWS\System32\KERNEL32.DLL
0x00007ffbd9bd0000 - 0x00007ffbd9fc3000 	C:\WINDOWS\System32\KERNELBASE.dll
0x00007ffbda150000 - 0x00007ffbda29b000 	C:\WINDOWS\System32\ucrtbase.dll
0x00007ffbaab70000 - 0x00007ffbaab88000 	c:\Users\Kavis\.vscode\extensions\redhat.java-1.45.0-win32-x64\jre\21.0.8-win32-x86_64\bin\jli.dll
0x00007ffba2710000 - 0x00007ffba272e000 	c:\Users\Kavis\.vscode\extensions\redhat.java-1.45.0-win32-x64\jre\21.0.8-win32-x86_64\bin\VCRUNTIME140.dll
0x00007ffbdc430000 - 0x00007ffbdc5f4000 	C:\WINDOWS\System32\USER32.dll
0x00007ffbd9fd0000 - 0x00007ffbd9ff7000 	C:\WINDOWS\System32\win32u.dll
0x00007ffbdc2d0000 - 0x00007ffbdc2fb000 	C:\WINDOWS\System32\GDI32.dll
0x00007ffbd9920000 - 0x00007ffbd9a4d000 	C:\WINDOWS\System32\gdi32full.dll
0x00007ffbb9b30000 - 0x00007ffbb9dc3000 	C:\WINDOWS\WinSxS\amd64_microsoft.windows.common-controls_6595b64144ccf1df_6.0.26100.5074_none_3e0d6f78e32fd63f\COMCTL32.dll
0x00007ffbda0a0000 - 0x00007ffbda143000 	C:\WINDOWS\System32\msvcp_win.dll
0x00007ffbdb790000 - 0x00007ffbdb839000 	C:\WINDOWS\System32\msvcrt.dll
0x00007ffbdb0f0000 - 0x00007ffbdb11f000 	C:\WINDOWS\System32\IMM32.DLL
0x00007ffbc5bf0000 - 0x00007ffbc5bfc000 	c:\Users\Kavis\.vscode\extensions\redhat.java-1.45.0-win32-x64\jre\21.0.8-win32-x86_64\bin\vcruntime140_1.dll
0x00007ffb9dde0000 - 0x00007ffb9de6d000 	c:\Users\Kavis\.vscode\extensions\redhat.java-1.45.0-win32-x64\jre\21.0.8-win32-x86_64\bin\msvcp140.dll
0x00007ffb48910000 - 0x00007ffb496a7000 	c:\Users\Kavis\.vscode\extensions\redhat.java-1.45.0-win32-x64\jre\21.0.8-win32-x86_64\bin\server\jvm.dll
0x00007ffbdbe40000 - 0x00007ffbdbef4000 	C:\WINDOWS\System32\ADVAPI32.dll
0x00007ffbdc380000 - 0x00007ffbdc426000 	C:\WINDOWS\System32\sechost.dll
0x00007ffbda610000 - 0x00007ffbda728000 	C:\WINDOWS\System32\RPCRT4.dll
0x00007ffbdc300000 - 0x00007ffbdc374000 	C:\WINDOWS\System32\WS2_32.dll
0x00007ffbd9630000 - 0x00007ffbd968e000 	C:\WINDOWS\SYSTEM32\POWRPROF.dll
0x00007ffbce7c0000 - 0x00007ffbce7f5000 	C:\WINDOWS\SYSTEM32\WINMM.dll
0x00007ffbd1df0000 - 0x00007ffbd1dfb000 	C:\WINDOWS\SYSTEM32\VERSION.dll
0x00007ffbd9610000 - 0x00007ffbd9624000 	C:\WINDOWS\SYSTEM32\UMPDC.dll
0x00007ffbd85b0000 - 0x00007ffbd85cb000 	C:\WINDOWS\SYSTEM32\kernel.appcore.dll
0x00007ffbc4560000 - 0x00007ffbc456a000 	c:\Users\Kavis\.vscode\extensions\redhat.java-1.45.0-win32-x64\jre\21.0.8-win32-x86_64\bin\jimage.dll
0x00007ffbd6f20000 - 0x00007ffbd7162000 	C:\WINDOWS\SYSTEM32\DBGHELP.DLL
0x00007ffbdb130000 - 0x00007ffbdb4ab000 	C:\WINDOWS\System32\combase.dll
0x00007ffbda800000 - 0x00007ffbda8d7000 	C:\WINDOWS\System32\OLEAUT32.dll
0x00007ffbb7990000 - 0x00007ffbb79cd000 	C:\WINDOWS\SYSTEM32\dbgcore.DLL
0x00007ffbda000000 - 0x00007ffbda099000 	C:\WINDOWS\System32\bcryptPrimitives.dll
0x00007ffbc1640000 - 0x00007ffbc164f000 	c:\Users\Kavis\.vscode\extensions\redhat.java-1.45.0-win32-x64\jre\21.0.8-win32-x86_64\bin\instrument.dll
0x00007ffba26f0000 - 0x00007ffba270f000 	c:\Users\Kavis\.vscode\extensions\redhat.java-1.45.0-win32-x64\jre\21.0.8-win32-x86_64\bin\java.dll
0x00007ffbda9a0000 - 0x00007ffbdb0ed000 	C:\WINDOWS\System32\SHELL32.dll
0x00007ffbda2a0000 - 0x00007ffbda40c000 	C:\WINDOWS\System32\wintypes.dll
0x00007ffbd7400000 - 0x00007ffbd7c59000 	C:\WINDOWS\SYSTEM32\windows.storage.dll
0x00007ffbdb4c0000 - 0x00007ffbdb5b0000 	C:\WINDOWS\System32\SHCORE.dll
0x00007ffbdbdd0000 - 0x00007ffbdbe32000 	C:\WINDOWS\System32\shlwapi.dll
0x00007ffbd96f0000 - 0x00007ffbd9719000 	C:\WINDOWS\SYSTEM32\profapi.dll
0x00007ffba2330000 - 0x00007ffba2348000 	c:\Users\Kavis\.vscode\extensions\redhat.java-1.45.0-win32-x64\jre\21.0.8-win32-x86_64\bin\zip.dll
0x00007ffbc15c0000 - 0x00007ffbc15d0000 	C:\Users\Kavis\.vscode\extensions\redhat.java-1.45.0-win32-x64\jre\21.0.8-win32-x86_64\bin\net.dll
0x00007ffbd0520000 - 0x00007ffbd063f000 	C:\WINDOWS\SYSTEM32\WINHTTP.dll
0x00007ffbd8b30000 - 0x00007ffbd8b9b000 	C:\WINDOWS\system32\mswsock.dll
0x00007ffba2310000 - 0x00007ffba2326000 	C:\Users\Kavis\.vscode\extensions\redhat.java-1.45.0-win32-x64\jre\21.0.8-win32-x86_64\bin\nio.dll
0x00007ffbbf680000 - 0x00007ffbbf690000 	c:\Users\Kavis\.vscode\extensions\redhat.java-1.45.0-win32-x64\jre\21.0.8-win32-x86_64\bin\verify.dll
0x00007ffbc6640000 - 0x00007ffbc6684000 	C:\Users\Kavis\AppData\Roaming\Code\User\globalStorage\redhat.java\1.45.0\config_win\org.eclipse.equinox.launcher\org.eclipse.equinox.launcher.win32.win32.x86_64_1.2.1400.v20250801-0854\eclipse_11916.dll
0x00007ffbdb5e0000 - 0x00007ffbdb778000 	C:\WINDOWS\System32\ole32.dll
0x00007ffbd8dd0000 - 0x00007ffbd8deb000 	C:\WINDOWS\SYSTEM32\CRYPTSP.dll
0x00007ffbd8510000 - 0x00007ffbd854b000 	C:\WINDOWS\system32\rsaenh.dll
0x00007ffbd8bd0000 - 0x00007ffbd8bfb000 	C:\WINDOWS\SYSTEM32\USERENV.dll
0x00007ffbd96c0000 - 0x00007ffbd96e6000 	C:\WINDOWS\SYSTEM32\bcrypt.dll
0x00007ffbd8df0000 - 0x00007ffbd8dfc000 	C:\WINDOWS\SYSTEM32\CRYPTBASE.dll
0x00007ffbd7f80000 - 0x00007ffbd7fb4000 	C:\WINDOWS\SYSTEM32\IPHLPAPI.DLL
0x00007ffbdb4b0000 - 0x00007ffbdb4ba000 	C:\WINDOWS\System32\NSI.dll
0x00007ffb9b630000 - 0x00007ffb9b679000 	C:\Users\Kavis\AppData\Local\Temp\jna-72270570\jna4205004112498851391.dll
0x00007ffbdc0e0000 - 0x00007ffbdc0e8000 	C:\WINDOWS\System32\PSAPI.DLL
0x00007ffbd0950000 - 0x00007ffbd096e000 	C:\WINDOWS\SYSTEM32\dhcpcsvc6.DLL
0x00007ffbd08a0000 - 0x00007ffbd08c3000 	C:\WINDOWS\SYSTEM32\dhcpcsvc.DLL
0x00007ffbc6630000 - 0x00007ffbc663e000 	C:\Users\Kavis\.vscode\extensions\redhat.java-1.45.0-win32-x64\jre\21.0.8-win32-x86_64\bin\sunmscapi.dll
0x00007ffbd9a50000 - 0x00007ffbd9bc7000 	C:\WINDOWS\System32\CRYPT32.dll
0x00007ffbd8ff0000 - 0x00007ffbd9020000 	C:\WINDOWS\SYSTEM32\ncrypt.dll
0x00007ffbd8fa0000 - 0x00007ffbd8fdf000 	C:\WINDOWS\SYSTEM32\NTASN1.dll
0x00007ffbd8020000 - 0x00007ffbd8146000 	C:\WINDOWS\SYSTEM32\DNSAPI.dll
0x00007ffbce090000 - 0x00007ffbce09b000 	C:\Windows\System32\rasadhlp.dll
0x00007ffbd0b70000 - 0x00007ffbd0bf6000 	C:\WINDOWS\System32\fwpuclnt.dll
0x00007ffbc6620000 - 0x00007ffbc6629000 	C:\Users\Kavis\.vscode\extensions\redhat.java-1.45.0-win32-x64\jre\21.0.8-win32-x86_64\bin\extnet.dll
0x00007ffbc44d0000 - 0x00007ffbc44d8000 	C:\WINDOWS\system32\wshunix.dll

JVMTI agents:
c:\Users\Kavis\.vscode\extensions\redhat.java-1.45.0-win32-x64\lombok\lombok-1.18.39-4050.jar path:c:\Users\Kavis\.vscode\extensions\redhat.java-1.45.0-win32-x64\jre\21.0.8-win32-x86_64\bin\instrument.dll, loaded, initialized, instrumentlib options:none

dbghelp: loaded successfully - version: 4.0.5 - missing functions: none
symbol engine: initialized successfully - sym options: 0x614 - pdb path: .;c:\Users\Kavis\.vscode\extensions\redhat.java-1.45.0-win32-x64\jre\21.0.8-win32-x86_64\bin;C:\WINDOWS\SYSTEM32;C:\WINDOWS\WinSxS\amd64_microsoft.windows.common-controls_6595b64144ccf1df_6.0.26100.5074_none_3e0d6f78e32fd63f;c:\Users\Kavis\.vscode\extensions\redhat.java-1.45.0-win32-x64\jre\21.0.8-win32-x86_64\bin\server;C:\Users\Kavis\AppData\Roaming\Code\User\globalStorage\redhat.java\1.45.0\config_win\org.eclipse.equinox.launcher\org.eclipse.equinox.launcher.win32.win32.x86_64_1.2.1400.v20250801-0854;C:\Users\Kavis\AppData\Local\Temp\jna-72270570

VM Arguments:
jvm_args: --add-modules=ALL-SYSTEM --add-opens=java.base/java.util=ALL-UNNAMED --add-opens=java.base/java.lang=ALL-UNNAMED --add-opens=java.base/sun.nio.fs=ALL-UNNAMED -Declipse.application=org.eclipse.jdt.ls.core.id1 -Dosgi.bundles.defaultStartLevel=4 -Declipse.product=org.eclipse.jdt.ls.core.product -Djava.import.generatesMetadataFilesAtProjectRoot=false -DDetectVMInstallationsJob.disabled=true -Dfile.encoding=utf8 -XX:+UseParallelGC -XX:GCTimeRatio=4 -XX:AdaptiveSizePolicyWeight=90 -Dsun.zip.disableMemoryMapping=true -Xmx2G -Xms100m -Xlog:disable -javaagent:c:\Users\Kavis\.vscode\extensions\redhat.java-1.45.0-win32-x64\lombok\lombok-1.18.39-4050.jar -XX:+HeapDumpOnOutOfMemoryError -XX:HeapDumpPath=c:\Users\Kavis\AppData\Roaming\Code\User\workspaceStorage\ad1adb9262e567f18e865202dfb941a7\redhat.java -Daether.dependencyCollector.impl=bf 
java_command: c:\Users\Kavis\.vscode\extensions\redhat.java-1.45.0-win32-x64\server\plugins\org.eclipse.equinox.launcher_1.7.0.v20250519-0528.jar -configuration c:\Users\Kavis\AppData\Roaming\Code\User\globalStorage\redhat.java\1.45.0\config_win -data c:\Users\Kavis\AppData\Roaming\Code\User\workspaceStorage\ad1adb9262e567f18e865202dfb941a7\redhat.java\jdt_ws --pipe=\\.\pipe\lsp-4e361b53804de97953fb97544462fe63-sock
java_class_path (initial): c:\Users\Kavis\.vscode\extensions\redhat.java-1.45.0-win32-x64\server\plugins\org.eclipse.equinox.launcher_1.7.0.v20250519-0528.jar
Launcher Type: SUN_STANDARD

[Global flags]
    uintx AdaptiveSizePolicyWeight                 = 90                                        {product} {command line}
     intx CICompilerCount                          = 4                                         {product} {ergonomic}
    uintx GCTimeRatio                              = 4                                         {product} {command line}
     bool HeapDumpOnOutOfMemoryError               = true                                   {manageable} {command line}
    ccstr HeapDumpPath                             = c:\Users\Kavis\AppData\Roaming\Code\User\workspaceStorage\ad1adb9262e567f18e865202dfb941a7\redhat.java         {manageable} {command line}
   size_t InitialHeapSize                          = 104857600                                 {product} {command line}
   size_t MaxHeapSize                              = 2147483648                                {product} {command line}
   size_t MaxNewSize                               = 715653120                                 {product} {ergonomic}
   size_t MinHeapDeltaBytes                        = 524288                                    {product} {ergonomic}
   size_t MinHeapSize                              = 104857600                                 {product} {command line}
   size_t NewSize                                  = 34603008                                  {product} {ergonomic}
    uintx NonNMethodCodeHeapSize                   = 5839372                                {pd product} {ergonomic}
    uintx NonProfiledCodeHeapSize                  = 122909434                              {pd product} {ergonomic}
   size_t OldSize                                  = 70254592                                  {product} {ergonomic}
    uintx ProfiledCodeHeapSize                     = 122909434                              {pd product} {ergonomic}
    uintx ReservedCodeCacheSize                    = 251658240                              {pd product} {ergonomic}
     bool SegmentedCodeCache                       = true                                      {product} {ergonomic}
   size_t SoftMaxHeapSize                          = 2147483648                             {manageable} {ergonomic}
     bool UseCompressedOops                        = true                           {product lp64_product} {ergonomic}
     bool UseLargePagesIndividualAllocation        = false                                  {pd product} {ergonomic}
     bool UseParallelGC                            = true                                      {product} {command line}

Logging:
Log output configuration:
 #0: stdout all=off uptime,level,tags foldmultilines=false
 #1: stderr all=off uptime,level,tags foldmultilines=false

Environment Variables:
JAVA_HOME=C:\Program Files\Eclipse Adoptium\jdk-17.0.15.6-hotspot\
PATH=C:\Program Files\Eclipse Adoptium\jdk-21.0.8.9-hotspot\bin;C:\Python313\Scripts\;C:\Python313\;C:\Program Files\Eclipse Adoptium\jdk-17.0.15.6-hotspot\bin;C:\Program Files\Python312\Scripts\;C:\Program Files\Python312\;C:\WINDOWS\system32;C:\WINDOWS;C:\WINDOWS\System32\Wbem;C:\WINDOWS\System32\WindowsPowerShell\v1.0\;C:\WINDOWS\System32\OpenSSH\;C:\Program Files\dotnet\;C:\ProgramData\chocolatey\bin;C:\Program Files (x86)\NVIDIA Corporation\PhysX\Common;C:\Program Files\Microsoft\Web Platform Installer\;C:\Program Files (x86)\Microsoft ASP.NET\ASP.NET Web Pages\v1.0\;C:\Program Files\Microsoft SQL Server\110\Tools\Binn\;C:\Program Files\Microsoft SQL Server\120\Tools\Binn\;C:\Program Files\Microsoft SQL Server\130\Tools\Binn\;C:\Program Files\Git\cmd;C:\Program Files\Microsoft SQL Server\150\Tools\Binn\;C:\WINDOWS\system32;C:\WINDOWS;C:\WINDOWS\System32\Wbem;C:\WINDOWS\System32\WindowsPowerShell\v1.0\;C:\WINDOWS\System32\OpenSSH\;C:\Program Files\NVIDIA Corporation\NVIDIA App\NvDLISR;C:\Program Files\CMake\bin;C:\php;C:\Program Files (x86)\Windows Kits\10\Windows Performance Toolkit\;C:\ProgramData\chocolatey\lib\maven\apache-maven-3.9.10\bin;C:\Program Files\nodejs\;C:\Program Files\CodeBlocks\MinGW\bin;C:\NASM;C:\Program Files\Docker\Docker\resources\bin;C:\flutter\bin;C:\adb\platform-tools;C:\apache-cassandra-3.11.10\bin;C:\Program Files\MongoDB\Server\8.0\bin;C:\Program Files\Eclipse Adoptium\jdk-21.0.8.9-hotspot\bin;C:\Python313\Scripts\;C:\Python313\;C:\Program Files\Eclipse Adoptium\jdk-17.0.15.6-hotspot\bin;C:\Program Files\Python312\Scripts\;C:\Program Files\Python312\;C:\WINDOWS\system32;C:\WINDOWS;C:\WINDOWS\System32\Wbem;C:\WINDOWS\System32\WindowsPowerShell\v1.0\;C:\WINDOWS\System32\OpenSSH\;C:\Program Files\dotnet\;C:\ProgramData\chocolatey\bin;C:\Program Files (x86)\NVIDIA Corporation\PhysX\Common;C:\Program Files\Microsoft\Web Platform Installer\;C:\Program Files (x86)\Microsoft ASP.NET\ASP.NET Web Pages\v1.0\;C:\Program Files\Microsoft SQL Server\110\Tools\Binn\;C:\Program Files\Microsoft SQL Server\120\Tools\Binn\;C:\Program Files\Microsoft SQL Server\130\Tools\Binn\;C:\Program Files\Git\cmd;C:\Program Files\Microsoft SQL Server\150\Tools\Binn\;C:\WINDOWS\system32;C:\WINDOWS;C:\WINDOWS\System32\Wbem;C:\WINDOWS\System32\WindowsPowerShell\v1.0\;C:\WINDOWS\System32\OpenSSH\;C:\Program Files\NVIDIA Corporation\NVIDIA App\NvDLISR;C:\Program Files\CMake\bi
USERNAME=Kavis
OS=Windows_NT
PROCESSOR_IDENTIFIER=Intel64 Family 6 Model 154 Stepping 4, GenuineIntel
TMP=C:\Users\Kavis\AppData\Local\Temp
TEMP=C:\Users\Kavis\AppData\Local\Temp




Periodic native trim disabled

---------------  S Y S T E M  ---------------

OS:
 Windows 11 , 64 bit Build 26100 (10.0.26100.5074)
OS uptime: 0 days 18:06 hours
Hyper-V role detected

CPU: total 12 (initial active 12) (6 cores per cpu, 2 threads per core) family 6 model 154 stepping 4 microcode 0x423, cx8, cmov, fxsr, ht, mmx, 3dnowpref, sse, sse2, sse3, ssse3, sse4.1, sse4.2, popcnt, lzcnt, tsc, tscinvbit, avx, avx2, aes, erms, clmul, bmi1, bmi2, adx, sha, fma, vzeroupper, clflush, clflushopt, clwb, hv, serialize, rdtscp, rdpid, fsrm, f16c, cet_ibt, cet_ss
Processor Information for processor 0
  Max Mhz: 1300, Current Mhz: 1300, Mhz Limit: 1300
Processor Information for processor 1
  Max Mhz: 1300, Current Mhz: 1300, Mhz Limit: 1300
Processor Information for processor 2
  Max Mhz: 1300, Current Mhz: 1300, Mhz Limit: 1300
Processor Information for processor 3
  Max Mhz: 1300, Current Mhz: 1300, Mhz Limit: 1300
Processor Information for processor 4
  Max Mhz: 1300, Current Mhz: 900, Mhz Limit: 897
Processor Information for processor 5
  Max Mhz: 1300, Current Mhz: 900, Mhz Limit: 897
Processor Information for processor 6
  Max Mhz: 1300, Current Mhz: 900, Mhz Limit: 897
Processor Information for processor 7
  Max Mhz: 1300, Current Mhz: 900, Mhz Limit: 897
Processor Information for processor 8
  Max Mhz: 1300, Current Mhz: 900, Mhz Limit: 897
Processor Information for processor 9
  Max Mhz: 1300, Current Mhz: 900, Mhz Limit: 897
Processor Information for processor 10
  Max Mhz: 1300, Current Mhz: 900, Mhz Limit: 897
Processor Information for processor 11
  Max Mhz: 1300, Current Mhz: 900, Mhz Limit: 897

Memory: 4k page, system-wide physical 7896M (303M free)
TotalPageFile size 17896M (AvailPageFile size 91M)
current process WorkingSet (physical memory assigned to process): 16M, peak: 495M
current process commit charge ("private bytes"): 581M, peak: 592M

vm_info: OpenJDK 64-Bit Server VM (21.0.8+9-LTS) for windows-amd64 JRE (21.0.8+9-LTS), built on 2025-07-15T00:00:00Z by "admin" with MS VC++ 17.7 (VS2022)

END.
