#
# There is insufficient memory for the Java Runtime Environment to continue.
# Native memory allocation (malloc) failed to allocate 155072 bytes. Error detail: Chunk::new
# Possible reasons:
#   The system is out of physical RAM or swap space
#   This process is running with CompressedOops enabled, and the Java Heap may be blocking the growth of the native heap
# Possible solutions:
#   Reduce memory load on the system
#   Increase physical memory or swap space
#   Check if swap backing store is full
#   Decrease Java heap size (-Xmx/-Xms)
#   Decrease number of Java threads
#   Decrease Java thread stack sizes (-Xss)
#   Set larger code cache with -XX:ReservedCodeCacheSize=
#   JVM is running with Unscaled Compressed Oops mode in which the Java heap is
#     placed in the first 4GB address space. The Java Heap base address is the
#     maximum limit for the native heap growth. Please use -XX:HeapBaseMinAddress
#     to set the Java Heap base and to place the Java Heap above 4GB virtual address.
# This output file may be truncated or incomplete.
#
#  Out of Memory Error (arena.cpp:168), pid=18236, tid=3500
#
# JRE version: OpenJDK Runtime Environment Temurin-21.0.8+9 (21.0.8+9) (build 21.0.8+9-LTS)
# Java VM: OpenJDK 64-Bit Server VM Temurin-21.0.8+9 (21.0.8+9-LTS, mixed mode, sharing, tiered, compressed oops, compressed class ptrs, parallel gc, windows-amd64)
# No core dump will be written. Minidumps are not enabled by default on client versions of Windows
#

---------------  S U M M A R Y ------------

Command Line: --add-modules=ALL-SYSTEM --add-opens=java.base/java.util=ALL-UNNAMED --add-opens=java.base/java.lang=ALL-UNNAMED --add-opens=java.base/sun.nio.fs=ALL-UNNAMED -Declipse.application=org.eclipse.jdt.ls.core.id1 -Dosgi.bundles.defaultStartLevel=4 -Declipse.product=org.eclipse.jdt.ls.core.product -Djava.import.generatesMetadataFilesAtProjectRoot=false -DDetectVMInstallationsJob.disabled=true -Dfile.encoding=utf8 -XX:+UseParallelGC -XX:GCTimeRatio=4 -XX:AdaptiveSizePolicyWeight=90 -Dsun.zip.disableMemoryMapping=true -Xmx2G -Xms100m -Xlog:disable -javaagent:c:\Users\Kavis\.vscode\extensions\redhat.java-1.47.0-win32-x64\lombok\lombok-1.18.39-4050.jar c:\Users\Kavis\.vscode\extensions\redhat.java-1.47.0-win32-x64\server\plugins\org.eclipse.equinox.launcher_1.7.100.v20251014-1222.jar -configuration c:\Users\Kavis\AppData\Roaming\Code\User\globalStorage\redhat.java\1.47.0\config_ss_win -data c:\Users\Kavis\AppData\Roaming\Code\User\workspaceStorage\318f3cffa5916cf4185d389eb2ee9d1a\redhat.java\ss_ws --pipe=\\.\pipe\lsp-c1181ca6bec743b484e24aa4282ad646-sock

Host: 12th Gen Intel(R) Core(TM) i5-1235U, 12 cores, 7G,  Windows 11 , 64 bit Build 26100 (10.0.26100.6725)
Time: Mon Nov 10 00:03:56 2025 Sri Lanka Standard Time elapsed time: 9.325658 seconds (0d 0h 0m 9s)

---------------  T H R E A D  ---------------

Current thread (0x0000023aeb400aa0):  JavaThread "C2 CompilerThread2" daemon [_thread_in_native, id=3500, stack(0x0000006974d00000,0x0000006974e00000) (1024K)]


Current CompileTask:
C2:9325 1512       4       java.util.HashSet::add (20 bytes)

Stack: [0x0000006974d00000,0x0000006974e00000]
Native frames: (J=compiled Java code, j=interpreted, Vv=VM code, C=native code)
V  [jvm.dll+0x6d2449]
V  [jvm.dll+0x8ae341]
V  [jvm.dll+0x8b08be]
V  [jvm.dll+0x8b0fa3]
V  [jvm.dll+0x280c96]
V  [jvm.dll+0xc581d]
V  [jvm.dll+0xc5d53]
V  [jvm.dll+0x3b919c]
V  [jvm.dll+0x385315]
V  [jvm.dll+0x38477a]
V  [jvm.dll+0x248ed0]
V  [jvm.dll+0x2484af]
V  [jvm.dll+0x1c89ee]
V  [jvm.dll+0x257d4d]
V  [jvm.dll+0x2562ea]
V  [jvm.dll+0x3f2d16]
V  [jvm.dll+0x857e6b]
V  [jvm.dll+0x6d0b0d]
C  [ucrtbase.dll+0x37b0]
C  [KERNEL32.DLL+0x2e8d7]
C  [ntdll.dll+0x8c53c]


---------------  P R O C E S S  ---------------

Threads class SMR info:
_java_thread_list=0x0000023af1159ec0, length=14, elements={
0x0000023a92382ee0, 0x0000023a92426400, 0x0000023aa8e1d140, 0x0000023a924288d0,
0x0000023a924298d0, 0x0000023a9242bbb0, 0x0000023a9242fb70, 0x0000023a9243c2f0,
0x0000023aeb23d780, 0x0000023aeb3040a0, 0x0000023aeb574640, 0x0000023aec5c8c00,
0x0000023aeb400aa0, 0x0000023aec2e5900
}

Java Threads: ( => current thread )
  0x0000023a92382ee0 JavaThread "main"                              [_thread_in_Java, id=3368, stack(0x0000006973800000,0x0000006973900000) (1024K)]
  0x0000023a92426400 JavaThread "Reference Handler"          daemon [_thread_blocked, id=12984, stack(0x0000006973c00000,0x0000006973d00000) (1024K)]
  0x0000023aa8e1d140 JavaThread "Finalizer"                  daemon [_thread_blocked, id=19196, stack(0x0000006973d00000,0x0000006973e00000) (1024K)]
  0x0000023a924288d0 JavaThread "Signal Dispatcher"          daemon [_thread_blocked, id=18880, stack(0x0000006973e00000,0x0000006973f00000) (1024K)]
  0x0000023a924298d0 JavaThread "Attach Listener"            daemon [_thread_blocked, id=10040, stack(0x0000006973f00000,0x0000006974000000) (1024K)]
  0x0000023a9242bbb0 JavaThread "Service Thread"             daemon [_thread_blocked, id=18796, stack(0x0000006974000000,0x0000006974100000) (1024K)]
  0x0000023a9242fb70 JavaThread "Monitor Deflation Thread"   daemon [_thread_blocked, id=7288, stack(0x0000006974100000,0x0000006974200000) (1024K)]
  0x0000023a9243c2f0 JavaThread "C2 CompilerThread0"         daemon [_thread_in_native, id=10412, stack(0x0000006974200000,0x0000006974300000) (1024K)]
  0x0000023aeb23d780 JavaThread "C1 CompilerThread0"         daemon [_thread_blocked, id=12580, stack(0x0000006974300000,0x0000006974400000) (1024K)]
  0x0000023aeb3040a0 JavaThread "Common-Cleaner"             daemon [_thread_blocked, id=20132, stack(0x0000006974400000,0x0000006974500000) (1024K)]
  0x0000023aeb574640 JavaThread "Notification Thread"        daemon [_thread_blocked, id=1976, stack(0x0000006974600000,0x0000006974700000) (1024K)]
  0x0000023aec5c8c00 JavaThread "C2 CompilerThread1"         daemon [_thread_in_native, id=16224, stack(0x0000006974500000,0x0000006974600000) (1024K)]
=>0x0000023aeb400aa0 JavaThread "C2 CompilerThread2"         daemon [_thread_in_native, id=3500, stack(0x0000006974d00000,0x0000006974e00000) (1024K)]
  0x0000023aec2e5900 JavaThread "Active Thread: Equinox Container: 5699317b-436f-446b-9baa-f520abf71a73"        [_thread_blocked, id=4840, stack(0x0000006974e00000,0x0000006974f00000) (1024K)]
Total: 14

Other Threads:
  0x0000023a92421b20 VMThread "VM Thread"                           [id=19672, stack(0x0000006973b00000,0x0000006973c00000) (1024K)]
  0x0000023aa8cfca00 WatcherThread "VM Periodic Task Thread"        [id=8816, stack(0x0000006973a00000,0x0000006973b00000) (1024K)]
  0x0000023a923a0bb0 WorkerThread "GC Thread#0"                     [id=6016, stack(0x0000006973900000,0x0000006973a00000) (1024K)]
  0x0000023aec270aa0 WorkerThread "GC Thread#1"                     [id=15132, stack(0x0000006974700000,0x0000006974800000) (1024K)]
  0x0000023aec270e40 WorkerThread "GC Thread#2"                     [id=19172, stack(0x0000006974800000,0x0000006974900000) (1024K)]
  0x0000023aec63adb0 WorkerThread "GC Thread#3"                     [id=19776, stack(0x0000006974900000,0x0000006974a00000) (1024K)]
  0x0000023aec63b150 WorkerThread "GC Thread#4"                     [id=15116, stack(0x0000006974a00000,0x0000006974b00000) (1024K)]
  0x0000023aec62e030 WorkerThread "GC Thread#5"                     [id=11988, stack(0x0000006974b00000,0x0000006974c00000) (1024K)]
  0x0000023aec62d1b0 WorkerThread "GC Thread#6"                     [id=4472, stack(0x0000006974c00000,0x0000006974d00000) (1024K)]
Total: 9

Threads with active compile tasks:
C2 CompilerThread0  9343 1537       4       java.util.HashMap::getNode (150 bytes)
C2 CompilerThread2  9344 1512       4       java.util.HashSet::add (20 bytes)
Total: 2

VM state: not at safepoint (normal execution)

VM Mutex/Monitor currently owned by a thread: None

Heap address: 0x0000000080000000, size: 2048 MB, Compressed Oops mode: 32-bit

CDS archive(s) mapped at: [0x0000023aa9000000-0x0000023aa9ba0000-0x0000023aa9ba0000), size 12189696, SharedBaseAddress: 0x0000023aa9000000, ArchiveRelocationMode: 1.
Compressed class space mapped at: 0x0000023aaa000000-0x0000023aea000000, reserved size: 1073741824
Narrow klass base: 0x0000023aa9000000, Narrow klass shift: 0, Narrow klass range: 0x100000000

GC Precious Log:
 CardTable entry size: 512
 CPUs: 12 total, 12 available
 Memory: 7896M
 Large Page Support: Disabled
 NUMA Support: Disabled
 Compressed Oops: Enabled (32-bit)
 Alignments: Space 512K, Generation 512K, Heap 2M
 Heap Min Capacity: 100M
 Heap Initial Capacity: 100M
 Heap Max Capacity: 2G
 Pre-touch: Disabled
 Parallel Workers: 10

Heap:
 PSYoungGen      total 29696K, used 20324K [0x00000000d5580000, 0x00000000d7680000, 0x0000000100000000)
  eden space 25600K, 66% used [0x00000000d5580000,0x00000000d6617550,0x00000000d6e80000)
  from space 4096K, 81% used [0x00000000d6e80000,0x00000000d71c1e98,0x00000000d7280000)
  to   space 4096K, 0% used [0x00000000d7280000,0x00000000d7280000,0x00000000d7680000)
 ParOldGen       total 68608K, used 16K [0x0000000080000000, 0x0000000084300000, 0x00000000d5580000)
  object space 68608K, 0% used [0x0000000080000000,0x0000000080004000,0x0000000084300000)
 Metaspace       used 6961K, committed 7232K, reserved 1114112K
  class space    used 716K, committed 832K, reserved 1048576K

Card table byte_map: [0x0000023a91d30000,0x0000023a92140000] _byte_map_base: 0x0000023a91930000

Marking Bits: (ParMarkBitMap*) 0x00007ffbf6ffa340
 Begin Bits: [0x0000023aa4820000, 0x0000023aa6820000)
 End Bits:   [0x0000023aa6820000, 0x0000023aa8820000)

Polling page: 0x0000023a90370000

Metaspace:

Usage:
  Non-class:      6.10 MB used.
      Class:    716.61 KB used.
       Both:      6.80 MB used.

Virtual space:
  Non-class space:       64.00 MB reserved,       6.25 MB ( 10%) committed,  1 nodes.
      Class space:        1.00 GB reserved,     832.00 KB ( <1%) committed,  1 nodes.
             Both:        1.06 GB reserved,       7.06 MB ( <1%) committed. 

Chunk freelists:
   Non-Class:  9.45 MB
       Class:  15.01 MB
        Both:  24.47 MB

MaxMetaspaceSize: unlimited
CompressedClassSpaceSize: 1.00 GB
Initial GC threshold: 21.00 MB
Current GC threshold: 21.00 MB
CDS: on
 - commit_granule_bytes: 65536.
 - commit_granule_words: 8192.
 - virtual_space_node_default_size: 8388608.
 - enlarge_chunks_in_place: 1.
 - use_allocation_guard: 0.


Internal statistics:

num_allocs_failed_limit: 0.
num_arena_births: 212.
num_arena_deaths: 0.
num_vsnodes_births: 2.
num_vsnodes_deaths: 0.
num_space_committed: 113.
num_space_uncommitted: 0.
num_chunks_returned_to_freelist: 0.
num_chunks_taken_from_freelist: 365.
num_chunk_merges: 0.
num_chunk_splits: 238.
num_chunks_enlarged: 152.
num_inconsistent_stats: 0.

CodeHeap 'non-profiled nmethods': size=120000Kb used=648Kb max_used=648Kb free=119351Kb
 bounds [0x0000023a9d040000, 0x0000023a9d2b0000, 0x0000023aa4570000]
CodeHeap 'profiled nmethods': size=120000Kb used=2649Kb max_used=2649Kb free=117350Kb
 bounds [0x0000023a95570000, 0x0000023a95810000, 0x0000023a9caa0000]
CodeHeap 'non-nmethods': size=5760Kb used=1211Kb max_used=1236Kb free=4548Kb
 bounds [0x0000023a9caa0000, 0x0000023a9cd10000, 0x0000023a9d040000]
CodeCache: size=245760Kb, used=4508Kb, max_used=4533Kb, free=241249Kb
 total_blobs=2012, nmethods=1534, adapters=385, full_count=0
Compilation: enabled, stopped_count=0, restarted_count=0

Compilation events (20 events):
Event: 6.283 Thread 0x0000023aeb23d780 1511       1       java.util.stream.AbstractPipeline::getStreamAndOpFlags (5 bytes)
Event: 6.283 Thread 0x0000023aeb400aa0 1512       4       java.util.HashSet::add (20 bytes)
Event: 6.283 Thread 0x0000023aeb23d780 nmethod 1511 0x0000023a9d0dfc10 code [0x0000023a9d0dfda0, 0x0000023a9d0dfe68]
Event: 6.283 Thread 0x0000023aeb23d780 1513       3       java.util.stream.ForEachOps$ForEachOp$OfRef::accept (11 bytes)
Event: 6.283 Thread 0x0000023aeb23d780 nmethod 1513 0x0000023a957f8810 code [0x0000023a957f89c0, 0x0000023a957f8b98]
Event: 6.284 Thread 0x0000023aeb23d780 1514       3       java.util.HashMap::remove (26 bytes)
Event: 6.284 Thread 0x0000023aeb23d780 nmethod 1514 0x0000023a957f8c90 code [0x0000023a957f8e60, 0x0000023a957f91c8]
Event: 6.284 Thread 0x0000023aeb23d780 1515       3       java.util.HashMap::removeNode (291 bytes)
Event: 6.284 Thread 0x0000023aeb23d780 nmethod 1515 0x0000023a957f9310 code [0x0000023a957f95a0, 0x0000023a957fa748]
Event: 6.284 Thread 0x0000023aeb23d780 1516       3       java.lang.SecurityManager$$Lambda/0x0000023aaa0c4f48::accept (8 bytes)
Event: 6.284 Thread 0x0000023aeb23d780 nmethod 1516 0x0000023a957fab90 code [0x0000023a957fad60, 0x0000023a957fb070]
Event: 6.284 Thread 0x0000023aeb23d780 1519       3       java.lang.SecurityManager::lambda$addNonExportedPackages$1 (14 bytes)
Event: 6.284 Thread 0x0000023aeb23d780 nmethod 1519 0x0000023a957fb190 code [0x0000023a957fb340, 0x0000023a957fb4f0]
Event: 6.284 Thread 0x0000023aeb23d780 1517       3       java.util.stream.AbstractPipeline::<init> (91 bytes)
Event: 6.285 Thread 0x0000023aeb23d780 nmethod 1517 0x0000023a957fb610 code [0x0000023a957fb800, 0x0000023a957fbda0]
Event: 6.285 Thread 0x0000023aeb23d780 1518       1       java.util.ImmutableCollections$SetN::size (5 bytes)
Event: 6.285 Thread 0x0000023aeb23d780 nmethod 1518 0x0000023a9d0dff10 code [0x0000023a9d0e00a0, 0x0000023a9d0e0168]
Event: 6.285 Thread 0x0000023aec5c8c00 1520   !   4       lombok.patcher.ScriptManager$OurClassFileTransformer::transform (473 bytes)
Event: 6.286 Thread 0x0000023a9243c2f0 1521       4       lombok.patcher.scripts.AddFieldScript::patch (55 bytes)
Event: 7.319 Thread 0x0000023aeb23d780 1522       3       java.lang.invoke.MemberName::<init> (50 bytes)

GC Heap History (2 events):
Event: 1.612 GC heap before
{Heap before GC invocations=1 (full 0):
 PSYoungGen      total 29696K, used 25600K [0x00000000d5580000, 0x00000000d7680000, 0x0000000100000000)
  eden space 25600K, 100% used [0x00000000d5580000,0x00000000d6e80000,0x00000000d6e80000)
  from space 4096K, 0% used [0x00000000d7280000,0x00000000d7280000,0x00000000d7680000)
  to   space 4096K, 0% used [0x00000000d6e80000,0x00000000d6e80000,0x00000000d7280000)
 ParOldGen       total 68608K, used 0K [0x0000000080000000, 0x0000000084300000, 0x00000000d5580000)
  object space 68608K, 0% used [0x0000000080000000,0x0000000080000000,0x0000000084300000)
 Metaspace       used 4334K, committed 4608K, reserved 1114112K
  class space    used 472K, committed 576K, reserved 1048576K
}
Event: 1.627 GC heap after
{Heap after GC invocations=1 (full 0):
 PSYoungGen      total 29696K, used 3335K [0x00000000d5580000, 0x00000000d7680000, 0x0000000100000000)
  eden space 25600K, 0% used [0x00000000d5580000,0x00000000d5580000,0x00000000d6e80000)
  from space 4096K, 81% used [0x00000000d6e80000,0x00000000d71c1e98,0x00000000d7280000)
  to   space 4096K, 0% used [0x00000000d7280000,0x00000000d7280000,0x00000000d7680000)
 ParOldGen       total 68608K, used 16K [0x0000000080000000, 0x0000000084300000, 0x00000000d5580000)
  object space 68608K, 0% used [0x0000000080000000,0x0000000080004000,0x0000000084300000)
 Metaspace       used 4334K, committed 4608K, reserved 1114112K
  class space    used 472K, committed 576K, reserved 1048576K
}

Dll operation events (8 events):
Event: 0.022 Loaded shared library c:\Users\Kavis\.vscode\extensions\redhat.java-1.47.0-win32-x64\jre\21.0.8-win32-x86_64\bin\java.dll
Event: 0.151 Loaded shared library c:\Users\Kavis\.vscode\extensions\redhat.java-1.47.0-win32-x64\jre\21.0.8-win32-x86_64\bin\zip.dll
Event: 0.187 Loaded shared library C:\Users\Kavis\.vscode\extensions\redhat.java-1.47.0-win32-x64\jre\21.0.8-win32-x86_64\bin\instrument.dll
Event: 0.194 Loaded shared library C:\Users\Kavis\.vscode\extensions\redhat.java-1.47.0-win32-x64\jre\21.0.8-win32-x86_64\bin\net.dll
Event: 0.199 Loaded shared library C:\Users\Kavis\.vscode\extensions\redhat.java-1.47.0-win32-x64\jre\21.0.8-win32-x86_64\bin\nio.dll
Event: 0.206 Loaded shared library C:\Users\Kavis\.vscode\extensions\redhat.java-1.47.0-win32-x64\jre\21.0.8-win32-x86_64\bin\zip.dll
Event: 0.238 Loaded shared library C:\Users\Kavis\.vscode\extensions\redhat.java-1.47.0-win32-x64\jre\21.0.8-win32-x86_64\bin\jimage.dll
Event: 0.406 Loaded shared library c:\Users\Kavis\.vscode\extensions\redhat.java-1.47.0-win32-x64\jre\21.0.8-win32-x86_64\bin\verify.dll

Deoptimization events (20 events):
Event: 3.101 Thread 0x0000023a92382ee0 DEOPT PACKING pc=0x0000023a9560e08d sp=0x00000069738f4440
Event: 3.101 Thread 0x0000023a92382ee0 DEOPT UNPACKING pc=0x0000023a9caf4242 sp=0x00000069738f38f0 mode 0
Event: 3.105 Thread 0x0000023a92382ee0 DEOPT PACKING pc=0x0000023a9560e08d sp=0x00000069738f4440
Event: 3.105 Thread 0x0000023a92382ee0 DEOPT UNPACKING pc=0x0000023a9caf4242 sp=0x00000069738f38f0 mode 0
Event: 4.136 Thread 0x0000023a92382ee0 DEOPT PACKING pc=0x0000023a9560e08d sp=0x00000069738f7f00
Event: 4.136 Thread 0x0000023a92382ee0 DEOPT UNPACKING pc=0x0000023a9caf4242 sp=0x00000069738f73b0 mode 0
Event: 4.144 Thread 0x0000023a92382ee0 DEOPT PACKING pc=0x0000023a9560e08d sp=0x00000069738f7ec0
Event: 4.144 Thread 0x0000023a92382ee0 DEOPT UNPACKING pc=0x0000023a9caf4242 sp=0x00000069738f7370 mode 0
Event: 4.151 Thread 0x0000023a92382ee0 DEOPT PACKING pc=0x0000023a9560e08d sp=0x00000069738f40f0
Event: 4.151 Thread 0x0000023a92382ee0 DEOPT UNPACKING pc=0x0000023a9caf4242 sp=0x00000069738f35a0 mode 0
Event: 4.156 Thread 0x0000023a92382ee0 DEOPT PACKING pc=0x0000023a9560e08d sp=0x00000069738f7a90
Event: 4.156 Thread 0x0000023a92382ee0 DEOPT UNPACKING pc=0x0000023a9caf4242 sp=0x00000069738f6f40 mode 0
Event: 6.272 Thread 0x0000023a92382ee0 Uncommon trap: trap_request=0xffffff45 fr.pc=0x0000023a9d0b9a4c relative=0x00000000000000ac
Event: 6.272 Thread 0x0000023a92382ee0 Uncommon trap: reason=unstable_if action=reinterpret pc=0x0000023a9d0b9a4c method=java.util.concurrent.locks.ReentrantLock$NonfairSync.initialTryLock()Z @ 10 c2
Event: 6.272 Thread 0x0000023a92382ee0 DEOPT PACKING pc=0x0000023a9d0b9a4c sp=0x00000069738feb30
Event: 6.273 Thread 0x0000023a92382ee0 DEOPT UNPACKING pc=0x0000023a9caf3aa2 sp=0x00000069738feac0 mode 2
Event: 6.273 Thread 0x0000023a92382ee0 Uncommon trap: trap_request=0xffffff45 fr.pc=0x0000023a9d0b85b4 relative=0x0000000000000094
Event: 6.273 Thread 0x0000023a92382ee0 Uncommon trap: reason=unstable_if action=reinterpret pc=0x0000023a9d0b85b4 method=java.util.concurrent.locks.ReentrantLock$Sync.tryRelease(I)Z @ 26 c2
Event: 6.273 Thread 0x0000023a92382ee0 DEOPT PACKING pc=0x0000023a9d0b85b4 sp=0x00000069738fec00
Event: 6.273 Thread 0x0000023a92382ee0 DEOPT UNPACKING pc=0x0000023a9caf3aa2 sp=0x00000069738feb80 mode 2

Classes loaded (20 events):
Event: 6.286 Loading class java/util/concurrent/ScheduledThreadPoolExecutor$DelayedWorkQueue
Event: 6.286 Loading class java/util/concurrent/ScheduledThreadPoolExecutor$DelayedWorkQueue done
Event: 6.286 Loading class java/util/concurrent/RunnableScheduledFuture
Event: 6.286 Loading class java/util/concurrent/RunnableFuture
Event: 6.286 Loading class java/util/concurrent/RunnableFuture done
Event: 6.286 Loading class java/util/concurrent/ScheduledFuture
Event: 6.286 Loading class java/util/concurrent/Delayed
Event: 6.286 Loading class java/util/concurrent/Delayed done
Event: 6.286 Loading class java/util/concurrent/ScheduledFuture done
Event: 6.286 Loading class java/util/concurrent/RunnableScheduledFuture done
Event: 6.287 Loading class java/util/concurrent/ScheduledThreadPoolExecutor$ScheduledFutureTask
Event: 6.287 Loading class java/util/concurrent/FutureTask
Event: 6.288 Loading class java/util/concurrent/FutureTask done
Event: 6.288 Loading class java/util/concurrent/ScheduledThreadPoolExecutor$ScheduledFutureTask done
Event: 6.288 Loading class java/util/concurrent/FutureTask$WaitNode
Event: 6.288 Loading class java/util/concurrent/FutureTask$WaitNode done
Event: 6.288 Loading class java/util/concurrent/Executors$RunnableAdapter
Event: 6.288 Loading class java/util/concurrent/Executors$RunnableAdapter done
Event: 6.288 Loading class java/util/concurrent/ThreadPoolExecutor$Worker
Event: 6.288 Loading class java/util/concurrent/ThreadPoolExecutor$Worker done

Classes unloaded (0 events):
No events

Classes redefined (0 events):
No events

Internal exceptions (20 events):
Event: 1.114 Thread 0x0000023a92382ee0 Exception <a 'java/lang/NoSuchMethodError'{0x00000000d653c1d0}: 'java.lang.Object java.lang.invoke.DirectMethodHandle$Holder.invokeInterface(java.lang.Object, java.lang.Object)'> (0x00000000d653c1d0) 
thrown [s\src\hotspot\share\interpreter\linkResolver.cpp, line 773]
Event: 1.123 Thread 0x0000023a92382ee0 Exception <a 'java/lang/NoSuchMethodError'{0x00000000d654fcc0}: 'java.lang.Object java.lang.invoke.Invokers$Holder.invokeExact_MT(java.lang.Object, java.lang.Object, java.lang.Object, java.lang.Object, java.lang.Object, java.lang.Object)'> (0x00000000d654fcc0) 
thrown [s\src\hotspot\share\interpreter\linkResolver.cpp, line 773]
Event: 1.132 Thread 0x0000023a92382ee0 Exception <a 'java/lang/NoSuchMethodError'{0x00000000d6566f18}: 'int java.lang.invoke.DirectMethodHandle$Holder.invokeStatic(java.lang.Object, java.lang.Object, java.lang.Object, java.lang.Object, java.lang.Object)'> (0x00000000d6566f18) 
thrown [s\src\hotspot\share\interpreter\linkResolver.cpp, line 773]
Event: 1.199 Thread 0x0000023a92382ee0 Exception <a 'java/lang/NoSuchMethodError'{0x00000000d65fde10}: 'java.lang.Object java.lang.invoke.DirectMethodHandle$Holder.invokeInterface(java.lang.Object, java.lang.Object, int)'> (0x00000000d65fde10) 
thrown [s\src\hotspot\share\interpreter\linkResolver.cpp, line 773]
Event: 1.483 Thread 0x0000023a92382ee0 Exception <a 'java/lang/NoSuchMethodError'{0x00000000d6a6b8e0}: 'java.lang.ClassLoader java.lang.ClassLoader.getPlatformClassLoader(java.lang.Class)'> (0x00000000d6a6b8e0) 
thrown [s\src\hotspot\share\interpreter\linkResolver.cpp, line 773]
Event: 1.633 Thread 0x0000023a92382ee0 Exception <a 'java/lang/ClassNotFoundException'{0x00000000d5588518}: sun/net/www/protocol/c/Handler> (0x00000000d5588518) 
thrown [s\src\hotspot\share\classfile\systemDictionary.cpp, line 312]
Event: 1.635 Thread 0x0000023a92382ee0 Exception <a 'java/lang/ClassNotFoundException'{0x00000000d55898a0}: sun/net/www/protocol/c/Handler> (0x00000000d55898a0) 
thrown [s\src\hotspot\share\classfile\systemDictionary.cpp, line 312]
Event: 1.636 Thread 0x0000023a92382ee0 Exception <a 'java/lang/ClassNotFoundException'{0x00000000d558aa60}: sun/net/www/protocol/c/Handler> (0x00000000d558aa60) 
thrown [s\src\hotspot\share\classfile\systemDictionary.cpp, line 312]
Event: 1.658 Thread 0x0000023a92382ee0 Exception <a 'java/io/FileNotFoundException'{0x00000000d55af530}> (0x00000000d55af530) 
thrown [s\src\hotspot\share\prims\jni.cpp, line 520]
Event: 1.742 Thread 0x0000023a92382ee0 Implicit null exception at 0x0000023a9d0a26c9 to 0x0000023a9d0a303c
Event: 1.743 Thread 0x0000023a92382ee0 Implicit null exception at 0x0000023a9d09c79a to 0x0000023a9d09c9a0
Event: 1.744 Thread 0x0000023a92382ee0 Exception <a 'java/lang/NoSuchMethodError'{0x00000000d579f770}: 'void java.lang.invoke.DirectMethodHandle$Holder.invokeStatic(java.lang.Object, java.lang.Object, java.lang.Object, java.lang.Object)'> (0x00000000d579f770) 
thrown [s\src\hotspot\share\interpreter\linkResolver.cpp, line 773]
Event: 1.747 Thread 0x0000023a92382ee0 Implicit null exception at 0x0000023a9d09f99a to 0x0000023a9d09fba4
Event: 1.747 Thread 0x0000023a92382ee0 Implicit null exception at 0x0000023a9d0989bd to 0x0000023a9d098a41
Event: 1.923 Thread 0x0000023a92382ee0 Exception <a 'java/lang/NoSuchMethodError'{0x00000000d5a15968}: 'void java.lang.invoke.DirectMethodHandle$Holder.invokeSpecial(java.lang.Object, java.lang.Object, java.lang.Object)'> (0x00000000d5a15968) 
thrown [s\src\hotspot\share\interpreter\linkResolver.cpp, line 773]
Event: 6.256 Thread 0x0000023a92382ee0 Exception <a 'java/lang/NoSuchMethodError'{0x00000000d62c3438}: 'int java.lang.invoke.DirectMethodHandle$Holder.invokeVirtual(java.lang.Object, java.lang.Object)'> (0x00000000d62c3438) 
thrown [s\src\hotspot\share\interpreter\linkResolver.cpp, line 773]
Event: 6.281 Thread 0x0000023a92382ee0 Exception <a 'java/lang/NoSuchMethodError'{0x00000000d64380a8}: 'int java.lang.invoke.DirectMethodHandle$Holder.invokeStaticInit(java.lang.Object, java.lang.Object, java.lang.Object, java.lang.Object)'> (0x00000000d64380a8) 
thrown [s\src\hotspot\share\interpreter\linkResolver.cpp, line 773]
Event: 6.281 Thread 0x0000023a92382ee0 Exception <a 'java/lang/IncompatibleClassChangeError'{0x00000000d6440530}: Found class java.lang.Object, but interface was expected> (0x00000000d6440530) 
thrown [s\src\hotspot\share\interpreter\linkResolver.cpp, line 840]
Event: 6.281 Thread 0x0000023a92382ee0 Exception <a 'java/lang/NoSuchMethodError'{0x00000000d6446b40}: 'void java.lang.invoke.DirectMethodHandle$Holder.invokeStaticInit(java.lang.Object, java.lang.Object)'> (0x00000000d6446b40) 
thrown [s\src\hotspot\share\interpreter\linkResolver.cpp, line 773]
Event: 6.282 Thread 0x0000023a92382ee0 Exception <a 'java/lang/NoSuchMethodError'{0x00000000d6450218}: 'int java.lang.invoke.DirectMethodHandle$Holder.invokeStaticInit(java.lang.Object, java.lang.Object)'> (0x00000000d6450218) 
thrown [s\src\hotspot\share\interpreter\linkResolver.cpp, line 773]

ZGC Phase Switch (0 events):
No events

VM Operations (20 events):
Event: 0.264 Executing VM operation: HandshakeAllThreads (Deoptimize)
Event: 0.264 Executing VM operation: HandshakeAllThreads (Deoptimize) done
Event: 0.972 Executing VM operation: HandshakeAllThreads (Deoptimize)
Event: 0.972 Executing VM operation: HandshakeAllThreads (Deoptimize) done
Event: 1.012 Executing VM operation: HandshakeAllThreads (Deoptimize)
Event: 1.012 Executing VM operation: HandshakeAllThreads (Deoptimize) done
Event: 1.564 Executing VM operation: ICBufferFull
Event: 1.564 Executing VM operation: ICBufferFull done
Event: 1.612 Executing VM operation: ParallelGCFailedAllocation (Allocation Failure)
Event: 1.627 Executing VM operation: ParallelGCFailedAllocation (Allocation Failure) done
Event: 2.638 Executing VM operation: Cleanup
Event: 3.012 Executing VM operation: Cleanup done
Event: 4.019 Executing VM operation: Cleanup
Event: 4.129 Executing VM operation: Cleanup done
Event: 5.138 Executing VM operation: Cleanup
Event: 5.138 Executing VM operation: Cleanup done
Event: 6.150 Executing VM operation: Cleanup
Event: 6.150 Executing VM operation: Cleanup done
Event: 7.163 Executing VM operation: Cleanup
Event: 7.319 Executing VM operation: Cleanup done

Memory protections (0 events):
No events

Nmethod flushes (0 events):
No events

Events (16 events):
Event: 0.055 Thread 0x0000023a92382ee0 Thread added: 0x0000023a92382ee0
Event: 0.087 Thread 0x0000023a92382ee0 Thread added: 0x0000023a92426400
Event: 0.088 Thread 0x0000023a92382ee0 Thread added: 0x0000023aa8e1d140
Event: 0.088 Thread 0x0000023a92382ee0 Thread added: 0x0000023a924288d0
Event: 0.088 Thread 0x0000023a92382ee0 Thread added: 0x0000023a924298d0
Event: 0.089 Thread 0x0000023a92382ee0 Thread added: 0x0000023a9242bbb0
Event: 0.089 Thread 0x0000023a92382ee0 Thread added: 0x0000023a9242fb70
Event: 0.089 Thread 0x0000023a92382ee0 Thread added: 0x0000023a9243c2f0
Event: 0.089 Thread 0x0000023a92382ee0 Thread added: 0x0000023aeb23d780
Event: 0.134 Thread 0x0000023a92382ee0 Thread added: 0x0000023aeb3040a0
Event: 0.166 Thread 0x0000023aeb23d780 Thread added: 0x0000023aeb400aa0
Event: 0.611 Thread 0x0000023a92382ee0 Thread added: 0x0000023aeb574640
Event: 3.014 Thread 0x0000023aeb400aa0 Thread exited: 0x0000023aeb400aa0
Event: 3.038 Thread 0x0000023aeb23d780 Thread added: 0x0000023aec5c8c00
Event: 3.042 Thread 0x0000023aeb23d780 Thread added: 0x0000023aeb400aa0
Event: 6.288 Thread 0x0000023a92382ee0 Thread added: 0x0000023aec2e5900


Dynamic libraries:
0x00007ff7f2b70000 - 0x00007ff7f2b7e000 	c:\Users\Kavis\.vscode\extensions\redhat.java-1.47.0-win32-x64\jre\21.0.8-win32-x86_64\bin\java.exe
0x00007ffc54bc0000 - 0x00007ffc54e28000 	C:\WINDOWS\SYSTEM32\ntdll.dll
0x00007ffc53330000 - 0x00007ffc533f9000 	C:\WINDOWS\System32\KERNEL32.DLL
0x00007ffc52410000 - 0x00007ffc52802000 	C:\WINDOWS\System32\KERNELBASE.dll
0x00007ffc51f40000 - 0x00007ffc5208b000 	C:\WINDOWS\System32\ucrtbase.dll
0x00007ffc49a90000 - 0x00007ffc49aae000 	c:\Users\Kavis\.vscode\extensions\redhat.java-1.47.0-win32-x64\jre\21.0.8-win32-x86_64\bin\VCRUNTIME140.dll
0x00007ffc4cbd0000 - 0x00007ffc4cbe8000 	c:\Users\Kavis\.vscode\extensions\redhat.java-1.47.0-win32-x64\jre\21.0.8-win32-x86_64\bin\jli.dll
0x00007ffc543e0000 - 0x00007ffc545a5000 	C:\WINDOWS\System32\USER32.dll
0x00007ffc51d50000 - 0x00007ffc51d77000 	C:\WINDOWS\System32\win32u.dll
0x00007ffc31be0000 - 0x00007ffc31e73000 	C:\WINDOWS\WinSxS\amd64_microsoft.windows.common-controls_6595b64144ccf1df_6.0.26100.6899_none_3e0efeeae32e88c1\COMCTL32.dll
0x00007ffc536b0000 - 0x00007ffc536db000 	C:\WINDOWS\System32\GDI32.dll
0x00007ffc536e0000 - 0x00007ffc53789000 	C:\WINDOWS\System32\msvcrt.dll
0x00007ffc51d80000 - 0x00007ffc51ead000 	C:\WINDOWS\System32\gdi32full.dll
0x00007ffc521f0000 - 0x00007ffc52293000 	C:\WINDOWS\System32\msvcp_win.dll
0x00007ffc53590000 - 0x00007ffc535bf000 	C:\WINDOWS\System32\IMM32.DLL
0x00007ffc4e820000 - 0x00007ffc4e82c000 	c:\Users\Kavis\.vscode\extensions\redhat.java-1.47.0-win32-x64\jre\21.0.8-win32-x86_64\bin\vcruntime140_1.dll
0x00007ffc17290000 - 0x00007ffc1731d000 	c:\Users\Kavis\.vscode\extensions\redhat.java-1.47.0-win32-x64\jre\21.0.8-win32-x86_64\bin\msvcp140.dll
0x00007ffbf6340000 - 0x00007ffbf70d7000 	c:\Users\Kavis\.vscode\extensions\redhat.java-1.47.0-win32-x64\jre\21.0.8-win32-x86_64\bin\server\jvm.dll
0x00007ffc52b20000 - 0x00007ffc52bd4000 	C:\WINDOWS\System32\ADVAPI32.dll
0x00007ffc53f70000 - 0x00007ffc54016000 	C:\WINDOWS\System32\sechost.dll
0x00007ffc52a00000 - 0x00007ffc52b18000 	C:\WINDOWS\System32\RPCRT4.dll
0x00007ffc53790000 - 0x00007ffc53804000 	C:\WINDOWS\System32\WS2_32.dll
0x00007ffc51bb0000 - 0x00007ffc51c0e000 	C:\WINDOWS\SYSTEM32\POWRPROF.dll
0x00007ffc41050000 - 0x00007ffc41085000 	C:\WINDOWS\SYSTEM32\WINMM.dll
0x00007ffc4c970000 - 0x00007ffc4c97b000 	C:\WINDOWS\SYSTEM32\VERSION.dll
0x00007ffc51b90000 - 0x00007ffc51ba4000 	C:\WINDOWS\SYSTEM32\UMPDC.dll
0x00007ffc50b20000 - 0x00007ffc50b3b000 	C:\WINDOWS\SYSTEM32\kernel.appcore.dll
0x00007ffc46910000 - 0x00007ffc4691a000 	c:\Users\Kavis\.vscode\extensions\redhat.java-1.47.0-win32-x64\jre\21.0.8-win32-x86_64\bin\jimage.dll
0x00007ffc4f480000 - 0x00007ffc4f6c2000 	C:\WINDOWS\SYSTEM32\DBGHELP.DLL
0x00007ffc53810000 - 0x00007ffc53b8b000 	C:\WINDOWS\System32\combase.dll
0x00007ffc53ba0000 - 0x00007ffc53c77000 	C:\WINDOWS\System32\OLEAUT32.dll
0x00007ffc2e880000 - 0x00007ffc2e8bc000 	C:\WINDOWS\SYSTEM32\dbgcore.DLL
0x00007ffc52150000 - 0x00007ffc521e8000 	C:\WINDOWS\System32\bcryptPrimitives.dll
0x00007ffc44d20000 - 0x00007ffc44d2f000 	c:\Users\Kavis\.vscode\extensions\redhat.java-1.47.0-win32-x64\jre\21.0.8-win32-x86_64\bin\instrument.dll
0x00007ffc23180000 - 0x00007ffc2319f000 	c:\Users\Kavis\.vscode\extensions\redhat.java-1.47.0-win32-x64\jre\21.0.8-win32-x86_64\bin\java.dll
0x00007ffc52be0000 - 0x00007ffc5332d000 	C:\WINDOWS\System32\SHELL32.dll
0x00007ffc522a0000 - 0x00007ffc5240b000 	C:\WINDOWS\System32\wintypes.dll
0x00007ffc4f9a0000 - 0x00007ffc501fd000 	C:\WINDOWS\SYSTEM32\windows.storage.dll
0x00007ffc53e70000 - 0x00007ffc53f62000 	C:\WINDOWS\System32\SHCORE.dll
0x00007ffc52990000 - 0x00007ffc529f2000 	C:\WINDOWS\System32\shlwapi.dll
0x00007ffc51c70000 - 0x00007ffc51c99000 	C:\WINDOWS\SYSTEM32\profapi.dll
0x00007ffc22100000 - 0x00007ffc22118000 	c:\Users\Kavis\.vscode\extensions\redhat.java-1.47.0-win32-x64\jre\21.0.8-win32-x86_64\bin\zip.dll
0x00007ffc30e90000 - 0x00007ffc30ea0000 	C:\Users\Kavis\.vscode\extensions\redhat.java-1.47.0-win32-x64\jre\21.0.8-win32-x86_64\bin\net.dll
0x00007ffc48180000 - 0x00007ffc4829f000 	C:\WINDOWS\SYSTEM32\WINHTTP.dll
0x00007ffc51090000 - 0x00007ffc510fb000 	C:\WINDOWS\system32\mswsock.dll
0x00007ffc220a0000 - 0x00007ffc220b6000 	C:\Users\Kavis\.vscode\extensions\redhat.java-1.47.0-win32-x64\jre\21.0.8-win32-x86_64\bin\nio.dll
0x00007ffc2e070000 - 0x00007ffc2e080000 	c:\Users\Kavis\.vscode\extensions\redhat.java-1.47.0-win32-x64\jre\21.0.8-win32-x86_64\bin\verify.dll

JVMTI agents:
c:\Users\Kavis\.vscode\extensions\redhat.java-1.47.0-win32-x64\lombok\lombok-1.18.39-4050.jar path:c:\Users\Kavis\.vscode\extensions\redhat.java-1.47.0-win32-x64\jre\21.0.8-win32-x86_64\bin\instrument.dll, loaded, initialized, instrumentlib options:none

dbghelp: loaded successfully - version: 4.0.5 - missing functions: none
symbol engine: initialized successfully - sym options: 0x614 - pdb path: .;c:\Users\Kavis\.vscode\extensions\redhat.java-1.47.0-win32-x64\jre\21.0.8-win32-x86_64\bin;C:\WINDOWS\SYSTEM32;C:\WINDOWS\WinSxS\amd64_microsoft.windows.common-controls_6595b64144ccf1df_6.0.26100.6899_none_3e0efeeae32e88c1;c:\Users\Kavis\.vscode\extensions\redhat.java-1.47.0-win32-x64\jre\21.0.8-win32-x86_64\bin\server

VM Arguments:
jvm_args: --add-modules=ALL-SYSTEM --add-opens=java.base/java.util=ALL-UNNAMED --add-opens=java.base/java.lang=ALL-UNNAMED --add-opens=java.base/sun.nio.fs=ALL-UNNAMED -Declipse.application=org.eclipse.jdt.ls.core.id1 -Dosgi.bundles.defaultStartLevel=4 -Declipse.product=org.eclipse.jdt.ls.core.product -Djava.import.generatesMetadataFilesAtProjectRoot=false -DDetectVMInstallationsJob.disabled=true -Dfile.encoding=utf8 -XX:+UseParallelGC -XX:GCTimeRatio=4 -XX:AdaptiveSizePolicyWeight=90 -Dsun.zip.disableMemoryMapping=true -Xmx2G -Xms100m -Xlog:disable -javaagent:c:\Users\Kavis\.vscode\extensions\redhat.java-1.47.0-win32-x64\lombok\lombok-1.18.39-4050.jar 
java_command: c:\Users\Kavis\.vscode\extensions\redhat.java-1.47.0-win32-x64\server\plugins\org.eclipse.equinox.launcher_1.7.100.v20251014-1222.jar -configuration c:\Users\Kavis\AppData\Roaming\Code\User\globalStorage\redhat.java\1.47.0\config_ss_win -data c:\Users\Kavis\AppData\Roaming\Code\User\workspaceStorage\318f3cffa5916cf4185d389eb2ee9d1a\redhat.java\ss_ws --pipe=\\.\pipe\lsp-c1181ca6bec743b484e24aa4282ad646-sock
java_class_path (initial): c:\Users\Kavis\.vscode\extensions\redhat.java-1.47.0-win32-x64\server\plugins\org.eclipse.equinox.launcher_1.7.100.v20251014-1222.jar
Launcher Type: SUN_STANDARD

[Global flags]
    uintx AdaptiveSizePolicyWeight                 = 90                                        {product} {command line}
     intx CICompilerCount                          = 4                                         {product} {ergonomic}
    uintx GCTimeRatio                              = 4                                         {product} {command line}
   size_t InitialHeapSize                          = 104857600                                 {product} {command line}
   size_t MaxHeapSize                              = 2147483648                                {product} {command line}
   size_t MaxNewSize                               = 715653120                                 {product} {ergonomic}
   size_t MinHeapDeltaBytes                        = 524288                                    {product} {ergonomic}
   size_t MinHeapSize                              = 104857600                                 {product} {command line}
   size_t NewSize                                  = 34603008                                  {product} {ergonomic}
    uintx NonNMethodCodeHeapSize                   = 5839372                                {pd product} {ergonomic}
    uintx NonProfiledCodeHeapSize                  = 122909434                              {pd product} {ergonomic}
   size_t OldSize                                  = 70254592                                  {product} {ergonomic}
    uintx ProfiledCodeHeapSize                     = 122909434                              {pd product} {ergonomic}
    uintx ReservedCodeCacheSize                    = 251658240                              {pd product} {ergonomic}
     bool SegmentedCodeCache                       = true                                      {product} {ergonomic}
   size_t SoftMaxHeapSize                          = 2147483648                             {manageable} {ergonomic}
     bool UseCompressedOops                        = true                           {product lp64_product} {ergonomic}
     bool UseLargePagesIndividualAllocation        = false                                  {pd product} {ergonomic}
     bool UseParallelGC                            = true                                      {product} {command line}

Logging:
Log output configuration:
 #0: stdout all=off uptime,level,tags foldmultilines=false
 #1: stderr all=off uptime,level,tags foldmultilines=false

Environment Variables:
JAVA_HOME=C:\Program Files\Java\jdk-21
PATH=C:\Program Files\Common Files\Oracle\Java\javapath;C:\Python313\Scripts\;C:\Python313\;C:\Program Files\Eclipse Adoptium\jdk-17.0.15.6-hotspot\bin;C:\Program Files\Python312\Scripts\;C:\Program Files\Python312\;C:\WINDOWS\system32;C:\WINDOWS;C:\WINDOWS\System32\Wbem;C:\WINDOWS\System32\WindowsPowerShell\v1.0\;C:\WINDOWS\System32\OpenSSH\;C:\Program Files\dotnet\;C:\ProgramData\chocolatey\bin;C:\Program Files (x86)\NVIDIA Corporation\PhysX\Common;C:\Program Files\Microsoft\Web Platform Installer\;C:\Program Files (x86)\Microsoft ASP.NET\ASP.NET Web Pages\v1.0\;C:\Program Files\Microsoft SQL Server\110\Tools\Binn\;C:\Program Files\Microsoft SQL Server\120\Tools\Binn\;C:\Program Files\Microsoft SQL Server\130\Tools\Binn\;C:\Program Files\Git\cmd;C:\Program Files\Microsoft SQL Server\150\Tools\Binn\;C:\WINDOWS\system32;C:\WINDOWS;C:\WINDOWS\System32\Wbem;C:\WINDOWS\System32\WindowsPowerShell\v1.0\;C:\WINDOWS\System32\OpenSSH\;C:\Program Files\NVIDIA Corporation\NVIDIA App\NvDLISR;C:\Program Files\CMake\bin;C:\php;C:\Program Files (x86)\Windows Kits\10\Windows Performance Toolkit\;C:\Program Files\CodeBlocks\MinGW\bin;C:\NASM;C:\Program Files\Docker\Docker\resources\bin;C:\flutter\bin;C:\adb\platform-tools;C:\apache-cassandra-3.11.10\bin;C:\Program Files\MongoDB\Server\8.0\bin;C:\Python313\Scripts\;C:\Python313\;C:\Program Files\Python312\Scripts\;C:\Program Files\Python312\;C:\WINDOWS\system32;C:\WINDOWS;C:\WINDOWS\System32\Wbem;C:\WINDOWS\System32\WindowsPowerShell\v1.0\;C:\WINDOWS\System32\OpenSSH\;C:\Program Files\dotnet\;C:\ProgramData\chocolatey\bin;C:\Program Files (x86)\NVIDIA Corporation\PhysX\Common;C:\Program Files\Microsoft\Web Platform Installer\;C:\Program Files (x86)\Microsoft ASP.NET\ASP.NET Web Pages\v1.0\;C:\Program Files\Microsoft SQL Server\110\Tools\Binn\;C:\Program Files\Microsoft SQL Server\120\Tools\Binn\;C:\Program Files\Microsoft SQL Server\130\Tools\Binn\;C:\Program Files\Git\cmd;C:\Program Files\Microsoft SQL Server\150\Tools\Binn\;C:\WINDOWS\system32;C:\WINDOWS;C:\WINDOWS\System32\Wbem;C:\WINDOWS\System32\WindowsPowerShell\v1.0\;C:\WINDOWS\System32\OpenSSH\;C:\Program Files\NVIDIA Corporation\NVIDIA App\NvDLISR;C:\Program Files\CMake\bi;C:\Users\Kavis\AppData\Local\ipinfo;C:\Program Files\Java\jdk-21\bin;C:\Program Files\apache-maven-3.9.11\bin;C:\Users\Kavis\AppData\Local\Pub\Cache\bin;C:\Program Files\nvm;C:\Program Files\nodejs;C:\Program Files\nvm;C:\Program Files\Eclipse Adoptium\jdk-21.0.8.9-hotspot\bin;C:\Python313\Scripts\;C:\Python313\;C:\Program Files\Eclipse Adoptium\jdk-17.0.15.6-hotspot\bin;C:\Program Files\Python312\Scripts\;C:\Program Files\Python312\;C:\WINDOWS\system32;C:\WINDOWS;C:\WINDOWS\System32\Wbem;C:\WINDOWS\System32\WindowsPowerShell\v1.0\;C:\WINDOWS\System32\OpenSSH\;C:\Program Files\dotnet\;C:\ProgramData\chocolatey\bin;C:\Program Files (x86)\NVIDIA Corporation\PhysX\Common;C:\Program Files\Microsoft\Web Platform Installer\;C:\Program Files (x86)\Microsoft ASP.NET\ASP.NET Web Pages\v1.0\;C:\Program Files\Microsoft SQL Server\110\Tools\Binn\;C:\Program Files\Microsoft SQL Server\120\Tools\Binn\;C:\Program Files\Microsoft SQL Server\130\Tools\Binn\;C:\Program Files\Git\cmd;C:\Program Files\Microsoft SQL Server\150\Tools\Binn\;C:\WINDOWS\system32;C:\WINDOWS;C:\WINDOWS\System32\Wbem;C:\WINDOWS\System32\WindowsPowerShell\v1.0\;C:\WINDOWS\System32\OpenSSH\;C:\Program Files\NVIDIA Corporation\NVIDIA App\NvDLISR;C:\Program Files\CMake\bi;C:\Users\Kavis\AppData\Local\GitHubDesktop\bin;C:\Program Files\nvm;C:\Program Files\nodejs
USERNAME=Kavis
OS=Windows_NT
PROCESSOR_IDENTIFIER=Intel64 Family 6 Model 154 Stepping 4, GenuineIntel
TMP=C:\Users\Kavis\AppData\Local\Temp
TEMP=C:\Users\Kavis\AppData\Local\Temp




Periodic native trim disabled

---------------  S Y S T E M  ---------------

OS:
 Windows 11 , 64 bit Build 26100 (10.0.26100.6725)
OS uptime: 0 days 0:47 hours
Hyper-V role detected

CPU: total 12 (initial active 12) (6 cores per cpu, 2 threads per core) family 6 model 154 stepping 4 microcode 0x423, cx8, cmov, fxsr, ht, mmx, 3dnowpref, sse, sse2, sse3, ssse3, sse4.1, sse4.2, popcnt, lzcnt, tsc, tscinvbit, avx, avx2, aes, erms, clmul, bmi1, bmi2, adx, sha, fma, vzeroupper, clflush, clflushopt, clwb, hv, serialize, rdtscp, rdpid, fsrm, f16c, cet_ibt, cet_ss
Processor Information for processor 0
  Max Mhz: 1300, Current Mhz: 1300, Mhz Limit: 1300
Processor Information for processor 1
  Max Mhz: 1300, Current Mhz: 1300, Mhz Limit: 1300
Processor Information for processor 2
  Max Mhz: 1300, Current Mhz: 1300, Mhz Limit: 1300
Processor Information for processor 3
  Max Mhz: 1300, Current Mhz: 1300, Mhz Limit: 1300
Processor Information for processor 4
  Max Mhz: 1300, Current Mhz: 900, Mhz Limit: 897
Processor Information for processor 5
  Max Mhz: 1300, Current Mhz: 900, Mhz Limit: 897
Processor Information for processor 6
  Max Mhz: 1300, Current Mhz: 900, Mhz Limit: 897
Processor Information for processor 7
  Max Mhz: 1300, Current Mhz: 900, Mhz Limit: 897
Processor Information for processor 8
  Max Mhz: 1300, Current Mhz: 900, Mhz Limit: 897
Processor Information for processor 9
  Max Mhz: 1300, Current Mhz: 900, Mhz Limit: 897
Processor Information for processor 10
  Max Mhz: 1300, Current Mhz: 900, Mhz Limit: 897
Processor Information for processor 11
  Max Mhz: 1300, Current Mhz: 900, Mhz Limit: 897

Memory: 4k page, system-wide physical 7896M (692M free)
TotalPageFile size 17896M (AvailPageFile size 128M)
current process WorkingSet (physical memory assigned to process): 87M, peak: 88M
current process commit charge ("private bytes"): 245M, peak: 247M

vm_info: OpenJDK 64-Bit Server VM (21.0.8+9-LTS) for windows-amd64 JRE (21.0.8+9-LTS), built on 2025-07-15T00:00:00Z by "admin" with MS VC++ 17.7 (VS2022)

END.
